2017-11-04 03:21:11.806369|INFO    |VirtualServer |1  |listening on 0.0.0.0:9987, :::9987
2017-11-04 07:08:08.715470|INFO    |VirtualServer |1  |client (id:16) was added to servergroup '==San Andreas Fire & Rescue'(id:55) by client 'Radcrazykid2 | 1-L-40'(id:4)
2017-11-04 07:08:12.939135|INFO    |VirtualServer |1  |client (id:16) was added to servergroup 'EMS Director'(id:62) by client 'Radcrazykid2 | 1-L-40'(id:4)
2017-11-04 07:08:16.539674|INFO    |VirtualServer |1  |client (id:16) was added to servergroup 'C2/C3 Certification'(id:73) by client 'Radcrazykid2 | 1-L-40'(id:4)
2017-11-04 07:08:21.570886|INFO    |VirtualServer |1  |client (id:16) was added to servergroup 'Senior Member'(id:20) by client 'Radcrazykid2 | 1-L-40'(id:4)
2017-11-04 07:08:24.211535|INFO    |VirtualServer |1  |client (id:16) was added to servergroup 'General Staff'(id:17) by client 'Radcrazykid2 | 1-L-40'(id:4)
2017-11-04 07:43:47.599215|INFO    |VirtualServer |1  |client (id:16) was added to servergroup 'Reserve Civilian'(id:89) by client 'Radcrazykid2 | 1-L-40'(id:4)
2017-11-04 07:43:52.279862|INFO    |VirtualServer |1  |client (id:16) was added to servergroup '==Civilian=='(id:78) by client 'Radcrazykid2 | 1-L-40'(id:4)
2017-11-04 08:20:20.682222|INFO    |VirtualServer |1  |client 'WARPIGGIE | EMS-34'(id:16) was added to channelgroup 'Channel Admin'(id:5) by client 'Radcrazykid2 | 1-L-40'(id:4) in channel 'EMS Director - Warpiggie'(id:86)
2017-11-05 00:08:28.286765|INFO    |VirtualServer |1  |permission 'i_icon_id'(id:142) with values (value:334483102) was added by 'Radcrazykid2 | 1-L-40'(id:4) to channel 'Lead Admin - Jack'(id:23)
2017-11-05 00:08:35.398101|INFO    |VirtualServer |1  |permission 'i_icon_id'(id:142) with values (value:334483102) was added by 'Radcrazykid2 | 1-L-40'(id:4) to channel 'Lead Admin - KevKilo9'(id:94)
2017-11-05 00:08:41.333681|INFO    |VirtualServer |1  |permission 'i_icon_id'(id:142) with values (value:334483102) was added by 'Radcrazykid2 | 1-L-40'(id:4) to channel 'Lead Admin - Snow'(id:77)
2017-11-05 00:08:57.775964|INFO    |VirtualServer |1  |permission 'i_icon_id'(id:142) with values (value:-1191991982) was added by 'Radcrazykid2 | 1-L-40'(id:4) to channel 'Server Owner - Radcrazykid2'(id:20)
2017-11-05 00:09:04.316974|INFO    |VirtualServer |1  |permission 'i_icon_id'(id:142) with values (value:-301484208) was added by 'Radcrazykid2 | 1-L-40'(id:4) to channel 'Assistant Director - DiamondBackEV'(id:21)
2017-11-05 00:10:35.976183|INFO    |VirtualServer |1  |permission 'i_icon_id'(id:142) with values (value:2013348012) was added by 'Radcrazykid2 | 1-L-40'(id:4) to channel 'Community Director - FAXES'(id:22)
2017-11-05 00:10:47.693967|INFO    |VirtualServer |1  |permission 'i_icon_id'(id:142) with values (value:763733025) was added by 'Radcrazykid2 | 1-L-40'(id:4) to channel 'Senior Admin - Vacant'(id:78)
2017-11-05 00:10:53.396153|INFO    |VirtualServer |1  |permission 'i_icon_id'(id:142) with values (value:888699871) was added by 'Radcrazykid2 | 1-L-40'(id:4) to channel 'Server Admin 1 - Vacant'(id:79)
2017-11-05 00:10:58.893142|INFO    |VirtualServer |1  |permission 'i_icon_id'(id:142) with values (value:888699871) was added by 'Radcrazykid2 | 1-L-40'(id:4) to channel 'Server Admin 2 - Vacant'(id:80)
2017-11-05 00:11:04.292612|INFO    |VirtualServer |1  |permission 'i_icon_id'(id:142) with values (value:888699871) was added by 'Radcrazykid2 | 1-L-40'(id:4) to channel 'Server Admin 3 - Vacant'(id:81)
2017-11-05 05:17:02.016214|INFO    |VirtualServer |1  |permission 'b_channel_join_permanent'(id:131) with values (value:1, negated:0, skipchannel:0) was added by 'Radcrazykid2 | 1-L-40'(id:4) to servergroup '==San Andreas Fire & Rescue'(id:55)
2017-11-05 05:17:05.683178|INFO    |VirtualServer |1  |permission 'i_channel_join_power'(id:136) with values (value:75, negated:0, skipchannel:0) was added by 'Radcrazykid2 | 1-L-40'(id:4) to servergroup '==San Andreas Fire & Rescue'(id:55)
2017-11-05 05:17:06.721259|INFO    |VirtualServer |1  |permission 'i_channel_subscribe_power'(id:138) with values (value:75, negated:0, skipchannel:0) was added by 'Radcrazykid2 | 1-L-40'(id:4) to servergroup '==San Andreas Fire & Rescue'(id:55)
2017-11-06 20:24:05.055331|INFO    |VirtualServer |1  |permission 'b_channel_join_permanent'(id:131) with values (value:1, negated:0, skipchannel:0) was added by 'Radcrazykid2 | 1-L-40'(id:4) to servergroup 'Lead Admin'(id:10)
2017-11-06 20:24:09.601154|INFO    |VirtualServer |1  |permission 'i_channel_join_power'(id:136) with values (value:75, negated:0, skipchannel:0) was added by 'Radcrazykid2 | 1-L-40'(id:4) to servergroup 'Lead Admin'(id:10)
2017-11-06 20:24:12.343385|INFO    |VirtualServer |1  |permission 'b_channel_join_permanent'(id:131) with values (value:1, negated:0, skipchannel:0) was added by 'Radcrazykid2 | 1-L-40'(id:4) to servergroup 'Senior Admin'(id:11)
2017-11-06 20:24:14.566006|INFO    |VirtualServer |1  |permission 'i_channel_join_power'(id:136) with values (value:75, negated:0, skipchannel:0) was added by 'Radcrazykid2 | 1-L-40'(id:4) to servergroup 'Senior Admin'(id:11)
2017-11-06 20:24:15.526959|INFO    |VirtualServer |1  |permission 'b_channel_join_permanent'(id:131) with values (value:1, negated:0, skipchannel:0) was added by 'Radcrazykid2 | 1-L-40'(id:4) to servergroup 'Server Admin'(id:12)
2017-11-06 20:24:17.006544|INFO    |VirtualServer |1  |permission 'i_channel_join_power'(id:136) with values (value:75, negated:0, skipchannel:0) was added by 'Radcrazykid2 | 1-L-40'(id:4) to servergroup 'Server Admin'(id:12)
2017-11-06 20:24:17.927357|INFO    |VirtualServer |1  |permission 'b_channel_join_permanent'(id:131) with values (value:1, negated:0, skipchannel:0) was added by 'Radcrazykid2 | 1-L-40'(id:4) to servergroup 'Retired Admin'(id:15)
2017-11-06 20:24:20.848299|INFO    |VirtualServer |1  |permission 'i_channel_join_power'(id:136) with values (value:75, negated:0, skipchannel:0) was added by 'Radcrazykid2 | 1-L-40'(id:4) to servergroup 'Retired Admin'(id:15)
2017-11-06 20:24:21.583589|INFO    |VirtualServer |1  |permission 'b_channel_join_permanent'(id:131) with values (value:1, negated:0, skipchannel:0) was added by 'Radcrazykid2 | 1-L-40'(id:4) to servergroup 'Disciplinary Admin'(id:16)
2017-11-06 20:24:22.854126|INFO    |VirtualServer |1  |permission 'i_channel_join_power'(id:136) with values (value:75, negated:0, skipchannel:0) was added by 'Radcrazykid2 | 1-L-40'(id:4) to servergroup 'Disciplinary Admin'(id:16)
2017-11-06 20:24:23.495689|INFO    |VirtualServer |1  |permission 'b_channel_join_permanent'(id:131) with values (value:1, negated:0, skipchannel:0) was added by 'Radcrazykid2 | 1-L-40'(id:4) to servergroup 'General Staff'(id:17)
2017-11-06 20:24:24.782807|INFO    |VirtualServer |1  |permission 'i_channel_join_power'(id:136) with values (value:75, negated:0, skipchannel:0) was added by 'Radcrazykid2 | 1-L-40'(id:4) to servergroup 'General Staff'(id:17)
2017-11-06 20:24:25.910706|INFO    |VirtualServer |1  |permission 'b_channel_join_permanent'(id:131) with values (value:1, negated:0, skipchannel:0) was added by 'Radcrazykid2 | 1-L-40'(id:4) to servergroup 'Community Leader'(id:18)
2017-11-06 20:24:27.070896|INFO    |VirtualServer |1  |permission 'i_channel_join_power'(id:136) with values (value:75, negated:0, skipchannel:0) was added by 'Radcrazykid2 | 1-L-40'(id:4) to servergroup 'Community Leader'(id:18)
2017-11-06 20:24:27.871692|INFO    |VirtualServer |1  |permission 'b_channel_join_permanent'(id:131) with values (value:1, negated:0, skipchannel:0) was added by 'Radcrazykid2 | 1-L-40'(id:4) to servergroup 'In-Game Admin'(id:19)
2017-11-06 20:24:29.046532|INFO    |VirtualServer |1  |permission 'i_channel_join_power'(id:136) with values (value:75, negated:0, skipchannel:0) was added by 'Radcrazykid2 | 1-L-40'(id:4) to servergroup 'In-Game Admin'(id:19)
2017-11-06 20:24:29.671496|INFO    |VirtualServer |1  |permission 'b_channel_join_permanent'(id:131) with values (value:1, negated:0, skipchannel:0) was added by 'Radcrazykid2 | 1-L-40'(id:4) to servergroup 'Senior Member'(id:20)
2017-11-06 20:24:31.077741|INFO    |VirtualServer |1  |permission 'i_channel_join_power'(id:136) with values (value:75, negated:0, skipchannel:0) was added by 'Radcrazykid2 | 1-L-40'(id:4) to servergroup 'Senior Member'(id:20)
2017-11-06 20:24:31.871689|INFO    |VirtualServer |1  |permission 'b_channel_join_permanent'(id:131) with values (value:1, negated:0, skipchannel:0) was added by 'Radcrazykid2 | 1-L-40'(id:4) to servergroup 'Member'(id:21)
2017-11-06 20:24:33.054249|INFO    |VirtualServer |1  |permission 'i_channel_join_power'(id:136) with values (value:75, negated:0, skipchannel:0) was added by 'Radcrazykid2 | 1-L-40'(id:4) to servergroup 'Member'(id:21)
2017-11-06 20:24:33.830706|INFO    |VirtualServer |1  |permission 'b_channel_join_permanent'(id:131) with values (value:1, negated:0, skipchannel:0) was added by 'Radcrazykid2 | 1-L-40'(id:4) to servergroup 'Junior Member'(id:22)
2017-11-06 20:24:35.294567|INFO    |VirtualServer |1  |permission 'i_channel_join_power'(id:136) with values (value:75, negated:0, skipchannel:0) was added by 'Radcrazykid2 | 1-L-40'(id:4) to servergroup 'Junior Member'(id:22)
2017-11-06 20:24:36.007451|INFO    |VirtualServer |1  |permission 'b_channel_join_permanent'(id:131) with values (value:1, negated:0, skipchannel:0) was added by 'Radcrazykid2 | 1-L-40'(id:4) to servergroup 'Casual Unrestricted'(id:23)
2017-11-06 20:24:37.319943|INFO    |VirtualServer |1  |permission 'i_channel_join_power'(id:136) with values (value:75, negated:0, skipchannel:0) was added by 'Radcrazykid2 | 1-L-40'(id:4) to servergroup 'Casual Unrestricted'(id:23)
2017-11-06 20:24:39.052354|INFO    |VirtualServer |1  |permission 'b_channel_join_permanent'(id:131) with values (value:1, negated:0, skipchannel:0) was added by 'Radcrazykid2 | 1-L-40'(id:4) to servergroup 'Casual Restricted'(id:24)
2017-11-06 20:24:40.614891|INFO    |VirtualServer |1  |permission 'i_channel_join_power'(id:136) with values (value:75, negated:0, skipchannel:0) was added by 'Radcrazykid2 | 1-L-40'(id:4) to servergroup 'Casual Restricted'(id:24)
2017-11-06 20:24:51.867749|INFO    |VirtualServer |1  |permission 'i_channel_join_power'(id:136) with values (value:75, negated:0, skipchannel:0) was added by 'Radcrazykid2 | 1-L-40'(id:4) to servergroup 'SAPD Comm.'(id:26)
2017-11-06 20:24:55.104179|INFO    |VirtualServer |1  |permission 'i_channel_join_power'(id:136) with values (value:75, negated:0, skipchannel:0) was added by 'Radcrazykid2 | 1-L-40'(id:4) to servergroup 'Deputy Comm.'(id:27)
2017-11-06 20:24:55.255531|INFO    |VirtualServer |1  |permission 'b_channel_join_permanent'(id:131) with values (value:1, negated:0, skipchannel:0) was added by 'Radcrazykid2 | 1-L-40'(id:4) to servergroup 'Deputy Comm.'(id:27)
2017-11-06 20:24:59.160770|INFO    |VirtualServer |1  |permission 'b_channel_join_permanent'(id:131) with values (value:1, negated:0, skipchannel:0) was added by 'Radcrazykid2 | 1-L-40'(id:4) to servergroup 'Undersheriff'(id:28)
2017-11-06 20:25:00.718402|INFO    |VirtualServer |1  |permission 'i_channel_join_power'(id:136) with values (value:75, negated:0, skipchannel:0) was added by 'Radcrazykid2 | 1-L-40'(id:4) to servergroup 'Undersheriff'(id:28)
2017-11-06 20:25:26.198837|INFO    |VirtualServer |1  |permission 'i_channel_join_power'(id:136) with values (value:75, negated:0, skipchannel:0) was added by 'Radcrazykid2 | 1-L-40'(id:4) to servergroup '==DOJ=='(id:42)
2017-11-06 20:25:26.358989|INFO    |VirtualServer |1  |permission 'b_channel_join_permanent'(id:131) with values (value:1, negated:0, skipchannel:0) was added by 'Radcrazykid2 | 1-L-40'(id:4) to servergroup '==DOJ=='(id:42)
2017-11-06 20:25:28.599272|INFO    |VirtualServer |1  |permission 'b_channel_join_permanent'(id:131) with values (value:1, negated:0, skipchannel:0) was added by 'Radcrazykid2 | 1-L-40'(id:4) to servergroup '==Specialized Units=='(id:46)
2017-11-06 20:25:31.278004|INFO    |VirtualServer |1  |permission 'i_channel_join_power'(id:136) with values (value:75, negated:0, skipchannel:0) was added by 'Radcrazykid2 | 1-L-40'(id:4) to servergroup '==Specialized Units=='(id:46)
2017-11-06 20:25:34.934143|INFO    |VirtualServer |1  |permission 'i_channel_join_power'(id:136) with values (value:75, negated:0, skipchannel:0) was added by 'Radcrazykid2 | 1-L-40'(id:4) to servergroup '==Training=='(id:65)
2017-11-06 20:25:35.063097|INFO    |VirtualServer |1  |permission 'b_channel_join_permanent'(id:131) with values (value:1, negated:0, skipchannel:0) was added by 'Radcrazykid2 | 1-L-40'(id:4) to servergroup '==Training=='(id:65)
2017-11-06 20:25:37.768223|INFO    |VirtualServer |1  |permission 'b_channel_join_permanent'(id:131) with values (value:1, negated:0, skipchannel:0) was added by 'Radcrazykid2 | 1-L-40'(id:4) to servergroup '==Civilian=='(id:78)
2017-11-06 20:25:41.134397|INFO    |VirtualServer |1  |permission 'i_channel_join_power'(id:136) with values (value:75, negated:0, skipchannel:0) was added by 'Radcrazykid2 | 1-L-40'(id:4) to servergroup '==Civilian=='(id:78)
2017-11-06 20:25:42.726144|INFO    |VirtualServer |1  |permission 'i_channel_join_power'(id:136) with values (value:75, negated:0, skipchannel:0) was added by 'Radcrazykid2 | 1-L-40'(id:4) to servergroup '==Developers=='(id:92)
2017-11-06 20:25:42.887355|INFO    |VirtualServer |1  |permission 'b_channel_join_permanent'(id:131) with values (value:1, negated:0, skipchannel:0) was added by 'Radcrazykid2 | 1-L-40'(id:4) to servergroup '==Developers=='(id:92)
2017-11-06 20:25:59.408850|INFO    |VirtualServer |1  |permission 'i_client_max_channel_subscriptions'(id:176) with values (value:-1, negated:0, skipchannel:0) was added by 'Radcrazykid2 | 1-L-40'(id:4) to servergroup '==Developers=='(id:92)
2017-11-06 20:26:04.360006|INFO    |VirtualServer |1  |permission 'i_client_max_channel_subscriptions'(id:176) with values (value:-1, negated:0, skipchannel:0) was added by 'Radcrazykid2 | 1-L-40'(id:4) to servergroup '==Civilian=='(id:78)
2017-11-06 20:26:09.177433|INFO    |VirtualServer |1  |permission 'i_channel_subscribe_power'(id:138) with values (value:70, negated:0, skipchannel:0) was added by 'Radcrazykid2 | 1-L-40'(id:4) to servergroup '==Civilian=='(id:78)
2017-11-06 20:26:15.847308|INFO    |VirtualServer |1  |permission 'i_channel_subscribe_power'(id:138) with values (value:75, negated:0, skipchannel:0) was added by 'Radcrazykid2 | 1-L-40'(id:4) to servergroup '==Developers=='(id:92)
2017-11-06 20:26:20.848251|INFO    |VirtualServer |1  |permission 'i_channel_subscribe_power'(id:138) with values (value:70, negated:0, skipchannel:0) was added by 'Radcrazykid2 | 1-L-40'(id:4) to servergroup '==Training=='(id:65)
2017-11-06 20:26:23.497667|INFO    |VirtualServer |1  |permission 'i_client_max_channel_subscriptions'(id:176) with values (value:-1, negated:0, skipchannel:0) was added by 'Radcrazykid2 | 1-L-40'(id:4) to servergroup '==Training=='(id:65)
2017-11-06 20:26:28.520154|INFO    |VirtualServer |1  |permission 'i_client_max_channel_subscriptions'(id:176) with values (value:-1, negated:0, skipchannel:0) was added by 'Radcrazykid2 | 1-L-40'(id:4) to servergroup '==San Andreas Fire & Rescue'(id:55)
2017-11-06 20:26:46.084663|INFO    |VirtualServer |1  |permission 'i_channel_subscribe_power'(id:138) with values (value:70, negated:0, skipchannel:0) was added by 'Radcrazykid2 | 1-L-40'(id:4) to servergroup '==San Andreas Fire & Rescue'(id:55)
2017-11-06 20:26:50.127598|INFO    |VirtualServer |1  |permission 'i_channel_subscribe_power'(id:138) with values (value:70, negated:0, skipchannel:0) was added by 'Radcrazykid2 | 1-L-40'(id:4) to servergroup '==Specialized Units=='(id:46)
2017-11-06 20:26:53.081707|INFO    |VirtualServer |1  |permission 'i_client_max_channel_subscriptions'(id:176) with values (value:-1, negated:0, skipchannel:0) was added by 'Radcrazykid2 | 1-L-40'(id:4) to servergroup '==Specialized Units=='(id:46)
2017-11-06 20:26:57.953773|INFO    |VirtualServer |1  |permission 'i_client_max_channel_subscriptions'(id:176) with values (value:-1, negated:0, skipchannel:0) was added by 'Radcrazykid2 | 1-L-40'(id:4) to servergroup '==DOJ=='(id:42)
2017-11-06 20:27:00.407824|INFO    |VirtualServer |1  |permission 'i_channel_subscribe_power'(id:138) with values (value:70, negated:0, skipchannel:0) was added by 'Radcrazykid2 | 1-L-40'(id:4) to servergroup '==DOJ=='(id:42)
2017-11-06 20:27:05.021121|INFO    |VirtualServer |1  |permission 'i_client_max_channel_subscriptions'(id:176) with values (value:-1, negated:0, skipchannel:1) was added by 'Radcrazykid2 | 1-L-40'(id:4) to servergroup '==San Andreas LEO=='(id:25)
2017-11-06 20:27:06.268207|INFO    |VirtualServer |1  |permission 'i_client_max_channel_subscriptions'(id:176) with values (value:-1, negated:0, skipchannel:0) was added by 'Radcrazykid2 | 1-L-40'(id:4) to servergroup '==San Andreas LEO=='(id:25)
2017-11-06 20:27:14.308334|INFO    |VirtualServer |1  |permission 'i_channel_subscribe_power'(id:138) with values (value:70, negated:0, skipchannel:0) was added by 'Radcrazykid2 | 1-L-40'(id:4) to servergroup '==San Andreas LEO=='(id:25)
2017-11-06 20:27:18.344336|INFO    |VirtualServer |1  |permission 'i_channel_subscribe_power'(id:138) with values (value:70, negated:0, skipchannel:0) was added by 'Radcrazykid2 | 1-L-40'(id:4) to servergroup 'Casual Restricted'(id:24)
2017-11-06 20:27:21.567028|INFO    |VirtualServer |1  |permission 'i_channel_subscribe_power'(id:138) with values (value:70, negated:0, skipchannel:0) was added by 'Radcrazykid2 | 1-L-40'(id:4) to servergroup 'Casual Unrestricted'(id:23)
2017-11-06 20:27:24.535789|INFO    |VirtualServer |1  |permission 'i_channel_subscribe_power'(id:138) with values (value:70, negated:0, skipchannel:0) was added by 'Radcrazykid2 | 1-L-40'(id:4) to servergroup 'Junior Member'(id:22)
2017-11-06 20:27:27.496697|INFO    |VirtualServer |1  |permission 'i_channel_subscribe_power'(id:138) with values (value:70, negated:0, skipchannel:0) was added by 'Radcrazykid2 | 1-L-40'(id:4) to servergroup 'Member'(id:21)
2017-11-06 20:27:30.104160|INFO    |VirtualServer |1  |permission 'i_channel_subscribe_power'(id:138) with values (value:70, negated:0, skipchannel:0) was added by 'Radcrazykid2 | 1-L-40'(id:4) to servergroup 'Senior Member'(id:20)
2017-11-06 20:27:32.999590|INFO    |VirtualServer |1  |permission 'i_channel_subscribe_power'(id:138) with values (value:70, negated:0, skipchannel:0) was added by 'Radcrazykid2 | 1-L-40'(id:4) to servergroup 'In-Game Admin'(id:19)
2017-11-06 20:27:36.375594|INFO    |VirtualServer |1  |permission 'i_channel_subscribe_power'(id:138) with values (value:70, negated:0, skipchannel:0) was added by 'Radcrazykid2 | 1-L-40'(id:4) to servergroup 'Community Leader'(id:18)
2017-11-06 20:27:39.487950|INFO    |VirtualServer |1  |permission 'i_channel_subscribe_power'(id:138) with values (value:70, negated:0, skipchannel:0) was added by 'Radcrazykid2 | 1-L-40'(id:4) to servergroup 'General Staff'(id:17)
2017-11-06 20:27:42.585524|INFO    |VirtualServer |1  |permission 'i_channel_subscribe_power'(id:138) with values (value:70, negated:0, skipchannel:0) was added by 'Radcrazykid2 | 1-L-40'(id:4) to servergroup 'Disciplinary Admin'(id:16)
2017-11-06 20:27:45.480105|INFO    |VirtualServer |1  |permission 'i_channel_subscribe_power'(id:138) with values (value:70, negated:0, skipchannel:0) was added by 'Radcrazykid2 | 1-L-40'(id:4) to servergroup 'Retired Admin'(id:15)
2017-11-06 20:27:48.432247|INFO    |VirtualServer |1  |permission 'i_channel_subscribe_power'(id:138) with values (value:70, negated:0, skipchannel:0) was added by 'Radcrazykid2 | 1-L-40'(id:4) to servergroup 'Server Admin'(id:12)
2017-11-06 20:27:51.279897|INFO    |VirtualServer |1  |permission 'i_channel_subscribe_power'(id:138) with values (value:70, negated:0, skipchannel:0) was added by 'Radcrazykid2 | 1-L-40'(id:4) to servergroup 'Senior Admin'(id:11)
2017-11-06 20:27:54.751624|INFO    |VirtualServer |1  |permission 'i_channel_subscribe_power'(id:138) with values (value:75, negated:0, skipchannel:0) was added by 'Radcrazykid2 | 1-L-40'(id:4) to servergroup 'Lead Admin'(id:10)
2017-11-06 20:27:59.625632|INFO    |VirtualServer |1  |permission 'i_channel_subscribe_power'(id:138) with values (value:75, negated:0, skipchannel:0) was added by 'Radcrazykid2 | 1-L-40'(id:4) to servergroup 'Senior Admin'(id:11)
2017-11-06 20:28:02.956705|INFO    |VirtualServer |1  |permission 'i_channel_subscribe_power'(id:138) with values (value:753, negated:0, skipchannel:0) was added by 'Radcrazykid2 | 1-L-40'(id:4) to servergroup 'Server Admin'(id:12)
2017-11-06 20:28:04.952744|INFO    |VirtualServer |1  |permission 'i_channel_subscribe_power'(id:138) with values (value:75, negated:0, skipchannel:0) was added by 'Radcrazykid2 | 1-L-40'(id:4) to servergroup 'Server Admin'(id:12)
2017-11-06 20:28:09.275127|INFO    |VirtualServer |1  |permission 'i_channel_subscribe_power'(id:138) with values (value:75, negated:0, skipchannel:0) was added by 'Radcrazykid2 | 1-L-40'(id:4) to servergroup 'Retired Admin'(id:15)
2017-11-06 20:28:12.434229|INFO    |VirtualServer |1  |permission 'i_channel_subscribe_power'(id:138) with values (value:75, negated:0, skipchannel:0) was added by 'Radcrazykid2 | 1-L-40'(id:4) to servergroup 'Disciplinary Admin'(id:16)
2017-11-06 20:28:29.926404|INFO    |VirtualServer |1  |permission 'i_needed_modify_power_channel_subscribe_power'(id:32906) with values (value:75, negated:0, skipchannel:0) was added by 'Radcrazykid2 | 1-L-40'(id:4) to servergroup '==San Andreas LEO=='(id:25)
2017-11-06 20:28:31.022048|INFO    |VirtualServer |1  |permission 'i_needed_modify_power_client_max_channel_subscriptions'(id:32944) with values (value:75, negated:0, skipchannel:0) was added by 'Radcrazykid2 | 1-L-40'(id:4) to servergroup '==San Andreas LEO=='(id:25)
2017-11-06 20:28:34.774062|INFO    |VirtualServer |1  |permission 'i_channel_needed_subscribe_power'(id:139) with values (value:75, negated:0, skipchannel:0) was added by 'Radcrazykid2 | 1-L-40'(id:4) to servergroup '==San Andreas LEO=='(id:25)
2017-11-06 20:28:35.629464|INFO    |VirtualServer |1  |permission 'i_needed_modify_power_channel_needed_subscribe_power'(id:32907) with values (value:75, negated:0, skipchannel:0) was added by 'Radcrazykid2 | 1-L-40'(id:4) to servergroup '==San Andreas LEO=='(id:25)
2017-11-06 20:29:46.339489|INFO    |VirtualServer |1  |permission 'i_channel_needed_subscribe_power'(id:139) was deleted by 'Radcrazykid2 | 1-L-40'(id:4) from servergroup '==San Andreas LEO=='(id:25)
2017-11-06 21:41:35.748617|INFO    |VirtualServer |1  |client (id:6) was added to servergroup 'Lead Admin'(id:10) by client 'Radcrazykid2 | 1-L-40'(id:4)
2017-11-06 21:41:43.747679|INFO    |VirtualServer |1  |client (id:8) was added to servergroup 'Lead Admin'(id:10) by client 'Radcrazykid2 | 1-L-40'(id:4)
2017-11-06 21:41:54.013310|INFO    |VirtualServer |1  |client (id:9) was added to servergroup 'Lead Admin'(id:10) by client 'Radcrazykid2 | 1-L-40'(id:4)
2017-11-06 21:42:00.776917|INFO    |VirtualServer |1  |client (id:6) was removed from servergroup '*Lead Admin*'(id:9) by client 'Radcrazykid2 | 1-L-40'(id:4)
2017-11-06 21:42:02.261333|INFO    |VirtualServer |1  |client (id:8) was removed from servergroup '*Lead Admin*'(id:9) by client 'Radcrazykid2 | 1-L-40'(id:4)
2017-11-06 21:42:03.675420|INFO    |VirtualServer |1  |client (id:9) was removed from servergroup '*Lead Admin*'(id:9) by client 'Radcrazykid2 | 1-L-40'(id:4)
2017-11-06 21:59:03.909832|INFO    |PktHandler    |1  |Dropping client 2 because of ping timeout 19 0 0
2017-11-07 10:03:42.483996|INFO    |PktHandler    |1  |Dropping client 2 because of ping timeout 19 0 0
2017-11-07 10:37:07.455692|INFO    |PktHandler    |1  |Dropping client 5 because of ping timeout 19 0 0
2017-11-09 02:56:58.313156|INFO    |VirtualServer |1  |servergroup 'Special Field Agent'(id:99) was added by 'Radcrazykid2 | 1-L-40'(id:4)
2017-11-09 02:57:02.248659|INFO    |VirtualServer |1  |permission 'i_group_sort_id'(id:148) with values (value:44, negated:0, skipchannel:0) was added by 'Radcrazykid2 | 1-L-40'(id:4) to servergroup 'Special Field Agent'(id:99)
2017-11-09 02:57:36.315038|INFO    |VirtualServer |1  |client (id:8) was added to servergroup 'Special Field Agent'(id:99) by client 'Radcrazykid2 | 1-L-40'(id:4)
2017-11-09 06:00:56.760364|INFO    |PktHandler    |1  |Dropping client 3 because of ping timeout 19 0 0
2017-11-10 11:59:09.945919|INFO    |VirtualServer |1  |client (id:18) was added to servergroup 'Member'(id:21) by client 'Radcrazykid2 | 1-L-40'(id:4)
2017-11-10 11:59:26.359943|INFO    |VirtualServer |1  |client (id:18) was added to servergroup '==San Andreas LEO=='(id:25) by client 'Radcrazykid2 | 1-L-40'(id:4)
2017-11-10 11:59:29.479060|INFO    |VirtualServer |1  |client (id:18) was added to servergroup 'Lieutenant'(id:30) by client 'Radcrazykid2 | 1-L-40'(id:4)
2017-11-10 12:01:09.775993|INFO    |VirtualServer |1  |client (id:18) was added to servergroup '==Specialized Units=='(id:46) by client 'Radcrazykid2 | 1-L-40'(id:4)
2017-11-10 12:01:11.238916|INFO    |VirtualServer |1  |client (id:18) was added to servergroup 'K9 Unit'(id:51) by client 'Radcrazykid2 | 1-L-40'(id:4)
2017-11-10 12:01:20.894118|INFO    |VirtualServer |1  |client (id:18) was added to servergroup '==Training=='(id:65) by client 'Radcrazykid2 | 1-L-40'(id:4)
2017-11-10 12:01:21.302394|INFO    |VirtualServer |1  |client (id:18) was added to servergroup 'Firearms Qualified'(id:66) by client 'Radcrazykid2 | 1-L-40'(id:4)
2017-11-10 12:01:21.598198|INFO    |VirtualServer |1  |client (id:18) was added to servergroup 'Tazer Qualified'(id:67) by client 'Radcrazykid2 | 1-L-40'(id:4)
2017-11-10 12:01:24.297470|INFO    |VirtualServer |1  |client (id:18) was added to servergroup 'C2/C3 Certification'(id:73) by client 'Radcrazykid2 | 1-L-40'(id:4)
2017-11-10 12:01:57.507463|INFO    |VirtualServer |1  |client (id:18) was added to servergroup 'Senior Member'(id:20) by client 'Radcrazykid2 | 1-L-40'(id:4)
2017-11-10 12:01:59.065997|INFO    |VirtualServer |1  |client (id:18) was removed from servergroup 'Member'(id:21) by client 'Radcrazykid2 | 1-L-40'(id:4)
2017-11-10 12:02:03.375609|INFO    |VirtualServer |1  |client (id:18) was added to servergroup 'Tactical Support Unit'(id:52) by client 'Radcrazykid2 | 1-L-40'(id:4)
2017-11-10 14:02:51.532852|INFO    |VirtualServer |1  |client 'K2K'(id:18) was added to channelgroup 'Channel Admin'(id:5) by client 'Radcrazykid2 | 1-L-40'(id:4) in channel 'Lieutenant's Office - Vacant'(id:64)
2017-11-13 04:59:30.688945|INFO    |VirtualServer |1  |client (id:21) was added to servergroup '==San Andreas LEO=='(id:25) by client 'Radcrazykid2 | 1-L-40'(id:4)
2017-11-13 04:59:40.534673|INFO    |VirtualServer |1  |client (id:21) was added to servergroup '==Training=='(id:65) by client 'Radcrazykid2 | 1-L-40'(id:4)
2017-11-13 05:00:03.241784|INFO    |VirtualServer |1  |client (id:21) was added to servergroup 'Sergeant'(id:31) by client 'Radcrazykid2 | 1-L-40'(id:4)
2017-11-13 05:00:07.474108|INFO    |VirtualServer |1  |client (id:21) was added to servergroup 'Detective Bureau'(id:50) by client 'Radcrazykid2 | 1-L-40'(id:4)
2017-11-13 05:00:09.230916|INFO    |VirtualServer |1  |client (id:21) was added to servergroup 'K9 Unit'(id:51) by client 'Radcrazykid2 | 1-L-40'(id:4)
2017-11-13 05:00:15.398910|INFO    |VirtualServer |1  |client (id:21) was added to servergroup '==Specialized Units=='(id:46) by client 'Radcrazykid2 | 1-L-40'(id:4)
2017-11-13 05:00:17.544428|INFO    |VirtualServer |1  |client (id:21) was added to servergroup 'Firearms Qualified'(id:66) by client 'Radcrazykid2 | 1-L-40'(id:4)
2017-11-13 05:00:17.998499|INFO    |VirtualServer |1  |client (id:21) was added to servergroup 'Tazer Qualified'(id:67) by client 'Radcrazykid2 | 1-L-40'(id:4)
2017-11-13 05:00:19.382339|INFO    |VirtualServer |1  |client (id:21) was added to servergroup 'C2/C3 Certification'(id:73) by client 'Radcrazykid2 | 1-L-40'(id:4)
2017-11-13 05:00:23.888179|INFO    |VirtualServer |1  |client (id:21) was added to servergroup 'Reserve Civilian'(id:89) by client 'Radcrazykid2 | 1-L-40'(id:4)
2017-11-13 05:00:25.895063|INFO    |VirtualServer |1  |client (id:21) was added to servergroup '==Civilian=='(id:78) by client 'Radcrazykid2 | 1-L-40'(id:4)
2017-11-13 05:00:34.065902|INFO    |VirtualServer |1  |client (id:21) was added to servergroup 'Senior Member'(id:20) by client 'Radcrazykid2 | 1-L-40'(id:4)
2017-11-13 05:00:44.318852|INFO    |VirtualServer |1  |client (id:4) was added to servergroup 'Reserve Civilian'(id:89) by client 'Radcrazykid2 | 1-L-40'(id:4)
2017-11-14 04:36:45.701651|INFO    |VirtualServer |1  |client (id:21) was added to servergroup '==DOJ=='(id:42) by client 'Radcrazykid2 | 1-L-40'(id:4)
2017-11-14 04:36:48.270039|INFO    |VirtualServer |1  |client (id:21) was added to servergroup 'FBI'(id:44) by client 'Radcrazykid2 | 1-L-40'(id:4)
2017-11-14 04:36:52.141074|INFO    |VirtualServer |1  |client (id:21) was added to servergroup 'SAPD Reserve'(id:36) by client 'Radcrazykid2 | 1-L-40'(id:4)
2017-11-14 22:43:00.871625|INFO    |VirtualServer |1  |client 'WARPIGGIE | EMS-34'(id:16) was added to channelgroup 'Channel Admin'(id:5) by client 'Radcrazykid2 | 1-L-40'(id:4) in channel 'San Andreas Fire & Rescue'(id:88)
2017-11-14 22:51:35.714315|INFO    |PktHandler    |1  |Dropping client 2 because of ping timeout 19 0 0
2017-11-15 23:51:19.197727|INFO    |VirtualServer |1  |client (id:14) was removed from servergroup 'Tow Truck Driver'(id:83) by client 'DiamondBackEV'(id:14)
2017-11-15 23:52:07.449777|INFO    |VirtualServer |1  |client (id:22) was added to servergroup 'Senior Admin'(id:11) by client 'DiamondBackEV'(id:14)
2017-11-18 08:27:19.847433|INFO    |VirtualServer |1  |client (id:23) was added to servergroup 'Community Director'(id:13) by client 'FAXES'(id:7)
2017-11-18 08:29:02.420931|INFO    |VirtualServer |1  |client (id:23) was removed from servergroup 'Community Director'(id:13) by client 'Radcrazykid2 | 1-L-40'(id:4)
2017-11-18 08:29:23.356906|INFO    |VirtualServer |1  |client (id:23) was added to servergroup 'Community Director'(id:13) by client 'FAXES'(id:7)
2017-11-18 10:04:10.871624|INFO    |PktHandler    |1  |Dropping client 2 because of ping timeout 19 0 0
2017-11-18 10:12:57.473160|INFO    |PktHandler    |1  |Dropping client 2 because of ping timeout 19 0 0
2017-11-19 02:05:19.728078|INFO    |VirtualServer |1  |client (id:7) was added to servergroup 'Owner'(id:6) by client 'FAXES'(id:7)
2017-11-19 02:05:22.790625|INFO    |VirtualServer |1  |client (id:7) was removed from servergroup 'Owner'(id:6) by client 'FAXES'(id:7)
2017-11-19 02:05:33.618792|INFO    |VirtualServer |1  |client (id:7) was removed from servergroup 'Tactical Support Unit'(id:52) by client 'FAXES'(id:7)
2017-11-19 02:05:47.165569|INFO    |VirtualServer |1  |client (id:7) was removed from servergroup 'C2/C3 Certification'(id:73) by client 'FAXES'(id:7)
2017-11-19 02:05:55.009302|INFO    |VirtualServer |1  |client (id:7) was added to servergroup 'Script Developer'(id:94) by client 'FAXES'(id:7)
2017-11-19 02:05:59.775083|INFO    |VirtualServer |1  |client (id:7) was removed from servergroup 'Reserve Civilian'(id:89) by client 'FAXES'(id:7)
2017-11-20 05:13:58.070446|INFO    |VirtualServerBase|1  |server was edited by 'Radcrazykid2 | 1-L-40'(id:4)
2017-11-20 05:15:17.097740|INFO    |VirtualServerBase|1  |channel 'Community Director - FAXES'(id:99) created as sub channel of 'Admins'(id:19) by 'Radcrazykid2 | 1-L-40'(id:4)
2017-11-20 05:15:46.424924|INFO    |VirtualServerBase|1  |channel 'Lead Admin - Jack'(id:100) created as sub channel of 'Admins'(id:19) by 'Radcrazykid2 | 1-L-40'(id:4)
2017-11-20 05:15:50.211116|INFO    |VirtualServerBase|1  |channel 'Senior Admin - Vacant'(id:78) edited by 'Radcrazykid2 | 1-L-40'(id:4)
2017-11-20 05:16:16.778420|INFO    |VirtualServerBase|1  |channel 'Lead Admin - KevKilo9'(id:101) created as sub channel of 'Admins'(id:19) by 'Radcrazykid2 | 1-L-40'(id:4)
2017-11-20 05:16:29.453222|INFO    |VirtualServerBase|1  |channel 'Lead Admin - Snow'(id:102) created as sub channel of 'Admins'(id:19) by 'Radcrazykid2 | 1-L-40'(id:4)
2017-11-20 05:16:40.217909|INFO    |VirtualServer |1  |permission 'i_icon_id'(id:142) with values (value:2013348012) was added by 'Radcrazykid2 | 1-L-40'(id:4) to channel 'Community Director - FAXES'(id:99)
2017-11-20 05:16:41.948328|INFO    |VirtualServerBase|1  |channel 'Community Director - FAXES'(id:99) edited by 'Radcrazykid2 | 1-L-40'(id:4)
2017-11-20 05:16:47.770611|INFO    |VirtualServer |1  |permission 'i_icon_id'(id:142) with values (value:334483102) was added by 'Radcrazykid2 | 1-L-40'(id:4) to channel 'Lead Admin - Jack'(id:100)
2017-11-20 05:16:48.099724|INFO    |VirtualServerBase|1  |channel 'Lead Admin - Jack'(id:100) edited by 'Radcrazykid2 | 1-L-40'(id:4)
2017-11-20 05:16:56.715957|INFO    |VirtualServer |1  |permission 'i_icon_id'(id:142) with values (value:334483102) was added by 'Radcrazykid2 | 1-L-40'(id:4) to channel 'Lead Admin - KevKilo9'(id:101)
2017-11-20 05:16:56.728606|INFO    |VirtualServerBase|1  |channel 'Lead Admin - KevKilo9'(id:101) edited by 'Radcrazykid2 | 1-L-40'(id:4)
2017-11-20 05:17:02.940598|INFO    |VirtualServer |1  |permission 'i_icon_id'(id:142) with values (value:334483102) was added by 'Radcrazykid2 | 1-L-40'(id:4) to channel 'Lead Admin - Snow'(id:102)
2017-11-20 05:17:02.942560|INFO    |VirtualServerBase|1  |channel 'Lead Admin - Snow'(id:102) edited by 'Radcrazykid2 | 1-L-40'(id:4)
2017-11-20 05:17:21.233559|INFO    |VirtualServerBase|1  |channel 'Subdivisions'(id:57) edited by 'Radcrazykid2 | 1-L-40'(id:4)
2017-11-20 05:17:33.399500|INFO    |VirtualServerBase|1  |channel 'San Andreas State Police - Snow'(id:49) edited by 'Radcrazykid2 | 1-L-40'(id:4)
2017-11-20 05:17:59.255059|INFO    |VirtualServerBase|1  |channel 'test'(id:98) deleted by 'Radcrazykid2 | 1-L-40'(id:4)
2017-11-20 05:28:19.994222|INFO    |VirtualServerBase|1  |client disconnected 'FAXES'(id:7) reason 'reasonmsg=See You Guys Later'
2017-11-20 05:40:40.596942|INFO    |VirtualServerBase|1  |client connected 'MasterM(tron)'(id:21) from 104.173.144.34:51658
2017-11-20 05:40:47.265767|INFO    |VirtualServerBase|1  |file download from (id:0), '/icon_3102975314' by client 'MasterM(tron)'(id:21)
2017-11-20 05:40:47.266727|INFO    |VirtualServerBase|1  |file download from (id:0), '/icon_4130422297' by client 'MasterM(tron)'(id:21)
2017-11-20 05:40:47.266727|INFO    |VirtualServerBase|1  |file download from (id:0), '/icon_1483396842' by client 'MasterM(tron)'(id:21)
2017-11-20 05:40:47.266727|INFO    |VirtualServerBase|1  |file download from (id:0), '/icon_446998080' by client 'MasterM(tron)'(id:21)
2017-11-20 05:40:47.267685|INFO    |VirtualServerBase|1  |file download from (id:0), '/icon_3993483088' by client 'MasterM(tron)'(id:21)
2017-11-20 05:40:47.607503|INFO    |VirtualServerBase|1  |file download from (id:0), '/icon_2013348012' by client 'MasterM(tron)'(id:21)
2017-11-20 05:40:47.607503|INFO    |VirtualServerBase|1  |file download from (id:0), '/icon_334483102' by client 'MasterM(tron)'(id:21)
2017-11-20 05:40:47.937609|INFO    |VirtualServerBase|1  |file download from (id:0), '/icon_763733025' by client 'MasterM(tron)'(id:21)
2017-11-20 05:40:47.937609|INFO    |VirtualServerBase|1  |file download from (id:0), '/icon_888699871' by client 'MasterM(tron)'(id:21)
2017-11-20 05:50:17.078215|INFO    |VirtualServerBase|1  |file upload to (id:8), '/trainerv.ini' by client 'Radcrazykid2 | 1-L-40'(id:4)
2017-11-20 05:50:17.585132|INFO    |VirtualServerBase|1  |file upload to (id:8), '/TrainerV.asi' by client 'Radcrazykid2 | 1-L-40'(id:4)
2017-11-20 05:50:18.146620|INFO    |VirtualServerBase|1  |file upload to (id:8), '/PLD.ini' by client 'Radcrazykid2 | 1-L-40'(id:4)
2017-11-20 05:50:18.649598|INFO    |VirtualServerBase|1  |file upload to (id:8), '/PLD.asi' by client 'Radcrazykid2 | 1-L-40'(id:4)
2017-11-20 05:50:19.195439|INFO    |VirtualServerBase|1  |file upload to (id:8), '/OpenInteriors.ini' by client 'Radcrazykid2 | 1-L-40'(id:4)
2017-11-20 05:50:19.603693|INFO    |VirtualServerBase|1  |file upload to (id:8), '/OpenInteriors.asi' by client 'Radcrazykid2 | 1-L-40'(id:4)
2017-11-20 05:50:20.556866|INFO    |VirtualServerBase|1  |file upload to (id:8), '/EnhancedReborn5.asi' by client 'Radcrazykid2 | 1-L-40'(id:4)
2017-11-20 05:51:13.081194|INFO    |VirtualServer |1  |permission 'i_ft_file_download_power'(id:235) with values (value:75, negated:0, skipchannel:0) was added by 'Radcrazykid2 | 1-L-40'(id:4) to servergroup '==San Andreas LEO=='(id:25)
2017-11-20 05:51:13.800880|INFO    |VirtualServer |1  |permission 'i_ft_file_browse_power'(id:241) with values (value:75, negated:0, skipchannel:0) was added by 'Radcrazykid2 | 1-L-40'(id:4) to servergroup '==San Andreas LEO=='(id:25)
2017-11-20 05:51:17.952243|INFO    |VirtualServer |1  |permission 'i_ft_file_download_power'(id:235) with values (value:75, negated:0, skipchannel:0) was added by 'Radcrazykid2 | 1-L-40'(id:4) to servergroup '==DOJ=='(id:42)
2017-11-20 05:51:26.048936|INFO    |VirtualServer |1  |permission 'i_ft_file_browse_power'(id:241) with values (value:75, negated:0, skipchannel:0) was added by 'Radcrazykid2 | 1-L-40'(id:4) to servergroup '==DOJ=='(id:42)
2017-11-20 05:52:54.828289|INFO    |VirtualServer |1  |permission 'i_ft_quota_mb_download_per_client'(id:245) with values (value:-1, negated:0, skipchannel:0) was added by 'Radcrazykid2 | 1-L-40'(id:4) to servergroup '==San Andreas LEO=='(id:25)
2017-11-20 05:53:07.973759|INFO    |VirtualServer |1  |permission 'i_ft_quota_mb_upload_per_client'(id:246) with values (value:-1, negated:0, skipchannel:0) was added by 'Radcrazykid2 | 1-L-40'(id:4) to servergroup '==San Andreas LEO=='(id:25)
2017-11-20 05:53:33.836005|INFO    |VirtualServerBase|1  |file download from (id:8), '/OpenInteriors.asi' by client 'MasterM(tron)'(id:21)
2017-11-20 05:53:38.837991|INFO    |VirtualServerBase|1  |file download from (id:8), '/OpenInteriors.ini' by client 'MasterM(tron)'(id:21)
2017-11-20 05:53:40.335118|INFO    |VirtualServerBase|1  |file download from (id:8), '/PLD.asi' by client 'MasterM(tron)'(id:21)
2017-11-20 05:53:41.838991|INFO    |VirtualServerBase|1  |file download from (id:8), '/PLD.ini' by client 'MasterM(tron)'(id:21)
2017-11-20 05:53:43.354635|INFO    |VirtualServerBase|1  |file download from (id:8), '/TrainerV.asi' by client 'MasterM(tron)'(id:21)
2017-11-20 05:53:44.842869|INFO    |VirtualServerBase|1  |file download from (id:8), '/trainerv.ini' by client 'MasterM(tron)'(id:21)
2017-11-20 05:57:39.333129|INFO    |VirtualServerBase|1  |file download from (id:0), '/icon_3963302091' by client 'MasterM(tron)'(id:21)
2017-11-20 05:57:39.333129|INFO    |VirtualServerBase|1  |file download from (id:0), '/icon_3062257508' by client 'MasterM(tron)'(id:21)
2017-11-20 05:57:39.334113|INFO    |VirtualServerBase|1  |file download from (id:0), '/icon_562027764' by client 'MasterM(tron)'(id:21)
2017-11-20 05:57:39.334113|INFO    |VirtualServerBase|1  |file download from (id:0), '/icon_2198526597' by client 'MasterM(tron)'(id:21)
2017-11-20 05:57:39.334113|INFO    |VirtualServerBase|1  |file download from (id:0), '/icon_1116735422' by client 'MasterM(tron)'(id:21)
2017-11-20 05:57:40.117321|INFO    |VirtualServerBase|1  |file download from (id:0), '/icon_199054942' by client 'MasterM(tron)'(id:21)
2017-11-20 05:57:40.118309|INFO    |VirtualServerBase|1  |file download from (id:0), '/icon_677066105' by client 'MasterM(tron)'(id:21)
2017-11-20 05:57:40.118309|INFO    |VirtualServerBase|1  |file download from (id:0), '/icon_746379343' by client 'MasterM(tron)'(id:21)
2017-11-20 05:57:40.118309|INFO    |VirtualServerBase|1  |file download from (id:0), '/icon_2879214217' by client 'MasterM(tron)'(id:21)
2017-11-20 05:57:40.118309|INFO    |VirtualServerBase|1  |file download from (id:0), '/icon_2888068105' by client 'MasterM(tron)'(id:21)
2017-11-20 05:57:41.761820|INFO    |VirtualServerBase|1  |file download from (id:0), '/icon_1805427825' by client 'MasterM(tron)'(id:21)
2017-11-20 05:57:41.761820|INFO    |VirtualServerBase|1  |file download from (id:0), '/icon_478832049' by client 'MasterM(tron)'(id:21)
2017-11-20 05:57:41.921038|INFO    |VirtualServerBase|1  |file download from (id:0), '/icon_1241727404' by client 'MasterM(tron)'(id:21)
2017-11-20 05:57:42.344854|INFO    |VirtualServerBase|1  |file download from (id:0), '/icon_184842084' by client 'MasterM(tron)'(id:21)
2017-11-20 05:57:42.363382|INFO    |VirtualServerBase|1  |file download from (id:0), '/icon_671141899' by client 'MasterM(tron)'(id:21)
2017-11-20 05:57:42.563574|INFO    |VirtualServerBase|1  |file download from (id:0), '/icon_1068031717' by client 'MasterM(tron)'(id:21)
2017-11-20 05:57:43.051874|INFO    |VirtualServerBase|1  |file download from (id:0), '/icon_85368941' by client 'MasterM(tron)'(id:21)
2017-11-20 05:57:43.241399|INFO    |VirtualServerBase|1  |file download from (id:0), '/icon_2986627059' by client 'MasterM(tron)'(id:21)
2017-11-20 05:57:43.660284|INFO    |VirtualServerBase|1  |file download from (id:0), '/icon_674336617' by client 'MasterM(tron)'(id:21)
2017-11-20 05:57:43.833116|INFO    |VirtualServerBase|1  |file download from (id:0), '/icon_87243971' by client 'MasterM(tron)'(id:21)
2017-11-20 05:57:43.833116|INFO    |VirtualServerBase|1  |file download from (id:0), '/icon_2210940942' by client 'MasterM(tron)'(id:21)
2017-11-20 05:57:44.316496|INFO    |VirtualServerBase|1  |file download from (id:0), '/icon_3104672644' by client 'MasterM(tron)'(id:21)
2017-11-20 05:57:44.514810|INFO    |VirtualServerBase|1  |file download from (id:0), '/icon_1078673879' by client 'MasterM(tron)'(id:21)
2017-11-20 05:57:44.514810|INFO    |VirtualServerBase|1  |file download from (id:0), '/icon_569536555' by client 'MasterM(tron)'(id:21)
2017-11-20 05:57:44.950393|INFO    |VirtualServerBase|1  |file download from (id:0), '/icon_3201618383' by client 'MasterM(tron)'(id:21)
2017-11-20 05:57:45.182787|INFO    |VirtualServerBase|1  |file download from (id:0), '/icon_125039526' by client 'MasterM(tron)'(id:21)
2017-11-20 05:57:45.183771|INFO    |VirtualServerBase|1  |file download from (id:0), '/icon_3714751149' by client 'MasterM(tron)'(id:21)
2017-11-20 05:57:45.661204|INFO    |VirtualServerBase|1  |file download from (id:0), '/icon_3782301228' by client 'MasterM(tron)'(id:21)
2017-11-20 05:57:45.888811|INFO    |VirtualServerBase|1  |file download from (id:0), '/icon_2695360418' by client 'MasterM(tron)'(id:21)
2017-11-20 05:57:45.889785|INFO    |VirtualServerBase|1  |file download from (id:0), '/icon_2458059554' by client 'MasterM(tron)'(id:21)
2017-11-20 05:57:46.255925|INFO    |VirtualServerBase|1  |file download from (id:0), '/icon_475659083' by client 'MasterM(tron)'(id:21)
2017-11-20 05:57:46.522676|INFO    |VirtualServerBase|1  |file download from (id:0), '/icon_250997313' by client 'MasterM(tron)'(id:21)
2017-11-20 05:57:46.530440|INFO    |VirtualServerBase|1  |file download from (id:0), '/icon_2764044660' by client 'MasterM(tron)'(id:21)
2017-11-20 05:57:46.890778|INFO    |VirtualServerBase|1  |file download from (id:0), '/icon_2295463579' by client 'MasterM(tron)'(id:21)
2017-11-20 05:57:47.109537|INFO    |VirtualServerBase|1  |file download from (id:0), '/icon_2687556238' by client 'MasterM(tron)'(id:21)
2017-11-20 05:57:47.193519|INFO    |VirtualServerBase|1  |file download from (id:0), '/icon_2403989947' by client 'MasterM(tron)'(id:21)
2017-11-20 05:57:47.789228|INFO    |VirtualServerBase|1  |file download from (id:0), '/icon_3897558906' by client 'MasterM(tron)'(id:21)
2017-11-20 05:57:47.789228|INFO    |VirtualServerBase|1  |file download from (id:0), '/icon_278659660' by client 'MasterM(tron)'(id:21)
2017-11-20 05:57:47.948334|INFO    |VirtualServerBase|1  |file download from (id:0), '/icon_2866804287' by client 'MasterM(tron)'(id:21)
2017-11-20 05:57:48.380998|INFO    |VirtualServerBase|1  |file download from (id:0), '/icon_1501844119' by client 'MasterM(tron)'(id:21)
2017-11-20 05:57:48.394681|INFO    |VirtualServerBase|1  |file download from (id:0), '/icon_3911561361' by client 'MasterM(tron)'(id:21)
2017-11-20 05:57:48.640713|INFO    |VirtualServerBase|1  |file download from (id:0), '/icon_2003727143' by client 'MasterM(tron)'(id:21)
2017-11-20 05:57:49.054889|INFO    |VirtualServerBase|1  |file download from (id:0), '/icon_3692269475' by client 'MasterM(tron)'(id:21)
2017-11-20 05:57:49.054889|INFO    |VirtualServerBase|1  |file download from (id:0), '/icon_3739044781' by client 'MasterM(tron)'(id:21)
2017-11-20 05:57:49.295972|INFO    |VirtualServerBase|1  |file download from (id:0), '/icon_270108242' by client 'MasterM(tron)'(id:21)
2017-11-20 05:57:50.032335|INFO    |VirtualServerBase|1  |file download from (id:0), '/icon_463254636' by client 'MasterM(tron)'(id:21)
2017-11-20 05:57:50.032335|INFO    |VirtualServerBase|1  |file download from (id:0), '/icon_2477954463' by client 'MasterM(tron)'(id:21)
2017-11-20 05:57:50.329219|INFO    |VirtualServerBase|1  |file download from (id:0), '/icon_52966479' by client 'MasterM(tron)'(id:21)
2017-11-20 05:57:50.907347|INFO    |VirtualServerBase|1  |file download from (id:0), '/icon_656281992' by client 'MasterM(tron)'(id:21)
2017-11-20 05:57:50.908308|INFO    |VirtualServerBase|1  |file download from (id:0), '/icon_1684894752' by client 'MasterM(tron)'(id:21)
2017-11-20 05:57:51.074355|INFO    |VirtualServerBase|1  |file download from (id:0), '/icon_2656494620' by client 'MasterM(tron)'(id:21)
2017-11-20 06:14:44.789167|INFO    |VirtualServerBase|1  |client disconnected 'MasterM(tron)'(id:21) reason 'reasonmsg=leaving'
2017-11-20 06:25:25.842893|INFO    |VirtualServerBase|1  |client disconnected 'Radcrazykid2 | 1-L-40'(id:4) reason 'reasonmsg=leaving'
2017-11-20 06:30:04.165171|INFO    |VirtualServerBase|1  |client connected 'FAXES'(id:7) from 1.152.110.172:13068
2017-11-20 06:30:20.401523|INFO    |VirtualServerBase|1  |client disconnected 'FAXES'(id:7) reason 'reasonmsg=See You Guys Later'
2017-11-20 19:13:21.111443|INFO    |VirtualServerBase|1  |client connected 'MasterM(tron) #34238 1-W-05'(id:21) from 104.173.144.34:53379
2017-11-20 19:13:25.015713|INFO    |VirtualServerBase|1  |file download from (id:0), '/icon_2642770149' by client 'MasterM(tron) #34238 1-W-05'(id:21)
2017-11-20 19:13:25.725773|INFO    |VirtualServerBase|1  |file download from (id:0), '/icon_2882935176' by client 'MasterM(tron) #34238 1-W-05'(id:21)
2017-11-20 19:13:25.726752|INFO    |VirtualServerBase|1  |file download from (id:0), '/icon_808654778' by client 'MasterM(tron) #34238 1-W-05'(id:21)
2017-11-20 19:13:25.727692|INFO    |VirtualServerBase|1  |file download from (id:0), '/icon_2314398147' by client 'MasterM(tron) #34238 1-W-05'(id:21)
2017-11-20 19:13:25.728626|INFO    |VirtualServerBase|1  |file download from (id:0), '/icon_2462758921' by client 'MasterM(tron) #34238 1-W-05'(id:21)
2017-11-20 19:13:28.639797|INFO    |VirtualServerBase|1  |file download from (id:0), '/icon_4231751858' by client 'MasterM(tron) #34238 1-W-05'(id:21)
2017-11-20 19:13:28.669998|INFO    |VirtualServerBase|1  |file download from (id:0), '/icon_1815735829' by client 'MasterM(tron) #34238 1-W-05'(id:21)
2017-11-20 19:13:28.965910|INFO    |VirtualServerBase|1  |file download from (id:0), '/icon_1529263021' by client 'MasterM(tron) #34238 1-W-05'(id:21)
2017-11-20 19:13:33.353621|INFO    |VirtualServerBase|1  |client disconnected 'MasterM(tron) #34238 1-W-05'(id:21) reason 'reasonmsg=leaving'
2017-11-21 00:31:42.401495|INFO    |VirtualServerBase|1  |client connected 'Doc Holliday'(id:22) from 118.243.76.210:61741
2017-11-21 00:31:46.466926|INFO    |VirtualServerBase|1  |file download from (id:0), '/icon_3102975314' by client 'Doc Holliday'(id:22)
2017-11-21 00:31:46.467904|INFO    |VirtualServerBase|1  |file download from (id:0), '/icon_3993483088' by client 'Doc Holliday'(id:22)
2017-11-21 00:31:46.467904|INFO    |VirtualServerBase|1  |file download from (id:0), '/icon_2013348012' by client 'Doc Holliday'(id:22)
2017-11-21 00:31:46.989363|INFO    |VirtualServerBase|1  |file download from (id:0), '/icon_334483102' by client 'Doc Holliday'(id:22)
2017-11-21 00:31:46.990352|INFO    |VirtualServerBase|1  |file download from (id:0), '/icon_888699871' by client 'Doc Holliday'(id:22)
2017-11-21 00:37:37.871222|INFO    |VirtualServerBase|1  |client connected 'Radcrazykid2 | 1-L-40'(id:4) from 70.54.126.148:52505
2017-11-21 00:38:00.139763|INFO    |VirtualServerBase|1  |channel 'Senior Admin - Doc'(id:78) edited by 'Radcrazykid2 | 1-L-40'(id:4)
2017-11-21 00:38:09.560645|INFO    |VirtualServer |1  |client 'Doc Holliday'(id:22) was added to channelgroup 'Channel Admin'(id:5) by client 'Radcrazykid2 | 1-L-40'(id:4) in channel 'Senior Admin - Doc'(id:78)
2017-11-21 00:38:23.205140|INFO    |VirtualServerBase|1  |file download from (id:0), '/icon_4130422297' by client 'Doc Holliday'(id:22)
2017-11-21 00:38:23.205140|INFO    |VirtualServerBase|1  |file download from (id:0), '/icon_1483396842' by client 'Doc Holliday'(id:22)
2017-11-21 00:38:23.205140|INFO    |VirtualServerBase|1  |file download from (id:0), '/icon_1529263021' by client 'Doc Holliday'(id:22)
2017-11-21 00:38:23.206120|INFO    |VirtualServerBase|1  |file download from (id:0), '/icon_446998080' by client 'Doc Holliday'(id:22)
2017-11-21 00:38:37.632920|INFO    |VirtualServerBase|1  |client connected 'DiamondBackEV'(id:14) from 70.30.133.222:51597
2017-11-21 00:41:37.226646|INFO    |PktHandler    |1  |Dropping client 3 because of ping timeout 19 0 0
2017-11-21 00:41:37.226646|INFO    |VirtualServerBase|1  |client disconnected 'DiamondBackEV'(id:14) reason 'reasonmsg=connection lost'
2017-11-21 00:52:47.858609|INFO    |VirtualServerBase|1  |client connected 'DiamondBackEV'(id:14) from 70.30.133.222:56164
2017-11-21 00:56:03.473710|INFO    |PktHandler    |1  |Dropping client 4 because of ping timeout 19 0 0
2017-11-21 00:56:03.474692|INFO    |VirtualServerBase|1  |client disconnected 'DiamondBackEV'(id:14) reason 'reasonmsg=connection lost'
2017-11-21 00:58:17.699313|INFO    |VirtualServerBase|1  |client connected 'DiamondBackEV'(id:14) from 70.30.133.222:64720
2017-11-21 03:36:57.972794|INFO    |VirtualServerBase|1  |client disconnected 'DiamondBackEV'(id:14) reason 'reasonmsg=leaving'
2017-11-21 04:55:05.132039|INFO    |VirtualServerBase|1  |client connected 'FAXES'(id:7) from 1.136.107.117:50807
2017-11-21 04:55:25.346807|INFO    |VirtualServerBase|1  |file download from (id:0), '/icon_1805427825' by client 'Doc Holliday'(id:22)
2017-11-21 04:55:25.347785|INFO    |VirtualServerBase|1  |file download from (id:0), '/icon_674336617' by client 'Doc Holliday'(id:22)
2017-11-21 04:55:25.347785|INFO    |VirtualServerBase|1  |file download from (id:0), '/icon_87243971' by client 'Doc Holliday'(id:22)
2017-11-21 04:55:25.347785|INFO    |VirtualServerBase|1  |file download from (id:0), '/icon_2477954463' by client 'Doc Holliday'(id:22)
2017-11-21 04:55:25.347785|INFO    |VirtualServerBase|1  |file download from (id:0), '/icon_52966479' by client 'Doc Holliday'(id:22)
2017-11-21 07:02:15.961035|INFO    |VirtualServerBase|1  |client connected '[1X-18] KevKilo9'(id:8) from 96.50.116.227:59812
2017-11-21 07:02:18.567553|INFO    |VirtualServerBase|1  |file download from (id:0), '/icon_2013348012' by client '[1X-18] KevKilo9'(id:8)
2017-11-21 07:02:18.567553|INFO    |VirtualServerBase|1  |file download from (id:0), '/icon_2477954463' by client '[1X-18] KevKilo9'(id:8)
2017-11-21 07:02:18.567553|INFO    |VirtualServerBase|1  |file download from (id:0), '/icon_52966479' by client '[1X-18] KevKilo9'(id:8)
2017-11-21 07:02:18.843865|INFO    |VirtualServerBase|1  |file download from (id:0), '/icon_763733025' by client '[1X-18] KevKilo9'(id:8)
2017-11-21 07:02:18.844834|INFO    |VirtualServerBase|1  |file download from (id:0), '/icon_3993483088' by client '[1X-18] KevKilo9'(id:8)
2017-11-21 07:02:19.452290|INFO    |VirtualServerBase|1  |file download from (id:0), '/icon_888699871' by client '[1X-18] KevKilo9'(id:8)
2017-11-21 07:02:38.073305|INFO    |VirtualServerBase|1  |file download from (id:0), '/icon_2986627059' by client 'Doc Holliday'(id:22)
2017-11-21 07:02:38.073305|INFO    |VirtualServerBase|1  |file download from (id:0), '/icon_2462758921' by client 'Doc Holliday'(id:22)
2017-11-21 07:02:38.073305|INFO    |VirtualServerBase|1  |file download from (id:0), '/icon_4231751858' by client 'Doc Holliday'(id:22)
2017-11-21 07:02:38.074283|INFO    |VirtualServerBase|1  |file download from (id:0), '/icon_2210940942' by client 'Doc Holliday'(id:22)
2017-11-21 07:28:16.028478|INFO    |VirtualServerBase|1  |channel 'Tags / Help Channel'(id:2) edited by 'FAXES'(id:7)
2017-11-21 07:34:26.483571|INFO    |VirtualServer |1  |client (id:7) was added to servergroup 'Reserve Civilian'(id:89) by client 'FAXES'(id:7)
2017-11-21 07:57:13.739426|INFO    |VirtualServerBase|1  |client disconnected 'FAXES'(id:7) reason 'reasonmsg=See You Guys Later'
2017-11-21 09:37:27.046963|INFO    |VirtualServerBase|1  |file upload to (id:101), '/w_pi_combatpistol+hi.ytd' by client 'Radcrazykid2 | 1-L-40'(id:4)
2017-11-21 09:37:27.541138|INFO    |VirtualServerBase|1  |file upload to (id:101), '/w_pi_combatpistol_mag2.ytd' by client 'Radcrazykid2 | 1-L-40'(id:4)
2017-11-21 09:37:28.128980|INFO    |VirtualServerBase|1  |file upload to (id:101), '/w_pi_combatpistol_mag2.ydr' by client 'Radcrazykid2 | 1-L-40'(id:4)
2017-11-21 09:37:28.542129|INFO    |VirtualServerBase|1  |file upload to (id:101), '/w_pi_combatpistol_mag1.ytd' by client 'Radcrazykid2 | 1-L-40'(id:4)
2017-11-21 09:37:29.117254|INFO    |VirtualServerBase|1  |file upload to (id:101), '/w_pi_combatpistol_mag1.ydr' by client 'Radcrazykid2 | 1-L-40'(id:4)
2017-11-21 09:37:29.621192|INFO    |VirtualServerBase|1  |file upload to (id:101), '/w_pi_combatpistol_luxe_mag2.ytd' by client 'Radcrazykid2 | 1-L-40'(id:4)
2017-11-21 09:37:30.042121|INFO    |VirtualServerBase|1  |file upload to (id:101), '/w_pi_combatpistol_luxe_mag2.ydr' by client 'Radcrazykid2 | 1-L-40'(id:4)
2017-11-21 09:37:30.545081|INFO    |VirtualServerBase|1  |file upload to (id:101), '/w_pi_combatpistol_luxe_mag1.ytd' by client 'Radcrazykid2 | 1-L-40'(id:4)
2017-11-21 09:37:31.044072|INFO    |VirtualServerBase|1  |file upload to (id:101), '/w_pi_combatpistol_luxe_mag1.ydr' by client 'Radcrazykid2 | 1-L-40'(id:4)
2017-11-21 09:37:31.543033|INFO    |VirtualServerBase|1  |file upload to (id:101), '/w_pi_combatpistol_luxe_hi.ydr' by client 'Radcrazykid2 | 1-L-40'(id:4)
2017-11-21 09:37:32.045016|INFO    |VirtualServerBase|1  |file upload to (id:101), '/w_pi_combatpistol_luxe.ytd' by client 'Radcrazykid2 | 1-L-40'(id:4)
2017-11-21 09:37:32.546947|INFO    |VirtualServerBase|1  |file upload to (id:101), '/w_pi_combatpistol_luxe.ydr' by client 'Radcrazykid2 | 1-L-40'(id:4)
2017-11-21 09:37:33.041117|INFO    |VirtualServerBase|1  |file upload to (id:101), '/w_pi_combatpistol_hi.ydr' by client 'Radcrazykid2 | 1-L-40'(id:4)
2017-11-21 09:37:33.545119|INFO    |VirtualServerBase|1  |file upload to (id:101), '/w_pi_combatpistol.ytd' by client 'Radcrazykid2 | 1-L-40'(id:4)
2017-11-21 09:37:34.122214|INFO    |VirtualServerBase|1  |file upload to (id:101), '/w_pi_combatpistol.ydr' by client 'Radcrazykid2 | 1-L-40'(id:4)
2017-11-21 09:37:34.653454|INFO    |VirtualServerBase|1  |file upload to (id:101), '/w_pi_appistol_mag2.ytd' by client 'Radcrazykid2 | 1-L-40'(id:4)
2017-11-21 09:37:35.128079|INFO    |VirtualServerBase|1  |file upload to (id:101), '/w_pi_appistol_mag2.ydr' by client 'Radcrazykid2 | 1-L-40'(id:4)
2017-11-21 09:37:35.626058|INFO    |VirtualServerBase|1  |file upload to (id:101), '/w_pi_appistol_mag1.ytd' by client 'Radcrazykid2 | 1-L-40'(id:4)
2017-11-21 09:37:36.082108|INFO    |VirtualServerBase|1  |file upload to (id:101), '/w_pi_appistol_mag1.ydr' by client 'Radcrazykid2 | 1-L-40'(id:4)
2017-11-21 09:37:36.545085|INFO    |VirtualServerBase|1  |file upload to (id:101), '/w_pi_appistol_hi.ydr' by client 'Radcrazykid2 | 1-L-40'(id:4)
2017-11-21 09:37:37.047019|INFO    |VirtualServerBase|1  |file upload to (id:101), '/w_pi_appistol.ytd' by client 'Radcrazykid2 | 1-L-40'(id:4)
2017-11-21 09:37:37.626086|INFO    |VirtualServerBase|1  |file upload to (id:101), '/w_pi_appistol.ydr' by client 'Radcrazykid2 | 1-L-40'(id:4)
2017-11-21 09:38:02.776448|INFO    |VirtualServer |1  |client '[1X-18] KevKilo9'(id:8) was added to channelgroup 'Channel Admin'(id:5) by client 'Radcrazykid2 | 1-L-40'(id:4) in channel 'Lead Admin - KevKilo9'(id:101)
2017-11-21 10:07:47.106559|INFO    |VirtualServerBase|1  |client disconnected '[1X-18] KevKilo9'(id:8) reason 'reasonmsg=leaving'
2017-11-21 10:25:12.761809|INFO    |VirtualServerBase|1  |client connected '[1X-18] KevKilo9'(id:8) from 96.50.116.227:62769
2017-11-21 10:48:43.671994|INFO    |VirtualServerBase|1  |client connected 'FAXES'(id:7) from 1.136.107.117:21803
2017-11-21 10:48:51.730556|INFO    |VirtualServerBase|1  |client disconnected 'FAXES'(id:7) reason 'reasonmsg=See You Guys Later'
2017-11-21 11:02:22.565550|INFO    |VirtualServer |1  |permission 'i_client_max_avatar_filesize'(id:175) with values (value:-1) was added by 'Radcrazykid2 | 1-L-40'(id:4) to client (id:22)
2017-11-21 12:00:05.479561|INFO    |VirtualServerBase|1  |file download from (id:0), '/icon_3062257508' by client '[1X-18] KevKilo9'(id:8)
2017-11-21 12:00:05.481553|INFO    |VirtualServerBase|1  |file download from (id:0), '/icon_562027764' by client '[1X-18] KevKilo9'(id:8)
2017-11-21 12:00:05.488388|INFO    |VirtualServerBase|1  |file download from (id:0), '/icon_2198526597' by client '[1X-18] KevKilo9'(id:8)
2017-11-21 12:00:05.488388|INFO    |VirtualServerBase|1  |file download from (id:0), '/icon_2882935176' by client '[1X-18] KevKilo9'(id:8)
2017-11-21 12:00:05.489366|INFO    |VirtualServerBase|1  |file download from (id:0), '/icon_677066105' by client '[1X-18] KevKilo9'(id:8)
2017-11-21 12:00:06.060655|INFO    |VirtualServerBase|1  |file download from (id:0), '/icon_746379343' by client '[1X-18] KevKilo9'(id:8)
2017-11-21 12:00:06.095806|INFO    |VirtualServerBase|1  |file download from (id:0), '/icon_2879214217' by client '[1X-18] KevKilo9'(id:8)
2017-11-21 12:00:06.101696|INFO    |VirtualServerBase|1  |file download from (id:0), '/icon_2888068105' by client '[1X-18] KevKilo9'(id:8)
2017-11-21 12:00:06.101696|INFO    |VirtualServerBase|1  |file download from (id:0), '/icon_1241727404' by client '[1X-18] KevKilo9'(id:8)
2017-11-21 12:00:06.108528|INFO    |VirtualServerBase|1  |file download from (id:0), '/icon_184842084' by client '[1X-18] KevKilo9'(id:8)
2017-11-21 12:00:06.348693|INFO    |VirtualServerBase|1  |file download from (id:0), '/icon_671141899' by client '[1X-18] KevKilo9'(id:8)
2017-11-21 12:00:06.401468|INFO    |VirtualServerBase|1  |file download from (id:0), '/icon_1068031717' by client '[1X-18] KevKilo9'(id:8)
2017-11-21 12:00:06.401468|INFO    |VirtualServerBase|1  |file download from (id:0), '/icon_85368941' by client '[1X-18] KevKilo9'(id:8)
2017-11-21 12:00:06.407296|INFO    |VirtualServerBase|1  |file download from (id:0), '/icon_2314398147' by client '[1X-18] KevKilo9'(id:8)
2017-11-21 12:00:06.408260|INFO    |VirtualServerBase|1  |file download from (id:0), '/icon_1078673879' by client '[1X-18] KevKilo9'(id:8)
2017-11-21 12:00:06.697375|INFO    |VirtualServerBase|1  |file download from (id:0), '/icon_569536555' by client '[1X-18] KevKilo9'(id:8)
2017-11-21 12:00:06.893652|INFO    |VirtualServerBase|1  |file download from (id:0), '/icon_3201618383' by client '[1X-18] KevKilo9'(id:8)
2017-11-21 12:00:06.916098|INFO    |VirtualServerBase|1  |file download from (id:0), '/icon_125039526' by client '[1X-18] KevKilo9'(id:8)
2017-11-21 12:00:06.921988|INFO    |VirtualServerBase|1  |file download from (id:0), '/icon_3714751149' by client '[1X-18] KevKilo9'(id:8)
2017-11-21 12:00:06.925879|INFO    |VirtualServerBase|1  |file download from (id:0), '/icon_3782301228' by client '[1X-18] KevKilo9'(id:8)
2017-11-21 12:00:06.997132|INFO    |VirtualServerBase|1  |file download from (id:0), '/icon_2695360418' by client '[1X-18] KevKilo9'(id:8)
2017-11-21 12:00:07.483480|INFO    |VirtualServerBase|1  |file download from (id:0), '/icon_2458059554' by client '[1X-18] KevKilo9'(id:8)
2017-11-21 12:00:07.483480|INFO    |VirtualServerBase|1  |file download from (id:0), '/icon_475659083' by client '[1X-18] KevKilo9'(id:8)
2017-11-21 12:00:07.636853|INFO    |VirtualServerBase|1  |file download from (id:0), '/icon_250997313' by client '[1X-18] KevKilo9'(id:8)
2017-11-21 12:00:07.645643|INFO    |VirtualServerBase|1  |file download from (id:0), '/icon_2764044660' by client '[1X-18] KevKilo9'(id:8)
2017-11-21 12:00:07.651433|INFO    |VirtualServerBase|1  |file download from (id:0), '/icon_2295463579' by client '[1X-18] KevKilo9'(id:8)
2017-11-21 12:00:08.185666|INFO    |VirtualServerBase|1  |file download from (id:0), '/icon_2687556238' by client '[1X-18] KevKilo9'(id:8)
2017-11-21 12:00:08.191524|INFO    |VirtualServerBase|1  |file download from (id:0), '/icon_2403989947' by client '[1X-18] KevKilo9'(id:8)
2017-11-21 12:00:08.193477|INFO    |VirtualServerBase|1  |file download from (id:0), '/icon_3897558906' by client '[1X-18] KevKilo9'(id:8)
2017-11-21 12:00:08.200309|INFO    |VirtualServerBase|1  |file download from (id:0), '/icon_278659660' by client '[1X-18] KevKilo9'(id:8)
2017-11-21 12:00:08.200309|INFO    |VirtualServerBase|1  |file download from (id:0), '/icon_2866804287' by client '[1X-18] KevKilo9'(id:8)
2017-11-21 12:00:09.274546|INFO    |VirtualServerBase|1  |file download from (id:0), '/icon_1501844119' by client '[1X-18] KevKilo9'(id:8)
2017-11-21 12:00:09.430828|INFO    |VirtualServerBase|1  |file download from (id:0), '/icon_2003727143' by client '[1X-18] KevKilo9'(id:8)
2017-11-21 12:00:09.436673|INFO    |VirtualServerBase|1  |file download from (id:0), '/icon_3692269475' by client '[1X-18] KevKilo9'(id:8)
2017-11-21 12:00:09.478675|INFO    |VirtualServerBase|1  |file download from (id:0), '/icon_3739044781' by client '[1X-18] KevKilo9'(id:8)
2017-11-21 12:00:09.479753|INFO    |VirtualServerBase|1  |file download from (id:0), '/icon_270108242' by client '[1X-18] KevKilo9'(id:8)
2017-11-21 12:00:09.613387|INFO    |VirtualServerBase|1  |file download from (id:0), '/icon_463254636' by client '[1X-18] KevKilo9'(id:8)
2017-11-21 12:00:09.753081|INFO    |VirtualServerBase|1  |file download from (id:0), '/icon_656281992' by client '[1X-18] KevKilo9'(id:8)
2017-11-21 12:00:09.759881|INFO    |VirtualServerBase|1  |file download from (id:0), '/icon_1684894752' by client '[1X-18] KevKilo9'(id:8)
2017-11-21 12:00:09.789211|INFO    |VirtualServerBase|1  |file download from (id:0), '/icon_2656494620' by client '[1X-18] KevKilo9'(id:8)
2017-11-21 12:00:14.138753|INFO    |VirtualServerBase|1  |client disconnected '[1X-18] KevKilo9'(id:8) reason 'reasonmsg=leaving'
2017-11-21 12:40:55.436658|INFO    |VirtualServerBase|1  |server was edited by 'Radcrazykid2 | 1-L-40'(id:4)
