2018-10-10 17:20:09.611405|INFO    |VirtualServer |1  |listening on 0.0.0.0:9987, [::]:9987
2018-10-10 17:44:43.734124|INFO    |VirtualServerBase|1  |client connected 'Radcrazykid2 | 1-L-40'(id:4) using a myTeamSpeak ID from 99.248.139.47:57547
2018-10-11 17:20:26.893870|INFO    |VirtualServerBase|1  |client 'Radcrazykid2 | 1-L-40'(id:4) changed myTeamSpeak ID
2018-10-13 02:28:56.389022|INFO    |VirtualServerBase|1  |client disconnected 'Radcrazykid2 | 1-L-40'(id:4) reason 'reasonmsg=leaving'
2018-10-13 19:18:12.562628|INFO    |VirtualServerBase|1  |client connected 'Radcrazykid2 | 1-L-40'(id:4) using a myTeamSpeak ID from 99.248.139.47:52680
2018-10-13 20:26:49.271466|INFO    |VirtualServerBase|1  |client disconnected 'Radcrazykid2 | 1-L-40'(id:4) reason 'reasonmsg=leaving'
2018-10-16 23:05:10.477720|INFO    |VirtualServerBase|1  |client connected 'Radcrazykid2 | 1-L-40'(id:4) using a myTeamSpeak ID from 192.190.0.142:39092
2018-10-16 23:05:10.790262|INFO    |VirtualServerBase|1  |file download from (id:0), '/icon_1913523921' by client 'Radcrazykid2 | 1-L-40'(id:4)
2018-10-16 23:05:10.790262|INFO    |VirtualServerBase|1  |file download from (id:0), '/icon_4104371695' by client 'Radcrazykid2 | 1-L-40'(id:4)
2018-10-16 23:05:10.790262|INFO    |VirtualServerBase|1  |file download from (id:0), '/icon_334483102' by client 'Radcrazykid2 | 1-L-40'(id:4)
2018-10-16 23:05:10.790262|INFO    |VirtualServerBase|1  |file download from (id:0), '/icon_334483102' by client 'Radcrazykid2 | 1-L-40'(id:4)
2018-10-16 23:05:10.790262|INFO    |VirtualServerBase|1  |file download from (id:0), '/icon_763733025' by client 'Radcrazykid2 | 1-L-40'(id:4)
2018-10-16 23:05:10.790262|INFO    |VirtualServerBase|1  |file download from (id:0), '/icon_888699871' by client 'Radcrazykid2 | 1-L-40'(id:4)
2018-10-16 23:05:10.790262|INFO    |VirtualServerBase|1  |file download from (id:0), '/icon_2013348012' by client 'Radcrazykid2 | 1-L-40'(id:4)
2018-10-16 23:05:10.790262|INFO    |VirtualServerBase|1  |file download from (id:0), '/icon_3963302091' by client 'Radcrazykid2 | 1-L-40'(id:4)
2018-10-16 23:05:10.790262|INFO    |VirtualServerBase|1  |file download from (id:0), '/icon_3062257508' by client 'Radcrazykid2 | 1-L-40'(id:4)
2018-10-16 23:05:10.790262|INFO    |VirtualServerBase|1  |file download from (id:0), '/icon_562027764' by client 'Radcrazykid2 | 1-L-40'(id:4)
2018-10-16 23:05:11.134005|INFO    |VirtualServerBase|1  |file download from (id:0), '/icon_2198526597' by client 'Radcrazykid2 | 1-L-40'(id:4)
2018-10-16 23:05:11.134005|INFO    |VirtualServerBase|1  |file download from (id:0), '/icon_1116735422' by client 'Radcrazykid2 | 1-L-40'(id:4)
2018-10-16 23:05:11.165199|INFO    |VirtualServerBase|1  |file download from (id:0), '/icon_199054942' by client 'Radcrazykid2 | 1-L-40'(id:4)
2018-10-16 23:05:11.165199|INFO    |VirtualServerBase|1  |file download from (id:0), '/icon_2882935176' by client 'Radcrazykid2 | 1-L-40'(id:4)
2018-10-16 23:05:11.165199|INFO    |VirtualServerBase|1  |file download from (id:0), '/icon_677066105' by client 'Radcrazykid2 | 1-L-40'(id:4)
2018-10-16 23:05:11.165199|INFO    |VirtualServerBase|1  |file download from (id:0), '/icon_746379343' by client 'Radcrazykid2 | 1-L-40'(id:4)
2018-10-16 23:05:11.165199|INFO    |VirtualServerBase|1  |file download from (id:0), '/icon_2879214217' by client 'Radcrazykid2 | 1-L-40'(id:4)
2018-10-16 23:05:11.165199|INFO    |VirtualServerBase|1  |file download from (id:0), '/icon_2888068105' by client 'Radcrazykid2 | 1-L-40'(id:4)
2018-10-16 23:05:11.165199|INFO    |VirtualServerBase|1  |file download from (id:0), '/icon_960848581' by client 'Radcrazykid2 | 1-L-40'(id:4)
2018-10-16 23:05:11.165199|INFO    |VirtualServerBase|1  |file download from (id:0), '/icon_3133210745' by client 'Radcrazykid2 | 1-L-40'(id:4)
2018-10-16 23:05:11.305850|INFO    |VirtualServerBase|1  |file download from (id:0), '/icon_478832049' by client 'Radcrazykid2 | 1-L-40'(id:4)
2018-10-16 23:05:11.305850|INFO    |VirtualServerBase|1  |file download from (id:0), '/icon_206560669' by client 'Radcrazykid2 | 1-L-40'(id:4)
2018-10-16 23:05:11.415270|INFO    |VirtualServerBase|1  |file download from (id:0), '/icon_184842084' by client 'Radcrazykid2 | 1-L-40'(id:4)
2018-10-16 23:05:11.415270|INFO    |VirtualServerBase|1  |file download from (id:0), '/icon_808654778' by client 'Radcrazykid2 | 1-L-40'(id:4)
2018-10-16 23:05:11.415270|INFO    |VirtualServerBase|1  |file download from (id:0), '/icon_671141899' by client 'Radcrazykid2 | 1-L-40'(id:4)
2018-10-16 23:05:11.415270|INFO    |VirtualServerBase|1  |file download from (id:0), '/icon_1068031717' by client 'Radcrazykid2 | 1-L-40'(id:4)
2018-10-16 23:05:11.415270|INFO    |VirtualServerBase|1  |file download from (id:0), '/icon_950873634' by client 'Radcrazykid2 | 1-L-40'(id:4)
2018-10-16 23:05:11.415270|INFO    |VirtualServerBase|1  |file download from (id:0), '/icon_172477792' by client 'Radcrazykid2 | 1-L-40'(id:4)
2018-10-16 23:05:11.415270|INFO    |VirtualServerBase|1  |file download from (id:0), '/icon_1805427825' by client 'Radcrazykid2 | 1-L-40'(id:4)
2018-10-16 23:05:11.415270|INFO    |VirtualServerBase|1  |file download from (id:0), '/icon_85368941' by client 'Radcrazykid2 | 1-L-40'(id:4)
2018-10-16 23:05:11.430895|INFO    |VirtualServerBase|1  |file download from (id:0), '/icon_4130422297' by client 'Radcrazykid2 | 1-L-40'(id:4)
2018-10-16 23:05:11.430895|INFO    |VirtualServerBase|1  |file download from (id:0), '/icon_2314398147' by client 'Radcrazykid2 | 1-L-40'(id:4)
2018-10-16 23:05:11.571495|INFO    |VirtualServerBase|1  |file download from (id:0), '/icon_2986627059' by client 'Radcrazykid2 | 1-L-40'(id:4)
2018-10-16 23:05:11.618372|INFO    |VirtualServerBase|1  |file download from (id:0), '/icon_2199110935' by client 'Radcrazykid2 | 1-L-40'(id:4)
2018-10-16 23:05:11.634002|INFO    |VirtualServerBase|1  |file download from (id:0), '/icon_87243971' by client 'Radcrazykid2 | 1-L-40'(id:4)
2018-10-16 23:05:11.649608|INFO    |VirtualServerBase|1  |file download from (id:0), '/icon_2462758921' by client 'Radcrazykid2 | 1-L-40'(id:4)
2018-10-16 23:05:11.680886|INFO    |VirtualServerBase|1  |file download from (id:0), '/icon_4231751858' by client 'Radcrazykid2 | 1-L-40'(id:4)
2018-10-16 23:05:11.680886|INFO    |VirtualServerBase|1  |file download from (id:0), '/icon_2210940942' by client 'Radcrazykid2 | 1-L-40'(id:4)
2018-10-16 23:05:11.680886|INFO    |VirtualServerBase|1  |file download from (id:0), '/icon_3104672644' by client 'Radcrazykid2 | 1-L-40'(id:4)
2018-10-16 23:05:11.680886|INFO    |VirtualServerBase|1  |file download from (id:0), '/icon_3675598897' by client 'Radcrazykid2 | 1-L-40'(id:4)
2018-10-16 23:05:11.680886|INFO    |VirtualServerBase|1  |file download from (id:0), '/icon_2647785850' by client 'Radcrazykid2 | 1-L-40'(id:4)
2018-10-16 23:05:11.696438|INFO    |VirtualServerBase|1  |file download from (id:0), '/icon_3201618383' by client 'Radcrazykid2 | 1-L-40'(id:4)
2018-10-16 23:05:11.727770|INFO    |VirtualServerBase|1  |file download from (id:0), '/icon_125039526' by client 'Radcrazykid2 | 1-L-40'(id:4)
2018-10-16 23:05:11.790241|INFO    |VirtualServerBase|1  |file download from (id:0), '/icon_925789444' by client 'Radcrazykid2 | 1-L-40'(id:4)
2018-10-16 23:05:11.790241|INFO    |VirtualServerBase|1  |file download from (id:0), '/icon_3782301228' by client 'Radcrazykid2 | 1-L-40'(id:4)
2018-10-16 23:05:11.790241|INFO    |VirtualServerBase|1  |file download from (id:0), '/icon_2695360418' by client 'Radcrazykid2 | 1-L-40'(id:4)
2018-10-16 23:05:11.852740|INFO    |VirtualServerBase|1  |file download from (id:0), '/icon_1754528451' by client 'Radcrazykid2 | 1-L-40'(id:4)
2018-10-16 23:05:11.852740|INFO    |VirtualServerBase|1  |file download from (id:0), '/icon_475659083' by client 'Radcrazykid2 | 1-L-40'(id:4)
2018-10-16 23:05:11.852740|INFO    |VirtualServerBase|1  |file download from (id:0), '/icon_1214444705' by client 'Radcrazykid2 | 1-L-40'(id:4)
2018-10-16 23:05:11.852740|INFO    |VirtualServerBase|1  |file download from (id:0), '/icon_4145596773' by client 'Radcrazykid2 | 1-L-40'(id:4)
2018-10-16 23:05:11.852740|INFO    |VirtualServerBase|1  |file download from (id:0), '/icon_250997313' by client 'Radcrazykid2 | 1-L-40'(id:4)
2018-10-16 23:05:11.852740|INFO    |VirtualServerBase|1  |file download from (id:0), '/icon_2764044660' by client 'Radcrazykid2 | 1-L-40'(id:4)
2018-10-16 23:05:11.852740|INFO    |VirtualServerBase|1  |file download from (id:0), '/icon_2295463579' by client 'Radcrazykid2 | 1-L-40'(id:4)
2018-10-16 23:05:11.915257|INFO    |VirtualServerBase|1  |file download from (id:0), '/icon_2687556238' by client 'Radcrazykid2 | 1-L-40'(id:4)
2018-10-16 23:05:11.915257|INFO    |VirtualServerBase|1  |file download from (id:0), '/icon_423150974' by client 'Radcrazykid2 | 1-L-40'(id:4)
2018-10-16 23:05:11.930854|INFO    |VirtualServerBase|1  |file download from (id:0), '/icon_1815735829' by client 'Radcrazykid2 | 1-L-40'(id:4)
2018-10-16 23:05:12.040186|INFO    |VirtualServerBase|1  |file download from (id:0), '/icon_2403989947' by client 'Radcrazykid2 | 1-L-40'(id:4)
2018-10-16 23:05:12.040186|INFO    |VirtualServerBase|1  |file download from (id:0), '/icon_3768757978' by client 'Radcrazykid2 | 1-L-40'(id:4)
2018-10-16 23:05:12.055861|INFO    |VirtualServerBase|1  |file download from (id:0), '/icon_3897558906' by client 'Radcrazykid2 | 1-L-40'(id:4)
2018-10-16 23:05:12.055861|INFO    |VirtualServerBase|1  |file download from (id:0), '/icon_278659660' by client 'Radcrazykid2 | 1-L-40'(id:4)
2018-10-16 23:05:12.055861|INFO    |VirtualServerBase|1  |file download from (id:0), '/icon_2866804287' by client 'Radcrazykid2 | 1-L-40'(id:4)
2018-10-16 23:05:12.055861|INFO    |VirtualServerBase|1  |file download from (id:0), '/icon_3911561361' by client 'Radcrazykid2 | 1-L-40'(id:4)
2018-10-16 23:05:12.055861|INFO    |VirtualServerBase|1  |file download from (id:0), '/icon_2003727143' by client 'Radcrazykid2 | 1-L-40'(id:4)
2018-10-16 23:05:12.071430|INFO    |VirtualServerBase|1  |file download from (id:0), '/icon_3692269475' by client 'Radcrazykid2 | 1-L-40'(id:4)
2018-10-16 23:05:12.071430|INFO    |VirtualServerBase|1  |file download from (id:0), '/icon_3739044781' by client 'Radcrazykid2 | 1-L-40'(id:4)
2018-10-16 23:05:12.071430|INFO    |VirtualServerBase|1  |file download from (id:0), '/icon_1483396842' by client 'Radcrazykid2 | 1-L-40'(id:4)
2018-10-16 23:05:12.149595|INFO    |VirtualServerBase|1  |file download from (id:0), '/icon_270108242' by client 'Radcrazykid2 | 1-L-40'(id:4)
2018-10-16 23:05:12.149595|INFO    |VirtualServerBase|1  |file download from (id:0), '/icon_1529263021' by client 'Radcrazykid2 | 1-L-40'(id:4)
2018-10-16 23:05:12.165216|INFO    |VirtualServerBase|1  |file download from (id:0), '/icon_463254636' by client 'Radcrazykid2 | 1-L-40'(id:4)
2018-10-16 23:05:12.212106|INFO    |VirtualServerBase|1  |file download from (id:0), '/icon_446998080' by client 'Radcrazykid2 | 1-L-40'(id:4)
2018-10-16 23:05:12.227716|INFO    |VirtualServerBase|1  |file download from (id:0), '/icon_2477954463' by client 'Radcrazykid2 | 1-L-40'(id:4)
2018-10-16 23:05:12.227716|INFO    |VirtualServerBase|1  |file download from (id:0), '/icon_4276461003' by client 'Radcrazykid2 | 1-L-40'(id:4)
2018-10-16 23:05:12.243303|INFO    |VirtualServerBase|1  |file download from (id:0), '/icon_1726201570' by client 'Radcrazykid2 | 1-L-40'(id:4)
2018-10-16 23:05:12.243303|INFO    |VirtualServerBase|1  |file download from (id:0), '/icon_312964519' by client 'Radcrazykid2 | 1-L-40'(id:4)
2018-10-16 23:06:06.585933|INFO    |VirtualServerBase|1  |file download from (id:0), '/icon_2642770149' by client 'Radcrazykid2 | 1-L-40'(id:4)
2018-10-16 23:06:14.867019|INFO    |VirtualServerBase|1  |client disconnected 'Radcrazykid2 | 1-L-40'(id:4) reason 'reasonmsg=....TS3 Android....'
2018-10-16 23:06:16.570105|INFO    |VirtualServerBase|1  |client connected 'Radcrazykid2 | 1-L-40'(id:4) using a myTeamSpeak ID from 207.189.31.168:59533
2018-10-16 23:06:16.882609|INFO    |VirtualServerBase|1  |file download from (id:0), '/icon_85368941' by client 'Radcrazykid2 | 1-L-40'(id:4)
2018-10-16 23:06:18.866934|INFO    |VirtualServerBase|1  |client disconnected 'Radcrazykid2 | 1-L-40'(id:4) reason 'reasonmsg=....TS3 Android....'
2018-10-16 23:06:20.476217|INFO    |VirtualServerBase|1  |client connected 'Radcrazykid2 | 1-L-40'(id:4) using a myTeamSpeak ID from 207.189.31.168:37655
2018-10-16 23:06:20.741891|INFO    |VirtualServerBase|1  |file download from (id:0), '/icon_85368941' by client 'Radcrazykid2 | 1-L-40'(id:4)
2018-10-16 23:06:22.226234|INFO    |VirtualServerBase|1  |client disconnected 'Radcrazykid2 | 1-L-40'(id:4) reason 'reasonmsg=....TS3 Android....'
2018-10-16 23:06:35.694699|INFO    |VirtualServerBase|1  |client connected 'Radcrazykid2 | 1-L-40'(id:4) using a myTeamSpeak ID from 207.189.31.168:40607
2018-10-16 23:06:36.038439|INFO    |VirtualServerBase|1  |file download from (id:0), '/icon_85368941' by client 'Radcrazykid2 | 1-L-40'(id:4)
2018-10-16 23:07:01.022279|INFO    |PktHandler    |1  |Cleaning up connection because of 9 resends of COMMAND packet
2018-10-16 23:07:01.022279|INFO    |PktHandler    |1  |Dropping client 4 because of resend timeout
2018-10-16 23:07:01.022279|INFO    |VirtualServerBase|1  |client disconnected 'Radcrazykid2 | 1-L-40'(id:4) reason 'reasonmsg=connection lost'
2018-10-16 23:07:57.724137|INFO    |VirtualServerBase|1  |client connected 'Radcrazykid2 | 1-L-40'(id:4) using a myTeamSpeak ID from 207.189.31.168:40607
2018-10-16 23:07:58.005435|INFO    |VirtualServerBase|1  |file download from (id:0), '/icon_85368941' by client 'Radcrazykid2 | 1-L-40'(id:4)
2018-10-16 23:08:30.598489|INFO    |PktHandler    |1  |Dropping client 5 because of ping timeout 19 0 0
2018-10-16 23:08:30.598489|INFO    |VirtualServerBase|1  |client disconnected 'Radcrazykid2 | 1-L-40'(id:4) reason 'reasonmsg=connection lost'
2018-10-16 23:08:48.144976|INFO    |VirtualServerBase|1  |client connected 'Radcrazykid2 | 1-L-40'(id:4) using a myTeamSpeak ID from 207.189.31.168:40607
2018-10-16 23:08:48.488717|INFO    |VirtualServerBase|1  |file download from (id:0), '/icon_85368941' by client 'Radcrazykid2 | 1-L-40'(id:4)
2018-10-16 23:09:26.378545|INFO    |PktHandler    |1  |Dropping client 6 because of ping timeout 19 0 0
2018-10-16 23:09:26.378545|INFO    |VirtualServerBase|1  |client disconnected 'Radcrazykid2 | 1-L-40'(id:4) reason 'reasonmsg=connection lost'
2018-10-16 23:42:51.429364|INFO    |VirtualServerBase|1  |client connected 'Caribear'(id:26) from 66.68.175.85:50209
2018-10-16 23:42:52.695011|INFO    |VirtualServerBase|1  |file download from (id:0), '/icon_4104371695' by client 'Caribear'(id:26)
2018-10-16 23:42:55.523075|INFO    |VirtualServerBase|1  |file download from (id:0), '/icon_2642770149' by client 'Caribear'(id:26)
2018-10-16 23:42:59.366743|INFO    |VirtualServerBase|1  |file download from (id:0), '/icon_1913523921' by client 'Caribear'(id:26)
2018-10-16 23:42:59.429242|INFO    |VirtualServerBase|1  |file download from (id:0), '/icon_3963302091' by client 'Caribear'(id:26)
2018-10-16 23:42:59.429242|INFO    |VirtualServerBase|1  |file download from (id:0), '/icon_2013348012' by client 'Caribear'(id:26)
2018-10-16 23:42:59.444867|INFO    |VirtualServerBase|1  |file download from (id:0), '/icon_334483102' by client 'Caribear'(id:26)
2018-10-16 23:42:59.476116|INFO    |VirtualServerBase|1  |file download from (id:0), '/icon_763733025' by client 'Caribear'(id:26)
2018-10-16 23:42:59.601116|INFO    |VirtualServerBase|1  |file download from (id:0), '/icon_3242600914' by client 'Caribear'(id:26)
2018-10-16 23:42:59.647990|INFO    |VirtualServerBase|1  |file download from (id:0), '/icon_199054942' by client 'Caribear'(id:26)
2018-10-16 23:43:33.287896|INFO    |VirtualServerBase|1  |client disconnected 'Caribear'(id:26) reason 'reasonmsg=leaving'
2018-10-17 01:18:12.697670|INFO    |VirtualServerBase|1  |client connected 'Radcrazykid2 | 1-L-40'(id:4) using a myTeamSpeak ID from 99.248.139.47:59433
2018-10-17 01:18:23.431828|INFO    |VirtualServerBase|1  |client disconnected 'Radcrazykid2 | 1-L-40'(id:4) reason 'reasonmsg=leaving'
2018-10-17 01:18:23.588060|INFO    |VirtualServerBase|1  |client connected 'Radcrazykid2 | 1-L-40'(id:4) using a myTeamSpeak ID from 99.248.139.47:59433
2018-10-17 05:06:35.728915|INFO    |VirtualServerBase|1  |client disconnected 'Radcrazykid2 | 1-L-40'(id:4) reason 'reasonmsg=leaving'
2018-10-17 16:31:26.013135|INFO    |VirtualServerBase|1  |client connected 'Radcrazykid2 | 1-L-40'(id:4) using a myTeamSpeak ID from 99.248.139.47:55930
2018-10-17 16:31:54.596374|INFO    |VirtualServer |1  |client 'Doc Holliday'(id:22) got deleted by client 'Radcrazykid2 | 1-L-40'(id:4)
2018-10-17 16:32:17.730001|INFO    |VirtualServerBase|1  |file download from (id:0), '/icon_85368941' by client 'Radcrazykid2 | 1-L-40'(id:4)
2018-10-17 16:32:44.231460|INFO    |VirtualServer |1  |client (id:26) was added to servergroup 'Disciplinary Admin'(id:16) by client 'Radcrazykid2 | 1-L-40'(id:4)
2018-10-17 16:33:49.187512|INFO    |VirtualServer |1  |client (id:26) was added to servergroup 'Community Leader'(id:18) by client 'Radcrazykid2 | 1-L-40'(id:4)
2018-10-17 16:34:02.770695|INFO    |VirtualServer |1  |client (id:26) was added to servergroup 'Senior Member'(id:20) by client 'Radcrazykid2 | 1-L-40'(id:4)
2018-10-17 16:35:12.282537|INFO    |VirtualServer |1  |client (id:26) was added to servergroup 'Civilian'(id:88) by client 'Radcrazykid2 | 1-L-40'(id:4)
2018-10-17 16:38:22.124163|INFO    |VirtualServerBase|1  |channel 'In-Game Admin - Caribear'(id:103) edited by 'Radcrazykid2 | 1-L-40'(id:4)
2018-10-17 16:38:42.698931|INFO    |VirtualServerBase|1  |channel 'Server Admin - Caribear'(id:79) edited by 'Radcrazykid2 | 1-L-40'(id:4)
2018-10-17 16:38:49.173544|INFO    |VirtualServerBase|1  |channel 'In-Game Admin -'(id:103) edited by 'Radcrazykid2 | 1-L-40'(id:4)
2018-10-17 16:39:09.656317|INFO    |VirtualServerBase|1  |channel 'Disciplinary Admin - Caribear'(id:79) edited by 'Radcrazykid2 | 1-L-40'(id:4)
2018-10-17 16:39:23.242506|INFO    |VirtualServer |1  |permission 'i_icon_id'(id:144) with values (value:562027764) was added by 'Radcrazykid2 | 1-L-40'(id:4) to channel 'Disciplinary Admin - Caribear'(id:79)
2018-10-17 16:39:23.249508|INFO    |VirtualServerBase|1  |channel 'Disciplinary Admin - Caribear'(id:79) edited by 'Radcrazykid2 | 1-L-40'(id:4)
2018-10-17 20:35:31.862026|INFO    |VirtualServerBase|1  |client connected 'K2K'(id:18) using a myTeamSpeak ID from 81.186.253.61:53735
2018-10-17 20:35:33.235984|INFO    |VirtualServerBase|1  |file download from (id:0), '/icon_960848581' by client 'K2K'(id:18)
2018-10-17 20:35:33.235984|INFO    |VirtualServerBase|1  |file download from (id:0), '/icon_1214444705' by client 'K2K'(id:18)
2018-10-17 20:35:33.235984|INFO    |VirtualServerBase|1  |file download from (id:0), '/icon_4145596773' by client 'K2K'(id:18)
2018-10-17 20:35:38.872594|INFO    |VirtualServerBase|1  |file download from (id:0), '/icon_1913523921' by client 'K2K'(id:18)
2018-10-17 20:35:38.873572|INFO    |VirtualServerBase|1  |file download from (id:0), '/icon_2199110935' by client 'K2K'(id:18)
2018-10-17 20:39:44.915838|INFO    |VirtualServer |1  |client (id:18) was added to servergroup 'Server Admin'(id:12) by client 'Radcrazykid2 | 1-L-40'(id:4)
2018-10-17 20:39:54.284277|INFO    |VirtualServer |1  |client (id:18) was added to servergroup 'SASD Sheriff'(id:38) by client 'Radcrazykid2 | 1-L-40'(id:4)
2018-10-17 20:39:58.395031|INFO    |VirtualServer |1  |client (id:18) was removed from servergroup 'Lieutenant'(id:30) by client 'Radcrazykid2 | 1-L-40'(id:4)
2018-10-17 20:40:40.889486|INFO    |VirtualServer |1  |client (id:18) was removed from servergroup 'Tactical Support Unit'(id:52) by client 'Radcrazykid2 | 1-L-40'(id:4)
2018-10-17 20:40:48.995043|INFO    |VirtualServer |1  |client (id:18) was removed from servergroup 'K9 Unit'(id:51) by client 'Radcrazykid2 | 1-L-40'(id:4)
2018-10-17 20:40:54.067697|INFO    |VirtualServer |1  |client (id:18) was removed from servergroup '==Specialized Units=='(id:46) by client 'Radcrazykid2 | 1-L-40'(id:4)
2018-10-17 20:42:08.478246|INFO    |VirtualServerBase|1  |channel 'Sheriff. -'(id:82) edited by 'Radcrazykid2 | 1-L-40'(id:4)
2018-10-17 20:42:14.179898|INFO    |VirtualServerBase|1  |channel 'Fire & Rescue Director - WARPIGGIE'(id:86) edited by 'Radcrazykid2 | 1-L-40'(id:4)
2018-10-17 20:42:37.145523|INFO    |VirtualServer |1  |client 'K2K'(id:18) was added to channelgroup 'Channel Admin'(id:5) by client 'K2K'(id:18) in channel 'Sheriff. -'(id:82)
2018-10-17 20:42:37.615496|INFO    |VirtualServer |1  |client 'K2K'(id:18) was added to channelgroup 'Channel Admin'(id:5) by client 'Radcrazykid2 | 1-L-40'(id:4) in channel 'Sheriff. -'(id:82)
2018-10-17 20:42:47.369916|INFO    |VirtualServerBase|1  |channel 'Sheriff. K2K'(id:82) edited by 'K2K'(id:18)
2018-10-17 20:42:56.701411|INFO    |VirtualServerBase|1  |channel 'Lieutenant's Office -'(id:64) edited by 'K2K'(id:18)
2018-10-17 20:43:00.613118|INFO    |VirtualServerBase|1  |channel 'Comm. -'(id:83) edited by 'Radcrazykid2 | 1-L-40'(id:4)
2018-10-17 20:51:15.933696|INFO    |VirtualServerBase|1  |client connected 'Nelson Kuroki'(id:27) using a myTeamSpeak ID from 99.248.139.47:57660
2018-10-17 20:51:16.028468|INFO    |VirtualServerBase|1  |file download from (id:0), '/icon_2642770149' by client 'Nelson Kuroki'(id:27)
2018-10-17 20:51:16.070447|INFO    |VirtualServerBase|1  |file download from (id:0), '/icon_4104371695' by client 'Nelson Kuroki'(id:27)
2018-10-17 20:51:20.017212|INFO    |VirtualServerBase|1  |file download from (id:0), '/icon_1913523921' by client 'Nelson Kuroki'(id:27)
2018-10-17 20:51:20.017212|INFO    |VirtualServerBase|1  |file download from (id:0), '/icon_3963302091' by client 'Nelson Kuroki'(id:27)
2018-10-17 20:51:20.017212|INFO    |VirtualServerBase|1  |file download from (id:0), '/icon_2013348012' by client 'Nelson Kuroki'(id:27)
2018-10-17 20:51:20.018211|INFO    |VirtualServerBase|1  |file download from (id:0), '/icon_334483102' by client 'Nelson Kuroki'(id:27)
2018-10-17 20:51:20.040227|INFO    |VirtualServerBase|1  |file download from (id:0), '/icon_763733025' by client 'Nelson Kuroki'(id:27)
2018-10-17 20:51:20.123204|INFO    |VirtualServerBase|1  |file download from (id:0), '/icon_562027764' by client 'Nelson Kuroki'(id:27)
2018-10-17 20:51:20.123204|INFO    |VirtualServerBase|1  |file download from (id:0), '/icon_199054942' by client 'Nelson Kuroki'(id:27)
2018-10-17 20:52:11.799116|INFO    |VirtualServerBase|1  |file download from (id:0), '/icon_4104371695' by client 'K2K'(id:18)
2018-10-17 20:52:17.110823|INFO    |VirtualServerBase|1  |file download from (id:0), '/icon_4130422297' by client 'Nelson Kuroki'(id:27)
2018-10-17 20:52:17.111793|INFO    |VirtualServerBase|1  |file download from (id:0), '/icon_2199110935' by client 'Nelson Kuroki'(id:27)
2018-10-17 20:52:17.111793|INFO    |VirtualServerBase|1  |file download from (id:0), '/icon_1214444705' by client 'Nelson Kuroki'(id:27)
2018-10-17 20:52:17.113792|INFO    |VirtualServerBase|1  |file download from (id:0), '/icon_4145596773' by client 'Nelson Kuroki'(id:27)
2018-10-17 20:52:17.113792|INFO    |VirtualServerBase|1  |file download from (id:0), '/icon_1815735829' by client 'Nelson Kuroki'(id:27)
2018-10-17 20:52:17.225785|INFO    |VirtualServerBase|1  |file download from (id:0), '/icon_1483396842' by client 'Nelson Kuroki'(id:27)
2018-10-17 20:52:17.226783|INFO    |VirtualServerBase|1  |file download from (id:0), '/icon_1529263021' by client 'Nelson Kuroki'(id:27)
2018-10-17 20:52:17.422772|INFO    |VirtualServerBase|1  |file download from (id:0), '/icon_888699871' by client 'Nelson Kuroki'(id:27)
2018-10-17 20:52:17.422772|INFO    |VirtualServerBase|1  |file download from (id:0), '/icon_2882935176' by client 'Nelson Kuroki'(id:27)
2018-10-17 20:52:17.422772|INFO    |VirtualServerBase|1  |file download from (id:0), '/icon_960848581' by client 'Nelson Kuroki'(id:27)
2018-10-17 20:52:17.422772|INFO    |VirtualServerBase|1  |file download from (id:0), '/icon_1805427825' by client 'Nelson Kuroki'(id:27)
2018-10-17 20:52:57.474375|INFO    |VirtualServer |1  |client (id:27) was added to servergroup 'Assistant Director'(id:14) by client 'Radcrazykid2 | 1-L-40'(id:4)
2018-10-17 20:53:02.671065|INFO    |VirtualServer |1  |client (id:27) was added to servergroup 'Community Leader'(id:18) by client 'Radcrazykid2 | 1-L-40'(id:4)
2018-10-17 20:53:02.804082|INFO    |VirtualServerBase|1  |file download from (id:0), '/icon_1116735422' by client 'Nelson Kuroki'(id:27)
2018-10-17 20:53:07.572771|INFO    |VirtualServer |1  |client (id:27) was added to servergroup '==San Andreas LEO=='(id:25) by client 'Radcrazykid2 | 1-L-40'(id:4)
2018-10-17 20:53:15.214311|INFO    |VirtualServer |1  |client (id:27) was added to servergroup '==Specialized Units=='(id:46) by client 'Radcrazykid2 | 1-L-40'(id:4)
2018-10-17 20:53:18.939089|INFO    |VirtualServer |1  |client (id:27) was added to servergroup 'Special Field Agent'(id:99) by client 'Radcrazykid2 | 1-L-40'(id:4)
2018-10-17 20:53:25.014727|INFO    |VirtualServer |1  |client (id:27) was removed from servergroup '==Specialized Units=='(id:46) by client 'Radcrazykid2 | 1-L-40'(id:4)
2018-10-17 20:53:28.946488|INFO    |VirtualServer |1  |client (id:27) was added to servergroup '==Training=='(id:65) by client 'Radcrazykid2 | 1-L-40'(id:4)
2018-10-17 20:53:32.014306|INFO    |VirtualServer |1  |client (id:27) was added to servergroup 'Firearms Qualified'(id:66) by client 'Radcrazykid2 | 1-L-40'(id:4)
2018-10-17 20:53:34.970130|INFO    |VirtualServer |1  |client (id:27) was added to servergroup 'Tazer Qualified'(id:67) by client 'Radcrazykid2 | 1-L-40'(id:4)
2018-10-17 20:53:38.570913|INFO    |VirtualServer |1  |client (id:27) was added to servergroup 'C2/C3 Certification'(id:73) by client 'Radcrazykid2 | 1-L-40'(id:4)
2018-10-17 20:53:43.351626|INFO    |VirtualServer |1  |client (id:27) was added to servergroup 'Pilot Certified'(id:77) by client 'Radcrazykid2 | 1-L-40'(id:4)
2018-10-17 20:53:43.377626|INFO    |VirtualServerBase|1  |file download from (id:0), '/icon_3768757978' by client 'Nelson Kuroki'(id:27)
2018-10-17 20:53:43.487620|INFO    |VirtualServerBase|1  |file download from (id:0), '/icon_3768757978' by client 'K2K'(id:18)
2018-10-17 20:53:48.283333|INFO    |VirtualServer |1  |client (id:27) was added to servergroup '==Civilian=='(id:78) by client 'Radcrazykid2 | 1-L-40'(id:4)
2018-10-17 20:53:50.975169|INFO    |VirtualServer |1  |client (id:27) was added to servergroup 'Reserve Civilian'(id:89) by client 'Radcrazykid2 | 1-L-40'(id:4)
2018-10-17 20:56:53.913215|INFO    |VirtualServerBase|1  |channel '[cspacer1]Server IP: 70.55.40.207 :30120'(id:25) edited by 'Radcrazykid2 | 1-L-40'(id:4)
2018-10-17 21:03:59.894704|INFO    |VirtualServerBase|1  |client disconnected 'K2K'(id:18) reason 'reasonmsg=F*** you all im going wanking'
