2018-09-23 23:31:27.674381|INFO    |ServerLibPriv |   |TeamSpeak 3 Server 3.4.0 (2018-09-10 07:29:44)
2018-09-23 23:31:27.686383|INFO    |ServerLibPriv |   |SystemInformation: Windows 10 (17134) x64 (AMD or Intel) Binary: 64bit
2018-09-23 23:31:27.686383|INFO    |ServerLibPriv |   |Using hardware aes
2018-09-23 23:31:27.718390|INFO    |DatabaseQuery |   |dbPlugin name:    SQLite3 plugin, Version 3, (c)TeamSpeak Systems GmbH
2018-09-23 23:31:27.718390|INFO    |DatabaseQuery |   |dbPlugin version: 3.11.1
2018-09-23 23:31:27.720391|INFO    |DatabaseQuery |   |checking database integrity (may take a while)
2018-09-23 23:31:27.770402|WARNING |Accounting    |   |Unable to open licensekey.dat, falling back to limited functionality
2018-09-23 23:31:27.803409|INFO    |Accounting    |   |Licensing Information
2018-09-23 23:31:27.803409|INFO    |Accounting    |   |licensed to       : Anonymous
2018-09-23 23:31:27.803409|INFO    |Accounting    |   |type              : No License
2018-09-23 23:31:27.803409|INFO    |Accounting    |   |starting date     : Sun Jul  1 00:00:00 2018
2018-09-23 23:31:27.803409|INFO    |Accounting    |   |ending date       : Wed Jul 31 00:00:00 2019
2018-09-23 23:31:27.803409|INFO    |Accounting    |   |max virtualservers: 1
2018-09-23 23:31:27.803409|INFO    |Accounting    |   |max slots         : 32
2018-09-23 23:31:27.869425|INFO    |              |   |myTeamSpeak identifier revocation list was downloaded successfully - all related features are activated
2018-09-23 23:31:28.717192|INFO    |              |   |Puzzle precompute time: 850
2018-09-23 23:31:28.718184|INFO    |FileManager   |   |listening on 0.0.0.0:30033, [::]:30033
2018-09-23 23:31:28.751429|INFO    |Query         |   |listening for query on 0.0.0.0:10011, [::]:10011
2018-09-23 23:31:28.751429|INFO    |CIDRManager   |   |updated query_ip_whitelist ips: 127.0.0.1/32, ::1/128, 
2018-09-23 23:31:59.268742|INFO    |              |   |Error opening file "files\virtualserver_1\internal\icons/icon_1483396842": The system cannot find the file specified.
                                                       
2018-09-23 23:31:59.268742|INFO    |              |   |Error opening file "files\virtualserver_1\internal\icons/icon_1529263021": The system cannot find the file specified.
                                                       
2018-09-23 23:32:01.034135|INFO    |              |   |Error opening file "files\virtualserver_1\internal\icons/icon_2642770149": The system cannot find the file specified.
                                                       
2018-09-23 23:32:03.788502|INFO    |              |   |Error opening file "files\virtualserver_1\internal\icons/icon_562027764": The system cannot find the file specified.
                                                       
2018-09-23 23:32:03.796503|INFO    |              |   |Error opening file "files\virtualserver_1\internal\icons/icon_1805427825": The system cannot find the file specified.
                                                       
2018-09-23 23:32:03.796503|INFO    |              |   |Error opening file "files\virtualserver_1\internal\icons/icon_85368941": The system cannot find the file specified.
                                                       
2018-09-23 23:32:03.800505|INFO    |              |   |Error opening file "files\virtualserver_1\internal\icons/icon_3201618383": The system cannot find the file specified.
                                                       
2018-09-23 23:32:03.800505|INFO    |              |   |Error opening file "files\virtualserver_1\internal\icons/icon_3782301228": The system cannot find the file specified.
                                                       
2018-09-23 23:32:03.843515|INFO    |              |   |Error opening file "files\virtualserver_1\internal\icons/icon_2695360418": The system cannot find the file specified.
                                                       
2018-09-23 23:32:03.843515|INFO    |              |   |Error opening file "files\virtualserver_1\internal\icons/icon_475659083": The system cannot find the file specified.
                                                       
2018-09-23 23:32:03.844515|INFO    |              |   |Error opening file "files\virtualserver_1\internal\icons/icon_1815735829": The system cannot find the file specified.
                                                       
2018-09-23 23:32:03.845514|INFO    |              |   |Error opening file "files\virtualserver_1\internal\icons/icon_278659660": The system cannot find the file specified.
                                                       
2018-09-23 23:32:03.847515|INFO    |              |   |Error opening file "files\virtualserver_1\internal\icons/icon_2866804287": The system cannot find the file specified.
                                                       
2018-09-23 23:32:03.937536|INFO    |              |   |Error opening file "files\virtualserver_1\internal\icons/icon_2003727143": The system cannot find the file specified.
                                                       
2018-09-23 23:32:03.938535|INFO    |              |   |Error opening file "files\virtualserver_1\internal\icons/icon_3692269475": The system cannot find the file specified.
                                                       
2018-09-23 23:32:03.942537|INFO    |              |   |Error opening file "files\virtualserver_1\internal\icons/icon_270108242": The system cannot find the file specified.
                                                       
2018-09-23 23:32:04.040558|INFO    |              |   |Error opening file "files\virtualserver_1\internal\icons/icon_463254636": The system cannot find the file specified.
                                                       
2018-09-23 23:32:04.041561|INFO    |              |   |Error opening file "files\virtualserver_1\internal\icons/icon_446998080": The system cannot find the file specified.
                                                       
2018-09-23 23:39:07.247568|INFO    |              |   |Error opening file "files\virtualserver_1\internal\icons/icon_1483396842": The system cannot find the file specified.
                                                       
2018-09-23 23:39:07.247568|INFO    |              |   |Error opening file "files\virtualserver_1\internal\icons/icon_1529263021": The system cannot find the file specified.
                                                       
2018-09-23 23:39:07.276586|INFO    |              |   |Error opening file "files\virtualserver_1\internal\icons/icon_2642770149": The system cannot find the file specified.
                                                       
2018-09-24 23:31:31.024798|INFO    |              |   |myTeamSpeak identifier revocation list was downloaded successfully - all related features are activated
