2018-09-20 19:00:16.292068|INFO    |VirtualServer |1  |listening on 0.0.0.0:9987, [::]:9987
2018-09-20 19:02:29.842774|INFO    |VirtualServerBase|1  |client connected 'TeamSpeakUser'(id:25) using a myTeamSpeak ID from 192.168.2.19:57841
2018-09-20 19:02:38.218665|INFO    |VirtualServerBase|1  |file download from (id:0), '/icon_2642770149' by client 'TeamSpeakUser'(id:25)
2018-09-20 19:02:38.862841|INFO    |VirtualServerBase|1  |file download from (id:0), '/icon_3102975314' by client 'TeamSpeakUser'(id:25)
2018-09-20 19:02:38.862841|INFO    |VirtualServerBase|1  |file download from (id:0), '/icon_3993483088' by client 'TeamSpeakUser'(id:25)
2018-09-20 19:02:38.876845|INFO    |VirtualServerBase|1  |file download from (id:0), '/icon_2013348012' by client 'TeamSpeakUser'(id:25)
2018-09-20 19:02:38.876845|INFO    |VirtualServerBase|1  |file download from (id:0), '/icon_334483102' by client 'TeamSpeakUser'(id:25)
2018-09-20 19:02:38.877846|INFO    |VirtualServerBase|1  |file download from (id:0), '/icon_763733025' by client 'TeamSpeakUser'(id:25)
2018-09-20 19:02:38.904851|INFO    |VirtualServerBase|1  |file download from (id:0), '/icon_888699871' by client 'TeamSpeakUser'(id:25)
2018-09-20 19:03:02.989551|INFO    |VirtualServerBase|1  |client disconnected 'TeamSpeakUser'(id:25) reason 'reasonmsg=leaving'
2018-09-20 19:03:11.844143|INFO    |VirtualServerBase|1  |client connected 'TeamSpeakUser'(id:4) using a myTeamSpeak ID from 192.168.2.19:57841
2018-09-20 19:03:11.877151|INFO    |VirtualServerBase|1  |file download from (id:0), '/icon_3102975314' by client 'TeamSpeakUser'(id:4)
2018-09-20 19:03:11.878151|INFO    |VirtualServerBase|1  |file download from (id:0), '/icon_4130422297' by client 'TeamSpeakUser'(id:4)
2018-09-20 19:03:11.878151|INFO    |VirtualServerBase|1  |file download from (id:0), '/icon_1483396842' by client 'TeamSpeakUser'(id:4)
2018-09-20 19:03:11.878151|INFO    |VirtualServerBase|1  |file download from (id:0), '/icon_1529263021' by client 'TeamSpeakUser'(id:4)
2018-09-20 19:03:14.814857|INFO    |VirtualServerBase|1  |client disconnected 'TeamSpeakUser'(id:4) reason 'reasonmsg=leaving'
2018-09-20 19:03:56.455161|INFO    |VirtualServerBase|1  |client connected 'Radcrazykid2 | 1-L-40'(id:4) using a myTeamSpeak ID from 192.168.2.19:57841
2018-09-20 19:03:56.508164|INFO    |VirtualServerBase|1  |file download from (id:0), '/icon_3102975314' by client 'Radcrazykid2 | 1-L-40'(id:4)
2018-09-20 19:03:56.509165|INFO    |VirtualServerBase|1  |file download from (id:0), '/icon_4130422297' by client 'Radcrazykid2 | 1-L-40'(id:4)
2018-09-20 19:03:56.509165|INFO    |VirtualServerBase|1  |file download from (id:0), '/icon_1483396842' by client 'Radcrazykid2 | 1-L-40'(id:4)
2018-09-20 19:03:56.509165|INFO    |VirtualServerBase|1  |file download from (id:0), '/icon_1529263021' by client 'Radcrazykid2 | 1-L-40'(id:4)
2018-09-20 19:03:58.461607|INFO    |VirtualServerBase|1  |file download from (id:0), '/icon_2642770149' by client 'Radcrazykid2 | 1-L-40'(id:4)
2018-09-20 19:03:59.196814|INFO    |VirtualServerBase|1  |file download from (id:0), '/icon_3993483088' by client 'Radcrazykid2 | 1-L-40'(id:4)
2018-09-20 19:03:59.201815|INFO    |VirtualServerBase|1  |file download from (id:0), '/icon_2013348012' by client 'Radcrazykid2 | 1-L-40'(id:4)
2018-09-20 19:03:59.202816|INFO    |VirtualServerBase|1  |file download from (id:0), '/icon_334483102' by client 'Radcrazykid2 | 1-L-40'(id:4)
2018-09-20 19:03:59.207829|INFO    |VirtualServerBase|1  |file download from (id:0), '/icon_763733025' by client 'Radcrazykid2 | 1-L-40'(id:4)
2018-09-20 19:03:59.207829|INFO    |VirtualServerBase|1  |file download from (id:0), '/icon_888699871' by client 'Radcrazykid2 | 1-L-40'(id:4)
2018-09-20 19:04:04.223536|INFO    |VirtualServerBase|1  |file download from (id:0), '/icon_3963302091' by client 'Radcrazykid2 | 1-L-40'(id:4)
2018-09-20 19:04:04.224536|INFO    |VirtualServerBase|1  |file download from (id:0), '/icon_3062257508' by client 'Radcrazykid2 | 1-L-40'(id:4)
2018-09-20 19:04:04.224536|INFO    |VirtualServerBase|1  |file download from (id:0), '/icon_562027764' by client 'Radcrazykid2 | 1-L-40'(id:4)
2018-09-20 19:04:04.224536|INFO    |VirtualServerBase|1  |file download from (id:0), '/icon_2198526597' by client 'Radcrazykid2 | 1-L-40'(id:4)
2018-09-20 19:04:04.225536|INFO    |VirtualServerBase|1  |file download from (id:0), '/icon_1116735422' by client 'Radcrazykid2 | 1-L-40'(id:4)
2018-09-20 19:04:04.297553|INFO    |VirtualServerBase|1  |file download from (id:0), '/icon_199054942' by client 'Radcrazykid2 | 1-L-40'(id:4)
2018-09-20 19:04:04.297553|INFO    |VirtualServerBase|1  |file download from (id:0), '/icon_2882935176' by client 'Radcrazykid2 | 1-L-40'(id:4)
2018-09-20 19:04:04.298554|INFO    |VirtualServerBase|1  |file download from (id:0), '/icon_677066105' by client 'Radcrazykid2 | 1-L-40'(id:4)
2018-09-20 19:04:04.300554|INFO    |VirtualServerBase|1  |file download from (id:0), '/icon_746379343' by client 'Radcrazykid2 | 1-L-40'(id:4)
2018-09-20 19:04:04.301554|INFO    |VirtualServerBase|1  |file download from (id:0), '/icon_2879214217' by client 'Radcrazykid2 | 1-L-40'(id:4)
2018-09-20 19:04:04.401576|INFO    |VirtualServerBase|1  |file download from (id:0), '/icon_2888068105' by client 'Radcrazykid2 | 1-L-40'(id:4)
2018-09-20 19:04:04.401576|INFO    |VirtualServerBase|1  |file download from (id:0), '/icon_1805427825' by client 'Radcrazykid2 | 1-L-40'(id:4)
2018-09-20 19:04:04.402577|INFO    |VirtualServerBase|1  |file download from (id:0), '/icon_478832049' by client 'Radcrazykid2 | 1-L-40'(id:4)
2018-09-20 19:04:04.405577|INFO    |VirtualServerBase|1  |file download from (id:0), '/icon_1241727404' by client 'Radcrazykid2 | 1-L-40'(id:4)
2018-09-20 19:04:04.505599|INFO    |VirtualServerBase|1  |file download from (id:0), '/icon_184842084' by client 'Radcrazykid2 | 1-L-40'(id:4)
2018-09-20 19:04:04.505599|INFO    |VirtualServerBase|1  |file download from (id:0), '/icon_808654778' by client 'Radcrazykid2 | 1-L-40'(id:4)
2018-09-20 19:04:04.506600|INFO    |VirtualServerBase|1  |file download from (id:0), '/icon_671141899' by client 'Radcrazykid2 | 1-L-40'(id:4)
2018-09-20 19:04:04.507601|INFO    |VirtualServerBase|1  |file download from (id:0), '/icon_1068031717' by client 'Radcrazykid2 | 1-L-40'(id:4)
2018-09-20 19:04:04.608624|INFO    |VirtualServerBase|1  |file download from (id:0), '/icon_85368941' by client 'Radcrazykid2 | 1-L-40'(id:4)
2018-09-20 19:04:04.610624|INFO    |VirtualServerBase|1  |file download from (id:0), '/icon_2314398147' by client 'Radcrazykid2 | 1-L-40'(id:4)
2018-09-20 19:04:04.711646|INFO    |VirtualServerBase|1  |file download from (id:0), '/icon_2986627059' by client 'Radcrazykid2 | 1-L-40'(id:4)
2018-09-20 19:04:04.711646|INFO    |VirtualServerBase|1  |file download from (id:0), '/icon_674336617' by client 'Radcrazykid2 | 1-L-40'(id:4)
2018-09-20 19:04:04.812669|INFO    |VirtualServerBase|1  |file download from (id:0), '/icon_87243971' by client 'Radcrazykid2 | 1-L-40'(id:4)
2018-09-20 19:04:04.813669|INFO    |VirtualServerBase|1  |file download from (id:0), '/icon_2462758921' by client 'Radcrazykid2 | 1-L-40'(id:4)
2018-09-20 19:04:04.914692|INFO    |VirtualServerBase|1  |file download from (id:0), '/icon_4231751858' by client 'Radcrazykid2 | 1-L-40'(id:4)
2018-09-20 19:04:04.915692|INFO    |VirtualServerBase|1  |file download from (id:0), '/icon_2210940942' by client 'Radcrazykid2 | 1-L-40'(id:4)
2018-09-20 19:04:05.016714|INFO    |VirtualServerBase|1  |file download from (id:0), '/icon_3104672644' by client 'Radcrazykid2 | 1-L-40'(id:4)
2018-09-20 19:04:05.017715|INFO    |VirtualServerBase|1  |file download from (id:0), '/icon_1078673879' by client 'Radcrazykid2 | 1-L-40'(id:4)
2018-09-20 19:04:05.118737|INFO    |VirtualServerBase|1  |file download from (id:0), '/icon_569536555' by client 'Radcrazykid2 | 1-L-40'(id:4)
2018-09-20 19:04:05.118737|INFO    |VirtualServerBase|1  |file download from (id:0), '/icon_3201618383' by client 'Radcrazykid2 | 1-L-40'(id:4)
2018-09-20 19:04:05.219760|INFO    |VirtualServerBase|1  |file download from (id:0), '/icon_125039526' by client 'Radcrazykid2 | 1-L-40'(id:4)
2018-09-20 19:04:05.220760|INFO    |VirtualServerBase|1  |file download from (id:0), '/icon_3714751149' by client 'Radcrazykid2 | 1-L-40'(id:4)
2018-09-20 19:04:05.321782|INFO    |VirtualServerBase|1  |file download from (id:0), '/icon_3782301228' by client 'Radcrazykid2 | 1-L-40'(id:4)
2018-09-20 19:04:05.322782|INFO    |VirtualServerBase|1  |file download from (id:0), '/icon_2695360418' by client 'Radcrazykid2 | 1-L-40'(id:4)
2018-09-20 19:04:05.424805|INFO    |VirtualServerBase|1  |file download from (id:0), '/icon_2458059554' by client 'Radcrazykid2 | 1-L-40'(id:4)
2018-09-20 19:04:05.424805|INFO    |VirtualServerBase|1  |file download from (id:0), '/icon_475659083' by client 'Radcrazykid2 | 1-L-40'(id:4)
2018-09-20 19:04:05.525827|INFO    |VirtualServerBase|1  |file download from (id:0), '/icon_250997313' by client 'Radcrazykid2 | 1-L-40'(id:4)
2018-09-20 19:04:05.526827|INFO    |VirtualServerBase|1  |file download from (id:0), '/icon_2764044660' by client 'Radcrazykid2 | 1-L-40'(id:4)
2018-09-20 19:04:05.627851|INFO    |VirtualServerBase|1  |file download from (id:0), '/icon_2295463579' by client 'Radcrazykid2 | 1-L-40'(id:4)
2018-09-20 19:04:05.628852|INFO    |VirtualServerBase|1  |file download from (id:0), '/icon_2687556238' by client 'Radcrazykid2 | 1-L-40'(id:4)
2018-09-20 19:04:05.728873|INFO    |VirtualServerBase|1  |file download from (id:0), '/icon_1815735829' by client 'Radcrazykid2 | 1-L-40'(id:4)
2018-09-20 19:04:05.729873|INFO    |VirtualServerBase|1  |file download from (id:0), '/icon_2403989947' by client 'Radcrazykid2 | 1-L-40'(id:4)
2018-09-20 19:04:05.831896|INFO    |VirtualServerBase|1  |file download from (id:0), '/icon_3897558906' by client 'Radcrazykid2 | 1-L-40'(id:4)
2018-09-20 19:04:05.831896|INFO    |VirtualServerBase|1  |file download from (id:0), '/icon_278659660' by client 'Radcrazykid2 | 1-L-40'(id:4)
2018-09-20 19:04:05.932918|INFO    |VirtualServerBase|1  |file download from (id:0), '/icon_2866804287' by client 'Radcrazykid2 | 1-L-40'(id:4)
2018-09-20 19:04:05.933918|INFO    |VirtualServerBase|1  |file download from (id:0), '/icon_1501844119' by client 'Radcrazykid2 | 1-L-40'(id:4)
2018-09-20 19:04:06.034940|INFO    |VirtualServerBase|1  |file download from (id:0), '/icon_3911561361' by client 'Radcrazykid2 | 1-L-40'(id:4)
2018-09-20 19:04:06.035941|INFO    |VirtualServerBase|1  |file download from (id:0), '/icon_2003727143' by client 'Radcrazykid2 | 1-L-40'(id:4)
2018-09-20 19:04:06.137963|INFO    |VirtualServerBase|1  |file download from (id:0), '/icon_3692269475' by client 'Radcrazykid2 | 1-L-40'(id:4)
2018-09-20 19:04:06.171970|INFO    |VirtualServerBase|1  |file download from (id:0), '/icon_3739044781' by client 'Radcrazykid2 | 1-L-40'(id:4)
2018-09-20 19:04:06.240986|INFO    |VirtualServerBase|1  |file download from (id:0), '/icon_270108242' by client 'Radcrazykid2 | 1-L-40'(id:4)
2018-09-20 19:04:51.533462|INFO    |VirtualServerBase|1  |file download from (id:0), '/icon_463254636' by client 'Radcrazykid2 | 1-L-40'(id:4)
2018-09-20 19:04:51.534463|INFO    |VirtualServerBase|1  |file download from (id:0), '/icon_446998080' by client 'Radcrazykid2 | 1-L-40'(id:4)
2018-09-20 19:04:51.534463|INFO    |VirtualServerBase|1  |file download from (id:0), '/icon_2477954463' by client 'Radcrazykid2 | 1-L-40'(id:4)
2018-09-20 19:04:51.534463|INFO    |VirtualServerBase|1  |file download from (id:0), '/icon_52966479' by client 'Radcrazykid2 | 1-L-40'(id:4)
2018-09-20 19:04:51.534463|INFO    |VirtualServerBase|1  |file download from (id:0), '/icon_656281992' by client 'Radcrazykid2 | 1-L-40'(id:4)
2018-09-20 19:05:05.018885|INFO    |VirtualServerBase|1  |file download from (id:0), '/icon_1684894752' by client 'Radcrazykid2 | 1-L-40'(id:4)
2018-09-20 19:05:05.018885|INFO    |VirtualServerBase|1  |file download from (id:0), '/icon_2656494620' by client 'Radcrazykid2 | 1-L-40'(id:4)
2018-09-20 19:34:10.641286|INFO    |VirtualServerBase|1  |file upload to (id:0), '/icon_2462758921' by client 'Radcrazykid2 | 1-L-40'(id:4)
2018-09-20 19:34:10.643285|INFO    |VirtualServerBase|1  |file upload to (id:0), '/icon_2117425286' by client 'Radcrazykid2 | 1-L-40'(id:4)
2018-09-20 19:34:10.647287|INFO    |VirtualServerBase|1  |file upload to (id:0), '/icon_1056602679' by client 'Radcrazykid2 | 1-L-40'(id:4)
2018-09-20 19:34:10.650288|INFO    |VirtualServerBase|1  |file upload to (id:0), '/icon_960848581' by client 'Radcrazykid2 | 1-L-40'(id:4)
2018-09-20 19:34:10.653287|INFO    |VirtualServerBase|1  |file upload to (id:0), '/icon_2986627059' by client 'Radcrazykid2 | 1-L-40'(id:4)
2018-09-20 19:34:10.664562|INFO    |VirtualServerBase|1  |file upload to (id:0), '/icon_3963302091' by client 'Radcrazykid2 | 1-L-40'(id:4)
2018-09-20 19:34:10.681294|INFO    |VirtualServerBase|1  |file upload to (id:0), '/icon_3773842619' by client 'Radcrazykid2 | 1-L-40'(id:4)
2018-09-20 19:34:10.696298|INFO    |VirtualServerBase|1  |file upload to (id:0), '/icon_2366247276' by client 'Radcrazykid2 | 1-L-40'(id:4)
2018-09-20 19:34:10.702299|INFO    |VirtualServerBase|1  |file upload to (id:0), '/icon_490846800' by client 'Radcrazykid2 | 1-L-40'(id:4)
2018-09-20 19:34:10.710301|INFO    |VirtualServerBase|1  |file upload to (id:0), '/icon_3714751149' by client 'Radcrazykid2 | 1-L-40'(id:4)
2018-09-20 19:34:10.716302|INFO    |VirtualServerBase|1  |file upload to (id:0), '/icon_2013348012' by client 'Radcrazykid2 | 1-L-40'(id:4)
2018-09-20 19:34:10.722303|INFO    |VirtualServerBase|1  |file upload to (id:0), '/icon_420107065' by client 'Radcrazykid2 | 1-L-40'(id:4)
2018-09-20 19:34:10.729305|INFO    |VirtualServerBase|1  |file upload to (id:0), '/icon_2355363910' by client 'Radcrazykid2 | 1-L-40'(id:4)
2018-09-20 19:34:10.739308|INFO    |VirtualServerBase|1  |file upload to (id:0), '/icon_2868761521' by client 'Radcrazykid2 | 1-L-40'(id:4)
2018-09-20 19:34:10.758312|INFO    |VirtualServerBase|1  |file upload to (id:0), '/icon_2309360079' by client 'Radcrazykid2 | 1-L-40'(id:4)
2018-09-20 19:34:10.769315|INFO    |VirtualServerBase|1  |file upload to (id:0), '/icon_4229124040' by client 'Radcrazykid2 | 1-L-40'(id:4)
2018-09-20 19:34:10.775315|INFO    |VirtualServerBase|1  |file upload to (id:0), '/icon_950873634' by client 'Radcrazykid2 | 1-L-40'(id:4)
2018-09-20 19:34:10.783317|INFO    |VirtualServerBase|1  |file upload to (id:0), '/icon_2854677673' by client 'Radcrazykid2 | 1-L-40'(id:4)
2018-09-20 19:34:10.803322|INFO    |VirtualServerBase|1  |file upload to (id:0), '/icon_1078673879' by client 'Radcrazykid2 | 1-L-40'(id:4)
2018-09-20 19:34:10.812324|INFO    |VirtualServerBase|1  |file upload to (id:0), '/icon_674336617' by client 'Radcrazykid2 | 1-L-40'(id:4)
2018-09-20 19:34:10.821326|INFO    |VirtualServerBase|1  |file upload to (id:0), '/icon_199054942' by client 'Radcrazykid2 | 1-L-40'(id:4)
2018-09-20 19:34:10.831328|INFO    |VirtualServerBase|1  |file upload to (id:0), '/icon_512023111' by client 'Radcrazykid2 | 1-L-40'(id:4)
2018-09-20 19:34:10.845332|INFO    |VirtualServerBase|1  |file upload to (id:0), '/icon_110743397' by client 'Radcrazykid2 | 1-L-40'(id:4)
2018-09-20 19:34:10.851332|INFO    |VirtualServerBase|1  |file upload to (id:0), '/icon_1116735422' by client 'Radcrazykid2 | 1-L-40'(id:4)
2018-09-20 19:34:10.858333|INFO    |VirtualServerBase|1  |file upload to (id:0), '/icon_243315320' by client 'Radcrazykid2 | 1-L-40'(id:4)
2018-09-20 19:34:10.865336|INFO    |VirtualServerBase|1  |file upload to (id:0), '/icon_52966479' by client 'Radcrazykid2 | 1-L-40'(id:4)
2018-09-20 19:34:10.875338|INFO    |VirtualServerBase|1  |file upload to (id:0), '/icon_206560669' by client 'Radcrazykid2 | 1-L-40'(id:4)
2018-09-20 19:34:10.903344|INFO    |VirtualServerBase|1  |file upload to (id:0), '/icon_1354454235' by client 'Radcrazykid2 | 1-L-40'(id:4)
2018-09-20 19:34:10.910345|INFO    |VirtualServerBase|1  |file upload to (id:0), '/icon_2643353939' by client 'Radcrazykid2 | 1-L-40'(id:4)
2018-09-20 19:34:10.913346|INFO    |VirtualServerBase|1  |file upload to (id:0), '/icon_2210940942' by client 'Radcrazykid2 | 1-L-40'(id:4)
2018-09-20 19:34:10.920348|INFO    |VirtualServerBase|1  |file upload to (id:0), '/icon_4231751858' by client 'Radcrazykid2 | 1-L-40'(id:4)
2018-09-20 19:34:10.938353|INFO    |VirtualServerBase|1  |file upload to (id:0), '/icon_184842084' by client 'Radcrazykid2 | 1-L-40'(id:4)
2018-09-20 19:34:10.950355|INFO    |VirtualServerBase|1  |file upload to (id:0), '/icon_1455379126' by client 'Radcrazykid2 | 1-L-40'(id:4)
2018-09-20 19:34:10.959358|INFO    |VirtualServerBase|1  |file upload to (id:0), '/icon_2017444908' by client 'Radcrazykid2 | 1-L-40'(id:4)
2018-09-20 19:34:10.969361|INFO    |VirtualServerBase|1  |file upload to (id:0), '/icon_317529237' by client 'Radcrazykid2 | 1-L-40'(id:4)
2018-09-20 19:34:10.978361|INFO    |VirtualServerBase|1  |file upload to (id:0), '/icon_671141899' by client 'Radcrazykid2 | 1-L-40'(id:4)
2018-09-20 19:34:10.996365|INFO    |VirtualServerBase|1  |file upload to (id:0), '/icon_1068031717' by client 'Radcrazykid2 | 1-L-40'(id:4)
2018-09-20 19:34:11.006368|INFO    |VirtualServerBase|1  |file upload to (id:0), '/icon_3240748537' by client 'Radcrazykid2 | 1-L-40'(id:4)
2018-09-20 19:34:11.014369|INFO    |VirtualServerBase|1  |file upload to (id:0), '/icon_3751266214' by client 'Radcrazykid2 | 1-L-40'(id:4)
2018-09-20 19:34:11.039375|INFO    |VirtualServerBase|1  |file upload to (id:0), '/icon_808654778' by client 'Radcrazykid2 | 1-L-40'(id:4)
2018-09-20 19:34:11.045376|INFO    |VirtualServerBase|1  |file upload to (id:0), '/icon_770381366' by client 'Radcrazykid2 | 1-L-40'(id:4)
2018-09-20 19:34:11.054378|INFO    |VirtualServerBase|1  |file upload to (id:0), '/icon_224044864' by client 'Radcrazykid2 | 1-L-40'(id:4)
2018-09-20 19:34:11.060380|INFO    |VirtualServerBase|1  |file upload to (id:0), '/icon_3242600914' by client 'Radcrazykid2 | 1-L-40'(id:4)
2018-09-20 19:34:11.067380|INFO    |VirtualServerBase|1  |file upload to (id:0), '/icon_3503091528' by client 'Radcrazykid2 | 1-L-40'(id:4)
2018-09-20 19:34:11.073383|INFO    |VirtualServerBase|1  |file upload to (id:0), '/icon_2122164064' by client 'Radcrazykid2 | 1-L-40'(id:4)
2018-09-20 19:34:11.081385|INFO    |VirtualServerBase|1  |file upload to (id:0), '/icon_214798205' by client 'Radcrazykid2 | 1-L-40'(id:4)
2018-09-20 19:34:11.087387|INFO    |VirtualServerBase|1  |file upload to (id:0), '/icon_2199110935' by client 'Radcrazykid2 | 1-L-40'(id:4)
2018-09-20 19:34:11.093387|INFO    |VirtualServerBase|1  |file upload to (id:0), '/icon_598472552' by client 'Radcrazykid2 | 1-L-40'(id:4)
2018-09-20 19:34:11.102390|INFO    |VirtualServerBase|1  |file upload to (id:0), '/icon_494874673' by client 'Radcrazykid2 | 1-L-40'(id:4)
2018-09-20 19:34:11.108391|INFO    |VirtualServerBase|1  |file upload to (id:0), '/icon_285694258' by client 'Radcrazykid2 | 1-L-40'(id:4)
2018-09-20 19:34:19.139296|INFO    |VirtualServerBase|1  |file upload to (id:0), '/icon_888699871' by client 'Radcrazykid2 | 1-L-40'(id:4)
2018-09-20 19:34:19.141296|INFO    |VirtualServerBase|1  |file upload to (id:0), '/icon_2879214217' by client 'Radcrazykid2 | 1-L-40'(id:4)
2018-09-20 19:34:19.144297|INFO    |VirtualServerBase|1  |file upload to (id:0), '/icon_569536555' by client 'Radcrazykid2 | 1-L-40'(id:4)
2018-09-20 19:34:19.149298|INFO    |VirtualServerBase|1  |file upload to (id:0), '/icon_2458059554' by client 'Radcrazykid2 | 1-L-40'(id:4)
2018-09-20 19:34:19.152299|INFO    |VirtualServerBase|1  |file upload to (id:0), '/icon_4058471802' by client 'Radcrazykid2 | 1-L-40'(id:4)
2018-09-20 19:34:19.159301|INFO    |VirtualServerBase|1  |file upload to (id:0), '/icon_746379343' by client 'Radcrazykid2 | 1-L-40'(id:4)
2018-09-20 19:50:55.589164|INFO    |VirtualServerBase|1  |file deleted from (id:0), 'files\virtualserver_1\internal\icons/icon_960848581' by client 'Radcrazykid2 | 1-L-40'(id:4)
2018-09-20 19:50:55.751203|INFO    |VirtualServerBase|1  |file deleted from (id:0), 'files\virtualserver_1\internal\icons/icon_2986627059' by client 'Radcrazykid2 | 1-L-40'(id:4)
2018-09-20 19:50:55.902244|INFO    |VirtualServerBase|1  |file deleted from (id:0), 'files\virtualserver_1\internal\icons/icon_3963302091' by client 'Radcrazykid2 | 1-L-40'(id:4)
2018-09-20 19:50:56.052281|INFO    |VirtualServerBase|1  |file deleted from (id:0), 'files\virtualserver_1\internal\icons/icon_3773842619' by client 'Radcrazykid2 | 1-L-40'(id:4)
2018-09-20 19:50:56.207323|INFO    |VirtualServerBase|1  |file deleted from (id:0), 'files\virtualserver_1\internal\icons/icon_2366247276' by client 'Radcrazykid2 | 1-L-40'(id:4)
2018-09-20 19:50:56.348355|INFO    |VirtualServerBase|1  |file deleted from (id:0), 'files\virtualserver_1\internal\icons/icon_490846800' by client 'Radcrazykid2 | 1-L-40'(id:4)
2018-09-20 19:50:56.480386|INFO    |VirtualServerBase|1  |file deleted from (id:0), 'files\virtualserver_1\internal\icons/icon_3714751149' by client 'Radcrazykid2 | 1-L-40'(id:4)
2018-09-20 19:50:56.614414|INFO    |VirtualServerBase|1  |file deleted from (id:0), 'files\virtualserver_1\internal\icons/icon_2013348012' by client 'Radcrazykid2 | 1-L-40'(id:4)
2018-09-20 19:50:56.732440|INFO    |VirtualServerBase|1  |file deleted from (id:0), 'files\virtualserver_1\internal\icons/icon_420107065' by client 'Radcrazykid2 | 1-L-40'(id:4)
2018-09-20 19:50:56.843465|INFO    |VirtualServerBase|1  |file deleted from (id:0), 'files\virtualserver_1\internal\icons/icon_2355363910' by client 'Radcrazykid2 | 1-L-40'(id:4)
2018-09-20 19:50:56.950490|INFO    |VirtualServerBase|1  |file deleted from (id:0), 'files\virtualserver_1\internal\icons/icon_2868761521' by client 'Radcrazykid2 | 1-L-40'(id:4)
2018-09-20 19:50:57.071517|INFO    |VirtualServerBase|1  |file deleted from (id:0), 'files\virtualserver_1\internal\icons/icon_2309360079' by client 'Radcrazykid2 | 1-L-40'(id:4)
2018-09-20 19:50:57.181541|INFO    |VirtualServerBase|1  |file deleted from (id:0), 'files\virtualserver_1\internal\icons/icon_4229124040' by client 'Radcrazykid2 | 1-L-40'(id:4)
2018-09-20 19:50:57.303568|INFO    |VirtualServerBase|1  |file deleted from (id:0), 'files\virtualserver_1\internal\icons/icon_950873634' by client 'Radcrazykid2 | 1-L-40'(id:4)
2018-09-20 19:50:57.422594|INFO    |VirtualServerBase|1  |file deleted from (id:0), 'files\virtualserver_1\internal\icons/icon_2854677673' by client 'Radcrazykid2 | 1-L-40'(id:4)
2018-09-20 19:50:57.523617|INFO    |VirtualServerBase|1  |file deleted from (id:0), 'files\virtualserver_1\internal\icons/icon_1078673879' by client 'Radcrazykid2 | 1-L-40'(id:4)
2018-09-20 19:50:57.636641|INFO    |VirtualServerBase|1  |file deleted from (id:0), 'files\virtualserver_1\internal\icons/icon_674336617' by client 'Radcrazykid2 | 1-L-40'(id:4)
2018-09-20 19:50:57.742666|INFO    |VirtualServerBase|1  |file deleted from (id:0), 'files\virtualserver_1\internal\icons/icon_199054942' by client 'Radcrazykid2 | 1-L-40'(id:4)
2018-09-20 19:50:57.858691|INFO    |VirtualServerBase|1  |file deleted from (id:0), 'files\virtualserver_1\internal\icons/icon_512023111' by client 'Radcrazykid2 | 1-L-40'(id:4)
2018-09-20 19:50:57.961714|INFO    |VirtualServerBase|1  |file deleted from (id:0), 'files\virtualserver_1\internal\icons/icon_110743397' by client 'Radcrazykid2 | 1-L-40'(id:4)
2018-09-20 19:50:58.085742|INFO    |VirtualServerBase|1  |file deleted from (id:0), 'files\virtualserver_1\internal\icons/icon_1116735422' by client 'Radcrazykid2 | 1-L-40'(id:4)
2018-09-20 19:50:58.199768|INFO    |VirtualServerBase|1  |file deleted from (id:0), 'files\virtualserver_1\internal\icons/icon_243315320' by client 'Radcrazykid2 | 1-L-40'(id:4)
2018-09-20 19:50:58.315792|INFO    |VirtualServerBase|1  |file deleted from (id:0), 'files\virtualserver_1\internal\icons/icon_52966479' by client 'Radcrazykid2 | 1-L-40'(id:4)
2018-09-20 19:50:58.530840|INFO    |VirtualServerBase|1  |file deleted from (id:0), 'files\virtualserver_1\internal\icons/icon_206560669' by client 'Radcrazykid2 | 1-L-40'(id:4)
2018-09-20 19:50:58.646865|INFO    |VirtualServerBase|1  |file deleted from (id:0), 'files\virtualserver_1\internal\icons/icon_1354454235' by client 'Radcrazykid2 | 1-L-40'(id:4)
2018-09-20 19:50:58.770893|INFO    |VirtualServerBase|1  |file deleted from (id:0), 'files\virtualserver_1\internal\icons/icon_2643353939' by client 'Radcrazykid2 | 1-L-40'(id:4)
2018-09-20 19:50:58.998943|INFO    |VirtualServerBase|1  |file deleted from (id:0), 'files\virtualserver_1\internal\icons/icon_2210940942' by client 'Radcrazykid2 | 1-L-40'(id:4)
2018-09-20 19:50:59.102966|INFO    |VirtualServerBase|1  |file deleted from (id:0), 'files\virtualserver_1\internal\icons/icon_4231751858' by client 'Radcrazykid2 | 1-L-40'(id:4)
2018-09-20 19:50:59.313021|INFO    |VirtualServerBase|1  |file deleted from (id:0), 'files\virtualserver_1\internal\icons/icon_184842084' by client 'Radcrazykid2 | 1-L-40'(id:4)
2018-09-20 19:50:59.423037|INFO    |VirtualServerBase|1  |file deleted from (id:0), 'files\virtualserver_1\internal\icons/icon_1455379126' by client 'Radcrazykid2 | 1-L-40'(id:4)
2018-09-20 19:50:59.554067|INFO    |VirtualServerBase|1  |file deleted from (id:0), 'files\virtualserver_1\internal\icons/icon_2017444908' by client 'Radcrazykid2 | 1-L-40'(id:4)
2018-09-20 19:50:59.670093|INFO    |VirtualServerBase|1  |file deleted from (id:0), 'files\virtualserver_1\internal\icons/icon_317529237' by client 'Radcrazykid2 | 1-L-40'(id:4)
2018-09-20 19:50:59.782118|INFO    |VirtualServerBase|1  |file deleted from (id:0), 'files\virtualserver_1\internal\icons/icon_671141899' by client 'Radcrazykid2 | 1-L-40'(id:4)
2018-09-20 19:50:59.898152|INFO    |VirtualServerBase|1  |file deleted from (id:0), 'files\virtualserver_1\internal\icons/icon_1068031717' by client 'Radcrazykid2 | 1-L-40'(id:4)
2018-09-20 19:51:00.007167|INFO    |VirtualServerBase|1  |file deleted from (id:0), 'files\virtualserver_1\internal\icons/icon_3240748537' by client 'Radcrazykid2 | 1-L-40'(id:4)
2018-09-20 19:51:00.134196|INFO    |VirtualServerBase|1  |file deleted from (id:0), 'files\virtualserver_1\internal\icons/icon_3751266214' by client 'Radcrazykid2 | 1-L-40'(id:4)
2018-09-20 19:51:00.255223|INFO    |VirtualServerBase|1  |file deleted from (id:0), 'files\virtualserver_1\internal\icons/icon_808654778' by client 'Radcrazykid2 | 1-L-40'(id:4)
2018-09-20 19:51:00.378251|INFO    |VirtualServerBase|1  |file deleted from (id:0), 'files\virtualserver_1\internal\icons/icon_770381366' by client 'Radcrazykid2 | 1-L-40'(id:4)
2018-09-20 19:51:00.506280|INFO    |VirtualServerBase|1  |file deleted from (id:0), 'files\virtualserver_1\internal\icons/icon_224044864' by client 'Radcrazykid2 | 1-L-40'(id:4)
2018-09-20 19:51:00.616305|INFO    |VirtualServerBase|1  |file deleted from (id:0), 'files\virtualserver_1\internal\icons/icon_3242600914' by client 'Radcrazykid2 | 1-L-40'(id:4)
2018-09-20 19:51:00.730329|INFO    |VirtualServerBase|1  |file deleted from (id:0), 'files\virtualserver_1\internal\icons/icon_3503091528' by client 'Radcrazykid2 | 1-L-40'(id:4)
2018-09-20 19:51:00.856358|INFO    |VirtualServerBase|1  |file deleted from (id:0), 'files\virtualserver_1\internal\icons/icon_2122164064' by client 'Radcrazykid2 | 1-L-40'(id:4)
2018-09-20 19:51:01.083408|INFO    |VirtualServerBase|1  |file deleted from (id:0), 'files\virtualserver_1\internal\icons/icon_214798205' by client 'Radcrazykid2 | 1-L-40'(id:4)
2018-09-20 19:51:01.212437|INFO    |VirtualServerBase|1  |file deleted from (id:0), 'files\virtualserver_1\internal\icons/icon_2199110935' by client 'Radcrazykid2 | 1-L-40'(id:4)
2018-09-20 19:51:01.317460|INFO    |VirtualServerBase|1  |file deleted from (id:0), 'files\virtualserver_1\internal\icons/icon_598472552' by client 'Radcrazykid2 | 1-L-40'(id:4)
2018-09-20 19:51:01.429486|INFO    |VirtualServerBase|1  |file deleted from (id:0), 'files\virtualserver_1\internal\icons/icon_494874673' by client 'Radcrazykid2 | 1-L-40'(id:4)
2018-09-20 19:51:01.566516|INFO    |VirtualServerBase|1  |file deleted from (id:0), 'files\virtualserver_1\internal\icons/icon_285694258' by client 'Radcrazykid2 | 1-L-40'(id:4)
2018-09-20 19:51:01.691543|INFO    |VirtualServerBase|1  |file deleted from (id:0), 'files\virtualserver_1\internal\icons/icon_888699871' by client 'Radcrazykid2 | 1-L-40'(id:4)
2018-09-20 19:51:01.820572|INFO    |VirtualServerBase|1  |file deleted from (id:0), 'files\virtualserver_1\internal\icons/icon_2879214217' by client 'Radcrazykid2 | 1-L-40'(id:4)
2018-09-20 19:51:01.943600|INFO    |VirtualServerBase|1  |file deleted from (id:0), 'files\virtualserver_1\internal\icons/icon_569536555' by client 'Radcrazykid2 | 1-L-40'(id:4)
2018-09-20 19:51:02.088632|INFO    |VirtualServerBase|1  |file deleted from (id:0), 'files\virtualserver_1\internal\icons/icon_2458059554' by client 'Radcrazykid2 | 1-L-40'(id:4)
2018-09-20 19:51:02.232663|INFO    |VirtualServerBase|1  |file deleted from (id:0), 'files\virtualserver_1\internal\icons/icon_4058471802' by client 'Radcrazykid2 | 1-L-40'(id:4)
2018-09-20 19:51:02.342688|INFO    |VirtualServerBase|1  |file deleted from (id:0), 'files\virtualserver_1\internal\icons/icon_746379343' by client 'Radcrazykid2 | 1-L-40'(id:4)
2018-09-20 19:51:02.469717|INFO    |VirtualServerBase|1  |file deleted from (id:0), 'files\virtualserver_1\internal\icons/icon_1056602679' by client 'Radcrazykid2 | 1-L-40'(id:4)
2018-09-20 19:51:03.221884|INFO    |VirtualServerBase|1  |file deleted from (id:0), 'files\virtualserver_1\internal\icons/icon_2117425286' by client 'Radcrazykid2 | 1-L-40'(id:4)
2018-09-20 19:51:03.357914|INFO    |VirtualServerBase|1  |file deleted from (id:0), 'files\virtualserver_1\internal\icons/icon_2462758921' by client 'Radcrazykid2 | 1-L-40'(id:4)
2018-09-20 19:51:10.029461|INFO    |VirtualServerBase|1  |file upload to (id:0), '/icon_888699871' by client 'Radcrazykid2 | 1-L-40'(id:4)
2018-09-20 19:51:10.033462|INFO    |VirtualServerBase|1  |file upload to (id:0), '/icon_763733025' by client 'Radcrazykid2 | 1-L-40'(id:4)
2018-09-20 19:51:10.037463|INFO    |VirtualServerBase|1  |file upload to (id:0), '/icon_334483102' by client 'Radcrazykid2 | 1-L-40'(id:4)
2018-09-20 19:51:10.041463|INFO    |VirtualServerBase|1  |file upload to (id:0), '/icon_3963302091' by client 'Radcrazykid2 | 1-L-40'(id:4)
2018-09-20 19:51:10.049466|INFO    |VirtualServerBase|1  |file upload to (id:0), '/icon_420107065' by client 'Radcrazykid2 | 1-L-40'(id:4)
2018-09-20 19:51:10.067470|INFO    |VirtualServerBase|1  |file upload to (id:0), '/icon_2013348012' by client 'Radcrazykid2 | 1-L-40'(id:4)
2018-09-20 19:51:10.076472|INFO    |VirtualServerBase|1  |file upload to (id:0), '/icon_1116735422' by client 'Radcrazykid2 | 1-L-40'(id:4)
2018-09-20 19:51:10.086756|INFO    |VirtualServerBase|1  |file upload to (id:0), '/icon_2888068105' by client 'Radcrazykid2 | 1-L-40'(id:4)
2018-09-20 19:51:10.101759|INFO    |VirtualServerBase|1  |file upload to (id:0), '/icon_2879214217' by client 'Radcrazykid2 | 1-L-40'(id:4)
2018-09-20 19:51:10.102759|INFO    |VirtualServerBase|1  |file upload to (id:0), '/icon_2910318210' by client 'Radcrazykid2 | 1-L-40'(id:4)
2018-09-20 19:51:10.111760|INFO    |VirtualServerBase|1  |file upload to (id:0), '/icon_312964519' by client 'Radcrazykid2 | 1-L-40'(id:4)
2018-09-20 19:51:10.132774|INFO    |VirtualServerBase|1  |file upload to (id:0), '/icon_2687556238' by client 'Radcrazykid2 | 1-L-40'(id:4)
2018-09-20 19:51:10.138767|INFO    |VirtualServerBase|1  |file upload to (id:0), '/icon_2764044660' by client 'Radcrazykid2 | 1-L-40'(id:4)
2018-09-20 19:51:10.145769|INFO    |VirtualServerBase|1  |file upload to (id:0), '/icon_3894392562' by client 'Radcrazykid2 | 1-L-40'(id:4)
2018-09-20 19:51:10.152771|INFO    |VirtualServerBase|1  |file upload to (id:0), '/icon_3739044781' by client 'Radcrazykid2 | 1-L-40'(id:4)
2018-09-20 19:51:10.158771|INFO    |VirtualServerBase|1  |file upload to (id:0), '/icon_1078673879' by client 'Radcrazykid2 | 1-L-40'(id:4)
2018-09-20 19:51:10.165774|INFO    |VirtualServerBase|1  |file upload to (id:0), '/icon_3104672644' by client 'Radcrazykid2 | 1-L-40'(id:4)
2018-09-20 19:51:10.178777|INFO    |VirtualServerBase|1  |file upload to (id:0), '/icon_2199110935' by client 'Radcrazykid2 | 1-L-40'(id:4)
2018-09-20 19:51:10.188723|INFO    |VirtualServerBase|1  |file upload to (id:0), '/icon_199054942' by client 'Radcrazykid2 | 1-L-40'(id:4)
2018-09-20 19:51:10.193724|INFO    |VirtualServerBase|1  |file upload to (id:0), '/icon_2198526597' by client 'Radcrazykid2 | 1-L-40'(id:4)
2018-09-20 19:51:10.204727|INFO    |VirtualServerBase|1  |file upload to (id:0), '/icon_250997313' by client 'Radcrazykid2 | 1-L-40'(id:4)
2018-09-20 19:51:10.213729|INFO    |VirtualServerBase|1  |file upload to (id:0), '/icon_4130422297' by client 'Radcrazykid2 | 1-L-40'(id:4)
2018-09-20 19:51:10.223732|INFO    |VirtualServerBase|1  |file upload to (id:0), '/icon_32924284' by client 'Radcrazykid2 | 1-L-40'(id:4)
2018-09-20 19:51:10.230734|INFO    |VirtualServerBase|1  |file upload to (id:0), '/icon_87243971' by client 'Radcrazykid2 | 1-L-40'(id:4)
2018-09-20 19:51:10.242747|INFO    |VirtualServerBase|1  |file upload to (id:0), '/icon_125039526' by client 'Radcrazykid2 | 1-L-40'(id:4)
2018-09-20 19:51:10.257740|INFO    |VirtualServerBase|1  |file upload to (id:0), '/icon_172477792' by client 'Radcrazykid2 | 1-L-40'(id:4)
2018-09-20 19:51:10.259740|INFO    |VirtualServerBase|1  |file upload to (id:0), '/icon_224044864' by client 'Radcrazykid2 | 1-L-40'(id:4)
2018-09-20 19:51:10.268749|INFO    |VirtualServerBase|1  |file upload to (id:0), '/icon_243315320' by client 'Radcrazykid2 | 1-L-40'(id:4)
2018-09-20 19:51:10.275743|INFO    |VirtualServerBase|1  |file upload to (id:0), '/icon_250997313' by client 'Radcrazykid2 | 1-L-40'(id:4)
2018-09-20 19:51:10.286745|INFO    |VirtualServerBase|1  |file upload to (id:0), '/icon_333931649' by client 'Radcrazykid2 | 1-L-40'(id:4)
2018-09-20 19:51:10.293746|INFO    |VirtualServerBase|1  |file upload to (id:0), '/icon_423150974' by client 'Radcrazykid2 | 1-L-40'(id:4)
2018-09-20 19:51:10.300748|INFO    |VirtualServerBase|1  |file upload to (id:0), '/icon_462396485' by client 'Radcrazykid2 | 1-L-40'(id:4)
2018-09-20 19:51:10.307749|INFO    |VirtualServerBase|1  |file upload to (id:0), '/icon_1214444705' by client 'Radcrazykid2 | 1-L-40'(id:4)
2018-09-20 19:51:10.318754|INFO    |VirtualServerBase|1  |file upload to (id:0), '/icon_2101018538' by client 'Radcrazykid2 | 1-L-40'(id:4)
2018-09-20 19:51:10.327756|INFO    |VirtualServerBase|1  |file upload to (id:0), '/icon_1913523921' by client 'Radcrazykid2 | 1-L-40'(id:4)
2018-09-20 19:51:10.341758|INFO    |VirtualServerBase|1  |file upload to (id:0), '/icon_2176627512' by client 'Radcrazykid2 | 1-L-40'(id:4)
2018-09-20 19:51:10.355761|INFO    |VirtualServerBase|1  |file upload to (id:0), '/icon_746379343' by client 'Radcrazykid2 | 1-L-40'(id:4)
2018-09-20 19:51:10.382773|INFO    |VirtualServerBase|1  |file upload to (id:0), '/icon_677066105' by client 'Radcrazykid2 | 1-L-40'(id:4)
2018-09-20 19:51:10.385774|INFO    |VirtualServerBase|1  |file upload to (id:0), '/icon_2882935176' by client 'Radcrazykid2 | 1-L-40'(id:4)
2018-09-20 19:51:10.391775|INFO    |VirtualServerBase|1  |file upload to (id:0), '/icon_1048504915' by client 'Radcrazykid2 | 1-L-40'(id:4)
2018-09-20 19:51:10.407779|INFO    |VirtualServerBase|1  |file upload to (id:0), '/icon_46078611' by client 'Radcrazykid2 | 1-L-40'(id:4)
2018-09-20 19:51:10.410778|INFO    |VirtualServerBase|1  |file upload to (id:0), '/icon_3062257508' by client 'Radcrazykid2 | 1-L-40'(id:4)
2018-09-20 19:51:10.418782|INFO    |VirtualServerBase|1  |file upload to (id:0), '/icon_3242600914' by client 'Radcrazykid2 | 1-L-40'(id:4)
2018-09-20 19:51:10.424783|INFO    |VirtualServerBase|1  |file upload to (id:0), '/icon_4145596773' by client 'Radcrazykid2 | 1-L-40'(id:4)
2018-09-20 19:51:10.430785|INFO    |VirtualServerBase|1  |file upload to (id:0), '/icon_3082737923' by client 'Radcrazykid2 | 1-L-40'(id:4)
2018-09-20 19:51:10.444786|INFO    |VirtualServerBase|1  |file upload to (id:0), '/icon_214798205' by client 'Radcrazykid2 | 1-L-40'(id:4)
2018-09-20 19:51:10.458789|INFO    |VirtualServerBase|1  |file upload to (id:0), '/icon_3159252279' by client 'Radcrazykid2 | 1-L-40'(id:4)
2018-09-20 19:51:14.967905|INFO    |VirtualServer |1  |permission 'i_icon_id'(id:144) with values (value:1913523921, negated:0, skipchannel:0) was added by 'Radcrazykid2 | 1-L-40'(id:4) to servergroup 'Owner'(id:6)
2018-09-20 19:51:22.864738|INFO    |VirtualServer |1  |permission 'i_icon_id'(id:144) with values (value:-331665205, negated:0, skipchannel:0) was added by 'Radcrazykid2 | 1-L-40'(id:4) to servergroup 'Assistant Director'(id:14)
2018-09-20 19:51:26.361620|INFO    |VirtualServer |1  |permission 'i_icon_id'(id:144) with values (value:2013348012, negated:0, skipchannel:0) was added by 'Radcrazykid2 | 1-L-40'(id:4) to servergroup 'Community Director'(id:13)
2018-09-20 19:51:34.455180|INFO    |VirtualServer |1  |permission 'i_icon_id'(id:144) with values (value:-1052366382, negated:0, skipchannel:0) was added by 'Radcrazykid2 | 1-L-40'(id:4) to servergroup 'Server Admin'(id:12)
2018-09-20 19:51:45.701733|INFO    |VirtualServer |1  |permission 'i_icon_id'(id:144) with values (value:1116735422, negated:0, skipchannel:0) was added by 'Radcrazykid2 | 1-L-40'(id:4) to servergroup 'Community Leader'(id:18)
2018-09-20 19:52:03.042847|INFO    |VirtualServer |1  |permission 'i_icon_id'(id:144) with values (value:-1415753079, negated:0, skipchannel:0) was added by 'Radcrazykid2 | 1-L-40'(id:4) to servergroup 'Casual Unrestricted'(id:23)
2018-09-20 19:59:22.470473|INFO    |VirtualServerBase|1  |client disconnected 'Radcrazykid2 | 1-L-40'(id:4) reason 'reasonmsg=leaving'
2018-09-20 19:59:29.591907|INFO    |VirtualServerBase|1  |stopped
