2019-01-11 00:10:50.532308|INFO    |VirtualServer |1  |listening on 0.0.0.0:9987, [::]:9987
2019-01-11 00:36:01.635574|INFO    |VirtualServerBase|1  |client connected 'TeamSpeakUser'(id:4) using a myTeamSpeak ID from 192.168.0.1:57089
2019-01-11 00:36:01.956588|INFO    |VirtualServerBase|1  |file download from (id:0), '/icon_1913523921' by client 'TeamSpeakUser'(id:4)
2019-01-11 00:36:01.956588|INFO    |VirtualServerBase|1  |file download from (id:0), '/icon_4130422297' by client 'TeamSpeakUser'(id:4)
2019-01-11 00:36:01.957561|INFO    |VirtualServerBase|1  |file download from (id:0), '/icon_2199110935' by client 'TeamSpeakUser'(id:4)
2019-01-11 00:36:01.957561|INFO    |VirtualServerBase|1  |file download from (id:0), '/icon_1214444705' by client 'TeamSpeakUser'(id:4)
2019-01-11 00:36:01.958551|INFO    |VirtualServerBase|1  |file download from (id:0), '/icon_4145596773' by client 'TeamSpeakUser'(id:4)
2019-01-11 00:36:12.168925|INFO    |VirtualServerBase|1  |file download from (id:0), '/icon_1815735829' by client 'TeamSpeakUser'(id:4)
2019-01-11 00:36:12.168925|INFO    |VirtualServerBase|1  |file download from (id:0), '/icon_1483396842' by client 'TeamSpeakUser'(id:4)
2019-01-11 00:36:12.171977|INFO    |VirtualServerBase|1  |file download from (id:0), '/icon_1529263021' by client 'TeamSpeakUser'(id:4)
2019-01-11 00:36:16.494658|INFO    |VirtualServerBase|1  |client disconnected 'TeamSpeakUser'(id:4) reason 'reasonmsg=leaving'
2019-01-11 00:36:16.589654|INFO    |VirtualServerBase|1  |client connected 'Radcrazykid2 | 1-L-40'(id:4) using a myTeamSpeak ID from 192.168.0.1:57089
2019-01-11 00:36:16.648645|INFO    |VirtualServerBase|1  |file download from (id:0), '/icon_1913523921' by client 'Radcrazykid2 | 1-L-40'(id:4)
2019-01-11 00:36:16.649645|INFO    |VirtualServerBase|1  |file download from (id:0), '/icon_4130422297' by client 'Radcrazykid2 | 1-L-40'(id:4)
2019-01-11 00:36:29.320868|INFO    |VirtualServerBase|1  |file download from (id:0), '/icon_3963302091' by client 'Radcrazykid2 | 1-L-40'(id:4)
2019-01-11 00:36:29.320868|INFO    |VirtualServerBase|1  |file download from (id:0), '/icon_2013348012' by client 'Radcrazykid2 | 1-L-40'(id:4)
2019-01-11 00:36:29.320868|INFO    |VirtualServerBase|1  |file download from (id:0), '/icon_334483102' by client 'Radcrazykid2 | 1-L-40'(id:4)
2019-01-11 00:36:29.332873|INFO    |VirtualServerBase|1  |file download from (id:0), '/icon_763733025' by client 'Radcrazykid2 | 1-L-40'(id:4)
2019-01-11 00:36:38.682289|INFO    |VirtualServerBase|1  |file download from (id:0), '/icon_562027764' by client 'Radcrazykid2 | 1-L-40'(id:4)
2019-01-11 00:36:39.821264|INFO    |VirtualServerBase|1  |file download from (id:0), '/icon_199054942' by client 'Radcrazykid2 | 1-L-40'(id:4)
2019-01-11 00:36:45.625867|INFO    |VirtualServerBase|1  |client disconnected 'Radcrazykid2 | 1-L-40'(id:4) reason 'reasonmsg=leaving'
2019-01-11 00:38:50.440177|INFO    |VirtualServerBase|1  |client connected 'Radcrazykid2 | 1-L-40'(id:4) using a myTeamSpeak ID from 192.168.0.1:61691
2019-01-11 00:38:50.507212|INFO    |VirtualServerBase|1  |file download from (id:0), '/icon_1913523921' by client 'Radcrazykid2 | 1-L-40'(id:4)
2019-01-11 00:38:50.507212|INFO    |VirtualServerBase|1  |file download from (id:0), '/icon_2199110935' by client 'Radcrazykid2 | 1-L-40'(id:4)
2019-01-11 00:38:50.507212|INFO    |VirtualServerBase|1  |file download from (id:0), '/icon_1214444705' by client 'Radcrazykid2 | 1-L-40'(id:4)
2019-01-11 00:38:50.507212|INFO    |VirtualServerBase|1  |file download from (id:0), '/icon_4145596773' by client 'Radcrazykid2 | 1-L-40'(id:4)
2019-01-11 00:38:50.565220|INFO    |VirtualServerBase|1  |file download from (id:0), '/icon_2642770149' by client 'Radcrazykid2 | 1-L-40'(id:4)
2019-01-11 00:39:00.541549|INFO    |VirtualServerBase|1  |file download from (id:0), '/icon_4130422297' by client 'Radcrazykid2 | 1-L-40'(id:4)
2019-01-11 00:39:00.541549|INFO    |VirtualServerBase|1  |file download from (id:0), '/icon_1815735829' by client 'Radcrazykid2 | 1-L-40'(id:4)
2019-01-11 00:39:00.541549|INFO    |VirtualServerBase|1  |file download from (id:0), '/icon_1483396842' by client 'Radcrazykid2 | 1-L-40'(id:4)
2019-01-11 00:39:00.542549|INFO    |VirtualServerBase|1  |file download from (id:0), '/icon_1529263021' by client 'Radcrazykid2 | 1-L-40'(id:4)
2019-01-11 00:39:05.868222|INFO    |VirtualServerBase|1  |file download from (id:0), '/icon_1048504915' by client 'Radcrazykid2 | 1-L-40'(id:4)
2019-01-11 00:39:28.935801|INFO    |VirtualServerBase|1  |file upload to (id:0), '/icon_2403989947' by client 'Radcrazykid2 | 1-L-40'(id:4)
2019-01-11 00:39:28.935801|INFO    |VirtualServerBase|1  |file upload to (id:0), '/icon_1907418070' by client 'Radcrazykid2 | 1-L-40'(id:4)
2019-01-11 00:39:28.935801|INFO    |VirtualServerBase|1  |file upload to (id:0), '/icon_925789444' by client 'Radcrazykid2 | 1-L-40'(id:4)
2019-01-11 00:39:28.936801|INFO    |VirtualServerBase|1  |file upload to (id:0), '/icon_4104371695' by client 'Radcrazykid2 | 1-L-40'(id:4)
2019-01-11 00:39:28.936801|INFO    |VirtualServerBase|1  |file upload to (id:0), '/icon_172477792' by client 'Radcrazykid2 | 1-L-40'(id:4)
2019-01-11 00:40:06.140509|INFO    |VirtualServerBase|1  |file download from (id:0), '/icon_4104371695' by client 'Radcrazykid2 | 1-L-40'(id:4)
2019-01-11 00:40:06.140509|INFO    |VirtualServerBase|1  |file download from (id:0), '/icon_334483102' by client 'Radcrazykid2 | 1-L-40'(id:4)
2019-01-11 00:40:06.140509|INFO    |VirtualServerBase|1  |file download from (id:0), '/icon_763733025' by client 'Radcrazykid2 | 1-L-40'(id:4)
2019-01-11 00:40:06.141508|INFO    |VirtualServerBase|1  |file download from (id:0), '/icon_888699871' by client 'Radcrazykid2 | 1-L-40'(id:4)
2019-01-11 00:40:06.141508|INFO    |VirtualServerBase|1  |file download from (id:0), '/icon_2013348012' by client 'Radcrazykid2 | 1-L-40'(id:4)
2019-01-11 00:40:18.330763|INFO    |VirtualServerBase|1  |file upload to (id:0), '/icon_334483102' by client 'Radcrazykid2 | 1-L-40'(id:4)
2019-01-11 00:43:28.307115|INFO    |VirtualServerBase|1  |file download from (id:0), '/icon_1056602679' by client 'Radcrazykid2 | 1-L-40'(id:4)
2019-01-11 00:43:28.308060|INFO    |VirtualServerBase|1  |file download from (id:0), '/icon_1068031717' by client 'Radcrazykid2 | 1-L-40'(id:4)
2019-01-11 00:43:28.308060|INFO    |VirtualServerBase|1  |file download from (id:0), '/icon_1078673879' by client 'Radcrazykid2 | 1-L-40'(id:4)
2019-01-11 00:43:28.308060|INFO    |VirtualServerBase|1  |file download from (id:0), '/icon_110743397' by client 'Radcrazykid2 | 1-L-40'(id:4)
2019-01-11 00:43:28.308060|INFO    |VirtualServerBase|1  |file download from (id:0), '/icon_1116735422' by client 'Radcrazykid2 | 1-L-40'(id:4)
2019-01-11 00:43:35.092638|INFO    |VirtualServerBase|1  |file deleted from (id:0), 'files\virtualserver_1\internal\icons/icon_1078673879' by client 'Radcrazykid2 | 1-L-40'(id:4)
2019-01-11 00:43:36.711539|INFO    |VirtualServerBase|1  |file deleted from (id:0), 'files\virtualserver_1\internal\icons/icon_1068031717' by client 'Radcrazykid2 | 1-L-40'(id:4)
2019-01-11 00:43:36.970527|INFO    |VirtualServerBase|1  |file deleted from (id:0), 'files\virtualserver_1\internal\icons/icon_110743397' by client 'Radcrazykid2 | 1-L-40'(id:4)
2019-01-11 00:43:37.128540|INFO    |VirtualServerBase|1  |file deleted from (id:0), 'files\virtualserver_1\internal\icons/icon_1056602679' by client 'Radcrazykid2 | 1-L-40'(id:4)
2019-01-11 00:43:37.274507|INFO    |VirtualServerBase|1  |file deleted from (id:0), 'files\virtualserver_1\internal\icons/icon_1116735422' by client 'Radcrazykid2 | 1-L-40'(id:4)
2019-01-11 00:43:37.427499|INFO    |VirtualServerBase|1  |file deleted from (id:0), 'files\virtualserver_1\internal\icons/icon_562027764' by client 'Radcrazykid2 | 1-L-40'(id:4)
2019-01-11 00:43:37.569486|INFO    |VirtualServerBase|1  |file deleted from (id:0), 'files\virtualserver_1\internal\icons/icon_199054942' by client 'Radcrazykid2 | 1-L-40'(id:4)
2019-01-11 00:43:37.718476|INFO    |VirtualServerBase|1  |file deleted from (id:0), 'files\virtualserver_1\internal\icons/icon_1048504915' by client 'Radcrazykid2 | 1-L-40'(id:4)
2019-01-11 00:43:42.890158|INFO    |VirtualServerBase|1  |file upload to (id:0), '/icon_888699871' by client 'Radcrazykid2 | 1-L-40'(id:4)
2019-01-11 00:43:42.890158|INFO    |VirtualServerBase|1  |file upload to (id:0), '/icon_763733025' by client 'Radcrazykid2 | 1-L-40'(id:4)
2019-01-11 00:43:42.895157|INFO    |VirtualServerBase|1  |file upload to (id:0), '/icon_334483102' by client 'Radcrazykid2 | 1-L-40'(id:4)
2019-01-11 00:43:42.896157|INFO    |VirtualServerBase|1  |file upload to (id:0), '/icon_3963302091' by client 'Radcrazykid2 | 1-L-40'(id:4)
2019-01-11 00:43:42.901161|INFO    |VirtualServerBase|1  |file upload to (id:0), '/icon_3273012849' by client 'Radcrazykid2 | 1-L-40'(id:4)
2019-01-11 00:43:42.955154|INFO    |VirtualServerBase|1  |file upload to (id:0), '/icon_2477954463' by client 'Radcrazykid2 | 1-L-40'(id:4)
2019-01-11 00:43:42.960154|INFO    |VirtualServerBase|1  |file upload to (id:0), '/icon_420107065' by client 'Radcrazykid2 | 1-L-40'(id:4)
2019-01-11 00:43:42.963154|INFO    |VirtualServerBase|1  |file upload to (id:0), '/icon_2013348012' by client 'Radcrazykid2 | 1-L-40'(id:4)
2019-01-11 00:43:42.979152|INFO    |VirtualServerBase|1  |file upload to (id:0), '/icon_1116735422' by client 'Radcrazykid2 | 1-L-40'(id:4)
2019-01-11 00:43:42.979152|INFO    |VirtualServerBase|1  |file upload to (id:0), '/icon_2888068105' by client 'Radcrazykid2 | 1-L-40'(id:4)
2019-01-11 00:43:43.019150|INFO    |VirtualServerBase|1  |file upload to (id:0), '/icon_2879214217' by client 'Radcrazykid2 | 1-L-40'(id:4)
2019-01-11 00:43:43.032149|INFO    |VirtualServerBase|1  |file upload to (id:0), '/icon_2910318210' by client 'Radcrazykid2 | 1-L-40'(id:4)
2019-01-11 00:43:43.039206|INFO    |VirtualServerBase|1  |file upload to (id:0), '/icon_3884864980' by client 'Radcrazykid2 | 1-L-40'(id:4)
2019-01-11 00:43:43.041148|INFO    |VirtualServerBase|1  |file upload to (id:0), '/icon_2462758921' by client 'Radcrazykid2 | 1-L-40'(id:4)
2019-01-11 00:43:43.050207|INFO    |VirtualServerBase|1  |file upload to (id:0), '/icon_2309360079' by client 'Radcrazykid2 | 1-L-40'(id:4)
2019-01-11 00:43:43.093145|INFO    |VirtualServerBase|1  |file upload to (id:0), '/icon_1835666549' by client 'Radcrazykid2 | 1-L-40'(id:4)
2019-01-11 00:43:43.109145|INFO    |VirtualServerBase|1  |file upload to (id:0), '/icon_3894392562' by client 'Radcrazykid2 | 1-L-40'(id:4)
2019-01-11 00:43:43.113144|INFO    |VirtualServerBase|1  |file upload to (id:0), '/icon_1078673879' by client 'Radcrazykid2 | 1-L-40'(id:4)
2019-01-11 00:43:43.122156|INFO    |VirtualServerBase|1  |file upload to (id:0), '/icon_3749574794' by client 'Radcrazykid2 | 1-L-40'(id:4)
2019-01-11 00:43:43.135147|INFO    |VirtualServerBase|1  |file upload to (id:0), '/icon_2117425286' by client 'Radcrazykid2 | 1-L-40'(id:4)
2019-01-11 00:43:43.176145|INFO    |VirtualServerBase|1  |file upload to (id:0), '/icon_199054942' by client 'Radcrazykid2 | 1-L-40'(id:4)
2019-01-11 00:43:43.182145|INFO    |VirtualServerBase|1  |file upload to (id:0), '/icon_2198526597' by client 'Radcrazykid2 | 1-L-40'(id:4)
2019-01-11 00:43:43.203139|INFO    |VirtualServerBase|1  |file upload to (id:0), '/icon_52966479' by client 'Radcrazykid2 | 1-L-40'(id:4)
2019-01-11 00:43:43.216138|INFO    |VirtualServerBase|1  |file upload to (id:0), '/icon_224044864' by client 'Radcrazykid2 | 1-L-40'(id:4)
2019-01-11 00:43:43.231137|INFO    |VirtualServerBase|1  |file upload to (id:0), '/icon_243315320' by client 'Radcrazykid2 | 1-L-40'(id:4)
2019-01-11 00:43:43.255137|INFO    |VirtualServerBase|1  |file upload to (id:0), '/icon_333931649' by client 'Radcrazykid2 | 1-L-40'(id:4)
2019-01-11 00:43:43.266134|INFO    |VirtualServerBase|1  |file upload to (id:0), '/icon_380861546' by client 'Radcrazykid2 | 1-L-40'(id:4)
2019-01-11 00:43:43.279159|INFO    |VirtualServerBase|1  |file upload to (id:0), '/icon_400885847' by client 'Radcrazykid2 | 1-L-40'(id:4)
2019-01-11 00:43:43.296133|INFO    |VirtualServerBase|1  |file upload to (id:0), '/icon_923909373' by client 'Radcrazykid2 | 1-L-40'(id:4)
2019-01-11 00:43:43.307138|INFO    |VirtualServerBase|1  |file upload to (id:0), '/icon_1726201570' by client 'Radcrazykid2 | 1-L-40'(id:4)
2019-01-11 00:43:43.337137|INFO    |VirtualServerBase|1  |file upload to (id:0), '/icon_2101018538' by client 'Radcrazykid2 | 1-L-40'(id:4)
2019-01-11 00:43:43.338131|INFO    |VirtualServerBase|1  |file upload to (id:0), '/icon_1913523921' by client 'Radcrazykid2 | 1-L-40'(id:4)
2019-01-11 00:43:43.357129|INFO    |VirtualServerBase|1  |file upload to (id:0), '/icon_3423972888' by client 'Radcrazykid2 | 1-L-40'(id:4)
2019-01-11 00:43:43.370136|INFO    |VirtualServerBase|1  |file upload to (id:0), '/icon_3498826846' by client 'Radcrazykid2 | 1-L-40'(id:4)
2019-01-11 00:43:43.374128|INFO    |VirtualServerBase|1  |file upload to (id:0), '/icon_2643353939' by client 'Radcrazykid2 | 1-L-40'(id:4)
2019-01-11 00:43:43.402126|INFO    |VirtualServerBase|1  |file upload to (id:0), '/icon_2176627512' by client 'Radcrazykid2 | 1-L-40'(id:4)
2019-01-11 00:43:43.406127|INFO    |VirtualServerBase|1  |file upload to (id:0), '/icon_746379343' by client 'Radcrazykid2 | 1-L-40'(id:4)
2019-01-11 00:43:43.411125|INFO    |VirtualServerBase|1  |file upload to (id:0), '/icon_677066105' by client 'Radcrazykid2 | 1-L-40'(id:4)
2019-01-11 00:43:43.440123|INFO    |VirtualServerBase|1  |file upload to (id:0), '/icon_2882935176' by client 'Radcrazykid2 | 1-L-40'(id:4)
2019-01-11 00:43:43.446183|INFO    |VirtualServerBase|1  |file upload to (id:0), '/icon_1048504915' by client 'Radcrazykid2 | 1-L-40'(id:4)
2019-01-11 00:43:43.489179|INFO    |VirtualServerBase|1  |file upload to (id:0), '/icon_317529237' by client 'Radcrazykid2 | 1-L-40'(id:4)
2019-01-11 00:43:43.492121|INFO    |VirtualServerBase|1  |file upload to (id:0), '/icon_380861546' by client 'Radcrazykid2 | 1-L-40'(id:4)
2019-01-11 00:43:43.534118|INFO    |VirtualServerBase|1  |file upload to (id:0), '/icon_46078611' by client 'Radcrazykid2 | 1-L-40'(id:4)
2019-01-11 00:43:43.535119|INFO    |VirtualServerBase|1  |file upload to (id:0), '/icon_3062257508' by client 'Radcrazykid2 | 1-L-40'(id:4)
2019-01-11 00:43:43.548175|INFO    |VirtualServerBase|1  |file upload to (id:0), '/icon_3240748537' by client 'Radcrazykid2 | 1-L-40'(id:4)
2019-01-11 00:43:43.564173|INFO    |VirtualServerBase|1  |file upload to (id:0), '/icon_1410250558' by client 'Radcrazykid2 | 1-L-40'(id:4)
2019-01-11 00:43:43.571116|INFO    |VirtualServerBase|1  |file upload to (id:0), '/icon_3751266214' by client 'Radcrazykid2 | 1-L-40'(id:4)
2019-01-11 00:43:43.603114|INFO    |VirtualServerBase|1  |file upload to (id:0), '/icon_3242600914' by client 'Radcrazykid2 | 1-L-40'(id:4)
2019-01-11 00:43:43.615171|INFO    |VirtualServerBase|1  |file upload to (id:0), '/icon_3082737923' by client 'Radcrazykid2 | 1-L-40'(id:4)
2019-01-11 00:43:43.619117|INFO    |VirtualServerBase|1  |file upload to (id:0), '/icon_4276461003' by client 'Radcrazykid2 | 1-L-40'(id:4)
2019-01-11 00:43:43.656116|INFO    |VirtualServerBase|1  |file upload to (id:0), '/icon_312964519' by client 'Radcrazykid2 | 1-L-40'(id:4)
2019-01-11 00:43:43.660168|INFO    |VirtualServerBase|1  |file upload to (id:0), '/icon_3159252279' by client 'Radcrazykid2 | 1-L-40'(id:4)
2019-01-11 00:43:50.096713|INFO    |VirtualServerBase|1  |file upload to (id:0), '/icon_4130422297' by client 'Radcrazykid2 | 1-L-40'(id:4)
2019-01-11 00:43:50.119712|INFO    |VirtualServerBase|1  |file upload to (id:0), '/icon_214798205' by client 'Radcrazykid2 | 1-L-40'(id:4)
2019-01-11 00:43:56.779302|INFO    |VirtualServerBase|1  |file upload to (id:0), '/icon_4227710507' by client 'Radcrazykid2 | 1-L-40'(id:4)
2019-01-11 00:43:56.780306|INFO    |VirtualServerBase|1  |file upload to (id:0), '/icon_490846800' by client 'Radcrazykid2 | 1-L-40'(id:4)
2019-01-11 00:43:56.780306|INFO    |VirtualServerBase|1  |file upload to (id:0), '/icon_3714751149' by client 'Radcrazykid2 | 1-L-40'(id:4)
2019-01-11 00:43:56.783301|INFO    |VirtualServerBase|1  |file upload to (id:0), '/icon_125039526' by client 'Radcrazykid2 | 1-L-40'(id:4)
2019-01-11 00:43:56.783301|INFO    |VirtualServerBase|1  |file upload to (id:0), '/icon_278659660' by client 'Radcrazykid2 | 1-L-40'(id:4)
2019-01-11 00:43:56.814300|INFO    |VirtualServerBase|1  |file upload to (id:0), '/icon_4187291754' by client 'Radcrazykid2 | 1-L-40'(id:4)
2019-01-11 00:43:56.833307|INFO    |VirtualServerBase|1  |file upload to (id:0), '/icon_475659083' by client 'Radcrazykid2 | 1-L-40'(id:4)
2019-01-11 00:43:56.840299|INFO    |VirtualServerBase|1  |file upload to (id:0), '/icon_569536555' by client 'Radcrazykid2 | 1-L-40'(id:4)
2019-01-11 00:43:56.846298|INFO    |VirtualServerBase|1  |file upload to (id:0), '/icon_3262699634' by client 'Radcrazykid2 | 1-L-40'(id:4)
2019-01-11 00:43:56.854297|INFO    |VirtualServerBase|1  |file upload to (id:0), '/icon_805659944' by client 'Radcrazykid2 | 1-L-40'(id:4)
2019-01-11 00:43:56.894295|INFO    |VirtualServerBase|1  |file upload to (id:0), '/icon_3675598897' by client 'Radcrazykid2 | 1-L-40'(id:4)
2019-01-11 00:43:56.912295|INFO    |VirtualServerBase|1  |file upload to (id:0), '/icon_2458059554' by client 'Radcrazykid2 | 1-L-40'(id:4)
2019-01-11 00:44:01.490067|INFO    |VirtualServerBase|1  |file upload to (id:0), '/icon_3739044781' by client 'Radcrazykid2 | 1-L-40'(id:4)
2019-01-11 00:44:01.490067|INFO    |VirtualServerBase|1  |file upload to (id:0), '/icon_462396485' by client 'Radcrazykid2 | 1-L-40'(id:4)
2019-01-11 00:44:01.491011|INFO    |VirtualServerBase|1  |file upload to (id:0), '/icon_2496586606' by client 'Radcrazykid2 | 1-L-40'(id:4)
2019-01-11 00:44:01.493011|INFO    |VirtualServerBase|1  |file upload to (id:0), '/icon_3163112138' by client 'Radcrazykid2 | 1-L-40'(id:4)
2019-01-11 00:44:01.493011|INFO    |VirtualServerBase|1  |file upload to (id:0), '/icon_3897558906' by client 'Radcrazykid2 | 1-L-40'(id:4)
2019-01-11 00:44:01.516044|INFO    |VirtualServerBase|1  |file upload to (id:0), '/icon_3911561361' by client 'Radcrazykid2 | 1-L-40'(id:4)
2019-01-11 00:44:01.565009|INFO    |VirtualServerBase|1  |file upload to (id:0), '/icon_2314398147' by client 'Radcrazykid2 | 1-L-40'(id:4)
2019-01-11 00:44:08.014611|INFO    |VirtualServerBase|1  |file upload to (id:0), '/icon_526362747' by client 'Radcrazykid2 | 1-L-40'(id:4)
2019-01-11 00:44:08.015611|INFO    |VirtualServerBase|1  |file upload to (id:0), '/icon_15092980' by client 'Radcrazykid2 | 1-L-40'(id:4)
2019-01-11 00:44:08.017612|INFO    |VirtualServerBase|1  |file upload to (id:0), '/icon_1455379126' by client 'Radcrazykid2 | 1-L-40'(id:4)
2019-01-11 00:44:08.018612|INFO    |VirtualServerBase|1  |file upload to (id:0), '/icon_4260645092' by client 'Radcrazykid2 | 1-L-40'(id:4)
2019-01-11 00:44:08.019611|INFO    |VirtualServerBase|1  |file upload to (id:0), '/icon_671141899' by client 'Radcrazykid2 | 1-L-40'(id:4)
2019-01-11 00:44:08.196599|INFO    |VirtualServerBase|1  |file upload to (id:0), '/icon_85368941' by client 'Radcrazykid2 | 1-L-40'(id:4)
2019-01-11 00:44:08.216598|INFO    |VirtualServerBase|1  |file upload to (id:0), '/icon_2703887227' by client 'Radcrazykid2 | 1-L-40'(id:4)
2019-01-11 00:44:08.221597|INFO    |VirtualServerBase|1  |file upload to (id:0), '/icon_2366247276' by client 'Radcrazykid2 | 1-L-40'(id:4)
2019-01-11 00:44:08.253596|INFO    |VirtualServerBase|1  |file upload to (id:0), '/icon_2355363910' by client 'Radcrazykid2 | 1-L-40'(id:4)
2019-01-11 00:44:08.254595|INFO    |VirtualServerBase|1  |file upload to (id:0), '/icon_2868761521' by client 'Radcrazykid2 | 1-L-40'(id:4)
2019-01-11 00:44:08.254595|INFO    |VirtualServerBase|1  |file upload to (id:0), '/icon_950873634' by client 'Radcrazykid2 | 1-L-40'(id:4)
2019-01-11 00:44:08.261599|INFO    |VirtualServerBase|1  |file upload to (id:0), '/icon_184842084' by client 'Radcrazykid2 | 1-L-40'(id:4)
2019-01-11 00:44:08.268595|INFO    |VirtualServerBase|1  |file upload to (id:0), '/icon_30997832' by client 'Radcrazykid2 | 1-L-40'(id:4)
2019-01-11 00:44:08.298638|INFO    |VirtualServerBase|1  |file upload to (id:0), '/icon_4056318538' by client 'Radcrazykid2 | 1-L-40'(id:4)
2019-01-11 00:44:08.300598|INFO    |VirtualServerBase|1  |file upload to (id:0), '/icon_206560669' by client 'Radcrazykid2 | 1-L-40'(id:4)
2019-01-11 00:44:08.308592|INFO    |VirtualServerBase|1  |file upload to (id:0), '/icon_447004960' by client 'Radcrazykid2 | 1-L-40'(id:4)
2019-01-11 00:44:08.324591|INFO    |VirtualServerBase|1  |file upload to (id:0), '/icon_478832049' by client 'Radcrazykid2 | 1-L-40'(id:4)
2019-01-11 00:44:08.330591|INFO    |VirtualServerBase|1  |file upload to (id:0), '/icon_526362747' by client 'Radcrazykid2 | 1-L-40'(id:4)
2019-01-11 00:44:08.360617|INFO    |VirtualServerBase|1  |file upload to (id:0), '/icon_671141899' by client 'Radcrazykid2 | 1-L-40'(id:4)
2019-01-11 00:44:08.361590|INFO    |VirtualServerBase|1  |file upload to (id:0), '/icon_674336617' by client 'Radcrazykid2 | 1-L-40'(id:4)
2019-01-11 00:44:08.366588|INFO    |VirtualServerBase|1  |file upload to (id:0), '/icon_689116877' by client 'Radcrazykid2 | 1-L-40'(id:4)
2019-01-11 00:44:08.385591|INFO    |VirtualServerBase|1  |file upload to (id:0), '/icon_3445825329' by client 'Radcrazykid2 | 1-L-40'(id:4)
2019-01-11 00:44:08.389592|INFO    |VirtualServerBase|1  |file upload to (id:0), '/icon_30997832' by client 'Radcrazykid2 | 1-L-40'(id:4)
2019-01-11 00:44:08.418591|INFO    |VirtualServerBase|1  |file upload to (id:0), '/icon_2703887227' by client 'Radcrazykid2 | 1-L-40'(id:4)
2019-01-11 00:44:08.421612|INFO    |VirtualServerBase|1  |file upload to (id:0), '/icon_184842084' by client 'Radcrazykid2 | 1-L-40'(id:4)
2019-01-11 00:44:08.423585|INFO    |VirtualServerBase|1  |file upload to (id:0), '/icon_1455379126' by client 'Radcrazykid2 | 1-L-40'(id:4)
2019-01-11 00:44:08.443584|INFO    |VirtualServerBase|1  |file upload to (id:0), '/icon_671141899' by client 'Radcrazykid2 | 1-L-40'(id:4)
2019-01-11 00:44:08.447584|INFO    |VirtualServerBase|1  |file upload to (id:0), '/icon_1068031717' by client 'Radcrazykid2 | 1-L-40'(id:4)
2019-01-11 00:44:08.476581|INFO    |VirtualServerBase|1  |file upload to (id:0), '/icon_808654778' by client 'Radcrazykid2 | 1-L-40'(id:4)
2019-01-11 00:44:08.477582|INFO    |VirtualServerBase|1  |file upload to (id:0), '/icon_770381366' by client 'Radcrazykid2 | 1-L-40'(id:4)
2019-01-11 00:44:08.482581|INFO    |VirtualServerBase|1  |file upload to (id:0), '/icon_2122164064' by client 'Radcrazykid2 | 1-L-40'(id:4)
2019-01-11 00:44:13.588311|INFO    |VirtualServerBase|1  |file upload to (id:0), '/icon_1056602679' by client 'Radcrazykid2 | 1-L-40'(id:4)
2019-01-11 00:44:13.602310|INFO    |VirtualServerBase|1  |file upload to (id:0), '/icon_2953771724' by client 'Radcrazykid2 | 1-L-40'(id:4)
2019-01-11 00:44:13.604316|INFO    |VirtualServerBase|1  |file upload to (id:0), '/icon_131443035' by client 'Radcrazykid2 | 1-L-40'(id:4)
2019-01-11 00:44:13.640263|INFO    |VirtualServerBase|1  |file upload to (id:0), '/icon_512023111' by client 'Radcrazykid2 | 1-L-40'(id:4)
2019-01-11 00:44:13.641263|INFO    |VirtualServerBase|1  |file upload to (id:0), '/icon_110743397' by client 'Radcrazykid2 | 1-L-40'(id:4)
2019-01-11 00:44:13.651319|INFO    |VirtualServerBase|1  |file upload to (id:0), '/icon_563997269' by client 'Radcrazykid2 | 1-L-40'(id:4)
2019-01-11 00:44:13.651319|INFO    |VirtualServerBase|1  |file upload to (id:0), '/icon_2693574118' by client 'Radcrazykid2 | 1-L-40'(id:4)
2019-01-11 00:44:13.653321|INFO    |VirtualServerBase|1  |file upload to (id:0), '/icon_684478468' by client 'Radcrazykid2 | 1-L-40'(id:4)
2019-01-11 00:44:13.783254|INFO    |VirtualServerBase|1  |file upload to (id:0), '/icon_832835493' by client 'Radcrazykid2 | 1-L-40'(id:4)
2019-01-11 00:44:13.822310|INFO    |VirtualServerBase|1  |file upload to (id:0), '/icon_1354454235' by client 'Radcrazykid2 | 1-L-40'(id:4)
2019-01-11 00:44:13.826265|INFO    |VirtualServerBase|1  |file upload to (id:0), '/icon_2017444908' by client 'Radcrazykid2 | 1-L-40'(id:4)
2019-01-11 00:44:13.841293|INFO    |VirtualServerBase|1  |file upload to (id:0), '/icon_563997269' by client 'Radcrazykid2 | 1-L-40'(id:4)
2019-01-11 00:44:20.045869|INFO    |VirtualServerBase|1  |file upload to (id:0), '/icon_2986627059' by client 'Radcrazykid2 | 1-L-40'(id:4)
2019-01-11 00:44:20.046874|INFO    |VirtualServerBase|1  |file upload to (id:0), '/icon_3104672644' by client 'Radcrazykid2 | 1-L-40'(id:4)
2019-01-11 00:44:20.046874|INFO    |VirtualServerBase|1  |file upload to (id:0), '/icon_2199110935' by client 'Radcrazykid2 | 1-L-40'(id:4)
2019-01-11 00:44:25.071559|INFO    |VirtualServerBase|1  |file upload to (id:0), '/icon_960848581' by client 'Radcrazykid2 | 1-L-40'(id:4)
2019-01-11 00:44:25.071559|INFO    |VirtualServerBase|1  |file upload to (id:0), '/icon_3773842619' by client 'Radcrazykid2 | 1-L-40'(id:4)
2019-01-11 00:44:25.072560|INFO    |VirtualServerBase|1  |file upload to (id:0), '/icon_2332708917' by client 'Radcrazykid2 | 1-L-40'(id:4)
2019-01-11 00:44:25.097590|INFO    |VirtualServerBase|1  |file upload to (id:0), '/icon_32924284' by client 'Radcrazykid2 | 1-L-40'(id:4)
2019-01-11 00:44:25.106613|INFO    |VirtualServerBase|1  |file upload to (id:0), '/icon_568623856' by client 'Radcrazykid2 | 1-L-40'(id:4)
2019-01-11 00:44:25.106613|INFO    |VirtualServerBase|1  |file upload to (id:0), '/icon_3133210745' by client 'Radcrazykid2 | 1-L-40'(id:4)
2019-01-11 00:44:25.116556|INFO    |VirtualServerBase|1  |file upload to (id:0), '/icon_478832049' by client 'Radcrazykid2 | 1-L-40'(id:4)
2019-01-11 00:44:35.447920|INFO    |VirtualServerBase|1  |file upload to (id:0), '/icon_2687556238' by client 'Radcrazykid2 | 1-L-40'(id:4)
2019-01-11 00:44:35.448921|INFO    |VirtualServerBase|1  |file upload to (id:0), '/icon_2764044660' by client 'Radcrazykid2 | 1-L-40'(id:4)
2019-01-11 00:44:35.448921|INFO    |VirtualServerBase|1  |file upload to (id:0), '/icon_250997313' by client 'Radcrazykid2 | 1-L-40'(id:4)
2019-01-11 00:44:35.448921|INFO    |VirtualServerBase|1  |file upload to (id:0), '/icon_87243971' by client 'Radcrazykid2 | 1-L-40'(id:4)
2019-01-11 00:44:35.452920|INFO    |VirtualServerBase|1  |file upload to (id:0), '/icon_320899907' by client 'Radcrazykid2 | 1-L-40'(id:4)
2019-01-11 00:44:35.490937|INFO    |VirtualServerBase|1  |file upload to (id:0), '/icon_423150974' by client 'Radcrazykid2 | 1-L-40'(id:4)
2019-01-11 00:44:35.492976|INFO    |VirtualServerBase|1  |file upload to (id:0), '/icon_1214444705' by client 'Radcrazykid2 | 1-L-40'(id:4)
2019-01-11 00:44:35.496960|INFO    |VirtualServerBase|1  |file upload to (id:0), '/icon_2210940942' by client 'Radcrazykid2 | 1-L-40'(id:4)
2019-01-11 00:44:35.507923|INFO    |VirtualServerBase|1  |file upload to (id:0), '/icon_4231751858' by client 'Radcrazykid2 | 1-L-40'(id:4)
2019-01-11 00:44:35.516931|INFO    |VirtualServerBase|1  |file upload to (id:0), '/icon_3131775999' by client 'Radcrazykid2 | 1-L-40'(id:4)
2019-01-11 00:44:35.573917|INFO    |VirtualServerBase|1  |file upload to (id:0), '/icon_1479908127' by client 'Radcrazykid2 | 1-L-40'(id:4)
2019-01-11 00:44:35.573917|INFO    |VirtualServerBase|1  |file upload to (id:0), '/icon_2295463579' by client 'Radcrazykid2 | 1-L-40'(id:4)
2019-01-11 00:44:35.576913|INFO    |VirtualServerBase|1  |file upload to (id:0), '/icon_4145596773' by client 'Radcrazykid2 | 1-L-40'(id:4)
2019-01-11 00:44:40.078639|INFO    |VirtualServerBase|1  |file upload to (id:0), '/icon_2403989947' by client 'Radcrazykid2 | 1-L-40'(id:4)
2019-01-11 00:44:40.078639|INFO    |VirtualServerBase|1  |file upload to (id:0), '/icon_1907418070' by client 'Radcrazykid2 | 1-L-40'(id:4)
2019-01-11 00:44:40.079637|INFO    |VirtualServerBase|1  |file upload to (id:0), '/icon_925789444' by client 'Radcrazykid2 | 1-L-40'(id:4)
2019-01-11 00:44:40.079637|INFO    |VirtualServerBase|1  |file upload to (id:0), '/icon_4104371695' by client 'Radcrazykid2 | 1-L-40'(id:4)
2019-01-11 00:44:40.082634|INFO    |VirtualServerBase|1  |file upload to (id:0), '/icon_172477792' by client 'Radcrazykid2 | 1-L-40'(id:4)
2019-01-11 00:44:40.118670|INFO    |VirtualServerBase|1  |file upload to (id:0), '/icon_270108242' by client 'Radcrazykid2 | 1-L-40'(id:4)
2019-01-11 00:44:40.119638|INFO    |VirtualServerBase|1  |file upload to (id:0), '/icon_569536555' by client 'Radcrazykid2 | 1-L-40'(id:4)
2019-01-11 00:44:42.825477|INFO    |VirtualServerBase|1  |file download from (id:0), '/icon_1129203948' by client 'Radcrazykid2 | 1-L-40'(id:4)
2019-01-11 00:44:42.827525|INFO    |VirtualServerBase|1  |file download from (id:0), '/icon_1402370731' by client 'Radcrazykid2 | 1-L-40'(id:4)
2019-01-11 00:44:42.828465|INFO    |VirtualServerBase|1  |file download from (id:0), '/icon_1436558446' by client 'Radcrazykid2 | 1-L-40'(id:4)
2019-01-11 00:44:42.828465|INFO    |VirtualServerBase|1  |file download from (id:0), '/icon_1483396842' by client 'Radcrazykid2 | 1-L-40'(id:4)
2019-01-11 00:44:42.828465|INFO    |VirtualServerBase|1  |file download from (id:0), '/icon_1505270141' by client 'Radcrazykid2 | 1-L-40'(id:4)
2019-01-11 00:44:49.539051|INFO    |VirtualServerBase|1  |client disconnected 'Radcrazykid2 | 1-L-40'(id:4) reason 'reasonmsg=leaving'
2019-01-11 00:44:49.629107|INFO    |VirtualServerBase|1  |client connected 'Radcrazykid2 | 1-L-40'(id:4) using a myTeamSpeak ID from 192.168.0.1:61691
2019-01-11 00:44:49.689099|INFO    |VirtualServerBase|1  |file download from (id:0), '/icon_1815735829' by client 'Radcrazykid2 | 1-L-40'(id:4)
2019-01-11 00:44:49.690086|INFO    |VirtualServerBase|1  |file download from (id:0), '/icon_1529263021' by client 'Radcrazykid2 | 1-L-40'(id:4)
2019-01-11 00:44:49.726040|INFO    |VirtualServerBase|1  |file download from (id:0), '/icon_2642770149' by client 'Radcrazykid2 | 1-L-40'(id:4)
2019-01-11 00:45:05.329107|INFO    |VirtualServerBase|1  |file download from (id:0), '/icon_1805427825' by client 'Radcrazykid2 | 1-L-40'(id:4)
2019-01-11 00:45:05.332079|INFO    |VirtualServerBase|1  |file download from (id:0), '/icon_2647785850' by client 'Radcrazykid2 | 1-L-40'(id:4)
2019-01-11 00:45:05.332079|INFO    |VirtualServerBase|1  |file download from (id:0), '/icon_3201618383' by client 'Radcrazykid2 | 1-L-40'(id:4)
2019-01-11 00:45:05.332079|INFO    |VirtualServerBase|1  |file download from (id:0), '/icon_3782301228' by client 'Radcrazykid2 | 1-L-40'(id:4)
2019-01-11 00:45:05.333084|INFO    |VirtualServerBase|1  |file download from (id:0), '/icon_2695360418' by client 'Radcrazykid2 | 1-L-40'(id:4)
2019-01-11 00:45:13.332645|INFO    |VirtualServerBase|1  |client disconnected 'Radcrazykid2 | 1-L-40'(id:4) reason 'reasonmsg=leaving'
2019-01-11 00:45:21.126165|INFO    |VirtualServerBase|1  |client connected 'Radcrazykid2 | 1-L-40'(id:4) using a myTeamSpeak ID from 192.168.0.1:53425
2019-01-11 00:46:13.352889|INFO    |VirtualServerBase|1  |client connected 'Alpha'(id:33) using a myTeamSpeak ID from 75.9.148.173:61169
2019-01-11 00:46:13.534878|INFO    |VirtualServerBase|1  |file download from (id:0), '/icon_4104371695' by client 'Alpha'(id:33)
2019-01-11 00:46:13.541878|INFO    |VirtualServerBase|1  |file download from (id:0), '/icon_1913523921' by client 'Alpha'(id:33)
2019-01-11 00:46:13.542877|INFO    |VirtualServerBase|1  |file download from (id:0), '/icon_4130422297' by client 'Alpha'(id:33)
2019-01-11 00:46:13.542877|INFO    |VirtualServerBase|1  |file download from (id:0), '/icon_2199110935' by client 'Alpha'(id:33)
2019-01-11 00:46:13.542877|INFO    |VirtualServerBase|1  |file download from (id:0), '/icon_1214444705' by client 'Alpha'(id:33)
2019-01-11 00:46:13.632873|INFO    |VirtualServerBase|1  |file download from (id:0), '/icon_4145596773' by client 'Alpha'(id:33)
2019-01-11 00:46:13.636872|INFO    |VirtualServerBase|1  |file download from (id:0), '/icon_1815735829' by client 'Alpha'(id:33)
2019-01-11 00:46:13.636872|INFO    |VirtualServerBase|1  |file download from (id:0), '/icon_1483396842' by client 'Alpha'(id:33)
2019-01-11 00:46:13.640872|INFO    |VirtualServerBase|1  |file download from (id:0), '/icon_1529263021' by client 'Alpha'(id:33)
2019-01-11 00:46:29.028965|INFO    |VirtualServer |1  |client (id:33) was added to servergroup 'Lead Admin'(id:10) by client 'Radcrazykid2 | 1-L-40'(id:4)
2019-01-11 00:46:29.072921|INFO    |VirtualServerBase|1  |file download from (id:0), '/icon_334483102' by client 'Alpha'(id:33)
2019-01-11 00:46:41.072188|INFO    |VirtualServer |1  |client (id:33) was added to servergroup '==Training=='(id:65) by client 'Radcrazykid2 | 1-L-40'(id:4)
2019-01-11 00:46:50.802587|INFO    |VirtualServerBase|1  |file download from (id:0), '/icon_2642770149' by client 'Alpha'(id:33)
2019-01-11 00:46:52.310489|INFO    |VirtualServerBase|1  |file download from (id:0), '/icon_3963302091' by client 'Alpha'(id:33)
2019-01-11 00:46:52.312489|INFO    |VirtualServerBase|1  |file download from (id:0), '/icon_2013348012' by client 'Alpha'(id:33)
2019-01-11 00:46:53.193479|INFO    |VirtualServerBase|1  |file download from (id:0), '/icon_763733025' by client 'Alpha'(id:33)
2019-01-11 00:46:54.406388|INFO    |VirtualServer |1  |client (id:33) was added to servergroup 'Firearms Qualified'(id:66) by client 'Radcrazykid2 | 1-L-40'(id:4)
2019-01-11 00:46:57.982146|INFO    |VirtualServer |1  |client (id:33) was added to servergroup 'Tazer Qualified'(id:67) by client 'Radcrazykid2 | 1-L-40'(id:4)
2019-01-11 00:47:07.958530|INFO    |VirtualServer |1  |client (id:33) was added to servergroup 'C2/C3 Certification'(id:73) by client 'Radcrazykid2 | 1-L-40'(id:4)
2019-01-11 00:47:11.691339|INFO    |VirtualServer |1  |client (id:33) was added to servergroup 'LEO Temp.'(id:76) by client 'Radcrazykid2 | 1-L-40'(id:4)
2019-01-11 00:47:11.726331|INFO    |VirtualServerBase|1  |file download from (id:0), '/icon_2403989947' by client 'Alpha'(id:33)
2019-01-11 00:47:52.686776|INFO    |VirtualServer |1  |client (id:33) was added to servergroup '==Specialized Units=='(id:46) by client 'Radcrazykid2 | 1-L-40'(id:4)
2019-01-11 00:47:57.602473|INFO    |VirtualServer |1  |client (id:33) was added to servergroup 'Special Field Agent'(id:99) by client 'Radcrazykid2 | 1-L-40'(id:4)
2019-01-11 01:09:10.754089|INFO    |VirtualServerBase|1  |channel 'Lead Admin - Alpha'(id:101) edited by 'Radcrazykid2 | 1-L-40'(id:4)
2019-01-11 01:09:26.300105|INFO    |VirtualServerBase|1  |channel 'Server Owner - Radcrazykid2'(id:20) edited by 'Radcrazykid2 | 1-L-40'(id:4)
2019-01-11 04:02:45.803319|INFO    |VirtualServerBase|1  |client disconnected 'Alpha'(id:33) reason 'reasonmsg=leaving'
