2017-10-29 00:00:55.794470|INFO    |VirtualServer |1  |listening on 0.0.0.0:9987, :::9987
2017-10-29 00:00:55.798387|WARNING |VirtualServer |1  |--------------------------------------------------------
2017-10-29 00:00:55.798387|WARNING |VirtualServer |1  |ServerAdmin privilege key created, please use the line below
2017-10-29 00:00:55.798387|WARNING |VirtualServer |1  |token=JM9aLornbAe8RGGEbvDBWgxsW+94LNkAim3sIoNd
2017-10-29 00:00:55.798387|WARNING |VirtualServer |1  |--------------------------------------------------------
2017-10-29 00:01:10.355084|INFO    |VirtualServer |1  |client (id:4) was added to servergroup 'Server Admin'(id:6) by client 'server'(id:0)
2017-10-29 00:01:10.356037|INFO    |VirtualServer |1  |client 'Radcrazykid2 | 1-L-40'(id:4) used privilege key 'JM9aLornbAe8RGGEbvDBWgxsW+94LNkAim3sIoNd' and was added to servergroup 'Server Admin'(id:6)
2017-10-29 00:03:44.556224|INFO    |VirtualServer |1  |permission 'i_icon_id'(id:142) with values (value:-1191991982, negated:0, skipchannel:0) was added by 'Radcrazykid2 | 1-L-40'(id:4) to servergroup 'Server Admin'(id:6)
2017-10-29 00:03:51.307186|INFO    |VirtualServer |1  |servergroup 'Server Admin'(id:6) was renamed to 'Owner' by 'Radcrazykid2 | 1-L-40'(id:4)
2017-10-29 00:04:12.560112|INFO    |VirtualServer |1  |servergroup 'Owner'(id:6) was copied by 'Radcrazykid2 | 1-L-40'(id:4) to '*Lead Admin*'(id:9)
2017-10-29 00:04:16.212462|INFO    |VirtualServer |1  |permission 'i_group_sort_id'(id:148) with values (value:2, negated:0, skipchannel:0) was added by 'Radcrazykid2 | 1-L-40'(id:4) to servergroup '*Lead Admin*'(id:9)
2017-10-29 00:04:18.397059|INFO    |VirtualServer |1  |permission 'i_group_sort_id'(id:148) with values (value:1, negated:0, skipchannel:0) was added by 'Radcrazykid2 | 1-L-40'(id:4) to servergroup 'Owner'(id:6)
2017-10-29 00:04:24.196865|INFO    |VirtualServer |1  |permission 'i_icon_id'(id:142) with values (value:334483102, negated:0, skipchannel:0) was added by 'Radcrazykid2 | 1-L-40'(id:4) to servergroup '*Lead Admin*'(id:9)
2017-10-29 00:04:46.304266|INFO    |VirtualServer |1  |servergroup 'Lead Admin'(id:10) was added by 'Radcrazykid2 | 1-L-40'(id:4)
2017-10-29 00:05:05.270130|INFO    |VirtualServer |1  |servergroup 'Senior Admin'(id:11) was added by 'Radcrazykid2 | 1-L-40'(id:4)
2017-10-29 00:05:13.118708|INFO    |VirtualServer |1  |servergroup 'Server Admin'(id:12) was added by 'Radcrazykid2 | 1-L-40'(id:4)
2017-10-29 00:05:17.972198|INFO    |VirtualServer |1  |permission 'i_group_sort_id'(id:148) with values (value:3, negated:0, skipchannel:0) was added by 'Radcrazykid2 | 1-L-40'(id:4) to servergroup 'Lead Admin'(id:10)
2017-10-29 00:05:20.340380|INFO    |VirtualServer |1  |permission 'i_group_sort_id'(id:148) with values (value:4, negated:0, skipchannel:0) was added by 'Radcrazykid2 | 1-L-40'(id:4) to servergroup 'Senior Admin'(id:11)
2017-10-29 00:05:22.828698|INFO    |VirtualServer |1  |permission 'i_group_sort_id'(id:148) with values (value:5, negated:0, skipchannel:0) was added by 'Radcrazykid2 | 1-L-40'(id:4) to servergroup 'Server Admin'(id:12)
2017-10-29 00:05:27.898994|INFO    |VirtualServer |1  |permission 'i_icon_id'(id:142) with values (value:334483102, negated:0, skipchannel:0) was added by 'Radcrazykid2 | 1-L-40'(id:4) to servergroup 'Lead Admin'(id:10)
2017-10-29 00:05:31.786658|INFO    |VirtualServer |1  |permission 'i_icon_id'(id:142) with values (value:763733025, negated:0, skipchannel:0) was added by 'Radcrazykid2 | 1-L-40'(id:4) to servergroup 'Senior Admin'(id:11)
2017-10-29 00:05:35.747650|INFO    |VirtualServer |1  |permission 'i_icon_id'(id:142) with values (value:888699871, negated:0, skipchannel:0) was added by 'Radcrazykid2 | 1-L-40'(id:4) to servergroup 'Server Admin'(id:12)
2017-10-29 00:05:45.499564|INFO    |VirtualServer |1  |client (id:2) was added to servergroup 'Lead Admin'(id:10) by client 'Radcrazykid2 | 1-L-40'(id:4)
2017-10-29 00:05:54.236889|INFO    |VirtualServer |1  |permission 'i_group_modify_power'(id:161) with values (value:74, negated:0, skipchannel:0) was added by 'Radcrazykid2 | 1-L-40'(id:4) to servergroup 'Lead Admin'(id:10)
2017-10-29 00:05:56.403853|INFO    |VirtualServer |1  |permission 'i_group_member_add_power'(id:163) with values (value:74, negated:0, skipchannel:0) was added by 'Radcrazykid2 | 1-L-40'(id:4) to servergroup 'Lead Admin'(id:10)
2017-10-29 00:05:59.469287|INFO    |VirtualServer |1  |permission 'i_group_member_remove_power'(id:165) with values (value:74, negated:0, skipchannel:0) was added by 'Radcrazykid2 | 1-L-40'(id:4) to servergroup 'Lead Admin'(id:10)
2017-10-29 00:06:02.188023|INFO    |VirtualServer |1  |permission 'i_permission_modify_power'(id:167) with values (value:74, negated:0, skipchannel:0) was added by 'Radcrazykid2 | 1-L-40'(id:4) to servergroup 'Lead Admin'(id:10)
2017-10-29 00:06:08.346320|INFO    |VirtualServer |1  |permission 'i_max_icon_filesize'(id:143) with values (value:75, negated:0, skipchannel:0) was added by 'Radcrazykid2 | 1-L-40'(id:4) to servergroup 'Lead Admin'(id:10)
2017-10-29 00:06:09.068896|INFO    |VirtualServer |1  |permission 'i_max_icon_filesize'(id:143) was deleted by 'Radcrazykid2 | 1-L-40'(id:4) from servergroup 'Lead Admin'(id:10)
2017-10-29 00:06:15.554257|INFO    |VirtualServer |1  |permission 'i_group_show_name_in_tree'(id:149) with values (value:1, negated:0, skipchannel:0) was added by 'Radcrazykid2 | 1-L-40'(id:4) to servergroup 'Lead Admin'(id:10)
2017-10-29 00:06:20.906812|INFO    |VirtualServer |1  |permission 'i_group_show_name_in_tree'(id:149) with values (value:1, negated:0, skipchannel:0) was added by 'Radcrazykid2 | 1-L-40'(id:4) to servergroup 'Owner'(id:6)
2017-10-29 00:06:25.626510|INFO    |VirtualServer |1  |permission 'i_group_show_name_in_tree'(id:149) with values (value:0, negated:0, skipchannel:0) was added by 'Radcrazykid2 | 1-L-40'(id:4) to servergroup 'Owner'(id:6)
2017-10-29 00:22:10.579642|INFO    |VirtualServer |1  |servergroup '*Lead Admin*'(id:9) was copied by 'Radcrazykid2 | 1-L-40'(id:4) to 'Community Director'(id:13)
2017-10-29 00:22:25.109900|INFO    |VirtualServer |1  |servergroup '*Lead Admin*'(id:9) was copied by 'Radcrazykid2 | 1-L-40'(id:4) to 'Assistant Director'(id:14)
2017-10-29 00:22:31.298380|INFO    |VirtualServer |1  |permission 'i_group_sort_id'(id:148) with values (value:4, negated:0, skipchannel:0) was added by 'Radcrazykid2 | 1-L-40'(id:4) to servergroup '*Lead Admin*'(id:9)
2017-10-29 00:22:35.395135|INFO    |VirtualServer |1  |permission 'i_group_sort_id'(id:148) with values (value:5, negated:0, skipchannel:0) was added by 'Radcrazykid2 | 1-L-40'(id:4) to servergroup 'Lead Admin'(id:10)
2017-10-29 00:22:43.203723|INFO    |VirtualServer |1  |permission 'i_group_sort_id'(id:148) with values (value:3, negated:0, skipchannel:0) was added by 'Radcrazykid2 | 1-L-40'(id:4) to servergroup 'Community Director'(id:13)
2017-10-29 00:22:48.065980|INFO    |VirtualServer |1  |permission 'i_group_sort_id'(id:148) with values (value:5, negated:0, skipchannel:0) was added by 'Radcrazykid2 | 1-L-40'(id:4) to servergroup 'Senior Admin'(id:11)
2017-10-29 00:22:53.939009|INFO    |VirtualServer |1  |permission 'i_group_sort_id'(id:148) with values (value:6, negated:0, skipchannel:0) was added by 'Radcrazykid2 | 1-L-40'(id:4) to servergroup 'Server Admin'(id:12)
2017-10-29 00:23:03.322800|INFO    |VirtualServer |1  |permission 'i_icon_id'(id:142) with values (value:-331665205, negated:0, skipchannel:0) was added by 'Radcrazykid2 | 1-L-40'(id:4) to servergroup 'Assistant Director'(id:14)
2017-10-29 00:23:09.818952|INFO    |VirtualServer |1  |permission 'i_icon_id'(id:142) with values (value:2013348012, negated:0, skipchannel:0) was added by 'Radcrazykid2 | 1-L-40'(id:4) to servergroup 'Community Director'(id:13)
2017-10-29 00:25:23.724335|INFO    |VirtualServer |1  |channelgroup 'Voice'(id:7) was deleted by 'Radcrazykid2 | 1-L-40'(id:4)
2017-10-29 00:25:25.618731|INFO    |VirtualServer |1  |channelgroup 'Operator'(id:6) was deleted by 'Radcrazykid2 | 1-L-40'(id:4)
2017-10-29 00:25:34.538604|INFO    |VirtualServer |1  |permission 'i_icon_id'(id:142) was deleted by 'Radcrazykid2 | 1-L-40'(id:4) from channelgroup 'Channel Admin'(id:5)
2017-10-29 02:48:40.928266|INFO    |VirtualServer |1  |servergroup 'Retired Admin'(id:15) was added by 'Radcrazykid2 | 1-L-40'(id:4)
2017-10-29 02:49:00.491763|INFO    |VirtualServer |1  |servergroup 'Disciplinary'(id:16) was added by 'Radcrazykid2 | 1-L-40'(id:4)
2017-10-29 02:49:07.690982|INFO    |VirtualServer |1  |servergroup 'Disciplinary'(id:16) was renamed to 'Disciplinary Admin' by 'Radcrazykid2 | 1-L-40'(id:4)
2017-10-29 02:49:14.256443|INFO    |VirtualServer |1  |servergroup 'General Staff'(id:17) was added by 'Radcrazykid2 | 1-L-40'(id:4)
2017-10-29 02:49:21.700769|INFO    |VirtualServer |1  |servergroup 'Community Leader'(id:18) was added by 'Radcrazykid2 | 1-L-40'(id:4)
2017-10-29 02:49:28.453635|INFO    |VirtualServer |1  |servergroup 'In-Game Admin'(id:19) was added by 'Radcrazykid2 | 1-L-40'(id:4)
2017-10-29 02:49:59.298383|INFO    |VirtualServer |1  |client '[1L-18] KevKilo9'(id:6) was added to channelgroup 'Channel Admin'(id:5) by client 'Radcrazykid2 | 1-L-40'(id:4) in channel 'San Andreas Sheriff Comm. - KevKilo'(id:50)
2017-10-29 02:50:37.740800|INFO    |VirtualServer |1  |servergroup 'Senior Member'(id:20) was added by 'Radcrazykid2 | 1-L-40'(id:4)
2017-10-29 02:50:42.951709|INFO    |VirtualServer |1  |servergroup 'Member'(id:21) was added by 'Radcrazykid2 | 1-L-40'(id:4)
2017-10-29 02:50:50.937051|INFO    |VirtualServer |1  |servergroup 'Junior Member'(id:22) was added by 'Radcrazykid2 | 1-L-40'(id:4)
2017-10-29 02:50:59.338464|INFO    |VirtualServer |1  |permission 'i_group_sort_id'(id:148) with values (value:500, negated:0, skipchannel:0) was added by 'Radcrazykid2 | 1-L-40'(id:4) to servergroup 'Normal'(id:7)
2017-10-29 02:51:03.019102|INFO    |VirtualServer |1  |permission 'i_group_sort_id'(id:148) with values (value:500, negated:0, skipchannel:0) was added by 'Radcrazykid2 | 1-L-40'(id:4) to servergroup 'Guest'(id:8)
2017-10-29 02:51:08.106991|INFO    |VirtualServer |1  |permission 'i_group_sort_id'(id:148) with values (value:7, negated:0, skipchannel:0) was added by 'Radcrazykid2 | 1-L-40'(id:4) to servergroup 'Retired Admin'(id:15)
2017-10-29 02:51:21.645056|INFO    |VirtualServer |1  |servergroup 'Casual Unrestricted'(id:23) was added by 'Radcrazykid2 | 1-L-40'(id:4)
2017-10-29 02:51:30.045452|INFO    |VirtualServer |1  |servergroup 'Casual Restricted'(id:24) was added by 'Radcrazykid2 | 1-L-40'(id:4)
2017-10-29 02:51:45.357953|INFO    |VirtualServer |1  |servergroup '==San Andreas Police=='(id:25) was added by 'Radcrazykid2 | 1-L-40'(id:4)
2017-10-29 02:52:03.166603|INFO    |VirtualServer |1  |servergroup 'SAPD Comm.'(id:26) was added by 'Radcrazykid2 | 1-L-40'(id:4)
2017-10-29 02:52:10.780826|INFO    |VirtualServer |1  |servergroup 'Deputy Comm.'(id:27) was added by 'Radcrazykid2 | 1-L-40'(id:4)
2017-10-29 02:52:16.031785|INFO    |VirtualServer |1  |servergroup 'Commander'(id:28) was added by 'Radcrazykid2 | 1-L-40'(id:4)
2017-10-29 02:52:20.857951|INFO    |VirtualServer |1  |servergroup 'Captain'(id:29) was added by 'Radcrazykid2 | 1-L-40'(id:4)
2017-10-29 02:52:30.930272|INFO    |VirtualServer |1  |servergroup 'Lieutenant'(id:30) was added by 'Radcrazykid2 | 1-L-40'(id:4)
2017-10-29 02:52:45.277871|INFO    |VirtualServer |1  |servergroup 'Sergeant'(id:31) was added by 'Radcrazykid2 | 1-L-40'(id:4)
2017-10-29 02:52:56.092326|INFO    |VirtualServer |1  |servergroup 'Senior Lead Officer'(id:32) was added by 'Radcrazykid2 | 1-L-40'(id:4)
2017-10-29 02:53:00.863813|INFO    |VirtualServer |1  |servergroup 'Officer'(id:33) was added by 'Radcrazykid2 | 1-L-40'(id:4)
2017-10-29 02:53:17.496631|INFO    |VirtualServer |1  |servergroup 'Probationary Officer'(id:34) was added by 'Radcrazykid2 | 1-L-40'(id:4)
2017-10-29 02:53:23.139202|INFO    |VirtualServer |1  |servergroup 'SAPD Cadet'(id:35) was added by 'Radcrazykid2 | 1-L-40'(id:4)
2017-10-29 02:53:28.362862|INFO    |VirtualServer |1  |servergroup 'SAPD Reserve'(id:36) was added by 'Radcrazykid2 | 1-L-40'(id:4)
2017-10-29 02:53:48.960607|INFO    |VirtualServer |1  |servergroup '==San Andreas Sheriff=='(id:37) was added by 'Radcrazykid2 | 1-L-40'(id:4)
2017-10-29 02:54:03.036668|INFO    |VirtualServer |1  |servergroup 'SASD Comm.'(id:38) was added by 'Radcrazykid2 | 1-L-40'(id:4)
2017-10-29 02:55:05.412665|INFO    |VirtualServer |1  |servergroup '==San Andreas Police=='(id:25) was renamed to '==San Andreas LEO==' by 'Radcrazykid2 | 1-L-40'(id:4)
2017-10-29 02:55:08.846296|INFO    |VirtualServer |1  |servergroup '==San Andreas Sheriff=='(id:37) was deleted by 'Radcrazykid2 | 1-L-40'(id:4)
2017-10-29 02:55:14.323799|INFO    |VirtualServer |1  |permission 'i_group_sort_id'(id:148) with values (value:8, negated:0, skipchannel:0) was added by 'Radcrazykid2 | 1-L-40'(id:4) to servergroup 'Disciplinary Admin'(id:16)
2017-10-29 02:55:16.531833|INFO    |VirtualServer |1  |permission 'i_group_sort_id'(id:148) with values (value:9, negated:0, skipchannel:0) was added by 'Radcrazykid2 | 1-L-40'(id:4) to servergroup 'General Staff'(id:17)
2017-10-29 02:55:18.971281|INFO    |VirtualServer |1  |permission 'i_group_sort_id'(id:148) with values (value:10, negated:0, skipchannel:0) was added by 'Radcrazykid2 | 1-L-40'(id:4) to servergroup 'Community Leader'(id:18)
2017-10-29 02:55:21.659715|INFO    |VirtualServer |1  |permission 'i_group_sort_id'(id:148) with values (value:11, negated:0, skipchannel:0) was added by 'Radcrazykid2 | 1-L-40'(id:4) to servergroup 'In-Game Admin'(id:19)
2017-10-29 02:55:27.555259|INFO    |VirtualServer |1  |permission 'i_group_sort_id'(id:148) with values (value:12, negated:0, skipchannel:0) was added by 'Radcrazykid2 | 1-L-40'(id:4) to servergroup 'Senior Member'(id:20)
2017-10-29 02:55:30.220243|INFO    |VirtualServer |1  |permission 'i_group_sort_id'(id:148) with values (value:13, negated:0, skipchannel:0) was added by 'Radcrazykid2 | 1-L-40'(id:4) to servergroup 'Member'(id:21)
2017-10-29 02:55:33.548376|INFO    |VirtualServer |1  |permission 'i_group_sort_id'(id:148) with values (value:14, negated:0, skipchannel:0) was added by 'Radcrazykid2 | 1-L-40'(id:4) to servergroup 'Junior Member'(id:22)
2017-10-29 02:55:35.932199|INFO    |VirtualServer |1  |permission 'i_group_sort_id'(id:148) with values (value:15, negated:0, skipchannel:0) was added by 'Radcrazykid2 | 1-L-40'(id:4) to servergroup 'Casual Unrestricted'(id:23)
2017-10-29 02:55:38.635309|INFO    |VirtualServer |1  |permission 'i_group_sort_id'(id:148) with values (value:16, negated:0, skipchannel:0) was added by 'Radcrazykid2 | 1-L-40'(id:4) to servergroup 'Casual Restricted'(id:24)
2017-10-29 02:55:40.775894|INFO    |VirtualServer |1  |permission 'i_group_sort_id'(id:148) with values (value:17, negated:0, skipchannel:0) was added by 'Radcrazykid2 | 1-L-40'(id:4) to servergroup '==San Andreas LEO=='(id:25)
2017-10-29 02:55:44.803276|INFO    |VirtualServer |1  |permission 'i_group_sort_id'(id:148) with values (value:18, negated:0, skipchannel:0) was added by 'Radcrazykid2 | 1-L-40'(id:4) to servergroup 'SAPD Comm.'(id:26)
2017-10-29 02:55:50.075776|INFO    |VirtualServer |1  |permission 'i_group_sort_id'(id:148) with values (value:19, negated:0, skipchannel:0) was added by 'Radcrazykid2 | 1-L-40'(id:4) to servergroup 'SASD Comm.'(id:38)
2017-10-29 02:56:05.340403|INFO    |VirtualServer |1  |permission 'i_group_sort_id'(id:148) with values (value:20, negated:0, skipchannel:0) was added by 'Radcrazykid2 | 1-L-40'(id:4) to servergroup 'Deputy Comm.'(id:27)
2017-10-29 02:56:07.627488|INFO    |VirtualServer |1  |permission 'i_group_sort_id'(id:148) with values (value:21, negated:0, skipchannel:0) was added by 'Radcrazykid2 | 1-L-40'(id:4) to servergroup 'Commander'(id:28)
2017-10-29 02:56:10.555220|INFO    |VirtualServer |1  |permission 'i_group_sort_id'(id:148) with values (value:22, negated:0, skipchannel:0) was added by 'Radcrazykid2 | 1-L-40'(id:4) to servergroup 'Captain'(id:29)
2017-10-29 02:56:15.756429|INFO    |VirtualServer |1  |permission 'i_group_sort_id'(id:148) with values (value:23, negated:0, skipchannel:0) was added by 'Radcrazykid2 | 1-L-40'(id:4) to servergroup 'Lieutenant'(id:30)
2017-10-29 02:56:18.674342|INFO    |VirtualServer |1  |permission 'i_group_sort_id'(id:148) with values (value:24, negated:0, skipchannel:0) was added by 'Radcrazykid2 | 1-L-40'(id:4) to servergroup 'Sergeant'(id:31)
2017-10-29 02:56:21.859884|INFO    |VirtualServer |1  |permission 'i_group_sort_id'(id:148) with values (value:25, negated:0, skipchannel:0) was added by 'Radcrazykid2 | 1-L-40'(id:4) to servergroup 'Senior Lead Officer'(id:32)
2017-10-29 02:56:25.003486|INFO    |VirtualServer |1  |permission 'i_group_sort_id'(id:148) with values (value:26, negated:0, skipchannel:0) was added by 'Radcrazykid2 | 1-L-40'(id:4) to servergroup 'Officer'(id:33)
2017-10-29 02:56:28.468360|INFO    |VirtualServer |1  |permission 'i_group_sort_id'(id:148) with values (value:27, negated:0, skipchannel:0) was added by 'Radcrazykid2 | 1-L-40'(id:4) to servergroup 'Probationary Officer'(id:34)
2017-10-29 02:56:33.426317|INFO    |VirtualServer |1  |permission 'i_group_sort_id'(id:148) with values (value:75, negated:0, skipchannel:0) was added by 'Radcrazykid2 | 1-L-40'(id:4) to servergroup 'SAPD Cadet'(id:35)
2017-10-29 02:56:40.995657|INFO    |VirtualServer |1  |permission 'i_group_sort_id'(id:148) with values (value:28, negated:0, skipchannel:0) was added by 'Radcrazykid2 | 1-L-40'(id:4) to servergroup 'SAPD Reserve'(id:36)
2017-10-29 02:56:43.518142|INFO    |VirtualServer |1  |permission 'i_group_sort_id'(id:148) with values (value:29, negated:0, skipchannel:0) was added by 'Radcrazykid2 | 1-L-40'(id:4) to servergroup 'SAPD Cadet'(id:35)
2017-10-29 02:57:05.838432|INFO    |VirtualServer |1  |servergroup 'SASD Reserve'(id:39) was added by 'Radcrazykid2 | 1-L-40'(id:4)
2017-10-29 02:57:15.351178|INFO    |VirtualServer |1  |servergroup 'SASD Cadet'(id:40) was added by 'Radcrazykid2 | 1-L-40'(id:4)
2017-10-29 02:57:48.900932|INFO    |VirtualServer |1  |permission 'i_group_sort_id'(id:148) with values (value:30, negated:0, skipchannel:0) was added by 'Radcrazykid2 | 1-L-40'(id:4) to servergroup 'SAPD Cadet'(id:35)
2017-10-29 02:57:52.043532|INFO    |VirtualServer |1  |permission 'i_group_sort_id'(id:148) with values (value:29, negated:0, skipchannel:0) was added by 'Radcrazykid2 | 1-L-40'(id:4) to servergroup 'SASD Reserve'(id:39)
2017-10-29 02:57:54.331596|INFO    |VirtualServer |1  |permission 'i_group_sort_id'(id:148) with values (value:31, negated:0, skipchannel:0) was added by 'Radcrazykid2 | 1-L-40'(id:4) to servergroup 'SASD Cadet'(id:40)
2017-10-29 02:58:33.595289|INFO    |VirtualServer |1  |permission 'i_icon_id'(id:142) with values (value:1805427825, negated:0, skipchannel:0) was added by 'Radcrazykid2 | 1-L-40'(id:4) to servergroup 'SAPD Comm.'(id:26)
2017-10-29 02:58:40.050368|INFO    |VirtualServer |1  |permission 'i_icon_id'(id:142) with values (value:1805427825, negated:0, skipchannel:0) was added by 'Radcrazykid2 | 1-L-40'(id:4) to servergroup 'SASD Comm.'(id:38)
2017-10-29 02:58:47.648961|INFO    |VirtualServer |1  |client (id:6) was added to servergroup '==San Andreas LEO=='(id:25) by client 'Radcrazykid2 | 1-L-40'(id:4)
2017-10-29 02:58:50.439028|INFO    |VirtualServer |1  |client (id:6) was added to servergroup 'SASD Comm.'(id:38) by client 'Radcrazykid2 | 1-L-40'(id:4)
2017-10-29 02:59:00.659705|INFO    |VirtualServer |1  |permission 'i_group_member_add_power'(id:163) with values (value:74, negated:0, skipchannel:0) was added by 'Radcrazykid2 | 1-L-40'(id:4) to servergroup 'SASD Comm.'(id:38)
2017-10-29 02:59:04.980037|INFO    |VirtualServer |1  |permission 'i_group_member_remove_power'(id:165) with values (value:74, negated:0, skipchannel:0) was added by 'Radcrazykid2 | 1-L-40'(id:4) to servergroup 'SASD Comm.'(id:38)
2017-10-29 02:59:11.397152|INFO    |VirtualServer |1  |permission 'i_group_needed_member_add_power'(id:164) with values (value:74, negated:0, skipchannel:0) was added by 'Radcrazykid2 | 1-L-40'(id:4) to servergroup 'Deputy Comm.'(id:27)
2017-10-29 02:59:12.538700|INFO    |VirtualServer |1  |permission 'i_group_needed_member_remove_power'(id:166) with values (value:74, negated:0, skipchannel:0) was added by 'Radcrazykid2 | 1-L-40'(id:4) to servergroup 'Deputy Comm.'(id:27)
2017-10-29 02:59:13.972267|INFO    |VirtualServer |1  |permission 'i_group_needed_member_add_power'(id:164) with values (value:74, negated:0, skipchannel:0) was added by 'Radcrazykid2 | 1-L-40'(id:4) to servergroup 'Commander'(id:28)
2017-10-29 02:59:15.547396|INFO    |VirtualServer |1  |permission 'i_group_needed_member_remove_power'(id:166) with values (value:74, negated:0, skipchannel:0) was added by 'Radcrazykid2 | 1-L-40'(id:4) to servergroup 'Commander'(id:28)
2017-10-29 02:59:16.826723|INFO    |VirtualServer |1  |permission 'i_group_needed_member_add_power'(id:164) with values (value:70, negated:0, skipchannel:0) was added by 'Radcrazykid2 | 1-L-40'(id:4) to servergroup 'Commander'(id:28)
2017-10-29 02:59:18.353142|INFO    |VirtualServer |1  |permission 'i_group_needed_member_remove_power'(id:166) with values (value:70, negated:0, skipchannel:0) was added by 'Radcrazykid2 | 1-L-40'(id:4) to servergroup 'Commander'(id:28)
2017-10-29 02:59:24.626504|INFO    |VirtualServer |1  |permission 'i_group_member_add_power'(id:163) with values (value:71, negated:0, skipchannel:0) was added by 'Radcrazykid2 | 1-L-40'(id:4) to servergroup 'SASD Comm.'(id:38)
2017-10-29 02:59:25.947850|INFO    |VirtualServer |1  |permission 'i_group_member_remove_power'(id:165) with values (value:71, negated:0, skipchannel:0) was added by 'Radcrazykid2 | 1-L-40'(id:4) to servergroup 'SASD Comm.'(id:38)
2017-10-29 02:59:29.499592|INFO    |VirtualServer |1  |permission 'i_group_member_add_power'(id:163) with values (value:71, negated:0, skipchannel:0) was added by 'Radcrazykid2 | 1-L-40'(id:4) to servergroup 'SAPD Comm.'(id:26)
2017-10-29 02:59:32.391161|INFO    |VirtualServer |1  |permission 'i_group_member_remove_power'(id:165) with values (value:71, negated:0, skipchannel:0) was added by 'Radcrazykid2 | 1-L-40'(id:4) to servergroup 'SAPD Comm.'(id:26)
2017-10-29 02:59:38.514201|INFO    |VirtualServer |1  |permission 'i_group_member_add_power'(id:163) with values (value:75, negated:0, skipchannel:0) was added by 'Radcrazykid2 | 1-L-40'(id:4) to servergroup 'Deputy Comm.'(id:27)
2017-10-29 02:59:39.756400|INFO    |VirtualServer |1  |permission 'i_group_member_add_power'(id:163) was deleted by 'Radcrazykid2 | 1-L-40'(id:4) from servergroup 'Deputy Comm.'(id:27)
2017-10-29 02:59:41.667553|INFO    |VirtualServer |1  |permission 'i_group_needed_member_add_power'(id:164) with values (value:71, negated:0, skipchannel:0) was added by 'Radcrazykid2 | 1-L-40'(id:4) to servergroup 'Deputy Comm.'(id:27)
2017-10-29 02:59:44.050349|INFO    |VirtualServer |1  |permission 'i_group_needed_member_remove_power'(id:166) with values (value:71, negated:0, skipchannel:0) was added by 'Radcrazykid2 | 1-L-40'(id:4) to servergroup 'Deputy Comm.'(id:27)
2017-10-29 02:59:56.179245|INFO    |VirtualServer |1  |permission 'i_group_needed_member_add_power'(id:164) with values (value:70, negated:0, skipchannel:0) was added by 'Radcrazykid2 | 1-L-40'(id:4) to servergroup 'Deputy Comm.'(id:27)
2017-10-29 02:59:57.311094|INFO    |VirtualServer |1  |permission 'i_group_needed_member_remove_power'(id:166) with values (value:70, negated:0, skipchannel:0) was added by 'Radcrazykid2 | 1-L-40'(id:4) to servergroup 'Deputy Comm.'(id:27)
2017-10-29 02:59:59.269090|INFO    |VirtualServer |1  |permission 'i_group_needed_member_add_power'(id:164) with values (value:70, negated:0, skipchannel:0) was added by 'Radcrazykid2 | 1-L-40'(id:4) to servergroup 'Captain'(id:29)
2017-10-29 03:00:01.123611|INFO    |VirtualServer |1  |permission 'i_group_needed_member_remove_power'(id:166) with values (value:70, negated:0, skipchannel:0) was added by 'Radcrazykid2 | 1-L-40'(id:4) to servergroup 'Captain'(id:29)
2017-10-29 03:00:03.523981|INFO    |VirtualServer |1  |permission 'i_group_needed_member_add_power'(id:164) with values (value:70, negated:0, skipchannel:0) was added by 'Radcrazykid2 | 1-L-40'(id:4) to servergroup 'Lieutenant'(id:30)
2017-10-29 03:00:05.084560|INFO    |VirtualServer |1  |permission 'i_group_needed_member_remove_power'(id:166) with values (value:70, negated:0, skipchannel:0) was added by 'Radcrazykid2 | 1-L-40'(id:4) to servergroup 'Lieutenant'(id:30)
2017-10-29 03:00:07.283728|INFO    |VirtualServer |1  |permission 'i_group_needed_member_add_power'(id:164) with values (value:70, negated:0, skipchannel:0) was added by 'Radcrazykid2 | 1-L-40'(id:4) to servergroup 'Sergeant'(id:31)
2017-10-29 03:00:08.494681|INFO    |VirtualServer |1  |permission 'i_group_needed_member_remove_power'(id:166) with values (value:70, negated:0, skipchannel:0) was added by 'Radcrazykid2 | 1-L-40'(id:4) to servergroup 'Sergeant'(id:31)
2017-10-29 03:00:11.738862|INFO    |VirtualServer |1  |permission 'i_group_needed_member_add_power'(id:164) with values (value:70, negated:0, skipchannel:0) was added by 'Radcrazykid2 | 1-L-40'(id:4) to servergroup 'Senior Lead Officer'(id:32)
2017-10-29 03:00:13.228082|INFO    |VirtualServer |1  |permission 'i_group_needed_member_remove_power'(id:166) with values (value:70, negated:0, skipchannel:0) was added by 'Radcrazykid2 | 1-L-40'(id:4) to servergroup 'Senior Lead Officer'(id:32)
2017-10-29 03:00:15.197800|INFO    |VirtualServer |1  |permission 'i_group_needed_member_add_power'(id:164) with values (value:70, negated:0, skipchannel:0) was added by 'Radcrazykid2 | 1-L-40'(id:4) to servergroup 'Officer'(id:33)
2017-10-29 03:00:16.260290|INFO    |VirtualServer |1  |permission 'i_group_needed_member_remove_power'(id:166) with values (value:70, negated:0, skipchannel:0) was added by 'Radcrazykid2 | 1-L-40'(id:4) to servergroup 'Officer'(id:33)
2017-10-29 03:00:19.565025|INFO    |VirtualServer |1  |permission 'i_group_needed_member_add_power'(id:164) with values (value:70, negated:0, skipchannel:0) was added by 'Radcrazykid2 | 1-L-40'(id:4) to servergroup 'Probationary Officer'(id:34)
2017-10-29 03:00:21.295497|INFO    |VirtualServer |1  |permission 'i_group_needed_member_remove_power'(id:166) with values (value:70, negated:0, skipchannel:0) was added by 'Radcrazykid2 | 1-L-40'(id:4) to servergroup 'Probationary Officer'(id:34)
2017-10-29 03:02:04.843295|INFO    |VirtualServer |1  |permission 'i_group_member_add_power'(id:163) with values (value:75, negated:0, skipchannel:0) was added by 'Radcrazykid2 | 1-L-40'(id:4) to servergroup 'SAPD Reserve'(id:36)
2017-10-29 03:02:05.319887|INFO    |VirtualServer |1  |permission 'i_group_member_add_power'(id:163) was deleted by 'Radcrazykid2 | 1-L-40'(id:4) from servergroup 'SAPD Reserve'(id:36)
2017-10-29 03:02:08.485921|INFO    |VirtualServer |1  |permission 'i_group_needed_member_add_power'(id:164) with values (value:70, negated:0, skipchannel:0) was added by 'Radcrazykid2 | 1-L-40'(id:4) to servergroup 'SAPD Reserve'(id:36)
2017-10-29 03:02:09.404864|INFO    |VirtualServer |1  |permission 'i_group_needed_member_remove_power'(id:166) with values (value:70, negated:0, skipchannel:0) was added by 'Radcrazykid2 | 1-L-40'(id:4) to servergroup 'SAPD Reserve'(id:36)
2017-10-29 03:02:10.870674|INFO    |VirtualServer |1  |permission 'i_group_needed_member_add_power'(id:164) with values (value:70, negated:0, skipchannel:0) was added by 'Radcrazykid2 | 1-L-40'(id:4) to servergroup 'SASD Reserve'(id:39)
2017-10-29 03:02:11.890180|INFO    |VirtualServer |1  |permission 'i_group_needed_member_remove_power'(id:166) with values (value:70, negated:0, skipchannel:0) was added by 'Radcrazykid2 | 1-L-40'(id:4) to servergroup 'SASD Reserve'(id:39)
2017-10-29 03:02:13.235883|INFO    |VirtualServer |1  |permission 'i_group_needed_member_add_power'(id:164) with values (value:70, negated:0, skipchannel:0) was added by 'Radcrazykid2 | 1-L-40'(id:4) to servergroup 'SAPD Cadet'(id:35)
2017-10-29 03:02:14.002510|INFO    |VirtualServer |1  |permission 'i_group_member_remove_power'(id:165) with values (value:75, negated:0, skipchannel:0) was added by 'Radcrazykid2 | 1-L-40'(id:4) to servergroup 'SAPD Cadet'(id:35)
2017-10-29 03:02:14.453724|INFO    |VirtualServer |1  |permission 'i_group_member_remove_power'(id:165) was deleted by 'Radcrazykid2 | 1-L-40'(id:4) from servergroup 'SAPD Cadet'(id:35)
2017-10-29 03:02:15.846240|INFO    |VirtualServer |1  |permission 'i_group_needed_member_remove_power'(id:166) with values (value:70, negated:0, skipchannel:0) was added by 'Radcrazykid2 | 1-L-40'(id:4) to servergroup 'SAPD Cadet'(id:35)
2017-10-29 03:02:17.358954|INFO    |VirtualServer |1  |permission 'i_group_needed_member_add_power'(id:164) with values (value:70, negated:0, skipchannel:0) was added by 'Radcrazykid2 | 1-L-40'(id:4) to servergroup 'SASD Cadet'(id:40)
2017-10-29 03:02:18.404835|INFO    |VirtualServer |1  |permission 'i_group_needed_member_remove_power'(id:166) with values (value:70, negated:0, skipchannel:0) was added by 'Radcrazykid2 | 1-L-40'(id:4) to servergroup 'SASD Cadet'(id:40)
2017-10-29 03:03:50.721243|INFO    |VirtualServer |1  |servergroup 'Coroner'(id:41) was added by 'Radcrazykid2 | 1-L-40'(id:4)
2017-10-29 03:04:11.841341|INFO    |VirtualServer |1  |permission 'b_channel_join_permanent'(id:131) with values (value:1, negated:0, skipchannel:0) was added by 'Radcrazykid2 | 1-L-40'(id:4) to servergroup 'SASD Comm.'(id:38)
2017-10-29 03:04:23.645067|INFO    |VirtualServer |1  |permission 'i_channel_join_power'(id:136) with values (value:70, negated:0, skipchannel:0) was added by 'Radcrazykid2 | 1-L-40'(id:4) to servergroup 'SASD Comm.'(id:38)
2017-10-29 03:04:26.411769|INFO    |VirtualServer |1  |permission 'i_channel_subscribe_power'(id:138) with values (value:75, negated:0, skipchannel:0) was added by 'Radcrazykid2 | 1-L-40'(id:4) to servergroup 'SASD Comm.'(id:38)
2017-10-29 03:04:30.952710|INFO    |VirtualServer |1  |permission 'i_channel_description_view_power'(id:140) with values (value:75, negated:0, skipchannel:0) was added by 'Radcrazykid2 | 1-L-40'(id:4) to servergroup 'SASD Comm.'(id:38)
2017-10-29 03:04:56.149947|INFO    |VirtualServer |1  |permission 'b_channel_join_permanent'(id:131) with values (value:1, negated:0, skipchannel:0) was added by 'Radcrazykid2 | 1-L-40'(id:4) to servergroup 'SAPD Comm.'(id:26)
2017-10-29 03:04:58.355995|INFO    |VirtualServer |1  |permission 'i_channel_join_power'(id:136) with values (value:75, negated:0, skipchannel:0) was added by 'Radcrazykid2 | 1-L-40'(id:4) to servergroup 'SAPD Comm.'(id:26)
2017-10-29 03:04:59.340395|INFO    |VirtualServer |1  |permission 'i_channel_subscribe_power'(id:138) with values (value:75, negated:0, skipchannel:0) was added by 'Radcrazykid2 | 1-L-40'(id:4) to servergroup 'SAPD Comm.'(id:26)
2017-10-29 03:05:00.330600|INFO    |VirtualServer |1  |permission 'i_channel_description_view_power'(id:140) with values (value:75, negated:0, skipchannel:0) was added by 'Radcrazykid2 | 1-L-40'(id:4) to servergroup 'SAPD Comm.'(id:26)
2017-10-29 03:05:02.038630|INFO    |VirtualServer |1  |permission 'i_channel_join_power'(id:136) with values (value:70, negated:0, skipchannel:0) was added by 'Radcrazykid2 | 1-L-40'(id:4) to servergroup 'SAPD Comm.'(id:26)
2017-10-29 03:05:29.981026|INFO    |VirtualServer |1  |permission 'i_channel_join_power'(id:136) with values (value:75, negated:0, skipchannel:0) was added by 'Radcrazykid2 | 1-L-40'(id:4) to servergroup 'SASD Comm.'(id:38)
2017-10-29 03:05:37.684129|INFO    |VirtualServer |1  |permission 'i_channel_join_power'(id:136) with values (value:75, negated:0, skipchannel:0) was added by 'Radcrazykid2 | 1-L-40'(id:4) to servergroup '==San Andreas LEO=='(id:25)
2017-10-29 03:05:38.363834|INFO    |VirtualServer |1  |permission 'i_channel_subscribe_power'(id:138) with values (value:75, negated:0, skipchannel:0) was added by 'Radcrazykid2 | 1-L-40'(id:4) to servergroup '==San Andreas LEO=='(id:25)
2017-10-29 03:05:39.126513|INFO    |VirtualServer |1  |permission 'i_channel_description_view_power'(id:140) with values (value:75, negated:0, skipchannel:0) was added by 'Radcrazykid2 | 1-L-40'(id:4) to servergroup '==San Andreas LEO=='(id:25)
2017-10-29 03:05:39.292535|INFO    |VirtualServer |1  |permission 'b_channel_join_permanent'(id:131) with values (value:1, negated:0, skipchannel:0) was added by 'Radcrazykid2 | 1-L-40'(id:4) to servergroup '==San Andreas LEO=='(id:25)
2017-10-29 03:05:42.372642|INFO    |VirtualServer |1  |permission 'b_channel_join_temporary'(id:133) with values (value:1, negated:0, skipchannel:0) was added by 'Radcrazykid2 | 1-L-40'(id:4) to servergroup '==San Andreas LEO=='(id:25)
2017-10-29 03:05:42.827696|INFO    |VirtualServer |1  |permission 'b_channel_join_semi_permanent'(id:132) with values (value:1, negated:0, skipchannel:0) was added by 'Radcrazykid2 | 1-L-40'(id:4) to servergroup '==San Andreas LEO=='(id:25)
2017-10-29 03:06:28.855038|INFO    |VirtualServer |1  |client (id:6) was added to servergroup 'In-Game Admin'(id:19) by client 'Radcrazykid2 | 1-L-40'(id:4)
2017-10-29 03:06:36.014259|INFO    |VirtualServer |1  |client (id:6) was added to servergroup 'Senior Member'(id:20) by client 'Radcrazykid2 | 1-L-40'(id:4)
2017-10-29 03:06:43.716387|INFO    |VirtualServer |1  |permission 'i_icon_id'(id:142) with values (value:-1232709788, negated:0, skipchannel:0) was added by 'Radcrazykid2 | 1-L-40'(id:4) to servergroup 'Retired Admin'(id:15)
2017-10-29 03:06:48.195820|INFO    |VirtualServer |1  |permission 'i_icon_id'(id:142) with values (value:562027764, negated:0, skipchannel:0) was added by 'Radcrazykid2 | 1-L-40'(id:4) to servergroup 'Disciplinary Admin'(id:16)
2017-10-29 03:06:51.788644|INFO    |VirtualServer |1  |permission 'i_icon_id'(id:142) with values (value:-2096440699, negated:0, skipchannel:0) was added by 'Radcrazykid2 | 1-L-40'(id:4) to servergroup 'General Staff'(id:17)
2017-10-29 03:06:54.850128|INFO    |VirtualServer |1  |permission 'i_icon_id'(id:142) with values (value:1116735422, negated:0, skipchannel:0) was added by 'Radcrazykid2 | 1-L-40'(id:4) to servergroup 'Community Leader'(id:18)
2017-10-29 03:06:59.307172|INFO    |VirtualServer |1  |permission 'i_icon_id'(id:142) with values (value:199054942, negated:0, skipchannel:0) was added by 'Radcrazykid2 | 1-L-40'(id:4) to servergroup 'In-Game Admin'(id:19)
2017-10-29 03:07:03.981974|INFO    |VirtualServer |1  |permission 'i_icon_id'(id:142) with values (value:763733025, negated:0, skipchannel:0) was added by 'Radcrazykid2 | 1-L-40'(id:4) to servergroup 'Senior Member'(id:20)
2017-10-29 03:07:08.380436|INFO    |VirtualServer |1  |permission 'i_icon_id'(id:142) with values (value:-1412032120, negated:0, skipchannel:0) was added by 'Radcrazykid2 | 1-L-40'(id:4) to servergroup 'Senior Member'(id:20)
2017-10-29 03:07:15.069892|INFO    |VirtualServer |1  |permission 'i_icon_id'(id:142) with values (value:677066105, negated:0, skipchannel:0) was added by 'Radcrazykid2 | 1-L-40'(id:4) to servergroup 'Member'(id:21)
2017-10-29 03:07:18.051307|INFO    |VirtualServer |1  |permission 'i_icon_id'(id:142) with values (value:746379343, negated:0, skipchannel:0) was added by 'Radcrazykid2 | 1-L-40'(id:4) to servergroup 'Junior Member'(id:22)
2017-10-29 03:07:35.556190|INFO    |VirtualServer |1  |permission 'i_icon_id'(id:142) with values (value:-1415753079, negated:0, skipchannel:0) was added by 'Radcrazykid2 | 1-L-40'(id:4) to servergroup 'Casual Unrestricted'(id:23)
2017-10-29 03:07:38.467351|INFO    |VirtualServer |1  |permission 'i_icon_id'(id:142) with values (value:-1406899191, negated:0, skipchannel:0) was added by 'Radcrazykid2 | 1-L-40'(id:4) to servergroup 'Casual Restricted'(id:24)
2017-10-29 03:09:16.708534|INFO    |VirtualServer |1  |permission 'i_group_show_name_in_tree'(id:149) with values (value:1, negated:0, skipchannel:0) was added by 'Radcrazykid2 | 1-L-40'(id:4) to servergroup 'SASD Comm.'(id:38)
2017-10-29 03:09:19.828666|INFO    |VirtualServer |1  |permission 'i_group_show_name_in_tree'(id:149) with values (value:1, negated:0, skipchannel:0) was added by 'Radcrazykid2 | 1-L-40'(id:4) to servergroup 'SAPD Comm.'(id:26)
2017-10-29 03:09:35.484895|INFO    |VirtualServer |1  |servergroup '==DOJ=='(id:42) was added by 'Radcrazykid2 | 1-L-40'(id:4)
2017-10-29 03:09:44.272016|INFO    |VirtualServer |1  |servergroup 'Internal Affairs'(id:43) was added by 'Radcrazykid2 | 1-L-40'(id:4)
2017-10-29 03:09:50.414650|INFO    |VirtualServer |1  |servergroup 'FBI'(id:44) was added by 'Radcrazykid2 | 1-L-40'(id:4)
2017-10-29 03:10:01.151913|INFO    |VirtualServer |1  |servergroup 'USCG'(id:45) was added by 'Radcrazykid2 | 1-L-40'(id:4)
2017-10-29 03:10:23.470285|INFO    |VirtualServer |1  |servergroup '==Specialized Units=='(id:46) was added by 'Radcrazykid2 | 1-L-40'(id:4)
2017-10-29 03:10:31.983972|INFO    |VirtualServer |1  |servergroup 'Air Unit'(id:47) was added by 'Radcrazykid2 | 1-L-40'(id:4)
2017-10-29 03:10:50.092323|INFO    |VirtualServer |1  |permission 'i_icon_id'(id:142) with values (value:478832049, negated:0, skipchannel:0) was added by 'Radcrazykid2 | 1-L-40'(id:4) to servergroup 'Deputy Comm.'(id:27)
2017-10-29 03:10:58.030803|INFO    |VirtualServer |1  |permission 'i_icon_id'(id:142) with values (value:-288102730, negated:0, skipchannel:0) was added by 'Radcrazykid2 | 1-L-40'(id:4) to servergroup 'Commander'(id:28)
2017-10-29 03:11:02.197792|INFO    |VirtualServer |1  |permission 'i_icon_id'(id:142) with values (value:1241727404, negated:0, skipchannel:0) was added by 'Radcrazykid2 | 1-L-40'(id:4) to servergroup 'Captain'(id:29)
2017-10-29 03:11:14.515192|INFO    |VirtualServer |1  |permission 'i_icon_id'(id:142) with values (value:184842084, negated:0, skipchannel:0) was added by 'Radcrazykid2 | 1-L-40'(id:4) to servergroup 'Lieutenant'(id:30)
2017-10-29 03:11:29.030833|INFO    |VirtualServer |1  |permission 'i_icon_id'(id:142) with values (value:-1426205775, negated:0, skipchannel:0) was added by 'Radcrazykid2 | 1-L-40'(id:4) to servergroup 'Sergeant'(id:31)
2017-10-29 03:11:44.213446|INFO    |VirtualServer |1  |permission 'i_icon_id'(id:142) with values (value:808654778, negated:0, skipchannel:0) was added by 'Radcrazykid2 | 1-L-40'(id:4) to servergroup 'Sergeant'(id:31)
2017-10-29 03:11:50.738841|INFO    |VirtualServer |1  |permission 'i_icon_id'(id:142) with values (value:671141899, negated:0, skipchannel:0) was added by 'Radcrazykid2 | 1-L-40'(id:4) to servergroup 'Senior Lead Officer'(id:32)
2017-10-29 03:12:00.371713|INFO    |VirtualServer |1  |permission 'i_icon_id'(id:142) with values (value:1068031717, negated:0, skipchannel:0) was added by 'Radcrazykid2 | 1-L-40'(id:4) to servergroup 'Officer'(id:33)
2017-10-29 03:12:09.778869|INFO    |VirtualServer |1  |permission 'i_icon_id'(id:142) with values (value:85368941, negated:0, skipchannel:0) was added by 'Radcrazykid2 | 1-L-40'(id:4) to servergroup 'Coroner'(id:41)
2017-10-29 03:12:16.648000|INFO    |VirtualServer |1  |permission 'i_icon_id'(id:142) with values (value:-164544999, negated:0, skipchannel:0) was added by 'Radcrazykid2 | 1-L-40'(id:4) to servergroup 'Internal Affairs'(id:43)
2017-10-29 03:12:28.996679|INFO    |VirtualServer |1  |permission 'i_icon_id'(id:142) with values (value:-1980569149, negated:0, skipchannel:0) was added by 'Radcrazykid2 | 1-L-40'(id:4) to servergroup 'FBI'(id:44)
2017-10-29 03:13:02.028877|INFO    |VirtualServer |1  |client '[1L-18] KevKilo9'(id:6) was added to channelgroup 'Channel Admin'(id:5) by client 'Radcrazykid2 | 1-L-40'(id:4) in channel 'Game Rooms'(id:14)
2017-10-29 03:13:56.980001|INFO    |VirtualServer |1  |client '[1L-18] KevKilo9'(id:6) was added to channelgroup 'Channel Admin'(id:5) by client 'Radcrazykid2 | 1-L-40'(id:4) in channel 'General Chat (In Game)'(id:12)
2017-10-29 03:14:24.667529|INFO    |VirtualServer |1  |permission 'b_channel_modify_make_permanent'(id:107) with values (value:1) was added by 'Radcrazykid2 | 1-L-40'(id:4) to client (id:6)
2017-10-29 03:14:40.140193|INFO    |VirtualServer |1  |permission 'b_channel_create_permanent'(id:83) with values (value:1) was added by 'Radcrazykid2 | 1-L-40'(id:4) to client (id:6)
2017-10-29 03:14:52.302323|INFO    |VirtualServer |1  |permission 'b_channel_create_modify_with_codec_opusvoice'(id:94) with values (value:1) was added by 'Radcrazykid2 | 1-L-40'(id:4) to client (id:6)
2017-10-29 03:15:04.837477|INFO    |VirtualServer |1  |client (id:6) was added to servergroup '*Lead Admin*'(id:9) by client 'Radcrazykid2 | 1-L-40'(id:4)
2017-10-29 03:15:34.888258|INFO    |VirtualServer |1  |servergroup 'Field Training Officer'(id:48) was added by 'Radcrazykid2 | 1-L-40'(id:4)
2017-10-29 03:15:41.424408|INFO    |VirtualServer |1  |servergroup 'Dispatch'(id:49) was added by 'Radcrazykid2 | 1-L-40'(id:4)
2017-10-29 03:15:54.094309|INFO    |VirtualServer |1  |servergroup 'Detective Bureau'(id:50) was added by 'Radcrazykid2 | 1-L-40'(id:4)
2017-10-29 03:16:02.434151|INFO    |VirtualServer |1  |servergroup 'K9 Unit'(id:51) was added by 'Radcrazykid2 | 1-L-40'(id:4)
2017-10-29 03:16:37.863873|INFO    |VirtualServer |1  |servergroup 'Tactical Support Unit'(id:52) was added by 'Radcrazykid2 | 1-L-40'(id:4)
2017-10-29 03:16:48.985864|INFO    |VirtualServer |1  |permission 'i_icon_id'(id:142) with values (value:-1308340237, negated:0, skipchannel:0) was added by 'Radcrazykid2 | 1-L-40'(id:4) to servergroup 'Air Unit'(id:47)
2017-10-29 03:17:26.140169|INFO    |VirtualServer |1  |permission 'i_icon_id'(id:142) with values (value:674336617, negated:0, skipchannel:0) was added by 'Radcrazykid2 | 1-L-40'(id:4) to servergroup 'Field Training Officer'(id:48)
2017-10-29 03:17:43.919502|INFO    |VirtualServer |1  |permission 'i_icon_id'(id:142) with values (value:87243971, negated:0, skipchannel:0) was added by 'Radcrazykid2 | 1-L-40'(id:4) to servergroup 'Dispatch'(id:49)
2017-10-29 03:18:15.190955|INFO    |VirtualServer |1  |permission 'i_icon_id'(id:142) with values (value:-1832208375, negated:0, skipchannel:0) was added by 'Radcrazykid2 | 1-L-40'(id:4) to servergroup 'Detective Bureau'(id:50)
2017-10-29 03:18:18.221292|INFO    |VirtualServer |1  |permission 'i_icon_id'(id:142) with values (value:-63215438, negated:0, skipchannel:0) was added by 'Radcrazykid2 | 1-L-40'(id:4) to servergroup 'K9 Unit'(id:51)
2017-10-29 03:18:22.273986|INFO    |VirtualServer |1  |permission 'i_icon_id'(id:142) with values (value:-2084026354, negated:0, skipchannel:0) was added by 'Radcrazykid2 | 1-L-40'(id:4) to servergroup 'Tactical Support Unit'(id:52)
2017-10-29 03:18:36.197837|INFO    |VirtualServer |1  |servergroup 'Traffic Unit'(id:53) was added by 'Radcrazykid2 | 1-L-40'(id:4)
2017-10-29 03:18:50.957568|INFO    |VirtualServer |1  |servergroup 'Temp. LEO'(id:54) was added by 'Radcrazykid2 | 1-L-40'(id:4)
2017-10-29 03:18:53.763295|INFO    |VirtualServer |1  |permission 'i_group_sort_id'(id:148) with values (value:32, negated:0, skipchannel:0) was added by 'Radcrazykid2 | 1-L-40'(id:4) to servergroup 'Temp. LEO'(id:54)
2017-10-29 03:19:41.986878|INFO    |VirtualServer |1  |permission 'i_icon_id'(id:142) with values (value:204392231, negated:0, skipchannel:0) was added by 'Radcrazykid2 | 1-L-40'(id:4) to servergroup 'Temp. LEO'(id:54)
2017-10-29 03:19:57.060142|INFO    |VirtualServer |1  |permission 'i_icon_id'(id:142) with values (value:-1190294652, negated:0, skipchannel:0) was added by 'Radcrazykid2 | 1-L-40'(id:4) to servergroup 'Traffic Unit'(id:53)
2017-10-29 03:20:43.914640|INFO    |VirtualServer |1  |servergroup '==San Andreas Fire & Rescue'(id:55) was added by 'Radcrazykid2 | 1-L-40'(id:4)
2017-10-29 03:21:29.142179|INFO    |VirtualServer |1  |servergroup 'Fire Chief'(id:56) was added by 'Radcrazykid2 | 1-L-40'(id:4)
2017-10-29 03:21:36.437106|INFO    |VirtualServer |1  |servergroup 'Battalion Chief'(id:57) was added by 'Radcrazykid2 | 1-L-40'(id:4)
2017-10-29 03:21:46.247602|INFO    |VirtualServer |1  |servergroup 'Fire Lieutenant'(id:58) was added by 'Radcrazykid2 | 1-L-40'(id:4)
2017-10-29 03:21:54.549362|INFO    |VirtualServer |1  |servergroup 'Fire Fighter'(id:59) was added by 'Radcrazykid2 | 1-L-40'(id:4)
2017-10-29 03:21:57.555234|INFO    |VirtualServer |1  |permission 'i_icon_id'(id:142) with values (value:-1652197147) was added by '[1L-18] KevKilo9'(id:6) to channel 'Jail'(id:75)
2017-10-29 03:21:59.045474|INFO    |VirtualServer |1  |servergroup 'Fire Cadet'(id:60) was added by 'Radcrazykid2 | 1-L-40'(id:4)
2017-10-29 03:22:14.618669|INFO    |VirtualServer |1  |servergroup 'Volunteer Fire Fighter'(id:61) was added by 'Radcrazykid2 | 1-L-40'(id:4)
2017-10-29 03:22:18.209535|INFO    |VirtualServer |1  |permission 'i_icon_id'(id:142) with values (value:-512666068, negated:0, skipchannel:0) was added by 'Radcrazykid2 | 1-L-40'(id:4) to servergroup 'Volunteer Fire Fighter'(id:61)
2017-10-29 03:22:53.107013|INFO    |VirtualServer |1  |permission 'i_icon_id'(id:142) with values (value:-580216147, negated:0, skipchannel:0) was added by 'Radcrazykid2 | 1-L-40'(id:4) to servergroup 'Fire Cadet'(id:60)
2017-10-29 03:22:56.481013|INFO    |VirtualServer |1  |permission 'i_icon_id'(id:142) with values (value:125039526, negated:0, skipchannel:0) was added by 'Radcrazykid2 | 1-L-40'(id:4) to servergroup 'Fire Fighter'(id:59)
2017-10-29 03:24:57.378464|INFO    |VirtualServer |1  |permission 'i_icon_id'(id:142) with values (value:1078673879, negated:0, skipchannel:0) was added by 'Radcrazykid2 | 1-L-40'(id:4) to servergroup 'Fire Chief'(id:56)
2017-10-29 03:25:12.169453|INFO    |VirtualServer |1  |permission 'i_icon_id'(id:142) with values (value:569536555, negated:0, skipchannel:0) was added by 'Radcrazykid2 | 1-L-40'(id:4) to servergroup 'Battalion Chief'(id:57)
2017-10-29 03:25:42.700774|INFO    |VirtualServer |1  |permission 'i_icon_id'(id:142) with values (value:-1093348913, negated:0, skipchannel:0) was added by 'Radcrazykid2 | 1-L-40'(id:4) to servergroup 'Fire Lieutenant'(id:58)
2017-10-29 03:25:56.301367|INFO    |VirtualServer |1  |servergroup 'EMS Director'(id:62) was added by 'Radcrazykid2 | 1-L-40'(id:4)
2017-10-29 03:26:04.543517|INFO    |VirtualServer |1  |servergroup 'EMS Supervisor'(id:63) was added by 'Radcrazykid2 | 1-L-40'(id:4)
2017-10-29 03:26:23.091351|INFO    |VirtualServer |1  |permission 'i_icon_id'(id:142) with values (value:-1599606878, negated:0, skipchannel:0) was added by 'Radcrazykid2 | 1-L-40'(id:4) to servergroup 'EMS Director'(id:62)
2017-10-29 03:26:51.194869|INFO    |VirtualServer |1  |permission 'i_icon_id'(id:142) with values (value:-1836907742, negated:0, skipchannel:0) was added by 'Radcrazykid2 | 1-L-40'(id:4) to servergroup 'EMS Supervisor'(id:63)
2017-10-29 03:26:58.317946|INFO    |VirtualServer |1  |servergroup 'Paramedic'(id:64) was added by 'Radcrazykid2 | 1-L-40'(id:4)
2017-10-29 03:27:04.993701|INFO    |VirtualServer |1  |permission 'i_icon_id'(id:142) with values (value:475659083, negated:0, skipchannel:0) was added by 'Radcrazykid2 | 1-L-40'(id:4) to servergroup 'Paramedic'(id:64)
2017-10-29 03:27:42.261287|INFO    |VirtualServer |1  |servergroup '==Training=='(id:65) was added by 'Radcrazykid2 | 1-L-40'(id:4)
2017-10-29 03:27:54.428328|INFO    |VirtualServer |1  |servergroup 'Firearms Qualified'(id:66) was added by 'Radcrazykid2 | 1-L-40'(id:4)
2017-10-29 03:28:12.287697|INFO    |VirtualServer |1  |servergroup 'Tazer Qualified'(id:67) was added by 'Radcrazykid2 | 1-L-40'(id:4)
2017-10-29 03:29:55.069872|INFO    |VirtualServer |1  |servergroup 'Firearms Training Required '(id:68) was added by 'Radcrazykid2 | 1-L-40'(id:4)
2017-10-29 03:30:01.685136|INFO    |VirtualServer |1  |servergroup 'Firearms Suspended'(id:69) was added by 'Radcrazykid2 | 1-L-40'(id:4)
2017-10-29 03:30:10.733923|INFO    |VirtualServer |1  |servergroup 'Driver Training Required'(id:70) was added by 'Radcrazykid2 | 1-L-40'(id:4)
2017-10-29 03:30:24.076727|INFO    |VirtualServer |1  |servergroup 'Driver Suspended'(id:71) was added by 'Radcrazykid2 | 1-L-40'(id:4)
2017-10-29 03:32:37.377477|INFO    |VirtualServer |1  |permission 'i_icon_id'(id:142) with values (value:-1607411058, negated:0, skipchannel:0) was added by 'Radcrazykid2 | 1-L-40'(id:4) to servergroup 'Driver Suspended'(id:71)
2017-10-29 03:32:41.177301|INFO    |VirtualServer |1  |permission 'i_icon_id'(id:142) with values (value:-1999503717, negated:0, skipchannel:0) was added by 'Radcrazykid2 | 1-L-40'(id:4) to servergroup 'Driver Training Required'(id:70)
2017-10-29 03:32:46.561078|INFO    |VirtualServer |1  |permission 'i_icon_id'(id:142) with values (value:-1530922636, negated:0, skipchannel:0) was added by 'Radcrazykid2 | 1-L-40'(id:4) to servergroup 'Firearms Suspended'(id:69)
2017-10-29 03:33:08.528842|INFO    |VirtualServer |1  |permission 'i_icon_id'(id:142) with values (value:250997313, negated:0, skipchannel:0) was added by 'Radcrazykid2 | 1-L-40'(id:4) to servergroup 'Firearms Training Required '(id:68)
2017-10-29 03:33:14.148035|INFO    |VirtualServer |1  |permission 'i_icon_id'(id:142) with values (value:-149370523, negated:0, skipchannel:0) was added by 'Radcrazykid2 | 1-L-40'(id:4) to servergroup 'Tazer Qualified'(id:67)
2017-10-29 03:33:16.394096|INFO    |VirtualServer |1  |permission 'i_icon_id'(id:142) with values (value:1214444705, negated:0, skipchannel:0) was added by 'Radcrazykid2 | 1-L-40'(id:4) to servergroup 'Firearms Qualified'(id:66)
2017-10-29 03:34:32.284723|INFO    |VirtualServer |1  |servergroup 'K9 Training Required'(id:72) was added by 'Radcrazykid2 | 1-L-40'(id:4)
2017-10-29 03:34:46.716350|INFO    |VirtualServer |1  |servergroup 'C2/C3 Certification'(id:73) was added by 'Radcrazykid2 | 1-L-40'(id:4)
2017-10-29 03:34:56.371683|INFO    |VirtualServer |1  |servergroup 'C2/C3 Cert Needed'(id:74) was added by 'Radcrazykid2 | 1-L-40'(id:4)
2017-10-29 03:35:06.888252|INFO    |VirtualServer |1  |servergroup 'LEO Recruit'(id:75) was added by 'Radcrazykid2 | 1-L-40'(id:4)
2017-10-29 03:35:14.300373|INFO    |VirtualServer |1  |servergroup 'LEO Temp.'(id:76) was added by 'Radcrazykid2 | 1-L-40'(id:4)
2017-10-29 03:35:17.699763|INFO    |VirtualServer |1  |permission 'i_icon_id'(id:142) with values (value:-1890977349, negated:0, skipchannel:0) was added by 'Radcrazykid2 | 1-L-40'(id:4) to servergroup 'LEO Temp.'(id:76)
2017-10-29 03:35:21.379439|INFO    |VirtualServer |1  |servergroup 'Temp. LEO'(id:54) was deleted by 'Radcrazykid2 | 1-L-40'(id:4)
2017-10-29 03:35:27.913613|INFO    |VirtualServer |1  |permission 'i_group_sort_id'(id:148) with values (value:32, negated:0, skipchannel:0) was added by 'Radcrazykid2 | 1-L-40'(id:4) to servergroup 'Coroner'(id:41)
2017-10-29 03:35:37.990814|INFO    |VirtualServer |1  |servergroup 'Pilot Certified'(id:77) was added by 'Radcrazykid2 | 1-L-40'(id:4)
2017-10-29 03:35:45.637263|INFO    |VirtualServer |1  |servergroup '==Civilian=='(id:78) was added by 'Radcrazykid2 | 1-L-40'(id:4)
2017-10-29 03:35:55.269084|INFO    |VirtualServer |1  |servergroup 'Mayor of San andreas'(id:79) was added by 'Radcrazykid2 | 1-L-40'(id:4)
2017-10-29 03:35:59.961501|INFO    |VirtualServer |1  |servergroup 'Mayor of San andreas'(id:79) was renamed to 'Mayor of San Andreas' by 'Radcrazykid2 | 1-L-40'(id:4)
2017-10-29 03:36:05.403873|INFO    |VirtualServer |1  |servergroup 'Doctor'(id:80) was added by 'Radcrazykid2 | 1-L-40'(id:4)
2017-10-29 03:36:12.620691|INFO    |VirtualServer |1  |servergroup 'Taxi Driver'(id:81) was added by 'Radcrazykid2 | 1-L-40'(id:4)
2017-10-29 03:36:33.000595|INFO    |VirtualServer |1  |servergroup 'Delivery Driver'(id:82) was added by 'Radcrazykid2 | 1-L-40'(id:4)
2017-10-29 03:36:39.655877|INFO    |VirtualServer |1  |servergroup 'Tow Truck Driver'(id:83) was added by 'Radcrazykid2 | 1-L-40'(id:4)
2017-10-29 03:36:51.677348|INFO    |VirtualServer |1  |servergroup 'Bus Driver'(id:84) was added by 'Radcrazykid2 | 1-L-40'(id:4)
2017-10-29 03:36:59.373625|INFO    |VirtualServer |1  |servergroup 'Pilot'(id:85) was added by 'Radcrazykid2 | 1-L-40'(id:4)
2017-10-29 03:37:10.726167|INFO    |VirtualServer |1  |servergroup 'Construction Worker'(id:86) was added by 'Radcrazykid2 | 1-L-40'(id:4)
2017-10-29 03:37:14.403981|INFO    |VirtualServer |1  |servergroup 'Security'(id:87) was added by 'Radcrazykid2 | 1-L-40'(id:4)
2017-10-29 03:37:20.399935|INFO    |VirtualServer |1  |servergroup 'Civilian'(id:88) was added by 'Radcrazykid2 | 1-L-40'(id:4)
2017-10-29 03:37:47.643117|INFO    |VirtualServer |1  |servergroup 'Reserve Civilian'(id:89) was added by 'Radcrazykid2 | 1-L-40'(id:4)
2017-10-29 03:37:55.413672|INFO    |VirtualServer |1  |servergroup 'Criminal'(id:90) was added by 'Radcrazykid2 | 1-L-40'(id:4)
2017-10-29 03:38:03.188065|INFO    |VirtualServer |1  |servergroup 'FBI's Most Wanted'(id:91) was added by 'Radcrazykid2 | 1-L-40'(id:4)
2017-10-29 03:38:12.243699|INFO    |VirtualServer |1  |servergroup '==Developers=='(id:92) was added by 'Radcrazykid2 | 1-L-40'(id:4)
2017-10-29 03:38:21.569858|INFO    |VirtualServer |1  |permission 'i_icon_id'(id:142) with values (value:1815735829, negated:0, skipchannel:0) was added by 'Radcrazykid2 | 1-L-40'(id:4) to servergroup 'C2/C3 Certification'(id:73)
2017-10-29 03:38:32.640191|INFO    |VirtualServer |1  |permission 'i_icon_id'(id:142) with values (value:-397408390, negated:0, skipchannel:0) was added by 'Radcrazykid2 | 1-L-40'(id:4) to servergroup 'Mayor of San Andreas'(id:79)
2017-10-29 03:38:37.504474|INFO    |VirtualServer |1  |permission 'i_icon_id'(id:142) with values (value:278659660, negated:0, skipchannel:0) was added by 'Radcrazykid2 | 1-L-40'(id:4) to servergroup 'Doctor'(id:80)
2017-10-29 03:38:45.784738|INFO    |VirtualServer |1  |permission 'i_icon_id'(id:142) with values (value:-1428163009, negated:0, skipchannel:0) was added by 'Radcrazykid2 | 1-L-40'(id:4) to servergroup 'Taxi Driver'(id:81)
2017-10-29 03:38:59.408773|INFO    |VirtualServer |1  |permission 'i_icon_id'(id:142) with values (value:1501844119, negated:0, skipchannel:0) was added by 'Radcrazykid2 | 1-L-40'(id:4) to servergroup 'Delivery Driver'(id:82)
2017-10-29 03:39:07.937053|INFO    |VirtualServer |1  |permission 'i_icon_id'(id:142) with values (value:-383405935, negated:0, skipchannel:0) was added by 'Radcrazykid2 | 1-L-40'(id:4) to servergroup 'Tow Truck Driver'(id:83)
2017-10-29 03:39:13.637292|INFO    |VirtualServer |1  |permission 'i_icon_id'(id:142) with values (value:2003727143, negated:0, skipchannel:0) was added by 'Radcrazykid2 | 1-L-40'(id:4) to servergroup 'Bus Driver'(id:84)
2017-10-29 03:39:22.863928|INFO    |VirtualServer |1  |permission 'i_icon_id'(id:142) with values (value:2003727143, negated:0, skipchannel:0) was added by 'Radcrazykid2 | 1-L-40'(id:4) to servergroup 'Pilot'(id:85)
2017-10-29 03:39:28.144075|INFO    |VirtualServer |1  |permission 'i_icon_id'(id:142) with values (value:-555922515, negated:0, skipchannel:0) was added by 'Radcrazykid2 | 1-L-40'(id:4) to servergroup 'Construction Worker'(id:86)
2017-10-29 03:39:32.939984|INFO    |VirtualServer |1  |permission 'i_icon_id'(id:142) with values (value:1483396842, negated:0, skipchannel:0) was added by 'Radcrazykid2 | 1-L-40'(id:4) to servergroup 'Security'(id:87)
2017-10-29 03:39:36.784709|INFO    |VirtualServer |1  |permission 'i_icon_id'(id:142) with values (value:270108242, negated:0, skipchannel:0) was added by 'Radcrazykid2 | 1-L-40'(id:4) to servergroup 'Civilian'(id:88)
2017-10-29 03:39:42.136285|INFO    |VirtualServer |1  |permission 'i_icon_id'(id:142) with values (value:1529263021, negated:0, skipchannel:0) was added by 'Radcrazykid2 | 1-L-40'(id:4) to servergroup 'Reserve Civilian'(id:89)
2017-10-29 03:39:45.584556|INFO    |VirtualServer |1  |permission 'i_icon_id'(id:142) with values (value:463254636, negated:0, skipchannel:0) was added by 'Radcrazykid2 | 1-L-40'(id:4) to servergroup 'Criminal'(id:90)
2017-10-29 03:39:49.623646|INFO    |VirtualServer |1  |permission 'i_icon_id'(id:142) with values (value:446998080, negated:0, skipchannel:0) was added by 'Radcrazykid2 | 1-L-40'(id:4) to servergroup 'FBI's Most Wanted'(id:91)
2017-10-29 03:40:11.405791|INFO    |VirtualServer |1  |servergroup '*Lead Admin*'(id:9) was copied by 'Radcrazykid2 | 1-L-40'(id:4) to 'Teamspeak Dev'(id:93)
2017-10-29 03:40:15.162749|INFO    |VirtualServer |1  |permission 'i_group_sort_id'(id:148) with values (value:0, negated:0, skipchannel:0) was added by 'Radcrazykid2 | 1-L-40'(id:4) to servergroup 'Teamspeak Dev'(id:93)
2017-10-29 03:40:19.756426|INFO    |VirtualServer |1  |permission 'i_icon_id'(id:142) with values (value:-1817012833, negated:0, skipchannel:0) was added by 'Radcrazykid2 | 1-L-40'(id:4) to servergroup 'Teamspeak Dev'(id:93)
2017-10-29 03:40:31.157862|INFO    |VirtualServer |1  |servergroup 'Script Developer'(id:94) was added by 'Radcrazykid2 | 1-L-40'(id:4)
2017-10-29 03:40:40.999622|INFO    |VirtualServer |1  |permission 'i_icon_id'(id:142) with values (value:52966479, negated:0, skipchannel:0) was added by 'Radcrazykid2 | 1-L-40'(id:4) to servergroup 'Script Developer'(id:94)
2017-10-29 03:40:44.644099|INFO    |VirtualServer |1  |servergroup '=='(id:95) was added by 'Radcrazykid2 | 1-L-40'(id:4)
2017-10-29 03:41:01.005419|INFO    |VirtualServer |1  |servergroup '=='(id:95) was renamed to '==Punishments==' by 'Radcrazykid2 | 1-L-40'(id:4)
2017-10-29 03:41:09.733940|INFO    |VirtualServer |1  |servergroup 'Warning One'(id:96) was added by 'Radcrazykid2 | 1-L-40'(id:4)
2017-10-29 03:41:14.580626|INFO    |VirtualServer |1  |servergroup 'Warning Two'(id:97) was added by 'Radcrazykid2 | 1-L-40'(id:4)
2017-10-29 03:41:22.556195|INFO    |VirtualServer |1  |servergroup 'Warning Three'(id:98) was added by 'Radcrazykid2 | 1-L-40'(id:4)
2017-10-29 03:41:31.376516|INFO    |VirtualServer |1  |permission 'i_icon_id'(id:142) with values (value:656281992, negated:0, skipchannel:0) was added by 'Radcrazykid2 | 1-L-40'(id:4) to servergroup 'Warning One'(id:96)
2017-10-29 03:41:38.151889|INFO    |VirtualServer |1  |permission 'i_icon_id'(id:142) with values (value:1684894752, negated:0, skipchannel:0) was added by 'Radcrazykid2 | 1-L-40'(id:4) to servergroup 'Warning Two'(id:97)
2017-10-29 03:41:42.104035|INFO    |VirtualServer |1  |permission 'i_icon_id'(id:142) with values (value:-1638472676, negated:0, skipchannel:0) was added by 'Radcrazykid2 | 1-L-40'(id:4) to servergroup 'Warning Three'(id:98)
2017-10-29 03:41:57.385307|INFO    |VirtualServer |1  |permission 'i_group_sort_id'(id:148) with values (value:33, negated:0, skipchannel:0) was added by 'Radcrazykid2 | 1-L-40'(id:4) to servergroup '==DOJ=='(id:42)
2017-10-29 03:42:00.735891|INFO    |VirtualServer |1  |permission 'i_group_sort_id'(id:148) with values (value:34, negated:0, skipchannel:0) was added by 'Radcrazykid2 | 1-L-40'(id:4) to servergroup 'Internal Affairs'(id:43)
2017-10-29 03:42:09.633368|INFO    |VirtualServer |1  |permission 'i_group_sort_id'(id:148) with values (value:35, negated:0, skipchannel:0) was added by 'Radcrazykid2 | 1-L-40'(id:4) to servergroup 'FBI'(id:44)
2017-10-29 03:42:13.739813|INFO    |VirtualServer |1  |permission 'i_group_sort_id'(id:148) with values (value:36, negated:0, skipchannel:0) was added by 'Radcrazykid2 | 1-L-40'(id:4) to servergroup 'USCG'(id:45)
2017-10-29 03:42:17.873575|INFO    |VirtualServer |1  |permission 'i_group_sort_id'(id:148) with values (value:37, negated:0, skipchannel:0) was added by 'Radcrazykid2 | 1-L-40'(id:4) to servergroup '==Specialized Units=='(id:46)
2017-10-29 03:42:20.930298|INFO    |VirtualServer |1  |permission 'i_group_sort_id'(id:148) with values (value:38, negated:0, skipchannel:0) was added by 'Radcrazykid2 | 1-L-40'(id:4) to servergroup 'Air Unit'(id:47)
2017-10-29 03:42:48.351112|INFO    |VirtualServer |1  |permission 'i_group_sort_id'(id:148) with values (value:75, negated:0, skipchannel:0) was added by 'Radcrazykid2 | 1-L-40'(id:4) to servergroup 'Dispatch'(id:49)
2017-10-29 03:42:52.865793|INFO    |VirtualServer |1  |permission 'i_group_sort_id'(id:148) with values (value:39, negated:0, skipchannel:0) was added by 'Radcrazykid2 | 1-L-40'(id:4) to servergroup 'Field Training Officer'(id:48)
2017-10-29 03:42:57.450721|INFO    |VirtualServer |1  |permission 'i_group_sort_id'(id:148) with values (value:40, negated:0, skipchannel:0) was added by 'Radcrazykid2 | 1-L-40'(id:4) to servergroup 'Detective Bureau'(id:50)
2017-10-29 03:43:06.473195|INFO    |VirtualServer |1  |permission 'i_group_sort_id'(id:148) with values (value:41, negated:0, skipchannel:0) was added by 'Radcrazykid2 | 1-L-40'(id:4) to servergroup 'K9 Unit'(id:51)
2017-10-29 03:43:09.592383|INFO    |VirtualServer |1  |permission 'i_group_sort_id'(id:148) with values (value:42, negated:0, skipchannel:0) was added by 'Radcrazykid2 | 1-L-40'(id:4) to servergroup 'Tactical Support Unit'(id:52)
2017-10-29 03:43:11.472201|INFO    |VirtualServer |1  |permission 'i_group_sort_id'(id:148) with values (value:43, negated:0, skipchannel:0) was added by 'Radcrazykid2 | 1-L-40'(id:4) to servergroup 'Traffic Unit'(id:53)
2017-10-29 03:43:13.703683|INFO    |VirtualServer |1  |permission 'i_group_sort_id'(id:148) with values (value:45, negated:0, skipchannel:0) was added by 'Radcrazykid2 | 1-L-40'(id:4) to servergroup '==San Andreas Fire & Rescue'(id:55)
2017-10-29 03:43:18.285687|INFO    |VirtualServer |1  |permission 'i_group_sort_id'(id:148) with values (value:46, negated:0, skipchannel:0) was added by 'Radcrazykid2 | 1-L-40'(id:4) to servergroup 'Fire Chief'(id:56)
2017-10-29 03:43:43.101139|INFO    |VirtualServer |1  |permission 'i_group_sort_id'(id:148) with values (value:47, negated:0, skipchannel:0) was added by 'Radcrazykid2 | 1-L-40'(id:4) to servergroup 'Battalion Chief'(id:57)
2017-10-29 03:43:45.607975|INFO    |VirtualServer |1  |permission 'i_group_sort_id'(id:148) with values (value:48, negated:0, skipchannel:0) was added by 'Radcrazykid2 | 1-L-40'(id:4) to servergroup 'Fire Lieutenant'(id:58)
2017-10-29 03:43:48.216393|INFO    |VirtualServer |1  |permission 'i_group_sort_id'(id:148) with values (value:49, negated:0, skipchannel:0) was added by 'Radcrazykid2 | 1-L-40'(id:4) to servergroup 'Fire Fighter'(id:59)
2017-10-29 03:43:52.951712|INFO    |VirtualServer |1  |permission 'i_group_sort_id'(id:148) with values (value:50, negated:0, skipchannel:0) was added by 'Radcrazykid2 | 1-L-40'(id:4) to servergroup 'Fire Cadet'(id:60)
2017-10-29 03:43:56.303313|INFO    |VirtualServer |1  |permission 'i_group_sort_id'(id:148) with values (value:51, negated:0, skipchannel:0) was added by 'Radcrazykid2 | 1-L-40'(id:4) to servergroup 'Volunteer Fire Fighter'(id:61)
2017-10-29 03:44:04.650955|INFO    |VirtualServer |1  |permission 'i_group_sort_id'(id:148) with values (value:52, negated:0, skipchannel:0) was added by 'Radcrazykid2 | 1-L-40'(id:4) to servergroup 'EMS Director'(id:62)
2017-10-29 03:44:07.898025|INFO    |VirtualServer |1  |permission 'i_group_sort_id'(id:148) with values (value:53, negated:0, skipchannel:0) was added by 'Radcrazykid2 | 1-L-40'(id:4) to servergroup 'EMS Supervisor'(id:63)
2017-10-29 03:44:10.296451|INFO    |VirtualServer |1  |permission 'i_group_sort_id'(id:148) with values (value:54, negated:0, skipchannel:0) was added by 'Radcrazykid2 | 1-L-40'(id:4) to servergroup 'Paramedic'(id:64)
2017-10-29 03:44:12.144175|INFO    |VirtualServer |1  |permission 'i_group_sort_id'(id:148) with values (value:55, negated:0, skipchannel:0) was added by 'Radcrazykid2 | 1-L-40'(id:4) to servergroup '==Training=='(id:65)
2017-10-29 03:44:29.017158|INFO    |VirtualServer |1  |permission 'i_group_sort_id'(id:148) with values (value:56, negated:0, skipchannel:0) was added by 'Radcrazykid2 | 1-L-40'(id:4) to servergroup 'Firearms Qualified'(id:66)
2017-10-29 03:44:31.488806|INFO    |VirtualServer |1  |permission 'i_group_sort_id'(id:148) with values (value:57, negated:0, skipchannel:0) was added by 'Radcrazykid2 | 1-L-40'(id:4) to servergroup 'Tazer Qualified'(id:67)
2017-10-29 03:44:33.526895|INFO    |VirtualServer |1  |permission 'i_group_sort_id'(id:148) with values (value:58, negated:0, skipchannel:0) was added by 'Radcrazykid2 | 1-L-40'(id:4) to servergroup 'Firearms Training Required '(id:68)
2017-10-29 03:44:37.679316|INFO    |VirtualServer |1  |permission 'i_group_sort_id'(id:148) with values (value:59, negated:0, skipchannel:0) was added by 'Radcrazykid2 | 1-L-40'(id:4) to servergroup 'Firearms Suspended'(id:69)
2017-10-29 03:44:39.915552|INFO    |VirtualServer |1  |permission 'i_group_sort_id'(id:148) with values (value:60, negated:0, skipchannel:0) was added by 'Radcrazykid2 | 1-L-40'(id:4) to servergroup 'Driver Training Required'(id:70)
2017-10-29 03:44:51.318230|INFO    |VirtualServer |1  |permission 'i_group_sort_id'(id:148) with values (value:61, negated:0, skipchannel:0) was added by 'Radcrazykid2 | 1-L-40'(id:4) to servergroup 'Driver Suspended'(id:71)
2017-10-29 03:44:56.137338|INFO    |VirtualServer |1  |permission 'i_group_sort_id'(id:148) with values (value:62, negated:0, skipchannel:0) was added by 'Radcrazykid2 | 1-L-40'(id:4) to servergroup 'K9 Training Required'(id:72)
2017-10-29 03:44:59.492785|INFO    |VirtualServer |1  |permission 'i_group_sort_id'(id:148) with values (value:63, negated:0, skipchannel:0) was added by 'Radcrazykid2 | 1-L-40'(id:4) to servergroup 'C2/C3 Certification'(id:73)
2017-10-29 03:45:01.209504|INFO    |VirtualServer |1  |permission 'i_group_sort_id'(id:148) with values (value:64, negated:0, skipchannel:0) was added by 'Radcrazykid2 | 1-L-40'(id:4) to servergroup 'C2/C3 Cert Needed'(id:74)
2017-10-29 03:45:17.409718|INFO    |VirtualServer |1  |permission 'i_group_sort_id'(id:148) with values (value:65, negated:0, skipchannel:0) was added by 'Radcrazykid2 | 1-L-40'(id:4) to servergroup 'Dispatch'(id:49)
2017-10-29 03:45:25.336524|INFO    |VirtualServer |1  |permission 'i_group_sort_id'(id:148) with values (value:66, negated:0, skipchannel:0) was added by 'Radcrazykid2 | 1-L-40'(id:4) to servergroup 'LEO Recruit'(id:75)
2017-10-29 03:45:27.999588|INFO    |VirtualServer |1  |permission 'i_group_sort_id'(id:148) with values (value:67, negated:0, skipchannel:0) was added by 'Radcrazykid2 | 1-L-40'(id:4) to servergroup 'LEO Temp.'(id:76)
2017-10-29 03:45:30.961499|INFO    |VirtualServer |1  |permission 'i_group_sort_id'(id:148) with values (value:68, negated:0, skipchannel:0) was added by 'Radcrazykid2 | 1-L-40'(id:4) to servergroup 'Pilot Certified'(id:77)
2017-10-29 03:45:36.217324|INFO    |VirtualServer |1  |permission 'i_group_sort_id'(id:148) with values (value:69, negated:0, skipchannel:0) was added by 'Radcrazykid2 | 1-L-40'(id:4) to servergroup '==Civilian=='(id:78)
2017-10-29 03:45:41.943898|INFO    |VirtualServer |1  |permission 'i_group_sort_id'(id:148) with values (value:70, negated:0, skipchannel:0) was added by 'Radcrazykid2 | 1-L-40'(id:4) to servergroup 'Mayor of San Andreas'(id:79)
2017-10-29 03:45:46.654840|INFO    |VirtualServer |1  |permission 'i_group_sort_id'(id:148) with values (value:71, negated:0, skipchannel:0) was added by 'Radcrazykid2 | 1-L-40'(id:4) to servergroup 'Doctor'(id:80)
2017-10-29 03:45:49.575725|INFO    |VirtualServer |1  |permission 'i_group_sort_id'(id:148) with values (value:72, negated:0, skipchannel:0) was added by 'Radcrazykid2 | 1-L-40'(id:4) to servergroup 'Taxi Driver'(id:81)
2017-10-29 03:45:52.335514|INFO    |VirtualServer |1  |permission 'i_group_sort_id'(id:148) with values (value:73, negated:0, skipchannel:0) was added by 'Radcrazykid2 | 1-L-40'(id:4) to servergroup 'Delivery Driver'(id:82)
2017-10-29 03:46:02.311116|INFO    |VirtualServer |1  |permission 'i_group_sort_id'(id:148) with values (value:74, negated:0, skipchannel:0) was added by 'Radcrazykid2 | 1-L-40'(id:4) to servergroup 'Tow Truck Driver'(id:83)
2017-10-29 03:46:35.255470|INFO    |VirtualServer |1  |permission 'i_group_sort_id'(id:148) with values (value:75, negated:0, skipchannel:0) was added by 'Radcrazykid2 | 1-L-40'(id:4) to servergroup 'Bus Driver'(id:84)
2017-10-29 03:46:57.339415|INFO    |VirtualServer |1  |permission 'i_group_sort_id'(id:148) with values (value:75, negated:0, skipchannel:0) was added by 'Radcrazykid2 | 1-L-40'(id:4) to servergroup 'Pilot'(id:85)
2017-10-29 03:47:09.008377|INFO    |VirtualServer |1  |permission 'i_icon_id'(id:142) with values (value:-602697821, negated:0, skipchannel:0) was added by 'Radcrazykid2 | 1-L-40'(id:4) to servergroup 'Pilot'(id:85)
2017-10-29 03:47:25.922426|INFO    |VirtualServer |1  |permission 'i_group_sort_id'(id:148) with values (value:76, negated:0, skipchannel:0) was added by 'Radcrazykid2 | 1-L-40'(id:4) to servergroup 'Pilot'(id:85)
2017-10-29 03:50:19.035681|INFO    |VirtualServer |1  |permission 'i_group_sort_id'(id:148) with values (value:78, negated:0, skipchannel:0) was added by 'Radcrazykid2 | 1-L-40'(id:4) to servergroup 'Construction Worker'(id:86)
2017-10-29 03:50:33.031833|INFO    |VirtualServer |1  |client (id:4) was added to servergroup '==Civilian=='(id:78) by client 'Radcrazykid2 | 1-L-40'(id:4)
2017-10-29 03:50:35.762257|INFO    |VirtualServer |1  |client (id:4) was added to servergroup 'Criminal'(id:90) by client 'Radcrazykid2 | 1-L-40'(id:4)
2017-10-29 03:50:38.815012|INFO    |VirtualServer |1  |client (id:4) was added to servergroup 'FBI's Most Wanted'(id:91) by client 'Radcrazykid2 | 1-L-40'(id:4)
2017-10-29 03:50:41.104049|INFO    |VirtualServer |1  |client (id:4) was removed from servergroup 'Criminal'(id:90) by client 'Radcrazykid2 | 1-L-40'(id:4)
2017-10-29 03:50:57.313027|INFO    |VirtualServer |1  |client (id:4) was added to servergroup '==DOJ=='(id:42) by client 'Radcrazykid2 | 1-L-40'(id:4)
2017-10-29 03:51:01.041536|INFO    |VirtualServer |1  |client (id:4) was added to servergroup 'Internal Affairs'(id:43) by client 'Radcrazykid2 | 1-L-40'(id:4)
2017-10-29 03:51:10.520141|INFO    |VirtualServer |1  |client (id:4) was added to servergroup 'Security'(id:87) by client 'Radcrazykid2 | 1-L-40'(id:4)
2017-10-29 04:21:50.333794|INFO    |VirtualServer |1  |client (id:7) was added to servergroup 'Community Director'(id:13) by client 'Radcrazykid2 | 1-L-40'(id:4)
2017-10-29 04:21:54.177706|INFO    |VirtualServer |1  |client (id:7) was added to servergroup '==San Andreas LEO=='(id:25) by client 'Radcrazykid2 | 1-L-40'(id:4)
2017-10-29 04:21:57.427400|INFO    |VirtualServer |1  |client (id:7) was added to servergroup 'SAPD Comm.'(id:26) by client 'Radcrazykid2 | 1-L-40'(id:4)
2017-10-29 04:22:03.271192|INFO    |VirtualServer |1  |client (id:7) was added to servergroup '==Developers=='(id:92) by client 'Radcrazykid2 | 1-L-40'(id:4)
2017-10-29 04:22:06.739834|INFO    |VirtualServer |1  |client (id:7) was added to servergroup 'Teamspeak Dev'(id:93) by client 'Radcrazykid2 | 1-L-40'(id:4)
2017-10-29 09:00:15.883323|INFO    |VirtualServer |1  |client (id:6) was added to servergroup 'K9 Unit'(id:51) by client '[1L-18] KevKilo9'(id:6)
2017-10-29 09:00:22.293564|INFO    |VirtualServer |1  |client (id:6) was added to servergroup 'Tactical Support Unit'(id:52) by client '[1L-18] KevKilo9'(id:6)
2017-10-29 09:00:34.390175|INFO    |VirtualServer |1  |client (id:6) was added to servergroup '==Specialized Units=='(id:46) by client '[1L-18] KevKilo9'(id:6)
2017-10-29 09:00:41.618772|INFO    |VirtualServer |1  |client (id:6) was added to servergroup 'Traffic Unit'(id:53) by client '[1L-18] KevKilo9'(id:6)
2017-10-29 09:00:52.304242|INFO    |VirtualServer |1  |client (id:6) was added to servergroup 'C2/C3 Certification'(id:73) by client '[1L-18] KevKilo9'(id:6)
2017-10-29 09:01:06.514233|INFO    |VirtualServer |1  |client (id:6) was added to servergroup 'Tazer Qualified'(id:67) by client '[1L-18] KevKilo9'(id:6)
2017-10-29 09:01:11.006412|INFO    |VirtualServer |1  |client (id:6) was added to servergroup 'Firearms Qualified'(id:66) by client '[1L-18] KevKilo9'(id:6)
2017-10-29 09:01:22.064008|INFO    |VirtualServer |1  |client (id:6) was added to servergroup '==Training=='(id:65) by client '[1L-18] KevKilo9'(id:6)
2017-10-30 05:21:50.870676|INFO    |PktHandler    |1  |Cleaning up connection because of 2 resends of COMMAND packet
2017-10-30 05:21:50.871642|INFO    |PktHandler    |1  |Dropping client 5 because of resend timeout
2017-10-30 05:22:45.171457|INFO    |PktHandler    |1  |Dropping client 3 because of ping timeout 19 0 0
2017-10-30 05:28:23.747686|INFO    |PktHandler    |1  |Dropping client 6 because of ping timeout 19 0 0
2017-10-30 05:39:08.672439|INFO    |PktHandler    |1  |Dropping client 7 because of ping timeout 19 0 0
2017-10-30 05:51:46.607992|INFO    |PktHandler    |1  |Dropping client 3 because of ping timeout 19 0 0
2017-10-30 05:57:40.060099|INFO    |PktHandler    |1  |Dropping client 6 because of ping timeout 19 0 0
2017-10-30 06:01:43.371632|INFO    |VirtualServer |1  |client (id:7) was added to servergroup 'Pilot Certified'(id:77) by client 'FAXES'(id:7)
2017-10-30 06:20:28.312126|INFO    |VirtualServer |1  |client (id:8) was added to servergroup '*Lead Admin*'(id:9) by client 'Radcrazykid2 | 1-L-40'(id:4)
2017-10-30 06:21:06.317924|INFO    |VirtualServer |1  |client (id:8) was added to servergroup 'SASD Comm.'(id:38) by client '[1S-1] KevKilo9'(id:8)
2017-10-30 06:21:16.116728|INFO    |VirtualServer |1  |client (id:8) was added to servergroup 'Senior Member'(id:20) by client '[1S-1] KevKilo9'(id:8)
2017-10-30 06:21:29.506383|INFO    |VirtualServer |1  |client (id:8) was added to servergroup 'In-Game Admin'(id:19) by client '[1S-1] KevKilo9'(id:8)
2017-10-30 06:21:43.995643|INFO    |VirtualServer |1  |client (id:8) was added to servergroup 'Air Unit'(id:47) by client '[1S-1] KevKilo9'(id:8)
2017-10-30 06:21:47.977158|INFO    |VirtualServer |1  |client (id:8) was added to servergroup 'Field Training Officer'(id:48) by client '[1S-1] KevKilo9'(id:8)
2017-10-30 06:21:49.436067|INFO    |VirtualServer |1  |client (id:8) was added to servergroup 'Detective Bureau'(id:50) by client '[1S-1] KevKilo9'(id:8)
2017-10-30 06:21:50.807189|INFO    |VirtualServer |1  |client (id:8) was added to servergroup 'K9 Unit'(id:51) by client '[1S-1] KevKilo9'(id:8)
2017-10-30 06:21:51.619649|INFO    |VirtualServer |1  |client (id:8) was added to servergroup 'Tactical Support Unit'(id:52) by client '[1S-1] KevKilo9'(id:8)
2017-10-30 06:21:53.707566|INFO    |VirtualServer |1  |client (id:8) was added to servergroup 'Traffic Unit'(id:53) by client '[1S-1] KevKilo9'(id:8)
2017-10-30 06:22:01.531810|INFO    |VirtualServer |1  |client (id:8) was added to servergroup 'Firearms Qualified'(id:66) by client '[1S-1] KevKilo9'(id:8)
2017-10-30 06:22:02.284743|INFO    |VirtualServer |1  |client (id:8) was added to servergroup 'Tazer Qualified'(id:67) by client '[1S-1] KevKilo9'(id:8)
2017-10-30 06:22:22.643144|INFO    |VirtualServer |1  |client (id:8) was added to servergroup 'C2/C3 Certification'(id:73) by client '[1S-1] KevKilo9'(id:8)
2017-10-30 06:22:25.945929|INFO    |VirtualServer |1  |client (id:8) was added to servergroup 'Dispatch'(id:49) by client '[1S-1] KevKilo9'(id:8)
2017-10-30 06:22:30.384359|INFO    |VirtualServer |1  |client (id:8) was added to servergroup 'Reserve Civilian'(id:89) by client '[1S-1] KevKilo9'(id:8)
2017-10-30 06:22:34.146038|INFO    |VirtualServer |1  |client (id:8) was added to servergroup '==Civilian=='(id:78) by client '[1S-1] KevKilo9'(id:8)
2017-10-30 06:22:38.788637|INFO    |VirtualServer |1  |client (id:8) was added to servergroup '==Training=='(id:65) by client '[1S-1] KevKilo9'(id:8)
2017-10-30 06:22:46.482016|INFO    |VirtualServer |1  |client (id:8) was added to servergroup '==Specialized Units=='(id:46) by client '[1S-1] KevKilo9'(id:8)
2017-10-30 06:22:54.189979|INFO    |VirtualServer |1  |client (id:8) was added to servergroup '==San Andreas LEO=='(id:25) by client '[1S-1] KevKilo9'(id:8)
2017-10-30 06:39:45.411872|INFO    |PktHandler    |1  |Dropping client 5 because of ping timeout 19 0 0
2017-10-30 06:39:55.703717|INFO    |VirtualServer |1  |client (id:6) was removed from servergroup 'Traffic Unit'(id:53) by client 'Radcrazykid2 | 1-L-40'(id:4)
2017-10-30 06:39:56.559129|INFO    |VirtualServer |1  |client (id:8) was removed from servergroup 'Traffic Unit'(id:53) by client 'Radcrazykid2 | 1-L-40'(id:4)
2017-10-30 06:44:02.347257|INFO    |PktHandler    |1  |Dropping client 3 because of ping timeout 19 0 0
2017-10-30 07:55:11.815950|INFO    |VirtualServer |1  |client (id:9) was added to servergroup '*Lead Admin*'(id:9) by client '[1S-1] KevKilo9'(id:8)
2017-10-30 07:55:20.485875|INFO    |VirtualServer |1  |client (id:9) was added to servergroup 'In-Game Admin'(id:19) by client '[1S-1] KevKilo9'(id:8)
2017-10-30 07:55:22.309128|INFO    |VirtualServer |1  |client (id:9) was added to servergroup 'Senior Member'(id:20) by client '[1S-1] KevKilo9'(id:8)
2017-10-30 07:55:25.191954|INFO    |VirtualServer |1  |client (id:9) was added to servergroup '==San Andreas LEO=='(id:25) by client '[1S-1] KevKilo9'(id:8)
2017-10-30 07:55:26.439083|INFO    |VirtualServer |1  |client (id:9) was added to servergroup 'SASD Comm.'(id:38) by client '[1S-1] KevKilo9'(id:8)
2017-10-30 07:55:31.149939|INFO    |VirtualServer |1  |client (id:9) was added to servergroup '==DOJ=='(id:42) by client '[1S-1] KevKilo9'(id:8)
2017-10-30 07:55:34.307189|INFO    |VirtualServer |1  |client (id:9) was removed from servergroup '==DOJ=='(id:42) by client '[1S-1] KevKilo9'(id:8)
2017-10-30 07:55:35.637259|INFO    |VirtualServer |1  |client (id:9) was added to servergroup '==Specialized Units=='(id:46) by client '[1S-1] KevKilo9'(id:8)
2017-10-30 07:55:36.406792|INFO    |VirtualServer |1  |client (id:9) was added to servergroup 'Air Unit'(id:47) by client '[1S-1] KevKilo9'(id:8)
2017-10-30 07:55:37.002475|INFO    |VirtualServer |1  |client (id:9) was added to servergroup 'Field Training Officer'(id:48) by client '[1S-1] KevKilo9'(id:8)
2017-10-30 07:55:39.519119|INFO    |VirtualServer |1  |client (id:9) was added to servergroup 'Detective Bureau'(id:50) by client '[1S-1] KevKilo9'(id:8)
2017-10-30 07:55:42.216344|INFO    |VirtualServer |1  |client (id:9) was added to servergroup 'K9 Unit'(id:51) by client '[1S-1] KevKilo9'(id:8)
2017-10-30 07:55:42.781814|INFO    |VirtualServer |1  |client (id:9) was added to servergroup 'Tactical Support Unit'(id:52) by client '[1S-1] KevKilo9'(id:8)
2017-10-30 07:55:43.439050|INFO    |VirtualServer |1  |client (id:9) was added to servergroup 'Traffic Unit'(id:53) by client '[1S-1] KevKilo9'(id:8)
2017-10-30 07:55:46.170511|INFO    |VirtualServer |1  |client (id:9) was added to servergroup '==San Andreas Fire & Rescue'(id:55) by client '[1S-1] KevKilo9'(id:8)
2017-10-30 07:55:50.587470|INFO    |VirtualServer |1  |client (id:9) was added to servergroup '==Training=='(id:65) by client '[1S-1] KevKilo9'(id:8)
2017-10-30 07:55:53.119671|INFO    |VirtualServer |1  |client (id:9) was added to servergroup 'Firearms Qualified'(id:66) by client '[1S-1] KevKilo9'(id:8)
2017-10-30 07:55:54.090410|INFO    |VirtualServer |1  |client (id:9) was added to servergroup 'Tazer Qualified'(id:67) by client '[1S-1] KevKilo9'(id:8)
2017-10-30 07:55:58.242716|INFO    |VirtualServer |1  |client (id:9) was added to servergroup 'C2/C3 Certification'(id:73) by client '[1S-1] KevKilo9'(id:8)
2017-10-30 07:56:07.013250|INFO    |VirtualServer |1  |client (id:9) was added to servergroup 'Dispatch'(id:49) by client '[1S-1] KevKilo9'(id:8)
2017-10-30 07:56:10.904867|INFO    |VirtualServer |1  |client (id:9) was added to servergroup '==Civilian=='(id:78) by client '[1S-1] KevKilo9'(id:8)
2017-10-30 07:56:18.269145|INFO    |VirtualServer |1  |client (id:9) was added to servergroup 'Reserve Civilian'(id:89) by client '[1S-1] KevKilo9'(id:8)
2017-10-30 07:56:20.670471|INFO    |VirtualServer |1  |client (id:9) was added to servergroup '==Developers=='(id:92) by client '[1S-1] KevKilo9'(id:8)
2017-10-30 07:56:23.153867|INFO    |VirtualServer |1  |client (id:9) was removed from servergroup '==Developers=='(id:92) by client '[1S-1] KevKilo9'(id:8)
2017-10-30 07:59:30.694880|INFO    |VirtualServer |1  |client (id:9) was removed from servergroup 'Detective Bureau'(id:50) by client '[1S-1] KevKilo9'(id:8)
2017-10-30 07:59:35.780812|INFO    |VirtualServer |1  |client (id:9) was removed from servergroup 'Air Unit'(id:47) by client '[1S-1] KevKilo9'(id:8)
2017-10-30 07:59:36.801353|INFO    |VirtualServer |1  |client (id:9) was removed from servergroup '==Specialized Units=='(id:46) by client '[1S-1] KevKilo9'(id:8)
2017-10-30 07:59:41.230041|INFO    |VirtualServer |1  |client (id:9) was removed from servergroup 'Traffic Unit'(id:53) by client '[1S-1] KevKilo9'(id:8)
2017-10-30 07:59:48.053299|INFO    |VirtualServer |1  |client (id:9) was removed from servergroup '==San Andreas Fire & Rescue'(id:55) by client '[1S-1] KevKilo9'(id:8)
2017-10-30 07:59:51.977098|INFO    |VirtualServer |1  |client (id:9) was removed from servergroup 'Firearms Qualified'(id:66) by client '[1S-1] KevKilo9'(id:8)
2017-10-30 07:59:52.702680|INFO    |VirtualServer |1  |client (id:9) was removed from servergroup '==Training=='(id:65) by client '[1S-1] KevKilo9'(id:8)
2017-10-30 07:59:53.181223|INFO    |VirtualServer |1  |client (id:9) was added to servergroup '==Training=='(id:65) by client '[1S-1] KevKilo9'(id:8)
2017-10-30 07:59:54.118713|INFO    |VirtualServer |1  |client (id:9) was removed from servergroup 'Tazer Qualified'(id:67) by client '[1S-1] KevKilo9'(id:8)
2017-10-30 07:59:54.255469|INFO    |VirtualServer |1  |client (id:9) was removed from servergroup '==Training=='(id:65) by client '[1S-1] KevKilo9'(id:8)
2017-10-30 07:59:58.730085|INFO    |VirtualServer |1  |client (id:9) was removed from servergroup 'C2/C3 Certification'(id:73) by client '[1S-1] KevKilo9'(id:8)
2017-10-30 07:59:59.226160|INFO    |VirtualServer |1  |client (id:9) was removed from servergroup 'Dispatch'(id:49) by client '[1S-1] KevKilo9'(id:8)
2017-10-30 08:00:00.214429|INFO    |VirtualServer |1  |client (id:9) was added to servergroup 'Dispatch'(id:49) by client '[1S-1] KevKilo9'(id:8)
2017-10-30 08:00:01.548381|INFO    |VirtualServer |1  |client (id:9) was removed from servergroup '==Civilian=='(id:78) by client '[1S-1] KevKilo9'(id:8)
2017-10-30 08:00:04.853112|INFO    |VirtualServer |1  |client (id:9) was removed from servergroup 'Reserve Civilian'(id:89) by client '[1S-1] KevKilo9'(id:8)
2017-10-30 08:00:16.324793|INFO    |VirtualServer |1  |client (id:9) was removed from servergroup 'Tactical Support Unit'(id:52) by client '[1S-1] KevKilo9'(id:8)
2017-10-30 08:00:17.252494|INFO    |VirtualServer |1  |client (id:9) was removed from servergroup 'K9 Unit'(id:51) by client '[1S-1] KevKilo9'(id:8)
2017-10-31 05:37:41.011269|INFO    |PktHandler    |1  |Dropping client 3 because of ping timeout 19 0 0
2017-10-31 17:30:09.709543|INFO    |VirtualServer |1  |permission 'i_channel_needed_join_power'(id:137) with values (value:60) was added by 'Radcrazykid2 | 1-L-40'(id:4) to channel 'Server Owner - Radcrazykid2'(id:20)
2017-11-01 00:30:37.286688|INFO    |VirtualServer |1  |permission 'i_client_max_channel_subscriptions'(id:176) with values (value:-1, negated:0, skipchannel:1) was added by 'Radcrazykid2 | 1-L-40'(id:4) to servergroup '*Lead Admin*'(id:9)
2017-11-01 00:30:41.193934|INFO    |VirtualServer |1  |permission 'i_client_max_channel_subscriptions'(id:176) with values (value:75, negated:0, skipchannel:0) was added by 'Radcrazykid2 | 1-L-40'(id:4) to servergroup 'Lead Admin'(id:10)
2017-11-01 00:30:41.261267|INFO    |VirtualServer |1  |permission 'i_client_max_channel_subscriptions'(id:176) with values (value:75, negated:0, skipchannel:1) was added by 'Radcrazykid2 | 1-L-40'(id:4) to servergroup 'Lead Admin'(id:10)
2017-11-01 00:30:46.929230|INFO    |VirtualServer |1  |permission 'i_client_max_channel_subscriptions'(id:176) with values (value:75, negated:0, skipchannel:1) was added by 'Radcrazykid2 | 1-L-40'(id:4) to servergroup 'Senior Admin'(id:11)
2017-11-01 00:30:49.265188|INFO    |VirtualServer |1  |permission 'i_client_max_channel_subscriptions'(id:176) with values (value:75, negated:0, skipchannel:0) was added by 'Radcrazykid2 | 1-L-40'(id:4) to servergroup '==San Andreas LEO=='(id:25)
2017-11-01 00:30:49.348174|INFO    |VirtualServer |1  |permission 'i_client_max_channel_subscriptions'(id:176) with values (value:75, negated:0, skipchannel:1) was added by 'Radcrazykid2 | 1-L-40'(id:4) to servergroup '==San Andreas LEO=='(id:25)
2017-11-01 00:30:53.178309|INFO    |VirtualServer |1  |client (id:2) was added to servergroup '==San Andreas LEO=='(id:25) by client 'Radcrazykid2 | 1-L-40'(id:4)
2017-11-01 00:30:56.241725|INFO    |VirtualServer |1  |client (id:2) was added to servergroup 'SAPD Comm.'(id:26) by client 'Radcrazykid2 | 1-L-40'(id:4)
2017-11-01 00:31:05.098186|INFO    |VirtualServer |1  |client (id:2) was added to servergroup '==Specialized Units=='(id:46) by client 'Radcrazykid2 | 1-L-40'(id:4)
2017-11-01 00:31:19.994681|INFO    |VirtualServer |1  |client (id:2) was added to servergroup 'Air Unit'(id:47) by client 'Radcrazykid2 | 1-L-40'(id:4)
2017-11-01 00:31:20.681177|INFO    |VirtualServer |1  |client (id:2) was added to servergroup 'Field Training Officer'(id:48) by client 'Radcrazykid2 | 1-L-40'(id:4)
2017-11-01 00:31:24.400925|INFO    |VirtualServer |1  |client (id:2) was added to servergroup 'Tactical Support Unit'(id:52) by client 'Radcrazykid2 | 1-L-40'(id:4)
2017-11-01 00:31:24.664598|INFO    |VirtualServer |1  |client (id:2) was added to servergroup 'K9 Unit'(id:51) by client 'Radcrazykid2 | 1-L-40'(id:4)
2017-11-01 00:31:27.121643|INFO    |VirtualServer |1  |client (id:2) was added to servergroup '==Training=='(id:65) by client 'Radcrazykid2 | 1-L-40'(id:4)
2017-11-01 00:31:28.080588|INFO    |VirtualServer |1  |client (id:2) was added to servergroup 'Firearms Qualified'(id:66) by client 'Radcrazykid2 | 1-L-40'(id:4)
2017-11-01 00:31:28.377497|INFO    |VirtualServer |1  |client (id:2) was added to servergroup 'Tazer Qualified'(id:67) by client 'Radcrazykid2 | 1-L-40'(id:4)
2017-11-01 00:31:31.186103|INFO    |VirtualServer |1  |client (id:2) was added to servergroup 'C2/C3 Certification'(id:73) by client 'Radcrazykid2 | 1-L-40'(id:4)
2017-11-01 00:31:34.065024|INFO    |VirtualServer |1  |client (id:2) was added to servergroup 'Pilot Certified'(id:77) by client 'Radcrazykid2 | 1-L-40'(id:4)
2017-11-01 00:41:33.073776|INFO    |VirtualServer |1  |permission 'i_client_max_channel_subscriptions'(id:176) with values (value:-1, negated:0, skipchannel:1) was added by 'Radcrazykid2 | 1-L-40'(id:4) to servergroup 'Lead Admin'(id:10)
2017-11-01 00:41:37.225141|INFO    |VirtualServer |1  |permission 'i_client_max_channel_subscriptions'(id:176) with values (value:-1, negated:0, skipchannel:1) was added by 'Radcrazykid2 | 1-L-40'(id:4) to servergroup 'Senior Admin'(id:11)
2017-11-01 00:41:41.496669|INFO    |VirtualServer |1  |permission 'i_client_max_channel_subscriptions'(id:176) with values (value:-1, negated:0, skipchannel:0) was added by 'Radcrazykid2 | 1-L-40'(id:4) to servergroup 'Server Admin'(id:12)
2017-11-01 00:41:44.776907|INFO    |VirtualServer |1  |permission 'i_client_max_channel_subscriptions'(id:176) with values (value:-1, negated:0, skipchannel:0) was added by 'Radcrazykid2 | 1-L-40'(id:4) to servergroup 'Retired Admin'(id:15)
2017-11-01 00:41:48.264199|INFO    |VirtualServer |1  |permission 'i_client_max_channel_subscriptions'(id:176) with values (value:-1, negated:0, skipchannel:0) was added by 'Radcrazykid2 | 1-L-40'(id:4) to servergroup 'Disciplinary Admin'(id:16)
2017-11-01 00:41:51.680233|INFO    |VirtualServer |1  |permission 'i_client_max_channel_subscriptions'(id:176) with values (value:-1, negated:0, skipchannel:0) was added by 'Radcrazykid2 | 1-L-40'(id:4) to servergroup 'General Staff'(id:17)
2017-11-01 00:41:54.527861|INFO    |VirtualServer |1  |permission 'i_client_max_channel_subscriptions'(id:176) with values (value:-1, negated:0, skipchannel:0) was added by 'Radcrazykid2 | 1-L-40'(id:4) to servergroup 'Community Leader'(id:18)
2017-11-01 00:41:57.968350|INFO    |VirtualServer |1  |permission 'i_client_max_channel_subscriptions'(id:176) with values (value:-1, negated:0, skipchannel:0) was added by 'Radcrazykid2 | 1-L-40'(id:4) to servergroup 'In-Game Admin'(id:19)
2017-11-01 00:42:01.562057|INFO    |VirtualServer |1  |permission 'i_client_max_channel_subscriptions'(id:176) with values (value:-1, negated:0, skipchannel:0) was added by 'Radcrazykid2 | 1-L-40'(id:4) to servergroup 'Senior Member'(id:20)
2017-11-01 00:42:04.416543|INFO    |VirtualServer |1  |permission 'i_client_max_channel_subscriptions'(id:176) with values (value:-1, negated:0, skipchannel:0) was added by 'Radcrazykid2 | 1-L-40'(id:4) to servergroup 'Member'(id:21)
2017-11-01 00:42:07.640167|INFO    |VirtualServer |1  |permission 'i_client_max_channel_subscriptions'(id:176) with values (value:-1, negated:0, skipchannel:0) was added by 'Radcrazykid2 | 1-L-40'(id:4) to servergroup 'Junior Member'(id:22)
2017-11-01 00:42:10.503451|INFO    |VirtualServer |1  |permission 'i_client_max_channel_subscriptions'(id:176) with values (value:-1, negated:0, skipchannel:0) was added by 'Radcrazykid2 | 1-L-40'(id:4) to servergroup 'Casual Unrestricted'(id:23)
2017-11-01 00:42:13.882377|INFO    |VirtualServer |1  |permission 'i_client_max_channel_subscriptions'(id:176) with values (value:-1, negated:0, skipchannel:0) was added by 'Radcrazykid2 | 1-L-40'(id:4) to servergroup 'Casual Restricted'(id:24)
2017-11-01 05:07:52.976156|INFO    |PktHandler    |1  |Dropping client 2 because of ping timeout 19 0 0
2017-11-01 05:16:23.836456|INFO    |VirtualServer |1  |client (id:8) was removed from servergroup 'In-Game Admin'(id:19) by client '[1S-1] KevKilo9'(id:8)
2017-11-01 05:16:29.415605|INFO    |VirtualServer |1  |client (id:8) was removed from servergroup 'Senior Member'(id:20) by client '[1S-1] KevKilo9'(id:8)
2017-11-01 05:17:01.326735|INFO    |PktHandler    |1  |Dropping client 3 because of ping timeout 19 0 0
2017-11-01 05:20:37.155791|INFO    |PktHandler    |1  |Dropping client 4 because of ping timeout 19 0 0
2017-11-01 05:24:30.109905|INFO    |PktHandler    |1  |Dropping client 5 because of ping timeout 19 0 0
2017-11-01 05:26:05.793495|INFO    |PktHandler    |1  |Dropping client 6 because of ping timeout 19 0 0
2017-11-01 05:40:55.499576|INFO    |PktHandler    |1  |Dropping client 8 because of ping timeout 19 0 0
2017-11-01 05:48:59.226139|INFO    |PktHandler    |1  |Dropping client 2 because of ping timeout 19 0 0
2017-11-01 05:51:04.515166|INFO    |VirtualServer |1  |servergroup 'SASD Comm.'(id:38) was renamed to 'SASD Sheriff' by 'Radcrazykid2 | 1-L-40'(id:4)
2017-11-01 05:51:30.151974|INFO    |VirtualServer |1  |servergroup 'Commander'(id:28) was renamed to 'Undersheriff' by 'Radcrazykid2 | 1-L-40'(id:4)
2017-11-01 05:51:44.907769|INFO    |VirtualServer |1  |permission 'i_icon_id'(id:142) with values (value:478832049, negated:0, skipchannel:0) was added by 'Radcrazykid2 | 1-L-40'(id:4) to servergroup 'Undersheriff'(id:28)
2017-11-01 05:55:41.431187|INFO    |PktHandler    |1  |Dropping client 3 because of ping timeout 19 0 0
2017-11-01 22:32:30.859906|INFO    |VirtualServer |1  |client (id:2) was added to servergroup 'In-Game Admin'(id:19) by client 'Radcrazykid2 | 1-L-40'(id:4)
2017-11-01 22:32:57.123578|INFO    |VirtualServer |1  |client (id:2) was added to servergroup 'Undersheriff'(id:28) by client 'Radcrazykid2 | 1-L-40'(id:4)
2017-11-01 22:33:10.066929|INFO    |VirtualServer |1  |permission 'i_group_show_name_in_tree'(id:149) with values (value:1, negated:0, skipchannel:0) was added by 'Radcrazykid2 | 1-L-40'(id:4) to servergroup 'Undersheriff'(id:28)
2017-11-01 22:33:13.618705|INFO    |VirtualServer |1  |permission 'i_group_show_name_in_tree'(id:149) with values (value:1, negated:0, skipchannel:0) was added by 'Radcrazykid2 | 1-L-40'(id:4) to servergroup 'Deputy Comm.'(id:27)
2017-11-01 22:33:17.698760|INFO    |VirtualServer |1  |client (id:2) was removed from servergroup 'SAPD Comm.'(id:26) by client 'Radcrazykid2 | 1-L-40'(id:4)
2017-11-02 05:44:27.729999|INFO    |VirtualServer |1  |client (id:5) was added to servergroup '*Lead Admin*'(id:9) by client 'Radcrazykid2 | 1-L-40'(id:4)
2017-11-02 05:44:33.592350|INFO    |VirtualServer |1  |client (id:5) was added to servergroup '==San Andreas LEO=='(id:25) by client 'Radcrazykid2 | 1-L-40'(id:4)
2017-11-02 05:45:33.229077|INFO    |VirtualServer |1  |client (id:5) was added to servergroup 'SAPD Comm.'(id:26) by client 'Radcrazykid2 | 1-L-40'(id:4)
2017-11-02 05:45:39.919497|INFO    |VirtualServer |1  |client (id:5) was added to servergroup '==Specialized Units=='(id:46) by client 'Radcrazykid2 | 1-L-40'(id:4)
2017-11-02 05:45:44.455609|INFO    |VirtualServer |1  |client (id:5) was added to servergroup 'Field Training Officer'(id:48) by client 'Radcrazykid2 | 1-L-40'(id:4)
2017-11-02 05:45:49.311082|INFO    |VirtualServer |1  |client (id:5) was added to servergroup 'K9 Unit'(id:51) by client 'Radcrazykid2 | 1-L-40'(id:4)
2017-11-02 05:45:53.311115|INFO    |VirtualServer |1  |client (id:5) was added to servergroup 'Tactical Support Unit'(id:52) by client 'Radcrazykid2 | 1-L-40'(id:4)
2017-11-02 05:45:59.104034|INFO    |VirtualServer |1  |client (id:5) was added to servergroup '==Training=='(id:65) by client 'Radcrazykid2 | 1-L-40'(id:4)
2017-11-02 05:46:09.172420|INFO    |VirtualServer |1  |permission 'i_icon_id'(id:142) was deleted by 'Radcrazykid2 | 1-L-40'(id:4) from servergroup 'Tazer Qualified'(id:67)
2017-11-02 05:46:11.331578|INFO    |VirtualServer |1  |permission 'i_icon_id'(id:142) was deleted by 'Radcrazykid2 | 1-L-40'(id:4) from servergroup 'Firearms Qualified'(id:66)
2017-11-02 05:46:18.503460|INFO    |VirtualServer |1  |client (id:5) was added to servergroup 'Firearms Qualified'(id:66) by client 'Radcrazykid2 | 1-L-40'(id:4)
2017-11-02 05:46:22.815945|INFO    |VirtualServer |1  |client (id:5) was added to servergroup 'Tazer Qualified'(id:67) by client 'Radcrazykid2 | 1-L-40'(id:4)
2017-11-02 05:46:27.721244|INFO    |VirtualServer |1  |client (id:5) was added to servergroup 'C2/C3 Certification'(id:73) by client 'Radcrazykid2 | 1-L-40'(id:4)
2017-11-02 05:46:41.712456|INFO    |VirtualServer |1  |client (id:5) was added to servergroup 'Mayor of San Andreas'(id:79) by client 'Radcrazykid2 | 1-L-40'(id:4)
2017-11-02 05:46:47.473192|INFO    |VirtualServer |1  |client (id:5) was removed from servergroup 'Mayor of San Andreas'(id:79) by client 'Radcrazykid2 | 1-L-40'(id:4)
2017-11-02 05:47:12.138223|INFO    |VirtualServer |1  |client (id:7) was added to servergroup '==Specialized Units=='(id:46) by client 'Radcrazykid2 | 1-L-40'(id:4)
2017-11-02 05:47:13.935083|INFO    |VirtualServer |1  |client (id:7) was added to servergroup 'Field Training Officer'(id:48) by client 'Radcrazykid2 | 1-L-40'(id:4)
2017-11-02 05:47:15.639203|INFO    |VirtualServer |1  |client (id:7) was added to servergroup 'Tactical Support Unit'(id:52) by client 'Radcrazykid2 | 1-L-40'(id:4)
2017-11-02 05:47:20.503443|INFO    |VirtualServer |1  |client (id:7) was added to servergroup '==Training=='(id:65) by client 'Radcrazykid2 | 1-L-40'(id:4)
2017-11-02 05:47:20.767130|INFO    |VirtualServer |1  |client (id:7) was added to servergroup 'Firearms Qualified'(id:66) by client 'Radcrazykid2 | 1-L-40'(id:4)
2017-11-02 05:47:21.135337|INFO    |VirtualServer |1  |client (id:7) was added to servergroup 'Tazer Qualified'(id:67) by client 'Radcrazykid2 | 1-L-40'(id:4)
2017-11-02 05:47:27.279821|INFO    |VirtualServer |1  |client (id:7) was added to servergroup 'Dispatch'(id:49) by client 'Radcrazykid2 | 1-L-40'(id:4)
2017-11-02 05:47:27.936117|INFO    |VirtualServer |1  |client (id:7) was added to servergroup 'C2/C3 Certification'(id:73) by client 'Radcrazykid2 | 1-L-40'(id:4)
2017-11-02 05:47:36.039607|INFO    |VirtualServer |1  |client (id:7) was added to servergroup 'Reserve Civilian'(id:89) by client 'Radcrazykid2 | 1-L-40'(id:4)
2017-11-02 19:43:02.538595|INFO    |VirtualServer |1  |client (id:2) was added to servergroup 'Detective Bureau'(id:50) by client '[1S-1] KevKilo9'(id:8)
2017-11-03 19:08:56.185125|INFO    |VirtualServer |1  |client (id:14) was added to servergroup 'Assistant Director'(id:14) by client 'Radcrazykid2 | 1-L-40'(id:4)
2017-11-03 19:09:02.374582|INFO    |VirtualServer |1  |client (id:14) was added to servergroup 'Community Leader'(id:18) by client 'Radcrazykid2 | 1-L-40'(id:4)
2017-11-03 19:09:06.852083|INFO    |VirtualServer |1  |client (id:14) was added to servergroup '==San Andreas LEO=='(id:25) by client 'Radcrazykid2 | 1-L-40'(id:4)
2017-11-03 19:09:11.395066|INFO    |VirtualServer |1  |client (id:14) was added to servergroup 'Sergeant'(id:31) by client 'Radcrazykid2 | 1-L-40'(id:4)
2017-11-03 19:09:24.867711|INFO    |VirtualServer |1  |client (id:14) was added to servergroup '==Specialized Units=='(id:46) by client 'Radcrazykid2 | 1-L-40'(id:4)
2017-11-03 19:09:30.163601|INFO    |VirtualServer |1  |client (id:14) was added to servergroup 'Traffic Unit'(id:53) by client 'Radcrazykid2 | 1-L-40'(id:4)
2017-11-03 19:09:37.070882|INFO    |VirtualServer |1  |client (id:14) was added to servergroup '==Training=='(id:65) by client 'Radcrazykid2 | 1-L-40'(id:4)
2017-11-03 19:09:45.706588|INFO    |VirtualServer |1  |client (id:14) was added to servergroup 'Firearms Qualified'(id:66) by client 'Radcrazykid2 | 1-L-40'(id:4)
2017-11-03 19:09:46.082554|INFO    |VirtualServer |1  |client (id:14) was added to servergroup 'Tazer Qualified'(id:67) by client 'Radcrazykid2 | 1-L-40'(id:4)
2017-11-03 19:09:48.619708|INFO    |VirtualServer |1  |client (id:14) was added to servergroup 'C2/C3 Certification'(id:73) by client 'Radcrazykid2 | 1-L-40'(id:4)
2017-11-03 19:09:56.956619|INFO    |VirtualServer |1  |client (id:14) was added to servergroup '==Civilian=='(id:78) by client 'Radcrazykid2 | 1-L-40'(id:4)
2017-11-03 19:10:04.699829|INFO    |VirtualServer |1  |client (id:14) was added to servergroup 'Tow Truck Driver'(id:83) by client 'Radcrazykid2 | 1-L-40'(id:4)
2017-11-03 19:13:19.432167|INFO    |PktHandler    |1  |Dropping client 1 because of ping timeout 19 0 0
