2018-09-23 00:29:43.372020|INFO    |VirtualServer |1  |listening on 0.0.0.0:9987, [::]:9987
2018-09-23 00:30:18.699298|INFO    |VirtualServerBase|1  |client connected 'Radcrazykid2 | 1-L-40'(id:4) using a myTeamSpeak ID from 192.168.2.19:56365
2018-09-23 00:30:18.761313|INFO    |VirtualServerBase|1  |file download from (id:0), '/icon_1483396842' by client 'Radcrazykid2 | 1-L-40'(id:4)
2018-09-23 00:30:18.761313|INFO    |VirtualServerBase|1  |file download from (id:0), '/icon_1529263021' by client 'Radcrazykid2 | 1-L-40'(id:4)
2018-09-23 00:30:20.080607|INFO    |VirtualServerBase|1  |file download from (id:0), '/icon_2642770149' by client 'Radcrazykid2 | 1-L-40'(id:4)
2018-09-23 00:30:20.918819|INFO    |VirtualServerBase|1  |file download from (id:0), '/icon_3102975314' by client 'Radcrazykid2 | 1-L-40'(id:4)
2018-09-23 00:30:20.919819|INFO    |VirtualServerBase|1  |file download from (id:0), '/icon_3993483088' by client 'Radcrazykid2 | 1-L-40'(id:4)
2018-09-23 00:30:35.067574|INFO    |VirtualServer |1  |permission 'i_icon_id'(id:144) with values (value:2013348012) was added by 'Radcrazykid2 | 1-L-40'(id:4) to channel 'Community Director - FAXES'(id:99)
2018-09-23 00:30:35.069584|INFO    |VirtualServerBase|1  |channel 'Community Director - FAXES'(id:99) edited by 'Radcrazykid2 | 1-L-40'(id:4)
2018-09-23 00:30:45.350110|INFO    |VirtualServer |1  |permission 'i_icon_id'(id:144) with values (value:-331665205) was added by 'Radcrazykid2 | 1-L-40'(id:4) to channel 'Assistant Director - DiamondBackEV'(id:21)
2018-09-23 00:30:45.351122|INFO    |VirtualServerBase|1  |channel 'Assistant Director - DiamondBackEV'(id:21) edited by 'Radcrazykid2 | 1-L-40'(id:4)
2018-09-23 00:31:07.160563|INFO    |VirtualServer |1  |permission 'i_icon_id'(id:144) with values (value:1913523921) was added by 'Radcrazykid2 | 1-L-40'(id:4) to channel 'Server Owner - Radcrazykid2'(id:20)
2018-09-23 00:31:07.162571|INFO    |VirtualServerBase|1  |channel 'Server Owner - Radcrazykid2'(id:20) edited by 'Radcrazykid2 | 1-L-40'(id:4)
2018-09-23 00:31:15.553508|INFO    |VirtualServerBase|1  |file download from (id:0), '/icon_562027764' by client 'Radcrazykid2 | 1-L-40'(id:4)
2018-09-23 00:31:15.554508|INFO    |VirtualServerBase|1  |file download from (id:0), '/icon_1805427825' by client 'Radcrazykid2 | 1-L-40'(id:4)
2018-09-23 00:31:15.554508|INFO    |VirtualServerBase|1  |file download from (id:0), '/icon_478832049' by client 'Radcrazykid2 | 1-L-40'(id:4)
2018-09-23 00:31:15.555510|INFO    |VirtualServerBase|1  |file download from (id:0), '/icon_1241727404' by client 'Radcrazykid2 | 1-L-40'(id:4)
2018-09-23 00:31:15.555510|INFO    |VirtualServerBase|1  |file download from (id:0), '/icon_85368941' by client 'Radcrazykid2 | 1-L-40'(id:4)
2018-09-23 00:31:15.620523|INFO    |VirtualServerBase|1  |file download from (id:0), '/icon_2314398147' by client 'Radcrazykid2 | 1-L-40'(id:4)
2018-09-23 00:31:15.621523|INFO    |VirtualServerBase|1  |file download from (id:0), '/icon_3201618383' by client 'Radcrazykid2 | 1-L-40'(id:4)
2018-09-23 00:31:15.621523|INFO    |VirtualServerBase|1  |file download from (id:0), '/icon_3782301228' by client 'Radcrazykid2 | 1-L-40'(id:4)
2018-09-23 00:31:15.622523|INFO    |VirtualServerBase|1  |file download from (id:0), '/icon_2695360418' by client 'Radcrazykid2 | 1-L-40'(id:4)
2018-09-23 00:31:15.622523|INFO    |VirtualServerBase|1  |file download from (id:0), '/icon_475659083' by client 'Radcrazykid2 | 1-L-40'(id:4)
2018-09-23 00:31:15.722545|INFO    |VirtualServerBase|1  |file download from (id:0), '/icon_2295463579' by client 'Radcrazykid2 | 1-L-40'(id:4)
2018-09-23 00:31:15.723546|INFO    |VirtualServerBase|1  |file download from (id:0), '/icon_1815735829' by client 'Radcrazykid2 | 1-L-40'(id:4)
2018-09-23 00:31:15.723546|INFO    |VirtualServerBase|1  |file download from (id:0), '/icon_2403989947' by client 'Radcrazykid2 | 1-L-40'(id:4)
2018-09-23 00:31:15.724546|INFO    |VirtualServerBase|1  |file download from (id:0), '/icon_3897558906' by client 'Radcrazykid2 | 1-L-40'(id:4)
2018-09-23 00:31:15.724546|INFO    |VirtualServerBase|1  |file download from (id:0), '/icon_278659660' by client 'Radcrazykid2 | 1-L-40'(id:4)
2018-09-23 00:31:15.824568|INFO    |VirtualServerBase|1  |file download from (id:0), '/icon_2866804287' by client 'Radcrazykid2 | 1-L-40'(id:4)
2018-09-23 00:31:15.825569|INFO    |VirtualServerBase|1  |file download from (id:0), '/icon_1501844119' by client 'Radcrazykid2 | 1-L-40'(id:4)
2018-09-23 00:31:15.825569|INFO    |VirtualServerBase|1  |file download from (id:0), '/icon_3911561361' by client 'Radcrazykid2 | 1-L-40'(id:4)
2018-09-23 00:31:15.826569|INFO    |VirtualServerBase|1  |file download from (id:0), '/icon_2003727143' by client 'Radcrazykid2 | 1-L-40'(id:4)
2018-09-23 00:31:15.826569|INFO    |VirtualServerBase|1  |file download from (id:0), '/icon_3692269475' by client 'Radcrazykid2 | 1-L-40'(id:4)
2018-09-23 00:31:15.926607|INFO    |VirtualServerBase|1  |file download from (id:0), '/icon_270108242' by client 'Radcrazykid2 | 1-L-40'(id:4)
2018-09-23 00:31:15.927607|INFO    |VirtualServerBase|1  |file download from (id:0), '/icon_463254636' by client 'Radcrazykid2 | 1-L-40'(id:4)
2018-09-23 00:31:15.928609|INFO    |VirtualServerBase|1  |file download from (id:0), '/icon_446998080' by client 'Radcrazykid2 | 1-L-40'(id:4)
2018-09-23 00:31:16.028630|INFO    |VirtualServerBase|1  |file download from (id:0), '/icon_2477954463' by client 'Radcrazykid2 | 1-L-40'(id:4)
2018-09-23 00:31:16.028630|INFO    |VirtualServerBase|1  |file download from (id:0), '/icon_656281992' by client 'Radcrazykid2 | 1-L-40'(id:4)
2018-09-23 00:31:16.029630|INFO    |VirtualServerBase|1  |file download from (id:0), '/icon_1684894752' by client 'Radcrazykid2 | 1-L-40'(id:4)
2018-09-23 00:31:16.130654|INFO    |VirtualServerBase|1  |file download from (id:0), '/icon_2656494620' by client 'Radcrazykid2 | 1-L-40'(id:4)
2018-09-23 00:37:07.842449|INFO    |VirtualServerBase|1  |file deleted from (id:0), 'files\virtualserver_1\internal\icons/icon_1048504915' by client 'Radcrazykid2 | 1-L-40'(id:4)
2018-09-23 00:37:08.172621|INFO    |VirtualServerBase|1  |file deleted from (id:0), 'files\virtualserver_1\internal\icons/icon_1078673879' by client 'Radcrazykid2 | 1-L-40'(id:4)
2018-09-23 00:37:08.321654|INFO    |VirtualServerBase|1  |file deleted from (id:0), 'files\virtualserver_1\internal\icons/icon_1116735422' by client 'Radcrazykid2 | 1-L-40'(id:4)
2018-09-23 00:37:08.464686|INFO    |VirtualServerBase|1  |file deleted from (id:0), 'files\virtualserver_1\internal\icons/icon_1214444705' by client 'Radcrazykid2 | 1-L-40'(id:4)
2018-09-23 00:37:08.595694|INFO    |VirtualServerBase|1  |file deleted from (id:0), 'files\virtualserver_1\internal\icons/icon_125039526' by client 'Radcrazykid2 | 1-L-40'(id:4)
2018-09-23 00:37:08.732723|INFO    |VirtualServerBase|1  |file deleted from (id:0), 'files\virtualserver_1\internal\icons/icon_172477792' by client 'Radcrazykid2 | 1-L-40'(id:4)
2018-09-23 00:37:08.858777|INFO    |VirtualServerBase|1  |file deleted from (id:0), 'files\virtualserver_1\internal\icons/icon_1913523921' by client 'Radcrazykid2 | 1-L-40'(id:4)
2018-09-23 00:37:09.000808|INFO    |VirtualServerBase|1  |file deleted from (id:0), 'files\virtualserver_1\internal\icons/icon_199054942' by client 'Radcrazykid2 | 1-L-40'(id:4)
2018-09-23 00:37:09.097830|INFO    |VirtualServerBase|1  |file deleted from (id:0), 'files\virtualserver_1\internal\icons/icon_2013348012' by client 'Radcrazykid2 | 1-L-40'(id:4)
2018-09-23 00:37:09.215855|INFO    |VirtualServerBase|1  |file deleted from (id:0), 'files\virtualserver_1\internal\icons/icon_2101018538' by client 'Radcrazykid2 | 1-L-40'(id:4)
2018-09-23 00:37:09.332881|INFO    |VirtualServerBase|1  |file deleted from (id:0), 'files\virtualserver_1\internal\icons/icon_214798205' by client 'Radcrazykid2 | 1-L-40'(id:4)
2018-09-23 00:37:09.454908|INFO    |VirtualServerBase|1  |file deleted from (id:0), 'files\virtualserver_1\internal\icons/icon_2176627512' by client 'Radcrazykid2 | 1-L-40'(id:4)
2018-09-23 00:37:09.575935|INFO    |VirtualServerBase|1  |file deleted from (id:0), 'files\virtualserver_1\internal\icons/icon_2198526597' by client 'Radcrazykid2 | 1-L-40'(id:4)
2018-09-23 00:37:09.703963|INFO    |VirtualServerBase|1  |file deleted from (id:0), 'files\virtualserver_1\internal\icons/icon_2199110935' by client 'Radcrazykid2 | 1-L-40'(id:4)
2018-09-23 00:37:09.809986|INFO    |VirtualServerBase|1  |file deleted from (id:0), 'files\virtualserver_1\internal\icons/icon_224044864' by client 'Radcrazykid2 | 1-L-40'(id:4)
2018-09-23 00:37:09.943016|INFO    |VirtualServerBase|1  |file deleted from (id:0), 'files\virtualserver_1\internal\icons/icon_243315320' by client 'Radcrazykid2 | 1-L-40'(id:4)
2018-09-23 00:37:10.067044|INFO    |VirtualServerBase|1  |file deleted from (id:0), 'files\virtualserver_1\internal\icons/icon_250997313' by client 'Radcrazykid2 | 1-L-40'(id:4)
2018-09-23 00:37:10.199072|INFO    |VirtualServerBase|1  |file deleted from (id:0), 'files\virtualserver_1\internal\icons/icon_2687556238' by client 'Radcrazykid2 | 1-L-40'(id:4)
2018-09-23 00:37:10.331102|INFO    |VirtualServerBase|1  |file deleted from (id:0), 'files\virtualserver_1\internal\icons/icon_2764044660' by client 'Radcrazykid2 | 1-L-40'(id:4)
2018-09-23 00:37:10.429123|INFO    |VirtualServerBase|1  |file deleted from (id:0), 'files\virtualserver_1\internal\icons/icon_2879214217' by client 'Radcrazykid2 | 1-L-40'(id:4)
2018-09-23 00:37:10.560153|INFO    |VirtualServerBase|1  |file deleted from (id:0), 'files\virtualserver_1\internal\icons/icon_2882935176' by client 'Radcrazykid2 | 1-L-40'(id:4)
2018-09-23 00:37:10.692182|INFO    |VirtualServerBase|1  |file deleted from (id:0), 'files\virtualserver_1\internal\icons/icon_2888068105' by client 'Radcrazykid2 | 1-L-40'(id:4)
2018-09-23 00:37:10.790203|INFO    |VirtualServerBase|1  |file deleted from (id:0), 'files\virtualserver_1\internal\icons/icon_2910318210' by client 'Radcrazykid2 | 1-L-40'(id:4)
2018-09-23 00:37:10.932234|INFO    |VirtualServerBase|1  |file deleted from (id:0), 'files\virtualserver_1\internal\icons/icon_3062257508' by client 'Radcrazykid2 | 1-L-40'(id:4)
2018-09-23 00:37:11.061263|INFO    |VirtualServerBase|1  |file deleted from (id:0), 'files\virtualserver_1\internal\icons/icon_3082737923' by client 'Radcrazykid2 | 1-L-40'(id:4)
2018-09-23 00:37:11.175288|INFO    |VirtualServerBase|1  |file deleted from (id:0), 'files\virtualserver_1\internal\icons/icon_3104672644' by client 'Radcrazykid2 | 1-L-40'(id:4)
2018-09-23 00:37:11.305317|INFO    |VirtualServerBase|1  |file deleted from (id:0), 'files\virtualserver_1\internal\icons/icon_312964519' by client 'Radcrazykid2 | 1-L-40'(id:4)
2018-09-23 00:37:11.435346|INFO    |VirtualServerBase|1  |file deleted from (id:0), 'files\virtualserver_1\internal\icons/icon_3159252279' by client 'Radcrazykid2 | 1-L-40'(id:4)
2018-09-23 00:37:11.574377|INFO    |VirtualServerBase|1  |file deleted from (id:0), 'files\virtualserver_1\internal\icons/icon_3242600914' by client 'Radcrazykid2 | 1-L-40'(id:4)
2018-09-23 00:37:11.718409|INFO    |VirtualServerBase|1  |file deleted from (id:0), 'files\virtualserver_1\internal\icons/icon_32924284' by client 'Radcrazykid2 | 1-L-40'(id:4)
2018-09-23 00:37:11.998490|INFO    |VirtualServerBase|1  |file deleted from (id:0), 'files\virtualserver_1\internal\icons/icon_333931649' by client 'Radcrazykid2 | 1-L-40'(id:4)
2018-09-23 00:37:12.144522|INFO    |VirtualServerBase|1  |file deleted from (id:0), 'files\virtualserver_1\internal\icons/icon_334483102' by client 'Radcrazykid2 | 1-L-40'(id:4)
2018-09-23 00:37:12.298557|INFO    |VirtualServerBase|1  |file deleted from (id:0), 'files\virtualserver_1\internal\icons/icon_3739044781' by client 'Radcrazykid2 | 1-L-40'(id:4)
2018-09-23 00:37:12.461592|INFO    |VirtualServerBase|1  |file deleted from (id:0), 'files\virtualserver_1\internal\icons/icon_3894392562' by client 'Radcrazykid2 | 1-L-40'(id:4)
2018-09-23 00:37:12.780665|INFO    |VirtualServerBase|1  |file deleted from (id:0), 'files\virtualserver_1\internal\icons/icon_3963302091' by client 'Radcrazykid2 | 1-L-40'(id:4)
2018-09-23 00:37:12.929697|INFO    |VirtualServerBase|1  |file deleted from (id:0), 'files\virtualserver_1\internal\icons/icon_4130422297' by client 'Radcrazykid2 | 1-L-40'(id:4)
2018-09-23 00:37:13.088732|INFO    |VirtualServerBase|1  |file deleted from (id:0), 'files\virtualserver_1\internal\icons/icon_4145596773' by client 'Radcrazykid2 | 1-L-40'(id:4)
2018-09-23 00:37:13.425862|INFO    |VirtualServerBase|1  |file deleted from (id:0), 'files\virtualserver_1\internal\icons/icon_420107065' by client 'Radcrazykid2 | 1-L-40'(id:4)
2018-09-23 00:37:13.754390|INFO    |VirtualServerBase|1  |file deleted from (id:0), 'files\virtualserver_1\internal\icons/icon_423150974' by client 'Radcrazykid2 | 1-L-40'(id:4)
2018-09-23 00:37:13.890422|INFO    |VirtualServerBase|1  |file deleted from (id:0), 'files\virtualserver_1\internal\icons/icon_46078611' by client 'Radcrazykid2 | 1-L-40'(id:4)
2018-09-23 00:37:14.048434|INFO    |VirtualServerBase|1  |file deleted from (id:0), 'files\virtualserver_1\internal\icons/icon_462396485' by client 'Radcrazykid2 | 1-L-40'(id:4)
2018-09-23 00:37:14.323435|INFO    |VirtualServerBase|1  |file deleted from (id:0), 'files\virtualserver_1\internal\icons/icon_677066105' by client 'Radcrazykid2 | 1-L-40'(id:4)
2018-09-23 00:37:14.488312|INFO    |VirtualServerBase|1  |file deleted from (id:0), 'files\virtualserver_1\internal\icons/icon_746379343' by client 'Radcrazykid2 | 1-L-40'(id:4)
2018-09-23 00:37:14.652437|INFO    |VirtualServerBase|1  |file deleted from (id:0), 'files\virtualserver_1\internal\icons/icon_763733025' by client 'Radcrazykid2 | 1-L-40'(id:4)
2018-09-23 00:37:14.943439|INFO    |VirtualServerBase|1  |file deleted from (id:0), 'files\virtualserver_1\internal\icons/icon_87243971' by client 'Radcrazykid2 | 1-L-40'(id:4)
2018-09-23 00:37:15.242439|INFO    |VirtualServerBase|1  |file deleted from (id:0), 'files\virtualserver_1\internal\icons/icon_888699871' by client 'Radcrazykid2 | 1-L-40'(id:4)
2018-09-23 00:37:21.826671|INFO    |VirtualServerBase|1  |file upload to (id:0), '/icon_2462758921' by client 'Radcrazykid2 | 1-L-40'(id:4)
2018-09-23 00:37:21.827671|INFO    |VirtualServerBase|1  |file upload to (id:0), '/icon_2117425286' by client 'Radcrazykid2 | 1-L-40'(id:4)
2018-09-23 00:37:21.829672|INFO    |VirtualServerBase|1  |file upload to (id:0), '/icon_1056602679' by client 'Radcrazykid2 | 1-L-40'(id:4)
2018-09-23 00:37:21.831672|INFO    |VirtualServerBase|1  |file upload to (id:0), '/icon_960848581' by client 'Radcrazykid2 | 1-L-40'(id:4)
2018-09-23 00:37:21.832673|INFO    |VirtualServerBase|1  |file upload to (id:0), '/icon_888699871' by client 'Radcrazykid2 | 1-L-40'(id:4)
2018-09-23 00:37:21.836673|INFO    |VirtualServerBase|1  |file upload to (id:0), '/icon_763733025' by client 'Radcrazykid2 | 1-L-40'(id:4)
2018-09-23 00:37:21.839674|INFO    |VirtualServerBase|1  |file upload to (id:0), '/icon_334483102' by client 'Radcrazykid2 | 1-L-40'(id:4)
2018-09-23 00:37:21.842675|INFO    |VirtualServerBase|1  |file upload to (id:0), '/icon_3963302091' by client 'Radcrazykid2 | 1-L-40'(id:4)
2018-09-23 00:37:21.845676|INFO    |VirtualServerBase|1  |file upload to (id:0), '/icon_3273012849' by client 'Radcrazykid2 | 1-L-40'(id:4)
2018-09-23 00:37:21.848676|INFO    |VirtualServerBase|1  |file upload to (id:0), '/icon_2986627059' by client 'Radcrazykid2 | 1-L-40'(id:4)
2018-09-23 00:37:21.854677|INFO    |VirtualServerBase|1  |file upload to (id:0), '/icon_3773842619' by client 'Radcrazykid2 | 1-L-40'(id:4)
2018-09-23 00:37:21.856678|INFO    |VirtualServerBase|1  |file upload to (id:0), '/icon_2332708917' by client 'Radcrazykid2 | 1-L-40'(id:4)
2018-09-23 00:37:21.859679|INFO    |VirtualServerBase|1  |file upload to (id:0), '/icon_2477954463' by client 'Radcrazykid2 | 1-L-40'(id:4)
2018-09-23 00:37:21.861679|INFO    |VirtualServerBase|1  |file upload to (id:0), '/icon_420107065' by client 'Radcrazykid2 | 1-L-40'(id:4)
2018-09-23 00:37:21.864680|INFO    |VirtualServerBase|1  |file upload to (id:0), '/icon_2013348012' by client 'Radcrazykid2 | 1-L-40'(id:4)
2018-09-23 00:37:21.871681|INFO    |VirtualServerBase|1  |file upload to (id:0), '/icon_2366247276' by client 'Radcrazykid2 | 1-L-40'(id:4)
2018-09-23 00:37:21.874682|INFO    |VirtualServerBase|1  |file upload to (id:0), '/icon_1116735422' by client 'Radcrazykid2 | 1-L-40'(id:4)
2018-09-23 00:37:21.877683|INFO    |VirtualServerBase|1  |file upload to (id:0), '/icon_490846800' by client 'Radcrazykid2 | 1-L-40'(id:4)
2018-09-23 00:37:21.879683|INFO    |VirtualServerBase|1  |file upload to (id:0), '/icon_3714751149' by client 'Radcrazykid2 | 1-L-40'(id:4)
2018-09-23 00:37:21.882684|INFO    |VirtualServerBase|1  |file upload to (id:0), '/icon_420107065' by client 'Radcrazykid2 | 1-L-40'(id:4)
2018-09-23 00:37:21.886685|INFO    |VirtualServerBase|1  |file upload to (id:0), '/icon_2888068105' by client 'Radcrazykid2 | 1-L-40'(id:4)
2018-09-23 00:37:21.889685|INFO    |VirtualServerBase|1  |file upload to (id:0), '/icon_2879214217' by client 'Radcrazykid2 | 1-L-40'(id:4)
2018-09-23 00:37:21.892686|INFO    |VirtualServerBase|1  |file upload to (id:0), '/icon_2910318210' by client 'Radcrazykid2 | 1-L-40'(id:4)
2018-09-23 00:37:21.894686|INFO    |VirtualServerBase|1  |file upload to (id:0), '/icon_3884864980' by client 'Radcrazykid2 | 1-L-40'(id:4)
2018-09-23 00:37:21.897687|INFO    |VirtualServerBase|1  |file upload to (id:0), '/icon_2355363910' by client 'Radcrazykid2 | 1-L-40'(id:4)
2018-09-23 00:37:21.900688|INFO    |VirtualServerBase|1  |file upload to (id:0), '/icon_2868761521' by client 'Radcrazykid2 | 1-L-40'(id:4)
2018-09-23 00:37:21.903688|INFO    |VirtualServerBase|1  |file upload to (id:0), '/icon_2309360079' by client 'Radcrazykid2 | 1-L-40'(id:4)
2018-09-23 00:37:21.906689|INFO    |VirtualServerBase|1  |file upload to (id:0), '/icon_312964519' by client 'Radcrazykid2 | 1-L-40'(id:4)
2018-09-23 00:37:21.908689|INFO    |VirtualServerBase|1  |file upload to (id:0), '/icon_2687556238' by client 'Radcrazykid2 | 1-L-40'(id:4)
2018-09-23 00:37:21.912690|INFO    |VirtualServerBase|1  |file upload to (id:0), '/icon_950873634' by client 'Radcrazykid2 | 1-L-40'(id:4)
2018-09-23 00:37:21.914691|INFO    |VirtualServerBase|1  |file upload to (id:0), '/icon_2764044660' by client 'Radcrazykid2 | 1-L-40'(id:4)
2018-09-23 00:37:21.917692|INFO    |VirtualServerBase|1  |file upload to (id:0), '/icon_3894392562' by client 'Radcrazykid2 | 1-L-40'(id:4)
2018-09-23 00:37:21.920692|INFO    |VirtualServerBase|1  |file upload to (id:0), '/icon_3739044781' by client 'Radcrazykid2 | 1-L-40'(id:4)
2018-09-23 00:37:21.923693|INFO    |VirtualServerBase|1  |file upload to (id:0), '/icon_1078673879' by client 'Radcrazykid2 | 1-L-40'(id:4)
2018-09-23 00:37:21.926693|INFO    |VirtualServerBase|1  |file upload to (id:0), '/icon_3749574794' by client 'Radcrazykid2 | 1-L-40'(id:4)
2018-09-23 00:37:21.928694|INFO    |VirtualServerBase|1  |file upload to (id:0), '/icon_3104672644' by client 'Radcrazykid2 | 1-L-40'(id:4)
2018-09-23 00:37:21.931695|INFO    |VirtualServerBase|1  |file upload to (id:0), '/icon_2199110935' by client 'Radcrazykid2 | 1-L-40'(id:4)
2018-09-23 00:37:21.935695|INFO    |VirtualServerBase|1  |file upload to (id:0), '/icon_199054942' by client 'Radcrazykid2 | 1-L-40'(id:4)
2018-09-23 00:37:21.938696|INFO    |VirtualServerBase|1  |file upload to (id:0), '/icon_512023111' by client 'Radcrazykid2 | 1-L-40'(id:4)
2018-09-23 00:37:21.941697|INFO    |VirtualServerBase|1  |file upload to (id:0), '/icon_110743397' by client 'Radcrazykid2 | 1-L-40'(id:4)
2018-09-23 00:37:21.944698|INFO    |VirtualServerBase|1  |file upload to (id:0), '/icon_2198526597' by client 'Radcrazykid2 | 1-L-40'(id:4)
2018-09-23 00:37:21.947698|INFO    |VirtualServerBase|1  |file upload to (id:0), '/icon_52966479' by client 'Radcrazykid2 | 1-L-40'(id:4)
2018-09-23 00:37:21.964703|INFO    |VirtualServerBase|1  |file upload to (id:0), '/icon_250997313' by client 'Radcrazykid2 | 1-L-40'(id:4)
2018-09-23 00:37:21.964703|INFO    |VirtualServerBase|1  |file upload to (id:0), '/icon_4130422297' by client 'Radcrazykid2 | 1-L-40'(id:4)
2018-09-23 00:37:21.964703|INFO    |VirtualServerBase|1  |file upload to (id:0), '/icon_206560669' by client 'Radcrazykid2 | 1-L-40'(id:4)
2018-09-23 00:37:21.964703|INFO    |VirtualServerBase|1  |file upload to (id:0), '/icon_32924284' by client 'Radcrazykid2 | 1-L-40'(id:4)
2018-09-23 00:37:21.964703|INFO    |VirtualServerBase|1  |file upload to (id:0), '/icon_87243971' by client 'Radcrazykid2 | 1-L-40'(id:4)
2018-09-23 00:37:21.969703|INFO    |VirtualServerBase|1  |file upload to (id:0), '/icon_125039526' by client 'Radcrazykid2 | 1-L-40'(id:4)
2018-09-23 00:37:21.971703|INFO    |VirtualServerBase|1  |file upload to (id:0), '/icon_172477792' by client 'Radcrazykid2 | 1-L-40'(id:4)
2018-09-23 00:37:21.974704|INFO    |VirtualServerBase|1  |file upload to (id:0), '/icon_224044864' by client 'Radcrazykid2 | 1-L-40'(id:4)
2018-09-23 00:37:21.977705|INFO    |VirtualServerBase|1  |file upload to (id:0), '/icon_243315320' by client 'Radcrazykid2 | 1-L-40'(id:4)
2018-09-23 00:37:21.979705|INFO    |VirtualServerBase|1  |file upload to (id:0), '/icon_250997313' by client 'Radcrazykid2 | 1-L-40'(id:4)
2018-09-23 00:37:21.983706|INFO    |VirtualServerBase|1  |file upload to (id:0), '/icon_333931649' by client 'Radcrazykid2 | 1-L-40'(id:4)
2018-09-23 00:37:21.985707|INFO    |VirtualServerBase|1  |file upload to (id:0), '/icon_423150974' by client 'Radcrazykid2 | 1-L-40'(id:4)
2018-09-23 00:37:21.988707|INFO    |VirtualServerBase|1  |file upload to (id:0), '/icon_462396485' by client 'Radcrazykid2 | 1-L-40'(id:4)
2018-09-23 00:37:21.990708|INFO    |VirtualServerBase|1  |file upload to (id:0), '/icon_569536555' by client 'Radcrazykid2 | 1-L-40'(id:4)
2018-09-23 00:37:22.015713|INFO    |VirtualServerBase|1  |file upload to (id:0), '/icon_1214444705' by client 'Radcrazykid2 | 1-L-40'(id:4)
2018-09-23 00:37:22.017715|INFO    |VirtualServerBase|1  |file upload to (id:0), '/icon_1354454235' by client 'Radcrazykid2 | 1-L-40'(id:4)
2018-09-23 00:37:22.020715|INFO    |VirtualServerBase|1  |file upload to (id:0), '/icon_2101018538' by client 'Radcrazykid2 | 1-L-40'(id:4)
2018-09-23 00:37:22.023716|INFO    |VirtualServerBase|1  |file upload to (id:0), '/icon_2458059554' by client 'Radcrazykid2 | 1-L-40'(id:4)
2018-09-23 00:37:22.025716|INFO    |VirtualServerBase|1  |file upload to (id:0), '/icon_1913523921' by client 'Radcrazykid2 | 1-L-40'(id:4)
2018-09-23 00:37:22.034718|INFO    |VirtualServerBase|1  |file upload to (id:0), '/icon_2643353939' by client 'Radcrazykid2 | 1-L-40'(id:4)
2018-09-23 00:37:22.036718|INFO    |VirtualServerBase|1  |file upload to (id:0), '/icon_2210940942' by client 'Radcrazykid2 | 1-L-40'(id:4)
2018-09-23 00:37:22.039719|INFO    |VirtualServerBase|1  |file upload to (id:0), '/icon_4231751858' by client 'Radcrazykid2 | 1-L-40'(id:4)
2018-09-23 00:37:22.042720|INFO    |VirtualServerBase|1  |file upload to (id:0), '/icon_2176627512' by client 'Radcrazykid2 | 1-L-40'(id:4)
2018-09-23 00:37:22.044720|INFO    |VirtualServerBase|1  |file upload to (id:0), '/icon_184842084' by client 'Radcrazykid2 | 1-L-40'(id:4)
2018-09-23 00:37:22.050721|INFO    |VirtualServerBase|1  |file upload to (id:0), '/icon_1455379126' by client 'Radcrazykid2 | 1-L-40'(id:4)
2018-09-23 00:37:22.053722|INFO    |VirtualServerBase|1  |file upload to (id:0), '/icon_746379343' by client 'Radcrazykid2 | 1-L-40'(id:4)
2018-09-23 00:37:22.055722|INFO    |VirtualServerBase|1  |file upload to (id:0), '/icon_677066105' by client 'Radcrazykid2 | 1-L-40'(id:4)
2018-09-23 00:37:22.058723|INFO    |VirtualServerBase|1  |file upload to (id:0), '/icon_2882935176' by client 'Radcrazykid2 | 1-L-40'(id:4)
2018-09-23 00:37:22.061724|INFO    |VirtualServerBase|1  |file upload to (id:0), '/icon_1048504915' by client 'Radcrazykid2 | 1-L-40'(id:4)
2018-09-23 00:37:22.064724|INFO    |VirtualServerBase|1  |file upload to (id:0), '/icon_2017444908' by client 'Radcrazykid2 | 1-L-40'(id:4)
2018-09-23 00:37:22.079728|INFO    |VirtualServerBase|1  |file upload to (id:0), '/icon_317529237' by client 'Radcrazykid2 | 1-L-40'(id:4)
2018-09-23 00:37:22.079728|INFO    |VirtualServerBase|1  |file upload to (id:0), '/icon_380861546' by client 'Radcrazykid2 | 1-L-40'(id:4)
2018-09-23 00:37:22.081729|INFO    |VirtualServerBase|1  |file upload to (id:0), '/icon_46078611' by client 'Radcrazykid2 | 1-L-40'(id:4)
2018-09-23 00:37:22.082728|INFO    |VirtualServerBase|1  |file upload to (id:0), '/icon_671141899' by client 'Radcrazykid2 | 1-L-40'(id:4)
2018-09-23 00:37:22.085729|INFO    |VirtualServerBase|1  |file upload to (id:0), '/icon_1068031717' by client 'Radcrazykid2 | 1-L-40'(id:4)
2018-09-23 00:37:22.090730|INFO    |VirtualServerBase|1  |file upload to (id:0), '/icon_3062257508' by client 'Radcrazykid2 | 1-L-40'(id:4)
2018-09-23 00:37:22.092731|INFO    |VirtualServerBase|1  |file upload to (id:0), '/icon_3240748537' by client 'Radcrazykid2 | 1-L-40'(id:4)
2018-09-23 00:37:22.095731|INFO    |VirtualServerBase|1  |file upload to (id:0), '/icon_3751266214' by client 'Radcrazykid2 | 1-L-40'(id:4)
2018-09-23 00:37:22.098732|INFO    |VirtualServerBase|1  |file upload to (id:0), '/icon_808654778' by client 'Radcrazykid2 | 1-L-40'(id:4)
2018-09-23 00:37:22.101733|INFO    |VirtualServerBase|1  |file upload to (id:0), '/icon_770381366' by client 'Radcrazykid2 | 1-L-40'(id:4)
2018-09-23 00:37:22.105734|INFO    |VirtualServerBase|1  |file upload to (id:0), '/icon_3242600914' by client 'Radcrazykid2 | 1-L-40'(id:4)
2018-09-23 00:37:22.107734|INFO    |VirtualServerBase|1  |file upload to (id:0), '/icon_2122164064' by client 'Radcrazykid2 | 1-L-40'(id:4)
2018-09-23 00:37:22.110735|INFO    |VirtualServerBase|1  |file upload to (id:0), '/icon_4145596773' by client 'Radcrazykid2 | 1-L-40'(id:4)
2018-09-23 00:37:22.113735|INFO    |VirtualServerBase|1  |file upload to (id:0), '/icon_3082737923' by client 'Radcrazykid2 | 1-L-40'(id:4)
2018-09-23 00:37:22.116736|INFO    |VirtualServerBase|1  |file upload to (id:0), '/icon_214798205' by client 'Radcrazykid2 | 1-L-40'(id:4)
2018-09-23 00:37:22.119737|INFO    |VirtualServerBase|1  |file upload to (id:0), '/icon_3159252279' by client 'Radcrazykid2 | 1-L-40'(id:4)
2018-09-23 00:38:07.167736|INFO    |VirtualServerBase|1  |file upload to (id:0), '/icon_1913523921' by client 'Radcrazykid2 | 1-L-40'(id:4)
2018-09-23 00:38:16.822383|INFO    |VirtualServer |1  |permission 'i_icon_id'(id:144) with values (value:1913523921, negated:0, skipchannel:0) was added by 'Radcrazykid2 | 1-L-40'(id:4) to servergroup 'Owner'(id:6)
2018-09-23 00:38:21.980314|INFO    |VirtualServer |1  |permission 'i_icon_id'(id:144) with values (value:-331665205, negated:0, skipchannel:0) was added by 'Radcrazykid2 | 1-L-40'(id:4) to servergroup 'Assistant Director'(id:14)
2018-09-23 00:38:25.339062|INFO    |VirtualServer |1  |permission 'i_icon_id'(id:144) with values (value:2013348012, negated:0, skipchannel:0) was added by 'Radcrazykid2 | 1-L-40'(id:4) to servergroup 'Community Director'(id:13)
2018-09-23 00:38:29.394359|INFO    |VirtualServer |1  |permission 'i_icon_id'(id:144) with values (value:334483102, negated:0, skipchannel:0) was added by 'Radcrazykid2 | 1-L-40'(id:4) to servergroup '*Lead Admin*'(id:9)
2018-09-23 00:38:33.443370|INFO    |VirtualServer |1  |permission 'i_icon_id'(id:144) with values (value:763733025, negated:0, skipchannel:0) was added by 'Radcrazykid2 | 1-L-40'(id:4) to servergroup 'Lead Admin'(id:10)
2018-09-23 00:38:39.076596|INFO    |VirtualServer |1  |permission 'i_icon_id'(id:144) with values (value:334483102, negated:0, skipchannel:0) was added by 'Radcrazykid2 | 1-L-40'(id:4) to servergroup 'Lead Admin'(id:10)
2018-09-23 00:38:42.130329|INFO    |VirtualServer |1  |permission 'i_icon_id'(id:144) with values (value:763733025, negated:0, skipchannel:0) was added by 'Radcrazykid2 | 1-L-40'(id:4) to servergroup 'Senior Admin'(id:11)
2018-09-23 00:38:44.288342|INFO    |VirtualServer |1  |permission 'i_icon_id'(id:144) with values (value:888699871, negated:0, skipchannel:0) was added by 'Radcrazykid2 | 1-L-40'(id:4) to servergroup 'Server Admin'(id:12)
2018-09-23 00:38:47.211035|INFO    |VirtualServer |1  |permission 'i_icon_id'(id:144) with values (value:-1232709788, negated:0, skipchannel:0) was added by 'Radcrazykid2 | 1-L-40'(id:4) to servergroup 'Retired Admin'(id:15)
2018-09-23 00:39:09.198542|INFO    |VirtualServer |1  |permission 'i_icon_id'(id:144) with values (value:-2096440699, negated:0, skipchannel:0) was added by 'Radcrazykid2 | 1-L-40'(id:4) to servergroup 'General Staff'(id:17)
2018-09-23 00:39:12.367394|INFO    |VirtualServer |1  |permission 'i_icon_id'(id:144) with values (value:1116735422, negated:0, skipchannel:0) was added by 'Radcrazykid2 | 1-L-40'(id:4) to servergroup 'Community Leader'(id:18)
2018-09-23 00:39:15.861529|INFO    |VirtualServer |1  |permission 'i_icon_id'(id:144) with values (value:199054942, negated:0, skipchannel:0) was added by 'Radcrazykid2 | 1-L-40'(id:4) to servergroup 'In-Game Admin'(id:19)
2018-09-23 00:39:33.020297|INFO    |VirtualServer |1  |permission 'i_icon_id'(id:144) with values (value:-1412032120, negated:0, skipchannel:0) was added by 'Radcrazykid2 | 1-L-40'(id:4) to servergroup 'Senior Member'(id:20)
2018-09-23 00:39:34.949885|INFO    |VirtualServer |1  |permission 'i_icon_id'(id:144) with values (value:677066105, negated:0, skipchannel:0) was added by 'Radcrazykid2 | 1-L-40'(id:4) to servergroup 'Member'(id:21)
2018-09-23 00:39:38.093585|INFO    |VirtualServer |1  |permission 'i_icon_id'(id:144) with values (value:746379343, negated:0, skipchannel:0) was added by 'Radcrazykid2 | 1-L-40'(id:4) to servergroup 'Junior Member'(id:22)
2018-09-23 00:39:40.396097|INFO    |VirtualServer |1  |permission 'i_max_icon_filesize'(id:145) with values (value:75, negated:0, skipchannel:0) was added by 'Radcrazykid2 | 1-L-40'(id:4) to servergroup 'Casual Unrestricted'(id:23)
2018-09-23 00:39:44.624037|INFO    |VirtualServer |1  |permission 'i_icon_id'(id:144) with values (value:-1415753079, negated:0, skipchannel:0) was added by 'Radcrazykid2 | 1-L-40'(id:4) to servergroup 'Casual Unrestricted'(id:23)
2018-09-23 00:39:48.168291|INFO    |VirtualServer |1  |permission 'i_icon_id'(id:144) with values (value:-1406899191, negated:0, skipchannel:0) was added by 'Radcrazykid2 | 1-L-40'(id:4) to servergroup 'Casual Restricted'(id:24)
2018-09-23 00:40:07.995680|INFO    |VirtualServer |1  |permission 'i_icon_id'(id:144) with values (value:960848581, negated:0, skipchannel:0) was added by 'Radcrazykid2 | 1-L-40'(id:4) to servergroup '==San Andreas LEO=='(id:25)
2018-09-23 00:40:17.578327|INFO    |VirtualServer |1  |permission 'i_icon_id'(id:144) with values (value:172477792, negated:0, skipchannel:0) was added by 'Radcrazykid2 | 1-L-40'(id:4) to servergroup 'SAPD Cadet'(id:35)
2018-09-23 00:40:19.867379|INFO    |VirtualServer |1  |permission 'i_icon_id'(id:144) with values (value:172477792, negated:0, skipchannel:0) was added by 'Radcrazykid2 | 1-L-40'(id:4) to servergroup 'SASD Cadet'(id:40)
2018-09-23 00:41:15.000402|INFO    |VirtualServer |1  |permission 'i_icon_id'(id:144) with values (value:808654778, negated:0, skipchannel:0) was added by 'Radcrazykid2 | 1-L-40'(id:4) to servergroup 'Officer'(id:33)
2018-09-23 00:41:20.185564|INFO    |VirtualServer |1  |permission 'i_icon_id'(id:144) with values (value:671141899, negated:0, skipchannel:0) was added by 'Radcrazykid2 | 1-L-40'(id:4) to servergroup 'Senior Lead Officer'(id:32)
2018-09-23 00:41:39.794565|INFO    |VirtualServer |1  |permission 'i_icon_id'(id:144) with values (value:808654778, negated:0, skipchannel:0) was added by 'Radcrazykid2 | 1-L-40'(id:4) to servergroup 'Sergeant'(id:31)
2018-09-23 00:41:49.187648|INFO    |VirtualServer |1  |permission 'i_icon_id'(id:144) with values (value:1068031717, negated:0, skipchannel:0) was added by 'Radcrazykid2 | 1-L-40'(id:4) to servergroup 'Officer'(id:33)
2018-09-23 00:41:52.333557|INFO    |VirtualServer |1  |permission 'i_icon_id'(id:144) with values (value:950873634, negated:0, skipchannel:0) was added by 'Radcrazykid2 | 1-L-40'(id:4) to servergroup 'Probationary Officer'(id:34)
2018-09-23 00:42:06.595170|INFO    |VirtualServer |1  |permission 'i_icon_id'(id:144) with values (value:-164544999, negated:0, skipchannel:0) was added by 'Radcrazykid2 | 1-L-40'(id:4) to servergroup 'Internal Affairs'(id:43)
2018-09-23 00:42:34.214122|INFO    |VirtualServer |1  |permission 'i_icon_id'(id:144) with values (value:-2095856361, negated:0, skipchannel:0) was added by 'Radcrazykid2 | 1-L-40'(id:4) to servergroup 'Field Training Officer'(id:48)
2018-09-23 00:42:38.680115|INFO    |VirtualServer |1  |permission 'i_icon_id'(id:144) with values (value:-1832208375, negated:0, skipchannel:0) was added by 'Radcrazykid2 | 1-L-40'(id:4) to servergroup 'Detective Bureau'(id:50)
2018-09-23 00:42:43.804272|INFO    |VirtualServer |1  |permission 'i_icon_id'(id:144) with values (value:-63215438, negated:0, skipchannel:0) was added by 'Radcrazykid2 | 1-L-40'(id:4) to servergroup 'K9 Unit'(id:51)
2018-09-23 00:42:46.160122|INFO    |VirtualServer |1  |permission 'i_icon_id'(id:144) with values (value:-2084026354, negated:0, skipchannel:0) was added by 'Radcrazykid2 | 1-L-40'(id:4) to servergroup 'Tactical Support Unit'(id:52)
2018-09-23 00:43:01.020123|INFO    |VirtualServer |1  |permission 'i_icon_id'(id:144) with values (value:-1308340237, negated:0, skipchannel:0) was added by 'Radcrazykid2 | 1-L-40'(id:4) to servergroup 'Air Unit'(id:47)
2018-09-23 00:43:30.729872|INFO    |VirtualServer |1  |permission 'i_icon_id'(id:144) with values (value:1214444705, negated:0, skipchannel:0) was added by 'Radcrazykid2 | 1-L-40'(id:4) to servergroup 'Firearms Qualified'(id:66)
2018-09-23 00:43:34.547297|INFO    |VirtualServer |1  |permission 'i_icon_id'(id:144) with values (value:-149370523, negated:0, skipchannel:0) was added by 'Radcrazykid2 | 1-L-40'(id:4) to servergroup 'Tazer Qualified'(id:67)
2018-09-23 00:43:39.819471|INFO    |VirtualServer |1  |permission 'i_icon_id'(id:144) with values (value:250997313, negated:0, skipchannel:0) was added by 'Radcrazykid2 | 1-L-40'(id:4) to servergroup 'Firearms Training Required '(id:68)
2018-09-23 00:43:43.156213|INFO    |VirtualServer |1  |permission 'i_icon_id'(id:144) with values (value:-1530922636, negated:0, skipchannel:0) was added by 'Radcrazykid2 | 1-L-40'(id:4) to servergroup 'Firearms Suspended'(id:69)
2018-09-23 00:44:00.596035|INFO    |VirtualServer |1  |permission 'i_icon_id'(id:144) with values (value:-1607411058, negated:0, skipchannel:0) was added by 'Radcrazykid2 | 1-L-40'(id:4) to servergroup 'Driver Suspended'(id:71)
2018-09-23 00:44:06.688093|INFO    |VirtualServer |1  |permission 'i_icon_id'(id:144) with values (value:423150974, negated:0, skipchannel:0) was added by 'Radcrazykid2 | 1-L-40'(id:4) to servergroup 'K9 Training Required'(id:72)
2018-09-23 00:44:19.345266|INFO    |VirtualServer |1  |permission 'i_icon_id'(id:144) with values (value:87243971, negated:0, skipchannel:0) was added by 'Radcrazykid2 | 1-L-40'(id:4) to servergroup 'Dispatch'(id:49)
2018-09-23 00:44:56.368013|INFO    |VirtualServer |1  |permission 'i_icon_id'(id:144) with values (value:-555922515, negated:0, skipchannel:0) was added by 'Radcrazykid2 | 1-L-40'(id:4) to servergroup 'Construction Worker'(id:86)
2018-09-23 00:51:30.210073|INFO    |VirtualServerBase|1  |file upload to (id:0), '/icon_1056602679' by client 'Radcrazykid2 | 1-L-40'(id:4)
2018-09-23 00:51:30.212074|INFO    |VirtualServerBase|1  |file upload to (id:0), '/icon_2403989947' by client 'Radcrazykid2 | 1-L-40'(id:4)
2018-09-23 00:51:30.213074|INFO    |VirtualServerBase|1  |file upload to (id:0), '/icon_925789444' by client 'Radcrazykid2 | 1-L-40'(id:4)
2018-09-23 00:51:30.215074|INFO    |VirtualServerBase|1  |file upload to (id:0), '/icon_3273012849' by client 'Radcrazykid2 | 1-L-40'(id:4)
2018-09-23 00:51:30.216075|INFO    |VirtualServerBase|1  |file upload to (id:0), '/icon_3773842619' by client 'Radcrazykid2 | 1-L-40'(id:4)
2018-09-23 00:51:30.220075|INFO    |VirtualServerBase|1  |file upload to (id:0), '/icon_2332708917' by client 'Radcrazykid2 | 1-L-40'(id:4)
2018-09-23 00:51:30.222075|INFO    |VirtualServerBase|1  |file upload to (id:0), '/icon_490846800' by client 'Radcrazykid2 | 1-L-40'(id:4)
2018-09-23 00:51:30.225076|INFO    |VirtualServerBase|1  |file upload to (id:0), '/icon_3714751149' by client 'Radcrazykid2 | 1-L-40'(id:4)
2018-09-23 00:51:30.227076|INFO    |VirtualServerBase|1  |file upload to (id:0), '/icon_1835666549' by client 'Radcrazykid2 | 1-L-40'(id:4)
2018-09-23 00:51:30.235078|INFO    |VirtualServerBase|1  |file upload to (id:0), '/icon_3104672644' by client 'Radcrazykid2 | 1-L-40'(id:4)
2018-09-23 00:51:30.237079|INFO    |VirtualServerBase|1  |file upload to (id:0), '/icon_1726201570' by client 'Radcrazykid2 | 1-L-40'(id:4)
2018-09-23 00:51:30.240080|INFO    |VirtualServerBase|1  |file upload to (id:0), '/icon_2496586606' by client 'Radcrazykid2 | 1-L-40'(id:4)
2018-09-23 00:51:30.242080|INFO    |VirtualServerBase|1  |file upload to (id:0), '/icon_3163112138' by client 'Radcrazykid2 | 1-L-40'(id:4)
2018-09-23 00:51:30.244080|INFO    |VirtualServerBase|1  |file upload to (id:0), '/icon_3423972888' by client 'Radcrazykid2 | 1-L-40'(id:4)
2018-09-23 00:51:30.250081|INFO    |VirtualServerBase|1  |file upload to (id:0), '/icon_3498826846' by client 'Radcrazykid2 | 1-L-40'(id:4)
2018-09-23 00:51:30.250081|INFO    |VirtualServerBase|1  |file upload to (id:0), '/icon_3911561361' by client 'Radcrazykid2 | 1-L-40'(id:4)
2018-09-23 00:51:30.252083|INFO    |VirtualServerBase|1  |file upload to (id:0), '/icon_317529237' by client 'Radcrazykid2 | 1-L-40'(id:4)
2018-09-23 00:51:30.255083|INFO    |VirtualServerBase|1  |file upload to (id:0), '/icon_380861546' by client 'Radcrazykid2 | 1-L-40'(id:4)
2018-09-23 00:51:30.265085|INFO    |VirtualServerBase|1  |file upload to (id:0), '/icon_46078611' by client 'Radcrazykid2 | 1-L-40'(id:4)
2018-09-23 00:51:30.266086|INFO    |VirtualServerBase|1  |file upload to (id:0), '/icon_3240748537' by client 'Radcrazykid2 | 1-L-40'(id:4)
2018-09-23 00:51:30.269086|INFO    |VirtualServerBase|1  |file upload to (id:0), '/icon_3131775999' by client 'Radcrazykid2 | 1-L-40'(id:4)
2018-09-23 00:51:30.271087|INFO    |VirtualServerBase|1  |file upload to (id:0), '/icon_3133210745' by client 'Radcrazykid2 | 1-L-40'(id:4)
2018-09-23 00:51:30.275087|INFO    |VirtualServerBase|1  |file upload to (id:0), '/icon_1479908127' by client 'Radcrazykid2 | 1-L-40'(id:4)
2018-09-23 00:51:30.279088|INFO    |VirtualServerBase|1  |file upload to (id:0), '/icon_2295463579' by client 'Radcrazykid2 | 1-L-40'(id:4)
2018-09-23 00:51:30.282089|INFO    |VirtualServerBase|1  |file upload to (id:0), '/icon_1410250558' by client 'Radcrazykid2 | 1-L-40'(id:4)
2018-09-23 00:51:30.284089|INFO    |VirtualServerBase|1  |file upload to (id:0), '/icon_3751266214' by client 'Radcrazykid2 | 1-L-40'(id:4)
2018-09-23 00:51:30.287090|INFO    |VirtualServerBase|1  |file upload to (id:0), '/icon_2314398147' by client 'Radcrazykid2 | 1-L-40'(id:4)
2018-09-23 00:51:30.289091|INFO    |VirtualServerBase|1  |file upload to (id:0), '/icon_2122164064' by client 'Radcrazykid2 | 1-L-40'(id:4)
2018-09-23 00:51:30.297092|INFO    |VirtualServerBase|1  |file upload to (id:0), '/icon_4276461003' by client 'Radcrazykid2 | 1-L-40'(id:4)
2018-09-23 00:51:30.300093|INFO    |VirtualServerBase|1  |file upload to (id:0), '/icon_312964519' by client 'Radcrazykid2 | 1-L-40'(id:4)
2018-09-23 00:51:30.303094|INFO    |VirtualServerBase|1  |file upload to (id:0), '/icon_478832049' by client 'Radcrazykid2 | 1-L-40'(id:4)
2018-09-23 00:51:42.940869|INFO    |VirtualServer |1  |permission 'i_icon_id'(id:144) with values (value:-383405935, negated:0, skipchannel:0) was added by 'Radcrazykid2 | 1-L-40'(id:4) to servergroup 'Delivery Driver'(id:82)
2018-09-23 01:02:59.999902|INFO    |VirtualServerBase|1  |file upload to (id:0), '/icon_3897558906' by client 'Radcrazykid2 | 1-L-40'(id:4)
2018-09-23 01:03:39.089955|INFO    |VirtualServer |1  |permission 'i_icon_id'(id:144) with values (value:-1161756551, negated:0, skipchannel:0) was added by 'Radcrazykid2 | 1-L-40'(id:4) to servergroup 'SAPD Comm.'(id:26)
2018-09-23 01:03:59.032995|INFO    |VirtualServer |1  |permission 'i_icon_id'(id:144) with values (value:512023111, negated:0, skipchannel:0) was added by 'Radcrazykid2 | 1-L-40'(id:4) to servergroup 'Captain'(id:29)
2018-09-23 01:04:04.148131|INFO    |VirtualServer |1  |permission 'i_icon_id'(id:144) with values (value:184842084, negated:0, skipchannel:0) was added by 'Radcrazykid2 | 1-L-40'(id:4) to servergroup 'Lieutenant'(id:30)
2018-09-23 01:04:11.610046|INFO    |VirtualServer |1  |permission 'i_icon_id'(id:144) with values (value:206560669, negated:0, skipchannel:0) was added by 'Radcrazykid2 | 1-L-40'(id:4) to servergroup 'Captain'(id:29)
2018-09-23 01:04:23.512987|INFO    |VirtualServer |1  |permission 'i_icon_id'(id:144) with values (value:-1190294652, negated:0, skipchannel:0) was added by 'Radcrazykid2 | 1-L-40'(id:4) to servergroup 'Traffic Unit'(id:53)
2018-09-23 01:04:36.967111|INFO    |VirtualServer |1  |permission 'i_icon_id'(id:144) with values (value:-18506293, negated:0, skipchannel:0) was added by 'Radcrazykid2 | 1-L-40'(id:4) to servergroup 'Warning One'(id:96)
2018-09-23 01:04:41.316961|INFO    |VirtualServer |1  |permission 'i_icon_id'(id:144) with values (value:1726201570, negated:0, skipchannel:0) was added by 'Radcrazykid2 | 1-L-40'(id:4) to servergroup 'Warning Two'(id:97)
2018-09-23 01:04:45.074909|INFO    |VirtualServer |1  |permission 'i_icon_id'(id:144) with values (value:312964519, negated:0, skipchannel:0) was added by 'Radcrazykid2 | 1-L-40'(id:4) to servergroup 'Warning Three'(id:98)
2018-09-23 01:05:06.430082|INFO    |VirtualServerBase|1  |file upload to (id:0), '/icon_4104371695' by client 'Radcrazykid2 | 1-L-40'(id:4)
2018-09-23 01:05:07.506321|INFO    |VirtualServer |1  |permission 'i_icon_id'(id:144) with values (value:-190595601, negated:0, skipchannel:0) was added by 'Radcrazykid2 | 1-L-40'(id:4) to servergroup 'Guest'(id:8)
2018-09-23 01:54:14.843746|INFO    |VirtualServerBase|1  |client disconnected 'Radcrazykid2 | 1-L-40'(id:4) reason 'reasonmsg=leaving'
2018-09-23 01:54:26.222013|INFO    |VirtualServerBase|1  |stopped
