2018-09-26 04:45:59.688772|INFO    |VirtualServer |1  |listening on 0.0.0.0:9987, [::]:9987
2018-09-26 04:47:24.455909|INFO    |VirtualServerBase|1  |client connected 'TeamSpeakUser'(id:4) using a myTeamSpeak ID from 192.168.2.19:49550
2018-09-26 04:47:24.500919|INFO    |VirtualServerBase|1  |file download from (id:0), '/icon_2642770149' by client 'TeamSpeakUser'(id:4)
2018-09-26 04:47:24.537927|INFO    |VirtualServerBase|1  |file download from (id:0), '/icon_1483396842' by client 'TeamSpeakUser'(id:4)
2018-09-26 04:47:24.538927|INFO    |VirtualServerBase|1  |file download from (id:0), '/icon_1529263021' by client 'TeamSpeakUser'(id:4)
2018-09-26 04:47:56.170391|INFO    |VirtualServerBase|1  |client disconnected 'TeamSpeakUser'(id:4) reason 'reasonmsg=leaving'
2018-09-26 04:47:56.763604|INFO    |VirtualServerBase|1  |client connected 'Radcrazykid2 | 1-L-40'(id:4) using a myTeamSpeak ID from 192.168.2.19:49550
2018-09-26 04:47:56.811615|INFO    |VirtualServerBase|1  |file download from (id:0), '/icon_1483396842' by client 'Radcrazykid2 | 1-L-40'(id:4)
2018-09-26 04:47:56.811615|INFO    |VirtualServerBase|1  |file download from (id:0), '/icon_1529263021' by client 'Radcrazykid2 | 1-L-40'(id:4)
2018-09-26 04:47:58.073953|INFO    |VirtualServerBase|1  |file download from (id:0), '/icon_2642770149' by client 'Radcrazykid2 | 1-L-40'(id:4)
2018-09-26 05:20:54.927395|INFO    |VirtualServerBase|1  |file download from (id:0), '/icon_562027764' by client 'Radcrazykid2 | 1-L-40'(id:4)
2018-09-26 05:20:54.934396|INFO    |VirtualServerBase|1  |file download from (id:0), '/icon_1805427825' by client 'Radcrazykid2 | 1-L-40'(id:4)
2018-09-26 05:20:54.935397|INFO    |VirtualServerBase|1  |file download from (id:0), '/icon_85368941' by client 'Radcrazykid2 | 1-L-40'(id:4)
2018-09-26 05:20:54.938397|INFO    |VirtualServerBase|1  |file download from (id:0), '/icon_3201618383' by client 'Radcrazykid2 | 1-L-40'(id:4)
2018-09-26 05:20:54.938397|INFO    |VirtualServerBase|1  |file download from (id:0), '/icon_3782301228' by client 'Radcrazykid2 | 1-L-40'(id:4)
2018-09-26 05:20:54.992410|INFO    |VirtualServerBase|1  |file download from (id:0), '/icon_2695360418' by client 'Radcrazykid2 | 1-L-40'(id:4)
2018-09-26 05:20:54.992410|INFO    |VirtualServerBase|1  |file download from (id:0), '/icon_475659083' by client 'Radcrazykid2 | 1-L-40'(id:4)
2018-09-26 05:20:54.993413|INFO    |VirtualServerBase|1  |file download from (id:0), '/icon_1815735829' by client 'Radcrazykid2 | 1-L-40'(id:4)
2018-09-26 05:20:54.993413|INFO    |VirtualServerBase|1  |file download from (id:0), '/icon_278659660' by client 'Radcrazykid2 | 1-L-40'(id:4)
2018-09-26 05:20:54.994410|INFO    |VirtualServerBase|1  |file download from (id:0), '/icon_2866804287' by client 'Radcrazykid2 | 1-L-40'(id:4)
2018-09-26 05:20:55.092432|INFO    |VirtualServerBase|1  |file download from (id:0), '/icon_2003727143' by client 'Radcrazykid2 | 1-L-40'(id:4)
2018-09-26 05:20:55.093424|INFO    |VirtualServerBase|1  |file download from (id:0), '/icon_3692269475' by client 'Radcrazykid2 | 1-L-40'(id:4)
2018-09-26 05:20:55.096433|INFO    |VirtualServerBase|1  |file download from (id:0), '/icon_270108242' by client 'Radcrazykid2 | 1-L-40'(id:4)
2018-09-26 05:20:55.195455|INFO    |VirtualServerBase|1  |file download from (id:0), '/icon_463254636' by client 'Radcrazykid2 | 1-L-40'(id:4)
2018-09-26 05:20:55.195455|INFO    |VirtualServerBase|1  |file download from (id:0), '/icon_446998080' by client 'Radcrazykid2 | 1-L-40'(id:4)
2018-09-26 05:31:33.896049|INFO    |VirtualServerBase|1  |file upload to (id:0), '/icon_3993483088' by client 'Radcrazykid2 | 1-L-40'(id:4)
2018-09-26 05:33:07.953323|INFO    |VirtualServerBase|1  |file upload to (id:0), '/icon_30547448' by client 'Radcrazykid2 | 1-L-40'(id:4)
2018-09-26 05:33:07.955314|INFO    |VirtualServerBase|1  |file upload to (id:0), '/icon_32924284' by client 'Radcrazykid2 | 1-L-40'(id:4)
2018-09-26 05:33:07.957323|INFO    |VirtualServerBase|1  |file upload to (id:0), '/icon_316676698' by client 'Radcrazykid2 | 1-L-40'(id:4)
2018-09-26 05:33:07.958323|INFO    |VirtualServerBase|1  |file upload to (id:0), '/icon_446998080' by client 'Radcrazykid2 | 1-L-40'(id:4)
2018-09-26 05:33:07.969326|INFO    |VirtualServerBase|1  |file upload to (id:0), '/icon_463254636' by client 'Radcrazykid2 | 1-L-40'(id:4)
2018-09-26 05:33:07.970326|INFO    |VirtualServerBase|1  |file upload to (id:0), '/icon_546820922' by client 'Radcrazykid2 | 1-L-40'(id:4)
2018-09-26 05:33:07.973327|INFO    |VirtualServerBase|1  |file upload to (id:0), '/icon_698660392' by client 'Radcrazykid2 | 1-L-40'(id:4)
2018-09-26 05:33:07.975327|INFO    |VirtualServerBase|1  |file upload to (id:0), '/icon_716358338' by client 'Radcrazykid2 | 1-L-40'(id:4)
2018-09-26 05:33:07.977328|INFO    |VirtualServerBase|1  |file upload to (id:0), '/icon_1985719012' by client 'Radcrazykid2 | 1-L-40'(id:4)
2018-09-26 05:33:07.980321|INFO    |VirtualServerBase|1  |file upload to (id:0), '/icon_1436558446' by client 'Radcrazykid2 | 1-L-40'(id:4)
2018-09-26 05:33:07.982321|INFO    |VirtualServerBase|1  |file upload to (id:0), '/icon_1483396842' by client 'Radcrazykid2 | 1-L-40'(id:4)
2018-09-26 05:33:07.984320|INFO    |VirtualServerBase|1  |file upload to (id:0), '/icon_1505270141' by client 'Radcrazykid2 | 1-L-40'(id:4)
2018-09-26 05:33:07.985330|INFO    |VirtualServerBase|1  |file upload to (id:0), '/icon_1529263021' by client 'Radcrazykid2 | 1-L-40'(id:4)
2018-09-26 05:33:07.987321|INFO    |VirtualServerBase|1  |file upload to (id:0), '/icon_1622907497' by client 'Radcrazykid2 | 1-L-40'(id:4)
2018-09-26 05:33:07.992331|INFO    |VirtualServerBase|1  |file upload to (id:0), '/icon_1746730146' by client 'Radcrazykid2 | 1-L-40'(id:4)
2018-09-26 05:33:07.994323|INFO    |VirtualServerBase|1  |file upload to (id:0), '/icon_1766245168' by client 'Radcrazykid2 | 1-L-40'(id:4)
2018-09-26 05:33:07.996332|INFO    |VirtualServerBase|1  |file upload to (id:0), '/icon_1805427825' by client 'Radcrazykid2 | 1-L-40'(id:4)
2018-09-26 05:33:07.997332|INFO    |VirtualServerBase|1  |file upload to (id:0), '/icon_1815735829' by client 'Radcrazykid2 | 1-L-40'(id:4)
2018-09-26 05:33:07.999333|INFO    |VirtualServerBase|1  |file upload to (id:0), '/icon_1914360449' by client 'Radcrazykid2 | 1-L-40'(id:4)
2018-09-26 05:33:08.002333|INFO    |VirtualServerBase|1  |file upload to (id:0), '/icon_1944739805' by client 'Radcrazykid2 | 1-L-40'(id:4)
2018-09-26 05:33:08.004325|INFO    |VirtualServerBase|1  |file upload to (id:0), '/icon_2003727143' by client 'Radcrazykid2 | 1-L-40'(id:4)
2018-09-26 05:33:08.006334|INFO    |VirtualServerBase|1  |file upload to (id:0), '/icon_2051986748' by client 'Radcrazykid2 | 1-L-40'(id:4)
2018-09-26 05:33:08.007334|INFO    |VirtualServerBase|1  |file upload to (id:0), '/icon_2069028846' by client 'Radcrazykid2 | 1-L-40'(id:4)
2018-09-26 05:33:08.017327|INFO    |VirtualServerBase|1  |file upload to (id:0), '/icon_2100583692' by client 'Radcrazykid2 | 1-L-40'(id:4)
2018-09-26 05:33:08.018327|INFO    |VirtualServerBase|1  |file upload to (id:0), '/icon_2129530013' by client 'Radcrazykid2 | 1-L-40'(id:4)
2018-09-26 05:33:08.018327|INFO    |VirtualServerBase|1  |file upload to (id:0), '/icon_2642770149' by client 'Radcrazykid2 | 1-L-40'(id:4)
2018-09-26 05:33:08.018327|INFO    |VirtualServerBase|1  |file upload to (id:0), '/icon_2717528864' by client 'Radcrazykid2 | 1-L-40'(id:4)
2018-09-26 05:33:08.018327|INFO    |VirtualServerBase|1  |file upload to (id:0), '/icon_2776761119' by client 'Radcrazykid2 | 1-L-40'(id:4)
2018-09-26 05:33:08.023338|INFO    |VirtualServerBase|1  |file upload to (id:0), '/icon_2866804287' by client 'Radcrazykid2 | 1-L-40'(id:4)
2018-09-26 05:33:08.024330|INFO    |VirtualServerBase|1  |file upload to (id:0), '/icon_3692269475' by client 'Radcrazykid2 | 1-L-40'(id:4)
2018-09-26 05:33:08.026339|INFO    |VirtualServerBase|1  |file upload to (id:0), '/icon_3782301228' by client 'Radcrazykid2 | 1-L-40'(id:4)
2018-09-26 05:33:19.038324|INFO    |VirtualServerBase|1  |client disconnected 'Radcrazykid2 | 1-L-40'(id:4) reason 'reasonmsg=leaving'
2018-09-26 05:33:19.107340|INFO    |VirtualServerBase|1  |client connected 'Radcrazykid2 | 1-L-40'(id:4) using a myTeamSpeak ID from 192.168.2.19:49550
2018-09-26 05:33:23.173253|INFO    |VirtualServerBase|1  |file download from (id:0), '/icon_562027764' by client 'Radcrazykid2 | 1-L-40'(id:4)
2018-09-26 05:33:23.178254|INFO    |VirtualServerBase|1  |file download from (id:0), '/icon_85368941' by client 'Radcrazykid2 | 1-L-40'(id:4)
2018-09-26 05:33:23.180254|INFO    |VirtualServerBase|1  |file download from (id:0), '/icon_3201618383' by client 'Radcrazykid2 | 1-L-40'(id:4)
2018-09-26 05:33:23.181255|INFO    |VirtualServerBase|1  |file download from (id:0), '/icon_2695360418' by client 'Radcrazykid2 | 1-L-40'(id:4)
2018-09-26 05:33:23.181255|INFO    |VirtualServerBase|1  |file download from (id:0), '/icon_475659083' by client 'Radcrazykid2 | 1-L-40'(id:4)
2018-09-26 05:33:23.258272|INFO    |VirtualServerBase|1  |file download from (id:0), '/icon_278659660' by client 'Radcrazykid2 | 1-L-40'(id:4)
2018-09-26 05:33:23.258272|INFO    |VirtualServerBase|1  |file download from (id:0), '/icon_270108242' by client 'Radcrazykid2 | 1-L-40'(id:4)
2018-09-26 05:35:47.468050|INFO    |VirtualServerBase|1  |file upload to (id:0), '/icon_475659083' by client 'Radcrazykid2 | 1-L-40'(id:4)
2018-09-26 05:35:47.469050|INFO    |VirtualServerBase|1  |file upload to (id:0), '/icon_1402370731' by client 'Radcrazykid2 | 1-L-40'(id:4)
2018-09-26 05:35:47.471042|INFO    |VirtualServerBase|1  |file upload to (id:0), '/icon_2315676372' by client 'Radcrazykid2 | 1-L-40'(id:4)
2018-09-26 05:35:47.480052|INFO    |VirtualServerBase|1  |file upload to (id:0), '/icon_2647785850' by client 'Radcrazykid2 | 1-L-40'(id:4)
2018-09-26 05:35:47.481053|INFO    |VirtualServerBase|1  |file upload to (id:0), '/icon_3201618383' by client 'Radcrazykid2 | 1-L-40'(id:4)
2018-09-26 05:35:47.481053|INFO    |VirtualServerBase|1  |file upload to (id:0), '/icon_3675598897' by client 'Radcrazykid2 | 1-L-40'(id:4)
2018-09-26 05:35:47.483053|INFO    |VirtualServerBase|1  |file upload to (id:0), '/icon_4035074954' by client 'Radcrazykid2 | 1-L-40'(id:4)
2018-09-26 05:35:47.485054|INFO    |VirtualServerBase|1  |file upload to (id:0), '/icon_4177999776' by client 'Radcrazykid2 | 1-L-40'(id:4)
2018-09-26 05:36:32.674615|INFO    |VirtualServerBase|1  |file upload to (id:0), '/icon_1402370731' by client 'Radcrazykid2 | 1-L-40'(id:4)
2018-09-26 05:36:32.675612|INFO    |VirtualServerBase|1  |file upload to (id:0), '/icon_1754528451' by client 'Radcrazykid2 | 1-L-40'(id:4)
2018-09-26 05:36:32.676612|INFO    |VirtualServerBase|1  |file upload to (id:0), '/icon_2647785850' by client 'Radcrazykid2 | 1-L-40'(id:4)
2018-09-26 05:36:32.677755|INFO    |VirtualServerBase|1  |file upload to (id:0), '/icon_2695360418' by client 'Radcrazykid2 | 1-L-40'(id:4)
2018-09-26 05:36:32.678603|INFO    |VirtualServerBase|1  |file upload to (id:0), '/icon_4233470895' by client 'Radcrazykid2 | 1-L-40'(id:4)
2018-09-26 05:36:36.913201|INFO    |VirtualServerBase|1  |client disconnected 'Radcrazykid2 | 1-L-40'(id:4) reason 'reasonmsg=leaving'
2018-09-26 05:36:36.973214|INFO    |VirtualServerBase|1  |client connected 'Radcrazykid2 | 1-L-40'(id:4) using a myTeamSpeak ID from 192.168.2.19:49550
2018-09-26 05:36:38.409534|INFO    |VirtualServerBase|1  |file download from (id:0), '/icon_562027764' by client 'Radcrazykid2 | 1-L-40'(id:4)
2018-09-26 05:36:38.414539|INFO    |VirtualServerBase|1  |file download from (id:0), '/icon_85368941' by client 'Radcrazykid2 | 1-L-40'(id:4)
2018-09-26 05:36:38.420540|INFO    |VirtualServerBase|1  |file download from (id:0), '/icon_278659660' by client 'Radcrazykid2 | 1-L-40'(id:4)
2018-09-26 05:36:38.422540|INFO    |VirtualServerBase|1  |file download from (id:0), '/icon_270108242' by client 'Radcrazykid2 | 1-L-40'(id:4)
2018-09-26 05:37:30.056525|INFO    |VirtualServerBase|1  |file upload to (id:0), '/icon_278659660' by client 'Radcrazykid2 | 1-L-40'(id:4)
2018-09-26 05:38:21.743174|INFO    |VirtualServerBase|1  |file upload to (id:0), '/icon_805659944' by client 'Radcrazykid2 | 1-L-40'(id:4)
2018-09-26 05:38:26.427291|INFO    |VirtualServerBase|1  |client disconnected 'Radcrazykid2 | 1-L-40'(id:4) reason 'reasonmsg=leaving'
2018-09-26 05:38:26.488305|INFO    |VirtualServerBase|1  |client connected 'Radcrazykid2 | 1-L-40'(id:4) using a myTeamSpeak ID from 192.168.2.19:49550
2018-09-26 05:38:27.624558|INFO    |VirtualServerBase|1  |file download from (id:0), '/icon_562027764' by client 'Radcrazykid2 | 1-L-40'(id:4)
2018-09-26 05:38:27.629710|INFO    |VirtualServerBase|1  |file download from (id:0), '/icon_85368941' by client 'Radcrazykid2 | 1-L-40'(id:4)
2018-09-26 05:38:27.637560|INFO    |VirtualServerBase|1  |file download from (id:0), '/icon_270108242' by client 'Radcrazykid2 | 1-L-40'(id:4)
2018-09-26 05:38:44.482783|INFO    |VirtualServer |1  |permission 'i_icon_id'(id:144) with values (value:125039526, negated:0, skipchannel:0) was added by 'Radcrazykid2 | 1-L-40'(id:4) to servergroup 'Fire Fighter'(id:59)
2018-09-26 05:39:24.197875|INFO    |VirtualServer |1  |permission 'i_icon_id'(id:144) with values (value:-1647181446, negated:0, skipchannel:0) was added by 'Radcrazykid2 | 1-L-40'(id:4) to servergroup 'Battalion Chief'(id:57)
2018-09-26 05:41:24.771149|INFO    |VirtualServer |1  |permission 'i_icon_id'(id:144) with values (value:-619368399, negated:0, skipchannel:0) was added by 'Radcrazykid2 | 1-L-40'(id:4) to servergroup 'Fire Chief'(id:56)
2018-09-26 05:41:32.526185|INFO    |VirtualServer |1  |permission 'i_icon_id'(id:144) with values (value:925789444, negated:0, skipchannel:0) was added by 'Radcrazykid2 | 1-L-40'(id:4) to servergroup 'Fire Cadet'(id:60)
2018-09-26 05:41:44.174768|INFO    |VirtualServer |1  |permission 'i_icon_id'(id:144) with values (value:1754528451, negated:0, skipchannel:0) was added by 'Radcrazykid2 | 1-L-40'(id:4) to servergroup 'EMS Supervisor'(id:63)
2018-09-26 05:42:39.220668|INFO    |VirtualServerBase|1  |file upload to (id:0), '/icon_3768757978' by client 'Radcrazykid2 | 1-L-40'(id:4)
2018-09-26 05:42:40.359467|INFO    |VirtualServer |1  |permission 'i_icon_id'(id:144) with values (value:-526209318, negated:0, skipchannel:0) was added by 'Radcrazykid2 | 1-L-40'(id:4) to servergroup 'Pilot Certified'(id:77)
2018-09-26 05:43:54.540819|INFO    |VirtualServerBase|1  |file upload to (id:0), '/icon_2639231979' by client 'Radcrazykid2 | 1-L-40'(id:4)
2018-09-26 05:44:03.440499|INFO    |VirtualServerBase|1  |client disconnected 'Radcrazykid2 | 1-L-40'(id:4) reason 'reasonmsg=leaving'
2018-09-26 05:44:03.503514|INFO    |VirtualServerBase|1  |client connected 'Radcrazykid2 | 1-L-40'(id:4) using a myTeamSpeak ID from 192.168.2.19:49550
2018-09-26 05:44:04.978023|INFO    |VirtualServerBase|1  |file download from (id:0), '/icon_562027764' by client 'Radcrazykid2 | 1-L-40'(id:4)
2018-09-26 05:44:04.983024|INFO    |VirtualServerBase|1  |file download from (id:0), '/icon_85368941' by client 'Radcrazykid2 | 1-L-40'(id:4)
2018-09-26 05:44:04.991029|INFO    |VirtualServerBase|1  |file download from (id:0), '/icon_270108242' by client 'Radcrazykid2 | 1-L-40'(id:4)
2018-09-26 05:44:24.006965|INFO    |VirtualServerBase|1  |file upload to (id:0), '/icon_1129203948' by client 'Radcrazykid2 | 1-L-40'(id:4)
2018-09-26 05:44:30.336834|INFO    |VirtualServerBase|1  |client disconnected 'Radcrazykid2 | 1-L-40'(id:4) reason 'reasonmsg=leaving'
2018-09-26 05:44:30.384845|INFO    |VirtualServerBase|1  |client connected 'Radcrazykid2 | 1-L-40'(id:4) using a myTeamSpeak ID from 192.168.2.19:49550
2018-09-26 05:44:31.519098|INFO    |VirtualServerBase|1  |file download from (id:0), '/icon_562027764' by client 'Radcrazykid2 | 1-L-40'(id:4)
2018-09-26 05:44:31.524103|INFO    |VirtualServerBase|1  |file download from (id:0), '/icon_85368941' by client 'Radcrazykid2 | 1-L-40'(id:4)
2018-09-26 05:44:31.533101|INFO    |VirtualServerBase|1  |file download from (id:0), '/icon_270108242' by client 'Radcrazykid2 | 1-L-40'(id:4)
2018-09-26 05:45:03.857687|INFO    |VirtualServerBase|1  |file upload to (id:0), '/icon_270108242' by client 'Radcrazykid2 | 1-L-40'(id:4)
2018-09-26 05:46:47.099682|INFO    |VirtualServerBase|1  |file upload to (id:0), '/icon_2701813342' by client 'Radcrazykid2 | 1-L-40'(id:4)
2018-09-26 05:47:06.541737|INFO    |VirtualServerBase|1  |file upload to (id:0), '/icon_3751266214' by client 'Radcrazykid2 | 1-L-40'(id:4)
2018-09-26 05:47:22.298802|INFO    |VirtualServerBase|1  |file upload to (id:0), '/icon_2643353939' by client 'Radcrazykid2 | 1-L-40'(id:4)
2018-09-26 05:47:55.810127|INFO    |VirtualServerBase|1  |file upload to (id:0), '/icon_400885847' by client 'Radcrazykid2 | 1-L-40'(id:4)
2018-09-26 05:48:35.369300|INFO    |VirtualServerBase|1  |file upload to (id:0), '/icon_562027764' by client 'Radcrazykid2 | 1-L-40'(id:4)
2018-09-26 05:50:39.468113|INFO    |VirtualServer |1  |client (id:4) was added to servergroup 'Field Training Officer'(id:48) by client 'Radcrazykid2 | 1-L-40'(id:4)
2018-09-26 05:50:56.877060|INFO    |VirtualServer |1  |client (id:4) was added to servergroup '==Training=='(id:65) by client 'Radcrazykid2 | 1-L-40'(id:4)
2018-09-26 05:51:07.424407|INFO    |VirtualServer |1  |client (id:2) was removed from servergroup '==Specialized Units=='(id:46) by client 'Radcrazykid2 | 1-L-40'(id:4)
2018-09-26 05:51:14.070241|INFO    |VirtualServer |1  |client (id:2) was removed from servergroup 'Air Unit'(id:47) by client 'Radcrazykid2 | 1-L-40'(id:4)
2018-09-26 05:51:17.528009|INFO    |VirtualServer |1  |client (id:2) was removed from servergroup 'Field Training Officer'(id:48) by client 'Radcrazykid2 | 1-L-40'(id:4)
2018-09-26 05:51:21.343857|INFO    |VirtualServer |1  |client (id:2) was removed from servergroup 'Detective Bureau'(id:50) by client 'Radcrazykid2 | 1-L-40'(id:4)
2018-09-26 05:51:25.373526|INFO    |VirtualServer |1  |client (id:2) was removed from servergroup 'K9 Unit'(id:51) by client 'Radcrazykid2 | 1-L-40'(id:4)
2018-09-26 05:51:30.295460|INFO    |VirtualServer |1  |client (id:2) was removed from servergroup '==San Andreas LEO=='(id:25) by client 'Radcrazykid2 | 1-L-40'(id:4)
2018-09-26 05:51:36.687094|INFO    |VirtualServer |1  |client (id:2) was removed from servergroup 'Undersheriff'(id:28) by client 'Radcrazykid2 | 1-L-40'(id:4)
2018-09-26 05:52:06.168140|INFO    |VirtualServer |1  |client (id:2) was removed from servergroup '==Training=='(id:65) by client 'Radcrazykid2 | 1-L-40'(id:4)
2018-09-26 05:52:22.699399|INFO    |VirtualServer |1  |client '[1S-2] Jack Webber'(id:2) got deleted by client 'Radcrazykid2 | 1-L-40'(id:4)
2018-09-26 05:53:02.424396|INFO    |VirtualServer |1  |client (id:4) was added to servergroup 'Firearms Qualified'(id:66) by client 'Radcrazykid2 | 1-L-40'(id:4)
2018-09-26 05:53:06.033948|INFO    |VirtualServer |1  |client (id:4) was added to servergroup 'Tazer Qualified'(id:67) by client 'Radcrazykid2 | 1-L-40'(id:4)
2018-09-26 05:53:12.125296|INFO    |VirtualServer |1  |client (id:4) was added to servergroup 'C2/C3 Certification'(id:73) by client 'Radcrazykid2 | 1-L-40'(id:4)
2018-09-26 05:53:19.861262|INFO    |VirtualServer |1  |client (id:4) was added to servergroup 'Pilot Certified'(id:77) by client 'Radcrazykid2 | 1-L-40'(id:4)
2018-09-26 05:53:29.384531|INFO    |VirtualServer |1  |client (id:4) was removed from servergroup 'Pilot Certified'(id:77) by client 'Radcrazykid2 | 1-L-40'(id:4)
2018-09-26 05:53:37.783002|INFO    |VirtualServer |1  |client (id:4) was added to servergroup 'Teamspeak Dev'(id:93) by client 'Radcrazykid2 | 1-L-40'(id:4)
2018-09-26 05:53:42.276001|INFO    |VirtualServer |1  |client (id:4) was removed from servergroup 'Teamspeak Dev'(id:93) by client 'Radcrazykid2 | 1-L-40'(id:4)
2018-09-26 05:53:57.692519|INFO    |VirtualServerBase|1  |client disconnected 'Radcrazykid2 | 1-L-40'(id:4) reason 'reasonmsg=leaving'
2018-09-27 04:45:59.664477|INFO    |VirtualServerBase|1  |client connected 'Radcrazykid2 | 1-L-40'(id:4) using a myTeamSpeak ID from 192.168.2.19:61425
2018-09-27 04:46:16.311658|INFO    |VirtualServerBase|1  |channel '[cspacer1]Server IP: :30120'(id:25) edited by 'Radcrazykid2 | 1-L-40'(id:4)
2018-09-27 05:07:27.743377|INFO    |VirtualServerBase|1  |client disconnected 'Radcrazykid2 | 1-L-40'(id:4) reason 'reasonmsg=leaving'
